# stats: dump at 1433178550
stats: users 0 0
stats: users_count 0 0
stats: finish_users_count 0 0
# stats: dump at 1433178560
stats: users 10 10
stats: users_count 10 10
stats: finish_users_count 0 0
stats: request 33 755.9491817589962 1079.6590146879523 3544.859130859375 0.368896484375 0 0
stats: page 12 2075.7666625976563 1123.1701448079139 3864.47998046875 39.44287109375 0 0
stats: connect 11 260.1161443536932 370.6618916566619 1064.52587890625 1.075927734375 0 0
stats: 302 20 20
stats: 200 12 12
stats: size_rcv 65441 65441
stats: newphase 1 1
stats: size_sent 29810 29810
stats: connected 10 10
stats: 400 1 1
# stats: dump at 1433178570
stats: users 35 35
stats: session 1 16778.9208984375 0 16778.9208984375 16778.9208984375 0 0
stats: users_count 26 36
stats: finish_users_count 1 1
stats: request 80 2011.5288665771488 2476.482259739786 11896.6728515625 0.368896484375 755.9491817589962 33
stats: page 32 4824.445167541504 2833.8393330441054 11896.6728515625 39.44287109375 2075.7666625976563 12
stats: connect 26 1.5291372445913463 0.790639656299608 1064.52587890625 0.93603515625 260.1161443536932 11
stats: 302 44 64
stats: 200 36 48
stats: size_rcv 35313453 35378894
stats: newphase 0 1
stats: size_sent 64117 93927
stats: connected 25 35
stats: 400 0 1
# stats: dump at 1433178580
stats: users 54 54
stats: session 0 0 0 16778.9208984375 16778.9208984375 16778.9208984375 1
stats: users_count 19 55
stats: finish_users_count 0 1
stats: request 16 9301.804718017578 3333.7308638221552 18326.943115234375 0.368896484375 1644.8551533116706 113
stats: page 9 11038.519775390625 3623.2665914679415 18326.943115234375 39.44287109375 4074.805575284091 44
stats: connect 19 1.3356676603618418 0.2001268206661384 1064.52587890625 0.905029296875 78.40635557432432 37
stats: 302 7 71
stats: 200 9 57
stats: size_rcv 33075449 68454343
stats: newphase 0 1
stats: size_sent 26338 120265
stats: connected 19 54
stats: 400 0 1
# stats: dump at 1433178590
stats: users 102 102
stats: session 0 0 0 16778.9208984375 16778.9208984375 16778.9208984375 1
stats: users_count 48 103
stats: finish_users_count 0 1
stats: request 8 16517.132720947266 934.0115945001 18326.943115234375 0.368896484375 2594.554324127907 129
stats: page 7 16551.89767020089 993.646931709861 18326.943115234375 39.44287109375 5257.323080962559 53
stats: connect 46 2.8407088569972827 3.524462801135113 1064.52587890625 0.8349609375 52.257372174944194 56
stats: 302 1 72
stats: 200 7 64
stats: size_rcv 33251681 101706024
stats: newphase 1 2
stats: size_sent 26422 146687
stats: connected 46 100
stats: 400 0 1
# stats: dump at 1433178600
stats: users 133 133
stats: session 1 47479.4140625 0.0 47479.4140625 16778.9208984375 16778.9208984375 1
stats: users_count 32 135
stats: finish_users_count 1 2
stats: request 145 7694.324323141163 10177.045890077854 27064.600830078125 0.345947265625 3407.551602774293 137
stats: page 62 7244.374535345263 11508.662477462936 29400.510009765625 0.79296875 6575.023449707031 60
stats: connect 37 1.7332004856418919 0.9504897039034927 1064.52587890625 0.8349609375 29.971425972732842 102
stats: 302 34 106
stats: 200 20 84
stats: size_rcv 36169378 137875402
stats: newphase 0 2
stats: size_sent 77817 224504
stats: connected 33 133
stats: 400 3 4
stats: 503 88 88
# stats: dump at 1433178610
stats: users 162 163
stats: session 12 40202.843587239586 9391.19967498503 47780.1650390625 13094.263916015625 32129.16748046875 2
stats: users_count 41 176
stats: finish_users_count 12 14
stats: request 460 3169.597607952615 4734.3932490508205 33772.799072265625 0.337890625 5611.743249771443 282
stats: page 228 9301.906133283648 11275.410549137592 33861.5400390625 0.592041015625 6915.185476834657 122
stats: connect 56 2.225010463169642 2.2021836413902833 1064.52587890625 0.8349609375 22.454776022931654 139
stats: 302 152 258
stats: 200 103 187
stats: size_rcv 18664547 156539949
stats: newphase 0 2
stats: size_sent 279445 503949
stats: connected 28 161
stats: 400 8 12
stats: 503 195 283
stats: 404 2 2
# stats: dump at 1433178620
stats: users 194 194
stats: session 31 25878.01571950605 14657.963762436118 53915.264892578125 2147.237060546875 39049.46128627232 14
stats: users_count 63 239
stats: finish_users_count 31 45
stats: request 454 319.55844048991617 1820.1251038433252 33772.799072265625 0.337890625 4097.744603899932 742
stats: page 262 397.94951693702257 2240.6687122111807 33861.5400390625 0.56103515625 8469.963504464286 350
stats: connect 77 2.2049227627840917 2.315980179419071 1064.52587890625 0.8349609375 16.64520232371795 195
stats: 302 6 264
stats: 200 9 196
stats: size_rcv 33611921 190151870
stats: newphase 1 3
stats: size_sent 177251 681200
stats: connected 30 191
stats: 400 11 23
stats: 503 428 711
stats: 404 0 2
# stats: dump at 1433178630
stats: users 217 221
stats: session 55 19198.819691051136 16359.347017069598 57599.774169921875 2147.237060546875 29975.79878472222 45
stats: users_count 78 317
stats: finish_users_count 55 100
stats: request 564 498.9774278140235 3033.4796161335753 33772.799072265625 0.337890625 2663.5501906991403 1196
stats: page 336 624.4172079903742 3415.613852911674 33861.5400390625 0.56103515625 5014.297385620915 612
stats: connect 90 2.5889214409722223 3.041579056653358 1064.52587890625 0.8349609375 12.557329065659466 272
stats: 302 5 269
stats: 200 10 206
stats: size_rcv 34521796 224673666
stats: newphase 0 3
stats: size_sent 171956 853156
stats: connected 25 216
stats: 400 11 34
stats: 503 538 1249
stats: 404 0 2
# stats: dump at 1433178640
stats: users 241 247
stats: session 73 19480.18923573952 19303.784337304838 81404.86596679688 2147.237060546875 24048.460283203123 100
stats: users_count 97 414
stats: finish_users_count 73 173
stats: request 761 503.2650815384775 3814.407831314986 33772.799072265625 0.337890625 1969.9030098655007 1760
stats: page 453 785.928858607547 4760.848528471294 33861.5400390625 0.550048828125 3458.3904872202165 948
stats: connect 129 1.9521541151889537 2.3371640879871562 1064.52587890625 0.8349609375 10.078995678306285 362
stats: 302 4 273
stats: 200 9 215
stats: size_rcv 33978273 258651939
stats: newphase 0 3
stats: size_sent 213881 1067037
stats: connected 22 238
stats: 400 20 54
stats: 503 728 1977
stats: 404 0 2
# stats: dump at 1433178650
stats: users 295 296
stats: session 86 18009.01882721658 16121.008423603995 92728.10400390625 2147.237060546875 22120.80833831964 173
stats: users_count 140 554
stats: finish_users_count 86 259
stats: request 935 456.07297454670737 4168.0229349875735 40795.703125 0.3310546875 1527.1773202753125 2521
stats: page 540 569.4254421657984 4620.193334489231 40795.703125 0.5400390625 2594.275485249096 1401
stats: connect 174 2.3119808503951145 2.995580416107195 1064.52587890625 0.635986328125 7.943837711621691 491
stats: 302 5 278
stats: 200 6 221
stats: size_rcv 33970544 292622483
stats: newphase 1 4
stats: size_sent 268101 1335138
stats: connected 51 289
stats: 400 28 82
stats: 503 896 2873
stats: 404 0 2
# stats: dump at 1433178660
stats: users 354 354
stats: session 110 19030.441317471592 19587.441176043565 101675.80004882813 2131.598876953125 20755.503713011287 259
stats: users_count 169 723
stats: finish_users_count 110 369
stats: request 1307 649.7673517298686 5490.1813868363615 50971.64990234375 0.328857421875 1237.3964859997784 3456
stats: page 767 754.7300826449438 5967.443453919528 50971.64990234375 0.52685546875 2030.9478071115482 1941
stats: connect 219 1.9909355825485149 2.6672699399683464 1064.52587890625 0.635986328125 6.47023907424812 665
stats: 302 10 288
stats: 200 8 229
stats: size_rcv 34151428 326773911
stats: newphase 0 4
stats: size_sent 358347 1693485
stats: connected 62 351
stats: 400 30 112
stats: 503 1259 4132
stats: 404 0 2
# stats: dump at 1433178670
stats: users 365 375
stats: session 145 18133.543916689116 16973.702858634977 101675.80004882813 1336.701904296875 20241.25747043848 369
stats: users_count 156 879
stats: finish_users_count 145 514
stats: request 1296 677.7549709743922 6252.181003847743 60893.630859375 0.328857421875 1076.14700489737 4763
stats: page 786 907.9144958030173 7274.398267761511 63602.40380859375 0.52685546875 1669.4784590074548 2708
stats: connect 191 1.954510593913612 2.408262315949194 1064.52587890625 0.635986328125 5.36054737211892 884
stats: 302 8 296
stats: 200 7 236
stats: size_rcv 34206073 360979984
stats: newphase 0 4
stats: size_sent 350442 2043927
stats: connected 16 367
stats: 400 21 133
stats: 503 1260 5392
stats: 404 0 2
# stats: dump at 1433178680
stats: users 415 417
stats: session 176 18619.17538313432 17935.8033131646 101675.80004882813 1223.52587890625 19646.66901655977 514
stats: users_count 226 1105
stats: finish_users_count 176 690
stats: request 1573 306.44178697279307 4561.288704645501 71431.31591796875 0.328857421875 990.9322704586541 6059
stats: page 940 513.1175137134305 5891.527420888044 71431.31591796875 0.515869140625 1498.1592617897422 3494
stats: connect 265 2.0625497494103757 2.697981730628881 1064.52587890625 0.426025390625 4.755381767805233 1075
stats: 302 1 297
stats: 200 6 242
stats: size_rcv 34285573 395265557
stats: newphase 1 5
stats: size_sent 424567 2468494
stats: connected 41 408
stats: 400 35 168
stats: 503 1531 6923
stats: 404 0 2
# stats: dump at 1433178690
stats: users 551 557
stats: session 196 17289.25480558435 19760.358773078067 113995.54907226563 1129.6640625 19384.583683975885 690
stats: users_count 332 1437
stats: finish_users_count 196 886
stats: request 2378 422.5338459191348 5678.237476921979 80877.96997070313 0.323974609375 849.8547638387302 7632
stats: page 1376 629.9553815265047 6987.656038669495 85502.8681640625 0.5029296875 1289.3321884492523 4434
stats: connect 420 2.1217506045386894 2.60693445086709 1064.52587890625 0.426025390625 4.222844092525653 1340
stats: 302 6 303
stats: error_send_einval 1 1
stats: 200 8 250
stats: size_rcv 32172869 427438426
stats: newphase 0 5
stats: size_sent 644776 3113270
stats: connected 137 545
stats: 400 57 225
stats: 503 2308 9231
stats: 404 0 2
# stats: dump at 1433178700
stats: users 604 604
stats: session 278 25988.940296200537 29139.7701459814 140569.46508789063 1129.6640625 18921.057205234643 886
stats: users_count 331 1768
stats: finish_users_count 278 1164
stats: request 2624 1961.124008643916 9943.468208789278 89589.76000976563 0.31005859375 748.3393649563327 10010
stats: page 1569 3717.934407863288 15067.773162894251 118136.955078125 0.5029296875 1133.1699704930215 5810
stats: connect 431 1.9306566986296414 2.273762980277073 1064.52587890625 0.426025390625 3.7214467828924005 1760
stats: 302 248 551
stats: error_send_einval 0 1
stats: 200 38 288
stats: size_rcv 33880428 461318854
stats: newphase 0 5
stats: size_sent 826060 3939330
stats: connected 43 588
stats: 400 66 291
stats: 503 2263 11494
stats: 404 8 10
# stats: dump at 1433178710
stats: users 390 607
stats: session 292 22014.764814821014 22482.68464737062 140569.46508789063 1129.6640625 20609.09113933131 1164
stats: users_count 78 1846
stats: finish_users_count 292 1456
stats: request 1614 715.0469342956156 2535.7268160022454 89589.76000976563 0.195068359375 1000.2268831640437 12634
stats: page 1101 1137.6761775073087 5175.456191314682 118136.955078125 0.5029296875 1682.7695642366111 7379
stats: connect 140 2.7107456752232144 3.205410396539232 1064.52587890625 0.426025390625 3.3691736079415793 2191
stats: 302 184 735
stats: error_send_einval 0 1
stats: 200 24 312
stats: size_rcv 34609777 495928631
stats: newphase 0 5
stats: size_sent 534816 4474146
stats: connected -195 393
stats: 400 29 320
stats: 503 1371 12865
stats: 404 5 15
# stats: dump at 1433178720
stats: users 198 607
stats: session 192 30507.241881052647 26548.663595968632 147075.35913085938 1129.6640625 20890.998222602597 1456
stats: users_count 0 1846
stats: finish_users_count 192 1648
stats: request 464 1530.3069147570382 3342.8897133454343 89589.76000976563 0.195068359375 967.9219675637037 14248
stats: page 387 1748.2475567011868 4042.2208990123836 118136.955078125 0.5029296875 1611.9974157945164 8480
stats: connect 10 1.1676025390625 0.16168942577216452 1064.52587890625 0.426025390625 3.329628386757293 2331
stats: 302 73 808
stats: error_send_einval 0 1
stats: 200 18 330
stats: size_rcv 34437648 530366279
stats: newphase 0 5
stats: size_sent 195537 4669683
stats: connected -193 200
stats: 400 5 325
stats: 503 368 13233
stats: 404 0 15
# stats: dump at 1433178730
stats: users 123 607
stats: session 75 35450.721061197895 14400.294231606538 147075.35913085938 1129.6640625 22011.337289606487 1648
stats: users_count 0 1846
stats: finish_users_count 75 1723
stats: request 170 5619.580050838697 6209.051408152913 89589.76000976563 0.195068359375 985.6589588291814 14712
stats: page 155 6341.870247920867 7109.008182561515 118136.955078125 0.5029296875 1617.9440498907024 8867
stats: connect 1 1.329833984375 0.0 1064.52587890625 0.426025390625 3.3203929068440305 2341
stats: 302 71 879
stats: error_send_einval 0 1
stats: 200 10 340
stats: size_rcv 30495311 560861590
stats: newphase 0 5
stats: size_sent 71755 4741438
stats: connected -77 123
stats: 400 1 326
stats: 503 88 13321
stats: 404 0 15
# stats: dump at 1433178740
stats: users 32 607
stats: session 91 42587.172701322124 19696.358082931747 147075.35913085938 1129.6640625 22596.33658320449 1723
stats: users_count 0 1846
stats: finish_users_count 91 1814
stats: request 174 4922.496511875896 5800.277819138432 89589.76000976563 0.195068359375 1038.5931468174638 14882
stats: page 159 6206.595262443498 7182.727705005982 118136.955078125 0.5029296875 1699.1021701184432 9022
stats: connect 1 1.659912109375 0.0 1064.52587890625 0.426025390625 3.3195429670820884 2342
stats: 302 137 1016
stats: error_send_einval 0 1
stats: 200 35 375
stats: size_rcv 33945631 594807221
stats: newphase 0 5
stats: size_sent 61219 4802657
stats: connected -91 32
stats: 400 1 327
stats: 503 0 13321
stats: 404 0 15
# stats: dump at 1433178750
stats: users 11 607
stats: session 21 56433.29360816592 27593.87645687289 147075.35913085938 1129.6640625 23599.184481081393 1814
stats: users_count 0 1846
stats: finish_users_count 21 1835
stats: request 42 115.57088797433033 283.0699620993336 89589.76000976563 0.195068359375 1083.4788525507374 15056
stats: page 37 131.20394979940878 305.83480296611583 118136.955078125 0.5029296875 1777.164625371649 9181
stats: connect 0 0 0 1064.52587890625 0.426025390625 3.3188346312486665 2343
stats: 302 26 1042
stats: error_send_einval 0 1
stats: 200 16 391
stats: size_rcv 3586811 598394032
stats: newphase 0 5
stats: size_sent 26325 4828982
stats: connected -21 11
stats: 400 0 327
stats: 503 0 13321
stats: 404 0 15
# stats: dump at 1433178760
stats: users 1 607
stats: session 10 58167.03681640625 5495.5279195298735 147075.35913085938 1129.6640625 23974.942678176096 1835
stats: users_count 0 1846
stats: finish_users_count 10 1845
stats: request 11 13.744939630681818 5.380341503978478 89589.76000976563 0.195068359375 1080.7863015829132 15098
stats: page 11 13.744939630681818 5.380341503978478 118136.955078125 0.5029296875 1770.5579270644052 9218
stats: connect 0 0 0 1064.52587890625 0.426025390625 3.3188346312486665 2343
stats: 302 10 1052
stats: error_send_einval 0 1
stats: 200 1 392
stats: size_rcv 6227 598400259
stats: newphase 0 5
stats: size_sent 6959 4835941
stats: connected -10 1
stats: 400 0 327
stats: 503 0 13321
stats: 404 0 15
# stats: dump at 1433178763
stats: users 0 607
stats: session 1 63110.340087890625 0.0 147075.35913085938 1129.6640625 24160.265681635337 1845
stats: users_count 0 1846
stats: finish_users_count 1 1846
stats: request 1 6.255126953125 0.0 89589.76000976563 0.195068359375 1080.0094497077744 15109
stats: page 1 6.255126953125 0.0 118136.955078125 0.5029296875 1768.4639902498238 9229
stats: connect 0 0 0 1064.52587890625 0.426025390625 3.3188346312486665 2343
stats: 302 1 1053
stats: error_send_einval 0 1
stats: 200 0 392
stats: size_rcv 143 598400402
stats: newphase 0 5
stats: size_sent 635 4836576
stats: connected -1 0
stats: 400 0 327
stats: 503 0 13321
stats: 404 0 15
EndMonitor:{1433,178763,56406}
