# stats: dump at 1433506085
stats: users 0 0
stats: users_count 0 0
stats: finish_users_count 0 0
# stats: dump at 1433506095
stats: users 20 20
stats: users_count 20 20
stats: finish_users_count 0 0
stats: request 97 88.18125805412372 131.8717570769506 1232.7109375 7.882080078125 0 0
stats: page 47 182.16957384474733 219.92005803375824 1349.216064453125 8.166015625 0 0
stats: connect 18 59.2911376953125 237.50082685603059 1038.531982421875 1.4150390625 0 0
stats: 302 38 38
stats: 200 56 56
stats: size_rcv 511575 511575
stats: newphase 1 1
stats: size_sent 69311 69311
stats: connected 18 18
stats: 500 2 2
stats: 404 1 1
# stats: dump at 1433506105
stats: users 25 28
stats: session 14 10491.249337332589 3069.059269472561 17344.89794921875 4991.1240234375 0 0
stats: users_count 19 39
stats: finish_users_count 14 14
stats: request 151 39.89415614652318 41.451571934947204 1232.7109375 5.1240234375 88.18125805412372 97
stats: page 90 67.06418728298611 72.32231353809408 1349.216064453125 5.1240234375 182.16957384474733 47
stats: connect 21 3.4178292410714284 3.874522940522697 1038.531982421875 1.4150390625 59.2911376953125 18
stats: 302 43 81
stats: 200 78 134
stats: size_rcv 753298 1264873
stats: newphase 0 1
stats: size_sent 104747 174058
stats: connected 7 25
stats: 500 3 5
stats: 404 27 28
# stats: dump at 1433506115
stats: users 24 30
stats: session 17 12834.545280905331 4067.9009907681466 20876.857177734375 4991.1240234375 10491.249337332589 14
stats: users_count 16 55
stats: finish_users_count 17 31
stats: request 150 36.01596516927083 36.55898112015126 1232.7109375 5.1240234375 58.78064358618952 248
stats: page 88 61.509185791015625 70.90444053763862 1349.216064453125 5.1240234375 106.55289654140054 137
stats: connect 16 2.6667633056640625 3.246732123947795 1038.531982421875 1.4150390625 29.20551006610577 39
stats: 302 37 118
stats: 200 83 217
stats: size_rcv 833905 2098778
stats: newphase 0 1
stats: size_sent 105390 279448
stats: connected -1 24
stats: 500 3 8
stats: 404 27 55
# stats: dump at 1433506125
stats: users 35 35
stats: session 15 13075.977587890626 7267.124109856983 29790.8740234375 3312.156005859375 11776.28259671119 31
stats: users_count 26 81
stats: finish_users_count 15 46
stats: request 179 42.27075058921088 43.73516080134844 1232.7109375 5.1240234375 50.20099091649654 398
stats: page 103 73.5762477245145 81.09534028249442 1349.216064453125 5.1240234375 88.93580078125 225
stats: connect 26 1.6802133413461537 0.18467278799290882 1038.531982421875 1.379150390625 21.48514737215909 55
stats: 302 53 171
stats: 200 96 313
stats: size_rcv 977113 3075891
stats: newphase 1 2
stats: size_sent 123484 402932
stats: connected 11 35
stats: 500 2 10
stats: 404 28 83
# stats: dump at 1433506135
stats: users 51 51
stats: session 22 12194.392866654829 6578.400227354901 29790.8740234375 3312.156005859375 12200.096180791441 46
stats: users_count 38 119
stats: finish_users_count 22 68
stats: request 223 42.21671804932734 44.461485556196536 1232.7109375 5.1240234375 47.74082970577881 577
stats: page 129 73.10571667575103 82.89319972758132 1349.216064453125 5.1240234375 84.11252649818977 328
stats: connect 34 1.637838924632353 0.14482576862029042 1038.531982421875 1.379150390625 15.128008053626543 81
stats: 302 71 242
stats: 200 113 426
stats: size_rcv 1199545 4275436
stats: newphase 0 2
stats: size_sent 155423 558355
stats: connected 14 49
stats: 500 3 13
stats: 404 36 119
# stats: dump at 1433506145
stats: users 62 67
stats: session 30 13045.366463216145 8695.641974961736 34348.302978515625 2659.76611328125 12198.250990923712 68
stats: users_count 41 160
stats: finish_users_count 30 98
stats: request 341 40.203260315478346 43.960803480411556 1232.7109375 5.1240234375 46.20098358154296 800
stats: page 203 67.66286103948588 77.26030041550705 1349.216064453125 5.1240234375 81.00557142796089 457
stats: connect 45 2.7155273437499994 2.511821388954313 1038.531982421875 1.379150390625 11.139610224184782 115
stats: 302 91 333
stats: 200 185 611
stats: size_rcv 2019519 6294955
stats: newphase 0 2
stats: size_sent 236843 795198
stats: connected 14 63
stats: 500 7 20
stats: 404 58 177
# stats: dump at 1433506155
stats: users 86 87
stats: session 40 14877.21199951172 8802.652739363617 44750.18408203125 2487.741943359375 12457.572053870375 98
stats: users_count 64 224
stats: finish_users_count 40 138
stats: request 414 39.99023378528832 39.03029473018199 1232.7109375 5.1240234375 44.40850011640008 1141
stats: page 232 71.38611155542837 75.92383468576719 1349.216064453125 5.1240234375 76.90167717211175 660
stats: connect 62 1.6856335055443548 0.3104670853266466 1038.531982421875 1.379150390625 8.7703369140625 160
stats: 302 130 463
stats: 200 213 824
stats: size_rcv 2279579 8574534
stats: newphase 1 3
stats: size_sent 291491 1086689
stats: connected 22 85
stats: 500 6 26
stats: 404 65 242
# stats: dump at 1433506165
stats: users 124 130
stats: session 48 13812.090611775719 8724.66894878254 44805.852783203125 2487.741943359375 13158.916965650476 138
stats: users_count 86 310
stats: finish_users_count 48 186
stats: request 657 46.494404088779454 47.100304637628625 1232.7109375 5.1240234375 43.23218998065713 1555
stats: page 382 80.09380560270786 90.15780546659241 1349.216064453125 5.1240234375 75.46713544221203 892
stats: connect 86 1.6749806958575582 0.8164842428908762 1038.531982421875 1.33984375 6.791726052224099 222
stats: 302 185 648
stats: 200 359 1183
stats: size_rcv 3982746 12557280
stats: newphase 0 3
stats: size_sent 457141 1543830
stats: connected 38 123
stats: 500 9 35
stats: 404 104 346
# stats: dump at 1433506175
stats: users 110 130
stats: session 89 15022.364375768082 7660.954131659064 44805.852783203125 2487.741943359375 13327.477906586024 186
stats: users_count 75 385
stats: finish_users_count 89 275
stats: request 631 41.103230471845265 42.12497867848725 1232.7109375 5.1240234375 44.20112066286164 2212
stats: page 388 66.63365566607607 80.32837509262947 1349.216064453125 5.1240234375 76.85441016851455 1274
stats: connect 77 2.013243836241883 1.3433512192194428 1038.531982421875 1.33984375 5.36302442674513 308
stats: 302 158 806
stats: 200 316 1499
stats: size_rcv 3669494 16226774
stats: newphase 0 3
stats: size_sent 435931 1979761
stats: connected -11 112
stats: 500 9 44
stats: 404 148 494
# stats: dump at 1433506185
stats: users 173 173
stats: session 65 13089.375619741586 8623.122361157004 48579.68896484375 2487.741943359375 13876.004800248582 275
stats: users_count 128 513
stats: finish_users_count 65 340
stats: request 804 59.698456569690606 57.226097054986546 1232.7109375 5.1240234375 43.513548130138695 2843
stats: page 468 103.00657666850297 109.18627552462019 1349.216064453125 5.1240234375 74.4683375169224 1662
stats: connect 121 1.572515818698347 0.6253880237852586 1038.531982421875 1.324951171875 4.693068308644481 385
stats: 302 250 1056
stats: 200 416 1915
stats: size_rcv 4615831 20842605
stats: newphase 1 4
stats: size_sent 554988 2534749
stats: connected 58 170
stats: 500 6 50
stats: 404 132 626
# stats: dump at 1433506195
stats: users 223 226
stats: session 101 14728.585601504486 9371.844927286169 54452.929931640625 2259.8291015625 13725.619809857537 340
stats: users_count 151 664
stats: finish_users_count 101 441
stats: request 1171 56.24452070045639 45.49285822166709 1232.7109375 5.1240234375 47.08159484946958 3647
stats: page 677 97.19822271394936 96.42096121653022 1349.216064453125 5.1240234375 80.73871118966406 2130
stats: connect 155 2.2442587575604844 2.6385543558948843 1038.531982421875 1.324951171875 3.94684923496171 506
stats: 302 323 1379
stats: 200 649 2564
stats: size_rcv 7392525 28235130
stats: newphase 0 4
stats: size_sent 809171 3343920
stats: connected 53 223
stats: 500 11 61
stats: 404 188 814
# stats: dump at 1433506205
stats: users 250 254
stats: session 138 14848.44803519871 7468.988554634222 54452.929931640625 2259.8291015625 13955.323993432008 441
stats: users_count 165 829
stats: finish_users_count 138 579
stats: request 1227 135.74663655002027 84.21873941788651 1232.7109375 5.1240234375 49.30861564056662 4818
stats: page 741 219.65250025040075 198.40812802748525 1349.216064453125 5.1240234375 84.70846156442043 2807
stats: connect 167 2.487478655969311 5.68109105505648 1038.531982421875 1.324951171875 3.547603359020424 661
stats: 302 330 1709
stats: 200 616 3180
stats: size_rcv 7118753 35353883
stats: newphase 0 4
stats: size_sent 858352 4202272
stats: connected 28 251
stats: 500 11 72
stats: 404 270 1084
# stats: dump at 1433506215
stats: users 342 342
stats: session 147 15013.811526759142 7108.4452749137 54452.929931640625 2259.8291015625 14168.192936029252 579
stats: users_count 239 1068
stats: finish_users_count 147 726
stats: request 1430 388.612199860686 359.79977081671876 1288.593017578125 0.864990234375 66.85360350754755 6045
stats: page 806 619.4093708199242 687.9075984964121 3260.844970703125 1.06396484375 112.89153165075398 3548
stats: connect 260 1.6079261192908654 0.27220872465629364 1038.531982421875 1.135009765625 3.3337859370282312 828
stats: 302 382 2091
stats: 200 556 3736
stats: size_rcv 6422158 41776041
stats: newphase 1 5
stats: size_sent 981309 5183581
stats: connected 86 337
stats: 400 12 12
stats: 503 221 221
stats: 500 16 88
stats: 404 243 1327
# stats: dump at 1433506225
stats: users 521 521
stats: session 159 15897.792394482114 7759.8974232449245 54452.929931640625 2259.8291015625 14339.41322919357 726
stats: users_count 338 1406
stats: finish_users_count 159 885
stats: request 2285 454.86476457792 305.18572028948046 1288.593017578125 0.282958984375 128.40742194032188 7475
stats: page 1306 817.4332753951115 699.5017084606953 3413.137939453125 1.05419921875 206.65666219056823 4354
stats: connect 400 2.2506890869140634 2.663953250546612 1038.531982421875 1.009033203125 2.9213562011718754 1088
stats: 302 666 2757
stats: 200 710 4446
stats: size_rcv 8026027 49802068
stats: newphase 0 5
stats: size_sent 1445165 6628746
stats: connected 174 511
stats: 400 18 30
stats: 503 655 876
stats: 500 19 107
stats: 404 217 1544
# stats: dump at 1433506235
stats: users 619 623
stats: session 241 16364.577686357288 7248.094806059605 54452.929931640625 2259.8291015625 14619.39321482168 885
stats: users_count 339 1745
stats: finish_users_count 241 1126
stats: request 2655 389.1814147834274 255.07645418339357 1288.593017578125 0.282958984375 204.83724037545628 9760
stats: page 1544 668.6181721267303 554.0266948021052 3413.137939453125 1.044921875 347.5885096897084 5660
stats: connect 403 1.9440136476426804 1.9423603903057334 1038.531982421875 1.009033203125 2.7410693425004204 1488
stats: 302 824 3581
stats: 200 794 5240
stats: size_rcv 9255140 59057208
stats: newphase 0 5
stats: size_sent 1690903 8319649
stats: connected 109 620
stats: 400 16 46
stats: 503 749 1625
stats: 500 11 118
stats: 404 260 1804
# stats: dump at 1433506245
stats: users 367 635
stats: session 339 17244.266701667348 7538.683131396194 54452.929931640625 2259.8291015625 14992.918488036672 1126
stats: users_count 87 1832
stats: finish_users_count 339 1465
stats: request 1916 251.26681881707464 258.48818136944647 1288.593017578125 0.282958984375 244.26001790692334 12415
stats: page 1324 390.1715143209489 500.8578227567388 3413.137939453125 1.044921875 416.3933124108025 7204
stats: connect 111 1.557738158079955 0.41616732799949097 1038.531982421875 1.009033203125 2.571205014088115 1891
stats: 302 575 4156
stats: 200 648 5888
stats: size_rcv 8064001 67121209
stats: newphase 0 5
stats: size_sent 1212433 9532082
stats: connected -248 372
stats: 400 6 52
stats: 503 218 1843
stats: 500 24 142
stats: 404 444 2248
# stats: dump at 1433506255
stats: users 99 635
stats: session 268 21020.448859826836 7917.632820664507 70253.38208007813 2259.8291015625 15513.878927914351 1465
stats: users_count 0 1832
stats: finish_users_count 268 1733
stats: request 567 11.123393063822748 10.174948394518266 1288.593017578125 0.282958984375 245.19680044434918 14331
stats: page 497 12.704382545271628 16.078728268904115 3413.137939453125 1.044921875 412.3222921632689 8528
stats: connect 1 6.067138671875 0.0 1038.531982421875 1.009033203125 2.5150137947989517 2002
stats: 302 169 4325
stats: 200 106 5994
stats: size_rcv 1735899 68857108
stats: newphase 0 5
stats: size_sent 371674 9903756
stats: connected -273 99
stats: 400 0 52
stats: 503 0 1843
stats: 500 1 143
stats: 404 291 2539
# stats: dump at 1433506265
stats: users 24 635
stats: session 75 30748.437685546876 7122.15538619676 70253.38208007813 2259.8291015625 16365.443118192798 1733
stats: users_count 0 1832
stats: finish_users_count 75 1808
stats: request 110 8.031993519176138 5.696038587537731 1288.593017578125 0.282958984375 236.28824748524337 14898
stats: page 104 8.500896747295675 9.408449970671455 3413.137939453125 1.044921875 390.31563276380695 9025
stats: connect 0 0 0 1038.531982421875 1.009033203125 2.516787197133987 2003
stats: 302 31 4356
stats: 200 10 6004
stats: size_rcv 254718 69111826
stats: newphase 0 5
stats: size_sent 70930 9974686
stats: connected -75 24
stats: 400 0 52
stats: 503 0 1843
stats: 500 0 143
stats: 404 69 2608
# stats: dump at 1433506275
stats: users 4 635
stats: session 20 39589.73995361329 9669.006017660859 70253.38208007813 2259.8291015625 16962.08282646246 1808
stats: users_count 0 1832
stats: finish_users_count 20 1828
stats: request 27 9.12065067997685 5.560803679016597 1288.593017578125 0.282958984375 234.61526054919145 15008
stats: page 26 9.474984975961538 8.842002474941111 3413.137939453125 1.044921875 385.9658975742224 9129
stats: connect 0 0 0 1038.531982421875 1.009033203125 2.516787197133987 2003
stats: 302 3 4359
stats: 200 2 6006
stats: size_rcv 62901 69174727
stats: newphase 0 5
stats: size_sent 17115 9991801
stats: connected -20 4
stats: 400 0 52
stats: 503 0 1843
stats: 500 0 143
stats: 404 22 2630
# stats: dump at 1433506285
stats: users 0 635
stats: session 4 41521.868713378906 1536.0181907991068 70253.38208007813 2259.8291015625 17209.65019109212 1828
stats: users_count 0 1832
stats: finish_users_count 4 1832
stats: request 5 8.514208984375 0.6036013723154312 1288.593017578125 0.282958984375 234.21031512408544 15035
stats: page 5 8.514208984375 0.6036013723154312 3413.137939453125 1.044921875 384.8966716072585 9155
stats: connect 0 0 0 1038.531982421875 1.009033203125 2.516787197133987 2003
stats: 302 1 4360
stats: 200 0 6006
stats: size_rcv 6400 69181127
stats: newphase 0 5
stats: size_sent 3163 9994964
stats: connected -4 0
stats: 400 0 52
stats: 503 0 1843
stats: 500 0 143
stats: 404 4 2634
# stats: dump at 1433506295
stats: users 0 635
stats: session 0 0 0 70253.38208007813 2259.8291015625 17262.733637647332 1832
stats: users_count 0 1832
stats: finish_users_count 0 1832
stats: request 0 0 0 1288.593017578125 0.282958984375 234.135283173906 15040
stats: page 0 0 0 3413.137939453125 1.044921875 384.69122266477876 9160
stats: connect 0 0 0 1038.531982421875 1.009033203125 2.516787197133987 2003
stats: 302 0 4360
stats: 200 0 6006
stats: size_rcv 0 69181127
stats: newphase 0 5
stats: size_sent 0 9994964
stats: connected 0 0
stats: 400 0 52
stats: 503 0 1843
stats: 500 0 143
stats: 404 0 2634
# stats: dump at 1433506298
stats: users 0 635
stats: session 0 0 0 70253.38208007813 2259.8291015625 17262.733637647332 1832
stats: users_count 0 1832
stats: finish_users_count 0 1832
stats: request 0 0 0 1288.593017578125 0.282958984375 234.135283173906 15040
stats: page 0 0 0 3413.137939453125 1.044921875 384.69122266477876 9160
stats: connect 0 0 0 1038.531982421875 1.009033203125 2.516787197133987 2003
stats: 302 0 4360
stats: 200 0 6006
stats: size_rcv 0 69181127
stats: newphase 0 5
stats: size_sent 0 9994964
stats: connected 0 0
stats: 400 0 52
stats: 503 0 1843
stats: 500 0 143
stats: 404 0 2634
EndMonitor:{1433,506298,666380}
