# stats: dump at 1433198266
stats: users 0 0
stats: users_count 0 0
stats: finish_users_count 0 0
# stats: dump at 1433198276
stats: users 21 21
stats: users_count 21 21
stats: finish_users_count 0 0
stats: request 40 122.8692138671875 223.12683541793334 1402.2880859375 1.073974609375 0 0
stats: page 14 348.9676513671875 332.5959227306836 1483.213134765625 34.715087890625 0 0
stats: connect 22 52.63471013849432 226.31947105358017 1089.71484375 1.23583984375 0 0
stats: 302 25 25
stats: 200 14 14
stats: size_rcv 78651 78651
stats: newphase 1 1
stats: size_sent 46813 46813
stats: connected 21 21
stats: 400 1 1
# stats: dump at 1433198286
stats: users 42 42
stats: users_count 21 42
stats: finish_users_count 0 0
stats: request 29 3681.967276737608 5080.496744953734 16484.65087890625 1.073974609375 122.8692138671875 40
stats: page 8 9613.696411132813 4677.958220953198 16484.65087890625 34.715087890625 348.9676513671875 14
stats: connect 18 1.944580078125 0.32005029506613136 1089.71484375 1.23583984375 52.63471013849432 22
stats: 302 21 46
stats: 200 8 22
stats: size_rcv 5256216 5334867
stats: newphase 0 1
stats: size_sent 29815 76628
stats: connected 18 39
stats: 400 0 1
# stats: dump at 1433198296
stats: users 60 61
stats: session 1 29501.986083984375 0 29501.986083984375 29501.986083984375 0 0
stats: users_count 19 61
stats: finish_users_count 1 1
stats: request 123 1903.183633447663 4119.60367481545 19471.9541015625 0.752197265625 1618.722022899683 69
stats: page 52 4998.025348369892 5671.458401676218 19471.9541015625 34.715087890625 3717.9599276455965 22
stats: connect 24 4.388346354166667 4.367443649106121 1089.71484375 1.23583984375 29.824151611328126 40
stats: 302 66 112
stats: 200 53 75
stats: size_rcv 21161049 26495916
stats: newphase 0 1
stats: size_sent 125644 202272
stats: connected 22 61
stats: 400 2 3
stats: 404 3 3
# stats: dump at 1433198306
stats: users 99 99
stats: session 0 0 0 29501.986083984375 29501.986083984375 29501.986083984375 1
stats: users_count 39 100
stats: finish_users_count 0 1
stats: request 43 2770.9183150890262 6899.680643258 33628.766845703125 0.695068359375 1800.9552421569824 192
stats: page 15 6156.809033203125 10131.309016627602 33628.766845703125 34.715087890625 4617.465358424831 74
stats: connect 39 1.5853052383814104 0.24875894465023177 1089.71484375 1.111083984375 20.285724639892578 64
stats: 302 27 139
stats: 200 14 89
stats: size_rcv 10526923 37022839
stats: newphase 1 2
stats: size_sent 59322 261594
stats: connected 37 98
stats: 400 1 4
stats: 404 0 3
# stats: dump at 1433198316
stats: users 135 135
stats: session 0 0 0 29501.986083984375 29501.986083984375 29501.986083984375 1
stats: users_count 36 136
stats: finish_users_count 0 1
stats: request 8 14930.585968017578 9174.535070909997 37723.277099609375 0.695068359375 1978.4378469913563 235
stats: page 1 15443.968994140625 0.0 33628.766845703125 34.715087890625 4876.905303612184 89
stats: connect 36 1.7406887478298612 0.4828948205987266 1089.71484375 1.111083984375 13.204983313106796 103
stats: 302 6 145
stats: 200 2 91
stats: size_rcv 5225484 42248323
stats: newphase 0 2
stats: size_sent 25700 287294
stats: connected 36 134
stats: 400 0 4
stats: 404 0 3
# stats: dump at 1433198326
stats: users 179 179
stats: session 1 48402.239990234375 0.0 48402.239990234375 29501.986083984375 29501.986083984375 1
stats: users_count 45 181
stats: finish_users_count 1 2
stats: request 21 4405.263555617559 9112.41446869421 44759.862060546875 0.695068359375 2404.8460155848124 243
stats: page 10 17342.366430664064 14305.039896796585 44759.862060546875 34.715087890625 4994.317122395833 90
stats: connect 46 1.5628609035326086 0.24883048405077646 1089.71484375 1.0810546875 10.235813497639388 139
stats: 302 11 156
stats: 200 10 101
stats: size_rcv 5300938 47549261
stats: newphase 0 2
stats: size_sent 38052 325346
stats: connected 45 179
stats: 400 0 4
stats: 404 0 3
# stats: dump at 1433198336
stats: users 232 232
stats: session 0 0 0 48402.239990234375 29501.986083984375 38952.113037109375 2
stats: users_count 53 234
stats: finish_users_count 0 2
stats: request 5 50173.10703125 16557.34651871658 59960.906005859375 0.695068359375 2563.970138087417 264
stats: page 4 58392.86474609375 2204.5566952118393 59960.906005859375 34.715087890625 6229.122053222656 100
stats: connect 53 1.9846974498820746 1.7033699918422882 1089.71484375 1.0810546875 8.079295555320947 185
stats: 302 1 157
stats: 504 3 3
stats: 200 1 102
stats: size_rcv 5224750 52774011
stats: newphase 1 3
stats: size_sent 26444 351790
stats: connected 53 232
stats: 400 0 4
stats: 404 0 3
# stats: dump at 1433198346
stats: users 302 302
stats: session 1 73575.27783203125 0.0 73575.27783203125 29501.986083984375 38952.113037109375 2
stats: users_count 71 305
stats: finish_users_count 1 3
stats: request 18 42378.41700575087 13455.553190887136 59960.906005859375 0.695068359375 3448.898333127614 269
stats: page 8 50933.369140625 8084.107795531684 59960.906005859375 34.715087890625 8235.419849102314 104
stats: connect 71 2.0184549680897885 1.407985095957319 1089.71484375 1.0810546875 6.722095136882879 238
stats: 302 9 166
stats: 504 2 5
stats: 200 10 112
stats: size_rcv 22531684 75305695
stats: newphase 0 3
stats: size_sent 41821 393611
stats: connected 69 301
stats: 400 1 5
stats: 404 0 3
# stats: dump at 1433198356
stats: users 391 391
stats: session 1 78656.50708007813 0.0 78656.50708007813 29501.986083984375 50493.16796875 3
stats: users_count 90 395
stats: finish_users_count 1 4
stats: request 263 26491.147424734143 19068.849719649956 60845.309814453125 0.695068359375 5890.470932804334 287
stats: page 49 52420.96637834822 15089.784729463445 67352.71508789063 34.715087890625 11285.273369925362 112
stats: connect 88 1.5524846857244319 0.3940873966647874 1089.71484375 1.0478515625 5.641323447613269 309
stats: 302 201 367
stats: 504 23 28
stats: 200 35 147
stats: size_rcv 35369659 110675354
stats: newphase 0 3
stats: size_sent 278580 672191
stats: connected 87 388
stats: 400 0 5
stats: 404 1 4
# stats: dump at 1433198366
stats: users 525 525
stats: session 1 77427.89086914063 0.0 78656.50708007813 29501.986083984375 57534.00274658203 4
stats: users_count 135 530
stats: finish_users_count 1 5
stats: request 532 6445.71754031074 10354.945078123288 60845.309814453125 0.572021484375 15741.33987349077 550
stats: page 230 30257.78376783288 17782.746223303744 68149.72900390625 34.715087890625 23804.832111619275 161
stats: connect 137 1.4279357464644165 0.2677179774563023 1089.71484375 1.0478515625 4.73498135429786 397
stats: 302 279 646
stats: 504 11 39
stats: 200 236 383
stats: size_rcv 1464864 112140218
stats: newphase 1 4
stats: size_sent 565559 1237750
stats: connected 133 521
stats: 400 3 8
stats: 404 2 6
# stats: dump at 1433198376
stats: users 690 690
stats: session 0 0 0 78656.50708007813 29501.986083984375 61512.78037109375 5
stats: users_count 165 695
stats: finish_users_count 0 5
stats: request 136 9678.394427131205 13931.594738805592 60845.309814453125 0.572021484375 11170.849040540885 1082
stats: page 48 12746.203567504883 18721.19280975238 71195.47607421875 1.535888671875 27600.686027039043 391
stats: connect 166 1.4414503717996994 0.3180017946991505 1089.71484375 1.0478515625 3.886544559778793 534
stats: 302 55 701
stats: 504 1 40
stats: 200 20 403
stats: size_rcv 312364 112452582
stats: newphase 0 4
stats: size_sent 177066 1414816
stats: connected 166 687
stats: 400 0 8
stats: 503 59 59
stats: 404 1 7
# stats: dump at 1433198386
stats: users 827 827
stats: session 14 6421.3343505859375 3178.6076782386917 78656.50708007813 1928.258056640625 61512.78037109375 5
stats: users_count 151 846
stats: finish_users_count 14 19
stats: request 397 4463.178330889877 10977.129088057924 60845.309814453125 0.547119140625 11004.203862032087 1218
stats: page 182 3862.7971070677363 14310.484377428711 71195.47607421875 1.473876953125 25976.505712556947 439
stats: connect 157 1.456160429936306 0.29351890179479967 1089.71484375 1.0478515625 3.3067079380580364 700
stats: 302 67 768
stats: 504 11 51
stats: 200 15 418
stats: size_rcv 265985 112718567
stats: newphase 0 4
stats: size_sent 248710 1663526
stats: connected 137 824
stats: 400 7 15
stats: 503 298 357
stats: 404 0 7
# stats: dump at 1433198396
stats: users 1074 1074
stats: session 49 9258.392817283166 5121.926536782846 78656.50708007813 1368.47705078125 20919.08330335115 19
stats: users_count 296 1142
stats: finish_users_count 49 68
stats: request 1380 1297.2949791949718 6656.371247843104 60845.309814453125 0.517822265625 9396.286130847284 1615
stats: page 737 3539.903974887632 12454.439019131212 81723.0341796875 1.39404296875 19495.51542882259 621
stats: connect 327 1.438509413226301 0.5848745147475662 1089.71484375 1.011962890625 2.967692816966891 857
stats: 302 53 821
stats: 504 0 51
stats: 200 63 481
stats: size_rcv 993524 113712091
stats: newphase 1 5
stats: size_sent 661388 2324914
stats: connected 240 1064
stats: 400 38 53
stats: 503 1222 1579
stats: 404 3 10
# stats: dump at 1433198406
stats: users 1248 1249
stats: session 154 12969.868549297376 18336.20305842756 124553.6640625 533.697998046875 12516.526923684514 68
stats: users_count 328 1470
stats: finish_users_count 154 222
stats: request 2311 658.4117874812388 5119.2599874678 60845.309814453125 0.517822265625 5664.530608550059 2995
stats: page 1283 317.03291521793375 4767.547731455337 96760.40991210938 1.39404296875 10836.247651539774 1358
stats: connect 392 2.307780363121808 3.9396349603716794 1089.71484375 1.011962890625 2.5453592248865085 1184
stats: 302 32 853
stats: 504 4 55
stats: 200 4 485
stats: size_rcv 1143322 114855413
stats: newphase 0 5
stats: size_sent 961991 3286905
stats: connected 176 1240
stats: 400 64 117
stats: 503 2207 3786
stats: 404 0 10
# stats: dump at 1433198416
stats: users 1296 1304
stats: session 271 13225.038370618082 12504.765748194237 136159.21801757813 533.697998046875 12831.007150461004 222
stats: users_count 319 1789
stats: finish_users_count 271 493
stats: request 2695 1098.258915526438 5385.900048563056 60845.309814453125 0.110107421875 3484.14225659189 5306
stats: page 1571 1737.9530584868314 10774.13062597849 96760.40991210938 1.39404296875 5726.004369941546 2641
stats: connect 378 1.411204504588293 0.2822570243518972 1089.71484375 0.828125 2.486266005462801 1576
stats: 302 113 966
stats: 504 11 66
stats: 200 35 520
stats: size_rcv 1489023 116344436
stats: newphase 0 5
stats: size_sent 1146112 4433017
stats: connected 55 1295
stats: 400 57 174
stats: 503 2475 6261
stats: 404 4 14
# stats: dump at 1433198426
stats: users 1010 1315
stats: session 330 34896.19362940932 40359.50289874517 153781.67309570313 533.697998046875 13047.604433752216 493
stats: users_count 44 1833
stats: finish_users_count 330 823
stats: request 2456 8491.061086151421 20665.9319409998 60845.309814453125 0.10791015625 2680.4982615698436 8001
stats: page 1693 14028.962221797923 25221.113296766707 96760.40991210938 1.35693359375 4238.533189909411 4212
stats: connect 109 1.4852709288990826 0.2981301965107925 1089.71484375 0.828125 2.2782960733591344 1954
stats: 302 30 996
stats: 504 344 410
stats: 200 63 583
stats: size_rcv 1311946 117656382
stats: newphase 0 5
stats: size_sent 1212084 5645101
stats: connected -284 1011
stats: 400 60 234
stats: 503 1954 8215
stats: 404 3 17
# stats: dump at 1433198436
stats: users 693 1315
stats: session 317 63193.48796009341 41932.183370919425 161080.837890625 533.697998046875 21808.27810880306 823
stats: users_count 0 1833
stats: finish_users_count 317 1140
stats: request 1702 5872.469778058672 17701.381864146373 60845.309814453125 0.10791015625 4045.2053761507327 10457
stats: page 1148 8724.470028973628 21175.022399576752 96760.40991210938 1.35693359375 7045.509709974991 5905
stats: connect 42 1.6362188430059523 0.3757304009707113 1089.71484375 0.828125 2.2363960536082157 2063
stats: 302 4 1000
stats: 504 167 577
stats: 200 1 584
stats: size_rcv 745318 118401700
stats: newphase 0 5
stats: size_sent 910207 6555308
stats: connected -316 695
stats: 400 39 273
stats: 503 1491 9706
stats: 404 0 17
# stats: dump at 1433198446
stats: users 495 1315
stats: session 198 74508.8179783677 32582.907471870665 168780.1220703125 533.697998046875 33316.2706727145 1140
stats: users_count 0 1833
stats: finish_users_count 198 1338
stats: request 902 5476.189668575037 17195.112047753977 60845.309814453125 0.10791015625 4300.983319406536 12159
stats: page 623 7928.808613735832 20216.88807750737 96760.40991210938 1.35693359375 7318.790079492988 7053
stats: connect 4 1.70123291015625 0.18472125425917707 1089.71484375 0.828125 2.2244210213776716 2105
stats: 302 0 1000
stats: 504 83 660
stats: 200 0 584
stats: size_rcv 405539 118807239
stats: newphase 0 5
stats: size_sent 392854 6948162
stats: connected -198 497
stats: 400 4 277
stats: 503 815 10521
stats: 404 0 17
# stats: dump at 1433198456
stats: users 362 1315
stats: session 133 85734.02968603151 30502.087916143693 178899.06005859375 533.697998046875 39412.02879417887 1338
stats: users_count 0 1833
stats: finish_users_count 133 1471
stats: request 874 8788.49151234224 21114.86130010888 60845.309814453125 0.10791015625 4382.143730320707 13061
stats: page 601 12984.894353730117 25025.153567970556 96760.40991210938 1.35693359375 7368.300442550999 7676
stats: connect 17 2.1881031709558822 2.3857853047244415 1089.71484375 0.828125 2.223428725291903 2109
stats: 302 0 1000
stats: 504 129 789
stats: 200 0 584
stats: size_rcv 363298 119170537
stats: newphase 0 5
stats: size_sent 407240 7355402
stats: connected -134 363
stats: 400 16 293
stats: 503 729 11250
stats: 404 0 17
# stats: dump at 1433198466
stats: users 250 1315
stats: session 112 90504.97256687706 22218.968018766915 178899.06005859375 533.697998046875 43600.21786189906 1471
stats: users_count 0 1833
stats: finish_users_count 112 1583
stats: request 269 1107.255942872909 8027.673701342889 60845.309814453125 0.10791015625 4658.508851345954 13935
stats: page 226 1497.8686383002628 10222.014392875348 99745.37109375 1.35693359375 7776.126096848287 8277
stats: connect 2 1.7659912109375 0.2030029296875 1089.71484375 0.828125 2.223146253784983 2126
stats: 302 0 1000
stats: 504 5 794
stats: 200 0 584
stats: size_rcv 123553 119294090
stats: newphase 0 5
stats: size_sent 161619 7517021
stats: connected -112 251
stats: 400 2 295
stats: 503 262 11512
stats: 404 0 17
# stats: dump at 1433198476
stats: users 201 1315
stats: session 49 96464.83985869738 24428.593692872983 178899.06005859375 533.697998046875 46918.81074058355 1583
stats: users_count 0 1833
stats: finish_users_count 49 1632
stats: request 114 11456.64115182977 23423.199775808855 60845.309814453125 0.10791015625 4591.254061682532 14204
stats: page 104 13303.862424410305 25980.31474241851 99745.37109375 1.35693359375 7609.257205206295 8503
stats: connect 1 1.758056640625 0.0 1089.71484375 0.828125 2.2227165967898257 2128
stats: 302 0 1000
stats: 504 22 816
stats: 200 0 584
stats: size_rcv 44227 119338317
stats: newphase 0 5
stats: size_sent 56724 7573745
stats: connected -50 201
stats: 400 1 296
stats: 503 91 11603
stats: 404 0 17
# stats: dump at 1433198486
stats: users 128 1315
stats: session 73 108928.43934276006 33189.79172270958 201858.7978515625 533.697998046875 48406.40597758574 1632
stats: users_count 0 1833
stats: finish_users_count 73 1705
stats: request 413 15576.275017615966 26171.977065111565 60845.309814453125 0.10791015625 4645.916313971733 14318
stats: page 307 21768.925045647124 30147.662187285154 119622.26391601563 1.35693359375 7678.066191240595 8607
stats: connect 6 1.5795491536458333 0.1890470691125036 1089.71484375 0.828125 2.2224983441096167 2129
stats: 302 0 1000
stats: 504 108 924
stats: 200 0 584
stats: size_rcv 147729 119486046
stats: newphase 0 5
stats: size_sent 255242 7828987
stats: connected -73 128
stats: 400 6 302
stats: 503 298 11901
stats: 404 0 17
# stats: dump at 1433198496
stats: users 74 1315
stats: session 54 126566.29900444878 30467.26050481241 201858.7978515625 533.697998046875 50997.67192225302 1705
stats: users_count 0 1833
stats: finish_users_count 54 1759
stats: request 155 17658.142743510583 27178.414892862667 60845.309814453125 0.10791015625 4952.3611001101535 14731
stats: page 126 21249.698598710318 30426.823560364763 119637.544921875 1.35693359375 8163.358278777369 8914
stats: connect 2 1.7244873046875 0.2125244140625 1089.71484375 0.828125 2.2206914611387583 2135
stats: 302 0 1000
stats: 504 46 970
stats: 200 0 584
stats: size_rcv 53658 119539704
stats: newphase 0 5
stats: size_sent 88694 7917681
stats: connected -54 74
stats: 400 2 304
stats: 503 107 12008
stats: 404 0 17
# stats: dump at 1433198506
stats: users 59 1315
stats: session 15 124803.5868326823 30914.626018781146 201858.7978515625 533.697998046875 53317.57292420787 1759
stats: users_count 0 1833
stats: finish_users_count 15 1774
stats: request 19 3160.4542429070725 13396.917155770278 60845.309814453125 0.10791015625 5084.659646041033 14886
stats: page 18 3336.0411512586807 13742.727941860376 119637.544921875 1.35693359375 8345.756385006523 9040
stats: connect 0 0 0 1089.71484375 0.828125 2.2202270679179335 2137
stats: 302 0 1000
stats: 504 1 971
stats: 200 0 584
stats: size_rcv 8499 119548203
stats: newphase 0 5
stats: size_sent 24982 7942663
stats: connected -15 59
stats: 400 0 304
stats: 503 18 12026
stats: 404 0 17
# stats: dump at 1433198516
stats: users 56 1315
stats: session 3 139538.70955403647 41893.16632582405 201858.7978515625 533.697998046875 53922.02061790974 1774
stats: users_count 0 1833
stats: finish_users_count 3 1777
stats: request 16 18587.37840270996 27566.156436831257 60845.309814453125 0.10791015625 5082.206784406712 14905
stats: page 12 29716.787862141926 38405.40563835528 119637.544921875 1.35693359375 8335.801110750897 9058
stats: connect 0 0 0 1089.71484375 0.828125 2.2202270679179335 2137
stats: 302 0 1000
stats: 504 5 976
stats: 200 0 584
stats: size_rcv 5523 119553726
stats: newphase 0 5
stats: size_sent 11595 7954258
stats: connected -3 56
stats: 400 0 304
stats: 503 11 12037
stats: 404 0 17
# stats: dump at 1433198526
stats: users 51 1315
stats: session 5 152432.30659179686 17513.082598741137 201858.7978515625 533.697998046875 54066.56201735171 1777
stats: users_count 0 1833
stats: finish_users_count 5 1782
stats: request 7 34087.44370814732 29518.7037014655 60845.309814453125 0.10791015625 5096.688571545164 14921
stats: page 6 39768.76517740885 28119.170338168897 119637.544921875 1.35693359375 8364.089075581844 9070
stats: connect 0 0 0 1089.71484375 0.828125 2.2202270679179335 2137
stats: 302 0 1000
stats: 504 4 980
stats: 200 0 584
stats: size_rcv 1704 119555430
stats: newphase 0 5
stats: size_sent 3238 7957496
stats: connected -4 52
stats: 400 0 304
stats: 503 3 12040
stats: 404 0 17
# stats: dump at 1433198536
stats: users 49 1315
stats: session 2 175250.9814453125 34728.70654296875 209979.68798828125 533.697998046875 54342.560178335 1782
stats: users_count 0 1833
stats: finish_users_count 2 1784
stats: request 5 35684.83842773437 29135.281463352272 60845.309814453125 0.10791015625 5110.282843112435 14928
stats: page 4 29834.35174560547 29831.85898242196 119637.544921875 1.35693359375 8384.85021006961 9076
stats: connect 0 0 0 1089.71484375 0.828125 2.2202270679179335 2137
stats: 302 0 1000
stats: 504 3 983
stats: 200 0 584
stats: size_rcv 1161 119556591
stats: newphase 0 5
stats: size_sent 2644 7960140
stats: connected -3 49
stats: 400 0 304
stats: 503 2 12042
stats: 404 0 17
# stats: dump at 1433198546
stats: users 43 1315
stats: session 6 178941.7509358724 29868.86751460731 232243.35009765625 533.697998046875 54478.107735809186 1784
stats: users_count 0 1833
stats: finish_users_count 6 1790
stats: request 10 53409.14846191406 17803.16795627161 60845.309814453125 0.10791015625 5120.520088001145 14933
stats: page 9 59343.537407769094 200.42568960213902 119637.544921875 1.35693359375 8394.299329688789 9080
stats: connect 0 0 0 1089.71484375 0.828125 2.2202270679179335 2137
stats: 302 0 1000
stats: 504 9 992
stats: 200 0 584
stats: size_rcv 1143 119557734
stats: newphase 0 5
stats: size_sent 1832 7961972
stats: connected -6 43
stats: 400 0 304
stats: 503 1 12043
stats: 404 0 17
# stats: dump at 1433198556
stats: users 31 1315
stats: session 12 180470.13505045572 33504.682489692714 245506.70703125 533.697998046875 54895.30430519488 1790
stats: users_count 0 1833
stats: finish_users_count 12 1802
stats: request 26 38986.67571551984 28365.94407313753 60845.309814453125 0.10791015625 5152.835304740698 14943
stats: page 23 47116.4501953125 40094.32648850321 130386.2080078125 1.35693359375 8444.749669957544 9089
stats: connect 0 0 0 1089.71484375 0.828125 2.2202270679179335 2137
stats: 302 0 1000
stats: 504 17 1009
stats: 200 0 584
stats: size_rcv 5487 119563221
stats: newphase 0 5
stats: size_sent 9417 7971389
stats: connected -12 31
stats: 400 0 304
stats: 503 9 12052
stats: 404 0 17
# stats: dump at 1433198566
stats: users 22 1315
stats: session 9 205427.00499131944 36766.89895050876 265618.23095703125 533.697998046875 55731.54069195577 1802
stats: users_count 0 1833
stats: finish_users_count 9 1811
stats: request 16 55802.79959106445 14408.871355469772 60845.309814453125 0.10791015625 5211.602079453789 14969
stats: page 13 54941.78727839543 15860.718015628234 130386.2080078125 1.35693359375 8542.362610265178 9112
stats: connect 0 0 0 1089.71484375 0.828125 2.2202270679179335 2137
stats: 302 0 1000
stats: 504 15 1024
stats: 200 0 584
stats: size_rcv 1593 119564814
stats: newphase 0 5
stats: size_sent 5706 7977095
stats: connected -9 22
stats: 400 0 304
stats: 503 1 12053
stats: 404 0 17
# stats: dump at 1433198576
stats: users 19 1315
stats: session 3 206465.69034830728 39502.27320539492 265618.23095703125 533.697998046875 56475.47176798795 1811
stats: users_count 0 1833
stats: finish_users_count 3 1814
stats: request 5 59289.18247070313 270.3270620490915 60845.309814453125 0.10791015625 5265.6200414281475 14985
stats: page 5 59289.18247070313 270.3270620490915 130386.2080078125 1.35693359375 8608.465900203335 9125
stats: connect 0 0 0 1089.71484375 0.828125 2.2202270679179335 2137
stats: 302 0 1000
stats: 504 5 1029
stats: 200 0 584
stats: size_rcv 375 119565189
stats: newphase 0 5
stats: size_sent 1654 7978749
stats: connected -3 19
stats: 400 0 304
stats: 503 0 12053
stats: 404 0 17
# stats: dump at 1433198586
stats: users 19 1315
stats: session 0 0 0 265618.23095703125 533.697998046875 56723.52615373269 1814
stats: users_count 0 1833
stats: finish_users_count 0 1814
stats: request 1 59210.994873046875 0.0 60845.309814453125 0.10791015625 5283.639908816165 14990
stats: page 0 0 0 130386.2080078125 1.35693359375 8636.220947613248 9130
stats: connect 0 0 0 1089.71484375 0.828125 2.2202270679179335 2137
stats: 302 0 1000
stats: 504 1 1030
stats: 200 0 584
stats: size_rcv 75 119565264
stats: newphase 0 5
stats: size_sent 1233 7979982
stats: connected 0 19
stats: 400 0 304
stats: 503 0 12053
stats: 404 0 17
# stats: dump at 1433198596
stats: users 18 1315
stats: session 1 223565.69384765625 0.0 265618.23095703125 533.697998046875 56723.52615373269 1814
stats: users_count 0 1833
stats: finish_users_count 1 1815
stats: request 2 59921.223876953125 77.635009765625 60845.309814453125 0.10791015625 5287.237224203012 14991
stats: page 2 89464.70141601563 29621.112548828125 130386.2080078125 1.35693359375 8636.220947613248 9130
stats: connect 0 0 0 1089.71484375 0.828125 2.2202270679179335 2137
stats: 302 0 1000
stats: 504 2 1032
stats: 200 0 584
stats: size_rcv 150 119565414
stats: newphase 0 5
stats: size_sent 0 7979982
stats: connected -1 18
stats: 400 0 304
stats: 503 0 12053
stats: 404 0 17
# stats: dump at 1433198606
stats: users 16 1315
stats: session 2 225038.79541015625 35570.719482421875 265618.23095703125 533.697998046875 56815.45021306818 1815
stats: users_count 0 1833
stats: finish_users_count 2 1817
stats: request 2 59758.14807128906 122.2139892578125 60845.309814453125 0.10791015625 5294.52515679192 14993
stats: page 2 59758.14807128906 122.2139892578125 130386.2080078125 1.35693359375 8653.923199139399 9132
stats: connect 0 0 0 1089.71484375 0.828125 2.2202270679179335 2137
stats: 302 0 1000
stats: 504 2 1034
stats: 200 0 584
stats: size_rcv 150 119565564
stats: newphase 0 5
stats: size_sent 348 7980330
stats: connected -2 16
stats: 400 0 304
stats: 503 0 12053
stats: 404 0 17
# stats: dump at 1433198616
stats: users 15 1315
stats: session 1 260533.3359375 0.0 265618.23095703125 533.697998046875 57000.61625070945 1817
stats: users_count 0 1833
stats: finish_users_count 1 1818
stats: request 4 53690.48272705078 10675.165963845899 60845.309814453125 0.10791015625 5301.789394593121 14995
stats: page 4 83440.00073242188 37072.815080679895 130386.2080078125 1.35693359375 8665.113088535534 9134
stats: connect 0 0 0 1089.71484375 0.828125 2.2202270679179335 2137
stats: 302 0 1000
stats: 504 3 1037
stats: 200 0 584
stats: size_rcv 1789 119567353
stats: newphase 0 5
stats: size_sent 700 7981030
stats: connected -1 15
stats: 400 0 304
stats: 503 0 12053
stats: 404 1 18
# stats: dump at 1433198626
stats: users 12 1315
stats: session 3 275933.80704752606 34529.9676387866 324601.2570800781 533.697998046875 57112.570441956304 1818
stats: users_count 0 1833
stats: finish_users_count 3 1821
stats: request 7 59756.609165736605 324.2681142373344 60845.309814453125 0.10791015625 5314.693906449233 14999
stats: page 7 85271.18858119419 29673.613245567227 130386.2080078125 1.35693359375 8697.844490436994 9138
stats: connect 0 0 0 1089.71484375 0.828125 2.2202270679179335 2137
stats: 302 0 1000
stats: 504 7 1044
stats: 200 0 584
stats: size_rcv 525 119567878
stats: newphase 0 5
stats: size_sent 1538 7982568
stats: connected -3 12
stats: 400 0 304
stats: 503 0 12053
stats: 404 0 18
# stats: dump at 1433198636
stats: users 9 1315
stats: session 3 266829.76700846356 4486.784665396497 324601.2570800781 533.697998046875 57473.066713135166 1821
stats: users_count 0 1833
stats: finish_users_count 3 1824
stats: request 3 59346.655029296875 444.7395454879222 60845.309814453125 0.10791015625 5340.089975142756 15006
stats: page 3 59346.655029296875 444.7395454879222 130386.2080078125 1.35693359375 8756.457219648071 9145
stats: connect 0 0 0 1089.71484375 0.828125 2.2202270679179335 2137
stats: 302 0 1000
stats: 504 3 1047
stats: 200 0 584
stats: size_rcv 225 119568103
stats: newphase 0 5
stats: size_sent 1294 7983862
stats: connected -3 9
stats: 400 0 304
stats: 503 0 12053
stats: 404 0 18
# stats: dump at 1433198646
stats: users 9 1315
stats: session 0 0 0 324601.2570800781 533.697998046875 57817.40339125248 1824
stats: users_count 0 1833
stats: finish_users_count 0 1824
stats: request 1 59999.967041015625 0.0 60845.309814453125 0.10791015625 5350.884811251922 15009
stats: page 1 119211.13110351563 0.0 130386.2080078125 1.35693359375 8773.047796105106 9148
stats: connect 0 0 0 1089.71484375 0.828125 2.2202270679179335 2137
stats: 302 0 1000
stats: 504 1 1048
stats: 200 0 584
stats: size_rcv 75 119568178
stats: newphase 0 5
stats: size_sent 348 7984210
stats: connected 0 9
stats: 400 0 304
stats: 503 0 12053
stats: 404 0 18
# stats: dump at 1433198656
stats: users 7 1315
stats: session 2 281689.6091308594 515.509033203125 324601.2570800781 533.697998046875 57817.40339125248 1824
stats: users_count 0 1833
stats: finish_users_count 2 1826
stats: request 3 18582.703369140625 14595.995689041054 60845.309814453125 0.10791015625 5354.5256561706265 15010
stats: page 3 18582.703369140625 14595.995689041054 130386.2080078125 1.35693359375 8785.118851226693 9149
stats: connect 0 0 0 1089.71484375 0.828125 2.2202270679179335 2137
stats: 302 3 1003
stats: 504 0 1048
stats: 200 0 584
stats: size_rcv 450 119568628
stats: newphase 0 5
stats: size_sent 789 7984999
stats: connected -2 7
stats: 400 0 304
stats: 503 0 12053
stats: 404 0 18
# stats: dump at 1433198666
stats: users 7 1315
stats: session 0 0 0 324601.2570800781 533.697998046875 58062.60843587418 1826
stats: users_count 0 1833
stats: finish_users_count 0 1826
stats: request 1 59250.16796875 0.0 60845.309814453125 0.10791015625 5357.16900081453 15013
stats: page 1 59250.16796875 0.0 130386.2080078125 1.35693359375 8788.330472025835 9152
stats: connect 0 0 0 1089.71484375 0.828125 2.2202270679179335 2137
stats: 302 0 1003
stats: 504 1 1049
stats: 200 0 584
stats: size_rcv 75 119568703
stats: newphase 0 5
stats: size_sent 0 7984999
stats: connected 0 7
stats: 400 0 304
stats: 503 0 12053
stats: 404 0 18
# stats: dump at 1433198676
stats: users 7 1315
stats: session 0 0 0 324601.2570800781 533.697998046875 58062.60843587418 1826
stats: users_count 0 1833
stats: finish_users_count 0 1826
stats: request 1 59120.5390625 0.0 60845.309814453125 0.10791015625 5360.758517197101 15014
stats: page 1 59120.5390625 0.0 130386.2080078125 1.35693359375 8793.843619354222 9153
stats: connect 0 0 0 1089.71484375 0.828125 2.2202270679179335 2137
stats: 302 0 1003
stats: 504 1 1050
stats: 200 0 584
stats: size_rcv 75 119568778
stats: newphase 0 5
stats: size_sent 704 7985703
stats: connected 0 7
stats: 400 0 304
stats: 503 0 12053
stats: 404 0 18
# stats: dump at 1433198686
stats: users 4 1315
stats: session 3 303270.32568359375 26793.250792088667 324601.2570800781 533.697998046875 58062.60843587418 1826
stats: users_count 0 1833
stats: finish_users_count 3 1829
stats: request 6 42311.68493652344 24219.461897900735 60845.309814453125 0.10791015625 5364.338922161824 15015
stats: page 6 42311.68493652344 24219.461897900735 130386.2080078125 1.35693359375 8799.341401246635 9154
stats: connect 0 0 0 1089.71484375 0.828125 2.2202270679179335 2137
stats: 302 2 1005
stats: 504 4 1054
stats: 200 0 584
stats: size_rcv 600 119569378
stats: newphase 0 5
stats: size_sent 704 7986407
stats: connected -3 4
stats: 400 0 304
stats: 503 0 12053
stats: 404 0 18
# stats: dump at 1433198696
stats: users 4 1315
stats: session 0 0 0 324601.2570800781 533.697998046875 58464.80808144179 1829
stats: users_count 0 1833
stats: finish_users_count 0 1829
stats: request 0 0 0 60845.309814453125 0.10791015625 5379.097198980023 15021
stats: page 0 0 0 130386.2080078125 1.35693359375 8821.292717972798 9160
stats: connect 0 0 0 1089.71484375 0.828125 2.2202270679179335 2137
stats: 302 0 1005
stats: 504 0 1054
stats: 200 0 584
stats: size_rcv 0 119569378
stats: newphase 0 5
stats: size_sent 950 7987357
stats: connected 0 4
stats: 400 0 304
stats: 503 0 12053
stats: 404 0 18
# stats: dump at 1433198706
stats: users 4 1315
stats: session 0 0 0 324601.2570800781 533.697998046875 58464.80808144179 1829
stats: users_count 0 1833
stats: finish_users_count 0 1829
stats: request 1 59106.072021484375 0.0 60845.309814453125 0.10791015625 5379.097198980023 15021
stats: page 1 59106.072021484375 0.0 130386.2080078125 1.35693359375 8821.292717972798 9160
stats: connect 0 0 0 1089.71484375 0.828125 2.2202270679179335 2137
stats: 302 0 1005
stats: 504 1 1055
stats: 200 0 584
stats: size_rcv 75 119569453
stats: newphase 0 5
stats: size_sent 0 7987357
stats: connected 0 4
stats: 400 0 304
stats: 503 0 12053
stats: 404 0 18
# stats: dump at 1433198716
stats: users 4 1315
stats: session 0 0 0 324601.2570800781 533.697998046875 58464.80808144179 1829
stats: users_count 0 1833
stats: finish_users_count 0 1829
stats: request 0 0 0 60845.309814453125 0.10791015625 5382.673751690881 15022
stats: page 0 0 0 130386.2080078125 1.35693359375 8826.781723463848 9161
stats: connect 0 0 0 1089.71484375 0.828125 2.2202270679179335 2137
stats: 302 0 1005
stats: 504 0 1055
stats: 200 0 584
stats: size_rcv 0 119569453
stats: newphase 0 5
stats: size_sent 352 7987709
stats: connected 0 4
stats: 400 0 304
stats: 503 0 12053
stats: 404 0 18
# stats: dump at 1433198726
stats: users 4 1315
stats: session 0 0 0 324601.2570800781 533.697998046875 58464.80808144179 1829
stats: users_count 0 1833
stats: finish_users_count 0 1829
stats: request 0 0 0 60845.309814453125 0.10791015625 5382.673751690881 15022
stats: page 0 0 0 130386.2080078125 1.35693359375 8826.781723463848 9161
stats: connect 0 0 0 1089.71484375 0.828125 2.2202270679179335 2137
stats: 302 0 1005
stats: 504 0 1055
stats: 200 0 584
stats: size_rcv 0 119569453
stats: newphase 0 5
stats: size_sent 0 7987709
stats: connected 0 4
stats: 400 0 304
stats: 503 0 12053
stats: 404 0 18
# stats: dump at 1433198736
stats: users 3 1315
stats: session 1 322958.0419921875 0.0 324601.2570800781 533.697998046875 58464.80808144179 1829
stats: users_count 0 1833
stats: finish_users_count 1 1830
stats: request 1 59835.905029296875 0.0 60845.309814453125 0.10791015625 5382.673751690881 15022
stats: page 1 59835.905029296875 0.0 130386.2080078125 1.35693359375 8826.781723463848 9161
stats: connect 0 0 0 1089.71484375 0.828125 2.2202270679179335 2137
stats: 302 0 1005
stats: 504 1 1056
stats: 200 0 584
stats: size_rcv 75 119569528
stats: newphase 0 5
stats: size_sent 0 7987709
stats: connected -1 3
stats: 400 0 304
stats: 503 0 12053
stats: 404 0 18
# stats: dump at 1433198746
stats: users 2 1315
stats: session 1 370045.9719238281 0.0 370045.9719238281 533.697998046875 58609.33990325094 1830
stats: users_count 0 1833
stats: finish_users_count 1 1831
stats: request 1 59316.951904296875 0.0 60845.309814453125 0.10791015625 5386.298409301052 15023
stats: page 1 59316.951904296875 0.0 130386.2080078125 1.35693359375 8832.349189443528 9162
stats: connect 0 0 0 1089.71484375 0.828125 2.2202270679179335 2137
stats: 302 0 1005
stats: 504 1 1057
stats: 200 0 584
stats: size_rcv 75 119569603
stats: newphase 0 5
stats: size_sent 0 7987709
stats: connected -1 2
stats: 400 0 304
stats: 503 0 12053
stats: 404 0 18
# stats: dump at 1433198756
stats: users 1 1315
stats: session 1 400316.8698730469 0.0 400316.8698730469 533.697998046875 58779.430909269824 1831
stats: users_count 0 1833
stats: finish_users_count 1 1832
stats: request 1 59767.7470703125 0.0 60845.309814453125 0.10791015625 5389.888042787141 15024
stats: page 1 59767.7470703125 0.0 130386.2080078125 1.35693359375 8837.858804494806 9163
stats: connect 0 0 0 1089.71484375 0.828125 2.2202270679179335 2137
stats: 302 0 1005
stats: 504 1 1058
stats: 200 0 584
stats: size_rcv 75 119569678
stats: newphase 0 5
stats: size_sent 0 7987709
stats: connected -1 1
stats: 400 0 304
stats: 503 0 12053
stats: 404 0 18
# stats: dump at 1433198766
stats: users 1 1315
stats: session 0 0 0 400316.8698730469 533.697998046875 58965.85964232865 1832
stats: users_count 0 1833
stats: finish_users_count 0 1832
stats: request 0 0 0 60845.309814453125 0.10791015625 5393.507201457857 15025
stats: page 0 0 0 130386.2080078125 1.35693359375 8843.416409063315 9164
stats: connect 0 0 0 1089.71484375 0.828125 2.2202270679179335 2137
stats: 302 0 1005
stats: 504 0 1058
stats: 200 0 584
stats: size_rcv 0 119569678
stats: newphase 0 5
stats: size_sent 0 7987709
stats: connected 0 1
stats: 400 0 304
stats: 503 0 12053
stats: 404 0 18
# stats: dump at 1433198776
stats: users 0 1315
stats: session 1 384203.8498535156 0.0 400316.8698730469 533.697998046875 58965.85964232865 1832
stats: users_count 0 1833
stats: finish_users_count 1 1833
stats: request 1 59994.6669921875 0.0 60845.309814453125 0.10791015625 5393.507201457857 15025
stats: page 1 59994.6669921875 0.0 130386.2080078125 1.35693359375 8843.416409063315 9164
stats: connect 0 0 0 1089.71484375 0.828125 2.2202270679179335 2137
stats: 302 0 1005
stats: 504 1 1059
stats: 200 0 584
stats: size_rcv 75 119569753
stats: newphase 0 5
stats: size_sent 0 7987709
stats: connected -1 0
stats: 400 0 304
stats: 503 0 12053
stats: 404 0 18
# stats: dump at 1433198777
stats: users 0 1315
stats: session 0 0 0 400316.8698730469 533.697998046875 59143.29444331675 1833
stats: users_count 0 1833
stats: finish_users_count 0 1833
stats: request 0 0 0 60845.309814453125 0.10791015625 5397.140980227373 15026
stats: page 0 0 0 130386.2080078125 1.35693359375 8848.997560245325 9165
stats: connect 0 0 0 1089.71484375 0.828125 2.2202270679179335 2137
stats: 302 0 1005
stats: 504 0 1059
stats: 200 0 584
stats: size_rcv 0 119569753
stats: newphase 0 5
stats: size_sent 0 7987709
stats: connected 0 0
stats: 400 0 304
stats: 503 0 12053
stats: 404 0 18
EndMonitor:{1433,198777,944236}
