# stats: dump at 1433505499
stats: users 0 0
stats: users_count 0 0
stats: finish_users_count 0 0
# stats: dump at 1433505509
stats: users 13 13
stats: users_count 13 13
stats: finish_users_count 0 0
stats: request 66 100.86486076586175 163.37893781986315 1260.969970703125 8.2451171875 0 0
stats: page 34 195.95529354319854 268.0427402482193 1378.255859375 8.2451171875 0 0
stats: connect 13 81.5240009014423 275.87674686105424 1037.18896484375 1.593017578125 0 0
stats: 302 24 24
stats: 200 39 39
stats: size_rcv 352057 352057
stats: newphase 1 1
stats: size_sent 45066 45066
stats: connected 13 13
stats: 404 3 3
# stats: dump at 1433505519
stats: users 25 25
stats: session 9 10329.145209418402 2947.4487109714887 14863.93994140625 5992.238037109375 0 0
stats: users_count 21 34
stats: finish_users_count 9 9
stats: request 137 45.35112946224909 45.44169444172473 1260.969970703125 5.35791015625 100.86486076586175 66
stats: page 76 81.88252338610198 82.76371383099459 1378.255859375 5.35791015625 195.95529354319854 34
stats: connect 21 2.5008486793154763 2.931365784115755 1037.18896484375 1.490966796875 81.5240009014423 13
stats: 302 45 69
stats: 200 74 113
stats: size_rcv 696404 1048461
stats: newphase 0 1
stats: size_sent 96466 141532
stats: connected 12 25
stats: 404 15 18
stats: 500 3 3
# stats: dump at 1433505529
stats: users 27 32
stats: session 17 9650.42236328125 4972.401697812606 19638.007080078125 3547.218017578125 10329.145209418402 9
stats: users_count 19 53
stats: finish_users_count 17 26
stats: request 169 37.50077864968564 39.710912394077766 1260.969970703125 5.2861328125 63.3999288023399 203
stats: page 100 63.492551269531276 73.5785082742774 1378.255859375 5.2861328125 117.14137961647727 110
stats: connect 19 3.7535593133223686 4.44121217407609 1037.18896484375 1.47216796875 32.715583352481616 34
stats: 302 42 111
stats: 200 94 207
stats: size_rcv 942422 1990883
stats: newphase 0 1
stats: size_sent 117245 258777
stats: connected 2 27
stats: 404 31 49
stats: 500 2 5
# stats: dump at 1433505539
stats: users 41 41
stats: session 17 14481.827493106617 6338.447021007609 25069.758056640625 3176.59912109375 9885.364886944111 26
stats: users_count 31 84
stats: finish_users_count 17 43
stats: request 168 42.55477323986233 42.63169922247334 1260.969970703125 5.2861328125 51.633917039440526 372
stats: page 96 71.64383951822914 81.91645886101915 1378.255859375 5.2861328125 91.59431849888395 210
stats: connect 29 1.7447046740301724 0.12972638955534888 1037.18896484375 1.47216796875 22.332970961084907 53
stats: 302 58 169
stats: 200 77 284
stats: size_rcv 776227 2767110
stats: newphase 1 2
stats: size_sent 116124 374901
stats: connected 12 39
stats: 404 33 82
stats: 500 0 5
# stats: dump at 1433505549
stats: users 59 59
stats: session 27 12905.936803747107 7789.228207199855 32772.48193359375 3176.59912109375 11702.571033566497 43
stats: users_count 45 129
stats: finish_users_count 27 70
stats: request 301 54.48640517935006 81.47350333786576 1260.969970703125 5.157958984375 48.809294524016195 540
stats: page 174 94.95416189610273 139.46575841387184 1378.255859375 5.157958984375 85.33534470103146 306
stats: connect 42 1.9495849609375 0.32277587855407197 1037.18896484375 1.47216796875 15.051754835175306 82
stats: 302 87 256
stats: 200 164 448
stats: size_rcv 1643901 4411011
stats: newphase 0 2
stats: size_sent 208148 583049
stats: connected 16 55
stats: 404 46 128
stats: 500 5 10
# stats: dump at 1433505559
stats: users 72 73
stats: session 36 15258.18324110243 7470.502228830941 37342.85205078125 3176.59912109375 12166.726402064733 70
stats: users_count 49 178
stats: finish_users_count 36 106
stats: request 387 39.79630029170706 40.13939206973418 1260.969970703125 5.157958984375 50.84117360517611 841
stats: page 230 67.8999798318614 78.93672710790655 1378.255859375 5.157958984375 88.8221659342448 480
stats: connect 50 1.9929833984375 1.090520085106085 1037.18896484375 1.465087890625 10.61392310357863 124
stats: 302 105 361
stats: 200 205 653
stats: size_rcv 2217287 6628298
stats: newphase 0 2
stats: size_sent 266990 850039
stats: connected 14 69
stats: 404 71 199
stats: 500 5 15
# stats: dump at 1433505569
stats: users 82 82
stats: session 40 12592.057019042968 5662.187885631905 37342.85205078125 3176.59912109375 13216.65513985112 106
stats: users_count 50 228
stats: finish_users_count 40 146
stats: request 395 39.1091852501978 41.5369136381375 1260.969970703125 5.157958984375 47.36041955606168 1228
stats: page 236 65.55790891485695 78.38817543965808 1378.255859375 5.157958984375 82.04455635178257 710
stats: connect 52 1.7523052509014423 0.29644409526761745 1037.18896484375 1.405029296875 8.136641579112787 174
stats: 302 103 464
stats: 200 209 862
stats: size_rcv 2401426 9029724
stats: newphase 1 3
stats: size_sent 271475 1121514
stats: connected 11 80
stats: 404 80 279
stats: 500 3 18
# stats: dump at 1433505579
stats: users 115 117
stats: session 50 15120.976518554688 8715.573209902761 52651.06494140625 3176.59912109375 13045.53236702697 146
stats: users_count 83 311
stats: finish_users_count 50 196
stats: request 581 42.48747277054652 43.0158587036132 1260.969970703125 5.157958984375 45.352263332515015 1623
stats: page 339 72.50117317132197 81.17257925204383 1378.255859375 5.157958984375 77.93160836540366 946
stats: connect 82 2.059367854420732 1.7860584994385544 1037.18896484375 1.39208984375 6.667679238108407 226
stats: 302 173 637
stats: 200 308 1170
stats: size_rcv 3461635 12491359
stats: newphase 0 3
stats: size_sent 401638 1523152
stats: connected 34 114
stats: 404 94 373
stats: 500 6 24
# stats: dump at 1433505589
stats: users 122 133
stats: session 73 14676.375214041096 8257.384256724046 52651.06494140625 2886.489013671875 13574.982405682 196
stats: users_count 80 391
stats: finish_users_count 73 269
stats: request 634 41.38673068747529 43.247217258653215 1260.969970703125 5.157958984375 44.597071265135845 2204
stats: page 387 68.24268776748218 84.58915999842039 1378.255859375 5.157958984375 76.49898771887159 1285
stats: connect 81 2.338843074845679 2.234153678833467 1037.18896484375 1.364013671875 5.440791142451299 308
stats: 302 167 804
stats: 200 321 1491
stats: size_rcv 3662555 16153914
stats: newphase 0 3
stats: size_sent 436265 1959417
stats: connected 6 120
stats: 404 138 511
stats: 500 8 32
# stats: dump at 1433505599
stats: users 191 191
stats: session 71 15150.77850599692 8128.443891219545 52651.06494140625 2580.447021484375 13873.873390850082 269
stats: users_count 140 531
stats: finish_users_count 71 340
stats: request 937 51.97190350478587 48.62617330629289 1260.969970703125 5.156005859375 43.879891587110194 2838
stats: page 526 92.66375709214589 98.6618676147325 1378.255859375 5.156005859375 74.58799006265885 1672
stats: connect 139 2.3656418615107913 2.967943274226421 1037.18896484375 1.360107421875 4.794884218348329 389
stats: 302 291 1095
stats: 200 501 1992
stats: size_rcv 5468790 21622704
stats: newphase 1 4
stats: size_sent 653835 2613252
stats: connected 70 190
stats: 404 132 643
stats: 500 13 45
# stats: dump at 1433505609
stats: users 226 234
stats: session 121 13307.617469976756 7337.681765281724 52651.06494140625 1836.929931640625 14140.521223718979 340
stats: users_count 156 687
stats: finish_users_count 121 461
stats: request 1209 52.94679329669407 45.50613736751775 1260.969970703125 5.156005859375 45.88842540614652 3775
stats: page 720 88.3526241726346 96.81914189414717 1378.255859375 5.156005859375 78.91367407426493 2198
stats: connect 158 2.61361192147943 3.3718956448097948 1037.18896484375 1.360107421875 4.155367764559659 528
stats: 302 324 1419
stats: 200 645 2637
stats: size_rcv 7288950 28911654
stats: newphase 0 4
stats: size_sent 841858 3455110
stats: connected 36 226
stats: 404 222 865
stats: 500 18 63
# stats: dump at 1433505619
stats: users 249 255
stats: session 141 14339.473494292995 7700.130526336802 52651.06494140625 1535.061767578125 13921.906572519827 461
stats: users_count 164 851
stats: finish_users_count 141 602
stats: request 1302 60.52283296130955 47.74656236626731 1260.969970703125 5.156005859375 47.60061777766979 4984
stats: page 779 101.75769998846677 105.23179321155327 1378.255859375 5.156005859375 81.24268163794765 2918
stats: connect 165 1.8279060132575757 1.4510490672943204 1037.18896484375 1.3349609375 3.800269480001822 686
stats: 302 348 1767
stats: 200 678 3315
stats: size_rcv 7758862 36670516
stats: newphase 0 4
stats: size_sent 890133 4345243
stats: connected 27 253
stats: 404 264 1129
stats: 500 12 75
# stats: dump at 1433505629
stats: users 380 380
stats: session 134 16248.389741356694 8241.580469618233 52651.06494140625 1535.061767578125 14019.708791739125 602
stats: users_count 265 1116
stats: finish_users_count 134 736
stats: request 1390 380.66001889894335 407.8714324233935 1460.044189453125 0.85888671875 50.277156780071785 6286
stats: page 783 613.4632912900103 792.7723006296595 3549.833984375 1.041015625 85.5654296214625 3697
stats: connect 273 2.0504253233745455 2.033755243871901 1037.18896484375 1.330078125 3.4178488313381314 851
stats: 302 400 2167
stats: 200 514 3829
stats: size_rcv 5944015 42614531
stats: newphase 1 5
stats: size_sent 963361 5308604
stats: connected 118 371
stats: 400 7 7
stats: 503 225 225
stats: 404 231 1360
stats: 500 13 88
# stats: dump at 1433505639
stats: users 516 516
stats: session 176 16402.58566422896 7736.758721557309 52651.06494140625 1535.061767578125 14425.474073327106 736
stats: users_count 312 1428
stats: finish_users_count 176 912
stats: request 2253 458.4376048948622 299.60446934250086 1460.044189453125 0.85888671875 110.1041732398466 7676
stats: page 1296 806.0517382209687 689.7060946905893 3549.833984375 1.041015625 177.8297210693359 4480
stats: connect 364 2.024035107958447 1.921812401802734 1037.18896484375 0.962158203125 3.085725506005339 1124
stats: 302 665 2832
stats: 200 685 4514
stats: size_rcv 7876789 50491320
stats: newphase 0 5
stats: size_sent 1429253 6737857
stats: connected 135 506
stats: 400 22 29
stats: 503 630 855
stats: 404 241 1601
stats: 500 11 99
# stats: dump at 1433505649
stats: users 569 574
stats: session 266 15870.821613971451 6876.170498284024 52651.06494140625 1535.061767578125 14807.021924202902 912
stats: users_count 319 1747
stats: finish_users_count 266 1178
stats: request 2690 390.49660798820867 301.9926792609887 1460.044189453125 0.85693359375 189.14488444125158 9929
stats: page 1595 652.5804695153323 610.6746303236349 3549.833984375 1.041015625 318.78812380972994 5776
stats: connect 397 1.6761981954502518 0.39745334899078527 1037.18896484375 0.962158203125 2.8260109193863414 1488
stats: 302 774 3606
stats: 200 670 5184
stats: size_rcv 7892768 58384088
stats: newphase 0 5
stats: size_sent 1688784 8426641
stats: connected 57 563
stats: 400 30 59
stats: 503 924 1779
stats: 404 270 1871
stats: 500 22 121
# stats: dump at 1433505659
stats: users 326 576
stats: session 334 16690.83214820358 7351.31127954387 53891.45703125 1535.061767578125 15047.234757376445 1178
stats: users_count 91 1838
stats: finish_users_count 334 1512
stats: request 1824 236.95734566136449 283.94857064906137 1460.044189453125 0.85693359375 232.0671553296987 12619
stats: page 1239 388.00904798161355 573.607938989445 3549.833984375 1.041015625 391.0169654052306 7371
stats: connect 122 2.251126648949795 2.3601818687648155 1037.18896484375 0.962158203125 2.583848770101128 1885
stats: 302 607 4213
stats: 200 541 5725
stats: size_rcv 6725229 65109317
stats: newphase 0 5
stats: size_sent 1129821 9556462
stats: connected -234 329
stats: 400 8 67
stats: 503 280 2059
stats: 404 372 2243
stats: 500 15 136
# stats: dump at 1433505669
stats: users 112 576
stats: session 214 20855.203180901346 8001.968006118897 54177.583984375 1535.061767578125 15410.30455138191 1512
stats: users_count 0 1838
stats: finish_users_count 214 1726
stats: request 476 10.790729939436709 10.264959172891812 1460.044189453125 0.85693359375 232.6847352760366 14443
stats: page 410 12.6013916015625 16.63454988842643 3549.833984375 1.041015625 390.58411875158816 8610
stats: connect 0 0 0 1037.18896484375 0.962158203125 2.5636235091243154 2007
stats: 302 152 4365
stats: 200 96 5821
stats: size_rcv 1551853 66661170
stats: newphase 0 5
stats: size_sent 311796 9868258
stats: connected -215 114
stats: 400 0 67
stats: 503 0 2059
stats: 404 228 2471
stats: 500 0 136
# stats: dump at 1433505679
stats: users 24 576
stats: session 88 27633.470736416904 6427.412444947235 54177.583984375 1535.061767578125 16085.396270221516 1726
stats: users_count 0 1838
stats: finish_users_count 88 1814
stats: request 145 8.49582098599138 6.419660499299163 1460.044189453125 0.85693359375 225.60506864018828 14919
stats: page 137 8.999406577896899 10.77827669827558 3549.833984375 1.041015625 373.40308569931426 9020
stats: connect 0 0 0 1037.18896484375 0.962158203125 2.5636235091243154 2007
stats: 302 43 4408
stats: 200 16 5837
stats: size_rcv 361288 67022458
stats: newphase 0 5
stats: size_sent 93783 9962041
stats: connected -90 24
stats: 400 0 67
stats: 503 0 2059
stats: 404 86 2557
stats: 500 0 136
# stats: dump at 1433505689
stats: users 9 576
stats: session 15 37127.32560221354 4114.436177777739 54177.583984375 1535.061767578125 16645.611569573884 1814
stats: users_count 0 1838
stats: finish_users_count 15 1829
stats: request 21 6.914248511904762 1.3096530401570827 1460.044189453125 0.85693359375 223.51526241940635 15064
stats: page 21 6.914248511904762 1.3096530401570827 3549.833984375 1.041015625 367.9511577709934 9157
stats: connect 0 0 0 1037.18896484375 0.962158203125 2.5636235091243154 2007
stats: 302 6 4414
stats: 200 0 5837
stats: size_rcv 25662 67048120
stats: newphase 0 5
stats: size_sent 13540 9975581
stats: connected -15 9
stats: 400 0 67
stats: 503 0 2059
stats: 404 15 2572
stats: 500 0 136
# stats: dump at 1433505699
stats: users 2 576
stats: session 7 51250.73824637277 11440.788380336602 71148.45483398438 1535.061767578125 16813.586260929595 1829
stats: users_count 0 1838
stats: finish_users_count 7 1836
stats: request 11 7.525190873579546 1.393355912720895 1460.044189453125 0.85693359375 223.2137296854284 15085
stats: page 10 8.2859130859375 2.468543472463764 3549.833984375 1.041015625 367.1250763704224 9178
stats: connect 0 0 0 1037.18896484375 0.962158203125 2.5636235091243154 2007
stats: 302 5 4419
stats: 200 0 5837
stats: size_rcv 10765 67058885
stats: newphase 0 5
stats: size_sent 7091 9982672
stats: connected -7 2
stats: 400 0 67
stats: 503 0 2059
stats: 404 6 2578
stats: 500 0 136
# stats: dump at 1433505709
stats: users 0 576
stats: session 2 57907.20593261719 1845.9581298828125 71148.45483398438 1535.061767578125 16944.882592028778 1836
stats: users_count 0 1838
stats: finish_users_count 2 1838
stats: request 2 10.1405029296875 1.9625244140625 1460.044189453125 0.85693359375 223.05656395100007 15096
stats: page 2 10.1405029296875 1.9625244140625 3549.833984375 1.041015625 366.73452438600305 9188
stats: connect 0 0 0 1037.18896484375 0.962158203125 2.5636235091243154 2007
stats: 302 1 4420
stats: 200 0 5837
stats: size_rcv 1707 67060592
stats: newphase 0 5
stats: size_sent 1267 9983939
stats: connected -2 0
stats: 400 0 67
stats: 503 0 2059
stats: 404 1 2579
stats: 500 0 136
# stats: dump at 1433505712
stats: users 0 576
stats: session 0 0 0 71148.45483398438 1535.061767578125 16989.455305130614 1838
stats: users_count 0 1838
stats: finish_users_count 0 1838
stats: request 0 0 0 1460.044189453125 0.85693359375 223.02835941251533 15098
stats: page 0 0 0 3549.833984375 1.041015625 366.65691959352074 9190
stats: connect 0 0 0 1037.18896484375 0.962158203125 2.5636235091243154 2007
stats: 302 0 4420
stats: 200 0 5837
stats: size_rcv 0 67060592
stats: newphase 0 5
stats: size_sent 0 9983939
stats: connected 0 0
stats: 400 0 67
stats: 503 0 2059
stats: 404 0 2579
stats: 500 0 136
EndMonitor:{1433,505712,336341}
