# stats: dump at 1433134887
stats: users 0 0
stats: users_count 0 0
stats: finish_users_count 0 0
# stats: dump at 1433134897
stats: users 22 22
stats: users_count 22 22
stats: finish_users_count 0 0
stats: request 14 1211.2816685267858 1928.837474469381 6874.47802734375 68.81103515625 0 0
stats: page 4 1378.082763671875 513.8585362922113 2225.14599609375 846.322998046875 0 0
stats: connect 18 67.48158094618056 241.13074170994952 1057.572998046875 1.10498046875 0 0
stats: 302 10 10
stats: 200 4 4
stats: size_rcv 22212 22212
stats: newphase 1 1
stats: size_sent 21611 21611
stats: connected 18 18
# stats: dump at 1433134907
stats: users 48 48
stats: users_count 26 48
stats: finish_users_count 0 0
stats: page 20 7982.129504394531 4824.792189560673 13777.442138671875 1.345947265625 1378.082763671875 4
stats: connect 29 1.3121127424568966 0.1656570929300104 1057.572998046875 1.06689453125 67.48158094618056 18
stats: request 49 3769.153873365753 4993.721816867613 14151.55810546875 0.611083984375 1211.2816685267858 14
stats: 302 5 15
stats: 200 0 4
stats: size_rcv 17326 39538
stats: newphase 0 1
stats: 502 43 43
stats: size_sent 39218 60829
stats: connected 28 46
stats: 400 1 1
# stats: dump at 1433134917
stats: users 61 61
stats: users_count 13 61
stats: finish_users_count 0 0
stats: page 0 0 0 13777.442138671875 1.345947265625 6881.455047607422 24
stats: request 4 19956.250732421875 2351.021019720334 22235.424072265625 0.611083984375 3200.737827845983 63
stats: connect 15 1.3133463541666666 0.1440618054273682 1057.572998046875 1.06689453125 26.653611203457448 47
stats: 302 4 19
stats: 200 0 4
stats: size_rcv 631 40169
stats: newphase 0 1
stats: 502 0 43
stats: size_sent 11767 72596
stats: connected 15 61
stats: 400 0 1
# stats: dump at 1433134927
stats: users 93 93
stats: users_count 32 93
stats: finish_users_count 0 0
stats: page 0 0 0 13777.442138671875 1.345947265625 6881.455047607422 24
stats: request 4 24285.874755859375 2624.0227576540715 28407.156982421875 0.611083984375 4201.066956477379 67
stats: connect 32 1.613677978515625 0.778887736326216 1057.572998046875 1.032958984375 20.522901965725808 62
stats: 302 4 23
stats: 200 0 4
stats: size_rcv 1918 42087
stats: newphase 1 2
stats: 502 0 43
stats: size_sent 18799 91395
stats: connected 32 93
stats: 400 0 1
# stats: dump at 1433134937
stats: users 144 144
stats: users_count 51 144
stats: finish_users_count 0 0
stats: request 3 34327.06396484375 1869.7366966452853 36448.98291015625 0.611083984375 5332.605424048195 71
stats: page 0 0 0 13777.442138671875 1.345947265625 6881.455047607422 24
stats: connect 50 1.4174658203125003 0.21836907822779633 1057.572998046875 0.994140625 14.085719331781915 94
stats: 302 3 26
stats: 200 0 4
stats: size_rcv 487 42574
stats: newphase 0 2
stats: 502 0 43
stats: size_sent 24877 116272
stats: connected 50 143
stats: 400 0 1
# stats: dump at 1433134947
stats: users 181 181
stats: users_count 37 181
stats: finish_users_count 0 0
stats: request 19 38166.06886050576 1725.142669155361 41002.139892578125 0.611083984375 6508.056445972339 74
stats: page 2 54425.77990722656 78.1690673828125 54503.948974609375 1.345947265625 6881.455047607422 24
stats: 302 17 43
stats: connect 38 1.314041940789474 0.19177563734245365 1057.572998046875 0.994140625 9.687020195855034 144
stats: 200 2 6
stats: size_rcv 16508 59082
stats: newphase 0 2
stats: 502 0 43
stats: size_sent 35391 151663
stats: connected 38 181
stats: 400 0 1
# stats: dump at 1433134957
stats: users 251 251
stats: session 1 3942.257080078125 0 3942.257080078125 3942.257080078125 0 0
stats: users_count 71 252
stats: finish_users_count 1 1
stats: request 98 6892.051105110013 12417.309713386994 41002.139892578125 0.554931640625 12975.822423135081 93
stats: connect 70 1.4227120535714286 1.049473900734362 1057.572998046875 0.994140625 7.9388159447973905 182
stats: page 40 4535.860192871094 14077.772545379774 58871.52099609375 1.345947265625 10538.710806039664 26
stats: 302 21 64
stats: 200 2 8
stats: size_rcv 52468 111550
stats: newphase 1 3
stats: 502 0 43
stats: size_sent 80222 231885
stats: connected 67 248
stats: 400 3 4
stats: 503 72 72
# stats: dump at 1433134967
stats: users 333 333
stats: session 8 18997.712463378906 21063.944973209185 65164.373046875 3942.257080078125 3942.257080078125 1
stats: users_count 90 342
stats: finish_users_count 8 9
stats: request 288 4884.0785225762265 15836.060487202714 59991.93603515625 0.5068359375 9854.30624948871 191
stats: connect 95 1.2754805715460524 0.4514788557660975 1057.572998046875 0.984130859375 6.128787086123512 252
stats: page 152 4662.686012669615 15552.287272591504 59952.2529296875 1.325927734375 6900.619525331439 66
stats: 302 4 68
stats: 504 21 21
stats: 200 0 8
stats: size_rcv 134959 246509
stats: newphase 0 3
stats: 502 0 43
stats: size_sent 150290 382175
stats: connected 82 330
stats: 400 4 8
stats: 503 259 331
# stats: dump at 1433134977
stats: users 380 382
stats: session 24 11708.716278076172 4600.396195060012 65164.373046875 3942.257080078125 17324.884087456598 9
stats: users_count 71 413
stats: finish_users_count 24 33
stats: request 284 2858.9796684157677 11737.12302723924 59991.93603515625 0.5 6865.943858359701 479
stats: page 164 2042.0816322884905 8762.777290127175 59952.2529296875 1.325927734375 5340.225516503011 218
stats: 302 5 73
stats: connect 80 1.80914306640625 1.2093781333828533 1057.572998046875 0.984130859375 4.80007204610951 347
stats: 504 10 31
stats: 200 0 8
stats: size_rcv 127154 373663
stats: newphase 0 3
stats: 502 0 43
stats: size_sent 146839 529014
stats: connected 50 380
stats: 400 8 16
stats: 503 261 592
# stats: dump at 1433134987
stats: users 501 501
stats: session 34 19810.916417738972 13007.683677558778 65164.373046875 2193.613037109375 13240.398407907196 33
stats: users_count 155 568
stats: finish_users_count 34 67
stats: page 656 7698.37908898331 16598.74570676365 80891.03686523438 1.325927734375 3924.2684562643167 382
stats: connect 187 1.8733066824030749 1.9732163508085796 1057.572998046875 0.66796875 4.2397106447599535 427
stats: request 1302 3353.460397840459 9777.104162901558 59991.93603515625 0.487060546875 5374.49191872133 763
stats: 302 7 80
stats: 504 122 153
stats: 200 0 8
stats: size_rcv 592645 966308
stats: newphase 1 4
stats: 502 0 43
stats: size_sent 526195 1055209
stats: connected 111 491
stats: 400 40 56
stats: 503 1133 1725
# stats: dump at 1433134997
stats: users 568 569
stats: session 101 30290.198621693224 25413.76116068297 105422.00708007813 1840.697998046875 16574.691129314364 67
stats: users_count 168 736
stats: finish_users_count 101 168
stats: page 781 2994.6106610365305 11534.490771391273 96977.98803710938 1.325927734375 6309.448201026995 1038
stats: request 1384 2286.3803599804123 9924.829022472712 59991.93603515625 0.448974609375 4100.21441742017 2065
stats: connect 209 1.788317228618421 1.2451657648359244 1057.572998046875 0.66796875 3.518998037332044 614
stats: 302 4 84
stats: 504 38 191
stats: 200 0 8
stats: size_rcv 655332 1621640
stats: newphase 0 4
stats: 502 0 43
stats: size_sent 628409 1683618
stats: connected 70 561
stats: 400 39 95
stats: 503 1303 3028
# stats: dump at 1433135007
stats: users 561 580
stats: session 171 35860.53690235518 26827.30711678299 110204.75708007813 1840.697998046875 24820.323609851657 168
stats: users_count 164 900
stats: finish_users_count 171 339
stats: request 1561 3590.947518054834 11474.894720834569 59997.967041015625 0.448974609375 3372.3668281199025 3449
stats: page 903 5811.783901210377 17435.899758774052 114199.64111328125 1.305908203125 4886.200197325757 1819
stats: connect 208 1.6167074350210338 1.1063351170338724 1057.572998046875 0.66796875 3.079493433418135 823
stats: 302 0 84
stats: 504 47 238
stats: 200 0 8
stats: size_rcv 685516 2307156
stats: newphase 0 4
stats: 502 342 385
stats: size_sent 633542 2317160
stats: connected -5 556
stats: 400 44 139
stats: 503 1128 4156
# stats: dump at 1433135017
stats: users 707 707
stats: session 149 29558.349155502838 25245.795608811313 118414.61987304688 1840.697998046875 30389.280757397682 339
stats: users_count 295 1195
stats: finish_users_count 149 488
stats: connect 349 1.6258282593123206 1.200885731760101 1057.572998046875 0.66796875 2.7843823881547043 1031
stats: 302 45 129
stats: request 1948 2489.358417487488 8680.301625031761 59997.967041015625 0.448974609375 3440.471510153521 5010
stats: page 1102 5623.163778038507 17384.250786389955 114199.64111328125 1.1318359375 5193.254600194166 2722
stats: 504 39 277
stats: 200 0 8
stats: size_rcv 924694 3231850
stats: newphase 1 5
stats: 502 85 470
stats: size_sent 883231 3200391
stats: connected 146 702
stats: 400 53 192
stats: 503 1709 5865
stats: 404 17 17
# stats: dump at 1433135027
stats: users 812 814
stats: session 214 34443.051088137036 27784.195384714258 134509.39599609375 1840.697998046875 30135.57418222897 488
stats: users_count 319 1514
stats: finish_users_count 214 702
stats: request 2298 1555.688331013043 3574.761914014183 59997.967041015625 0.448974609375 3174.192650637362 6958
stats: connect 386 1.6842066315171635 1.1964098918381538 1057.572998046875 0.66796875 2.4913857280344205 1380
stats: page 1329 3348.226586013922 9300.818796361693 114199.64111328125 1.1318359375 5317.145791089685 3824
stats: 302 4 133
stats: 504 9 286
stats: 200 0 8
stats: size_rcv 1011759 4243609
stats: newphase 0 5
stats: 502 723 1193
stats: size_sent 1017570 4217961
stats: connected 104 806
stats: 400 69 261
stats: 503 1492 7357
stats: 404 1 18
# stats: dump at 1433135037
stats: users 895 895
stats: session 215 34595.203286246346 32800.66071528152 143551.48803710938 1760.824951171875 31448.679677762197 702
stats: users_count 298 1812
stats: finish_users_count 215 917
stats: page 1274 3803.5978062987506 6384.738909781458 114199.64111328125 1.1318359375 4809.3457477080265 5153
stats: connect 357 1.5534360228466386 1.0176747346627606 1057.572998046875 0.66796875 2.314958133891917 1766
stats: 302 212 345
stats: request 2159 2275.5221873959654 4179.5791459820275 59997.967041015625 0.448974609375 2772.3643310072102 9256
stats: 504 19 305
stats: 200 2 10
stats: size_rcv 1006881 5250490
stats: newphase 0 5
stats: 502 148 1341
stats: size_sent 1035501 5253462
stats: connected 76 882
stats: 400 64 325
stats: 503 1678 9035
stats: 404 36 54
# stats: dump at 1433135047
stats: users 702 902
stats: session 231 40384.32311219054 32227.041061627246 149836.26293945313 1760.824951171875 32186.414220645613 917
stats: users_count 38 1850
stats: finish_users_count 231 1148
stats: page 988 4706.007407493433 7581.1289017811405 114987.7958984375 1.1318359375 4609.980121855308 6427
stats: request 1473 2915.9594955288953 4868.770294528153 59997.967041015625 0.448974609375 2678.3930486544573 11415
stats: connect 80 14.11905517578125 110.72954619850992 1057.572998046875 0.66796875 2.186901895718029 2123
stats: 302 89 434
stats: 504 7 312
stats: 200 4 14
stats: size_rcv 682016 5932506
stats: newphase 0 5
stats: 502 311 1652
stats: size_sent 664274 5917736
stats: connected -168 714
stats: 400 30 355
stats: 503 1026 10061
stats: 404 7 61
# stats: dump at 1433135057
stats: users 451 902
stats: session 251 42449.7662115211 27187.774300860736 155247.32592773438 1760.824951171875 33835.99344882234 1148
stats: users_count 0 1850
stats: finish_users_count 251 1399
stats: request 1238 3832.7493584899407 5532.266049281 59997.967041015625 0.448974609375 2705.545079710171 12888
stats: page 902 5475.946686670678 7647.444202746435 121041.56396484375 1.1318359375 4622.775126334131 7415
stats: connect 30 35.753336588541664 178.92476224013961 1057.572998046875 0.66796875 2.620207507340842 2203
stats: 302 49 483
stats: 504 6 318
stats: 200 2 16
stats: size_rcv 500621 6433127
stats: newphase 0 5
stats: 502 391 2043
stats: size_sent 469337 6387073
stats: connected -250 464
stats: 400 28 383
stats: 503 760 10821
stats: 404 1 62
# stats: dump at 1433135067
stats: users 253 902
stats: session 198 38476.52258670691 17143.94295183126 155247.32592773438 1760.824951171875 35381.423730049915 1399
stats: users_count 0 1850
stats: finish_users_count 198 1597
stats: request 473 1037.6996930951052 6087.474437920118 59997.967041015625 0.448974609375 2804.333052039872 14126
stats: connect 4 1.33758544921875 0.16584071875145828 1057.572998046875 0.66796875 3.0653458290766347 2233
stats: page 419 1422.380576777857 7170.727684275452 121041.56396484375 1.1318359375 4715.303772170799 8317
stats: 302 0 483
stats: 504 5 323
stats: 200 0 16
stats: size_rcv 217128 6650255
stats: newphase 0 5
stats: 502 0 2043
stats: size_sent 199151 6586224
stats: connected -207 257
stats: 400 4 387
stats: 503 464 11285
stats: 404 0 62
# stats: dump at 1433135077
stats: users 154 902
stats: session 99 50629.0577281605 21746.69624420155 155247.32592773438 1760.824951171875 35765.16172229668 1597
stats: users_count 0 1850
stats: finish_users_count 99 1696
stats: page 208 11888.21554800181 13695.858274910817 121041.56396484375 1.1318359375 4557.367094186636 8736
stats: connect 0 0 0 1057.572998046875 0.66796875 3.062256405062584 2237
stats: request 234 9365.772380600632 11758.199240994267 59997.967041015625 0.448974609375 2747.0950508904184 14599
stats: 302 0 483
stats: 504 5 328
stats: 200 0 16
stats: size_rcv 91228 6741483
stats: newphase 0 5
stats: 502 116 2159
stats: size_sent 81076 6667300
stats: connected -103 154
stats: 400 0 387
stats: 503 113 11398
stats: 404 0 62
# stats: dump at 1433135087
stats: users 150 902
stats: session 4 121113.63952636719 30154.9740964829 155247.32592773438 1760.824951171875 36632.806595280475 1696
stats: users_count 0 1850
stats: finish_users_count 4 1700
stats: page 6 59565.172607421875 277.94717754849034 121041.56396484375 1.1318359375 4727.85194194978 8944
stats: connect 0 0 0 1057.572998046875 0.66796875 3.062256405062584 2237
stats: request 9 59671.24275716146 274.8259837724021 59997.967041015625 0.448974609375 2851.508891324059 14833
stats: 302 0 483
stats: 504 9 337
stats: 200 0 16
stats: size_rcv 675 6742158
stats: newphase 0 5
stats: 502 0 2159
stats: size_sent 43985 6711285
stats: connected -4 150
stats: 400 0 387
stats: 503 0 11398
stats: 404 0 62
# stats: dump at 1433135097
stats: users 82 902
stats: session 68 74149.03991340185 24791.358723929854 163116.35498046875 1760.824951171875 36831.58502570656 1700
stats: users_count 0 1850
stats: finish_users_count 68 1768
stats: request 181 15351.267529566649 17941.151337091174 59997.967041015625 0.448974609375 2885.963655155924 14842
stats: 302 12 495
stats: page 142 20606.968504140073 19964.60381312684 121041.56396484375 1.131103515625 4764.614391557917 8950
stats: connect 6 2.9418538411458335 3.3598190056090727 1057.572998046875 0.66796875 3.062256405062584 2237
stats: 504 4 341
stats: 200 3 19
stats: size_rcv 69762 6811920
stats: newphase 0 5
stats: 502 156 2315
stats: size_sent 37099 6748384
stats: connected -68 82
stats: 400 6 393
stats: 503 0 11398
stats: 404 0 62
# stats: dump at 1433135107
stats: users 59 902
stats: session 23 81545.89720618207 22594.589521305414 170004.73413085938 1760.824951171875 38266.87175215638 1768
stats: users_count 0 1850
stats: finish_users_count 23 1791
stats: connect 0 0 0 1057.572998046875 0.66796875 3.0619343295460877 2243
stats: request 52 1724.7177405724158 6960.063087929654 59997.967041015625 0.448974609375 3036.1480391849686 15023
stats: 302 0 495
stats: page 44 1362.4543235085227 6229.8066429215405 121041.56396484375 1.131103515625 5012.042271450863 9092
stats: 504 0 341
stats: 200 0 19
stats: size_rcv 17059 6828979
stats: newphase 0 5
stats: 502 52 2367
stats: size_sent 20547 6768931
stats: connected -23 59
stats: 400 0 393
stats: 503 0 11398
stats: 404 0 62
# stats: dump at 1433135117
stats: users 39 902
stats: session 20 79248.4068359375 6748.850766686167 170004.73413085938 1760.824951171875 38822.66046541299 1791
stats: users_count 0 1850
stats: finish_users_count 20 1811
stats: request 68 20120.42955824908 12690.926378940903 59997.967041015625 0.448974609375 3031.6243658497874 15075
stats: 302 5 500
stats: page 58 24983.04821356412 10171.590516041793 121041.56396484375 1.131103515625 4994.465446832927 9136
stats: connect 0 0 0 1057.572998046875 0.66796875 3.0619343295460877 2243
stats: 504 0 341
stats: 200 0 19
stats: size_rcv 21447 6850426
stats: newphase 0 5
stats: 502 63 2430
stats: size_sent 28848 6797779
stats: connected -20 39
stats: 400 0 393
stats: 503 0 11398
stats: 404 0 62
# stats: dump at 1433135127
stats: users 7 902
stats: session 32 94297.77855682373 15208.893991811006 171915.92797851563 1760.824951171875 39269.1071398528 1811
stats: users_count 0 1850
stats: finish_users_count 32 1843
stats: connect 0 0 0 1057.572998046875 0.66796875 3.0619343295460877 2243
stats: request 44 4802.902493563565 3995.761880297227 59997.967041015625 0.448974609375 3108.362050131842 15143
stats: 302 30 530
stats: page 43 4914.600620003634 3976.2474289447136 121041.56396484375 1.131103515625 5120.562662459468 9194
stats: 504 0 341
stats: 200 11 30
stats: size_rcv 751064 7601490
stats: newphase 0 5
stats: 502 3 2433
stats: size_sent 19543 6817322
stats: connected -31 8
stats: 400 0 393
stats: 503 0 11398
stats: 404 0 62
# stats: dump at 1433135137
stats: users 2 902
stats: session 5 97026.27958984375 2368.864199902367 171915.92797851563 1760.824951171875 40224.569692941826 1843
stats: users_count 0 1850
stats: finish_users_count 5 1848
stats: request 12 1040.3469645182292 2257.086718195383 59997.967041015625 0.448974609375 3113.271497653472 15187
stats: page 10 1248.4364501953125 2434.811322116393 121041.56396484375 1.131103515625 5119.603869796742 9237
stats: 302 5 535
stats: connect 0 0 0 1057.572998046875 0.66796875 3.0619343295460877 2243
stats: 504 0 341
stats: 200 6 36
stats: size_rcv 1410634 9012124
stats: newphase 0 5
stats: 502 1 2434
stats: size_sent 7416 6824738
stats: connected -6 2
stats: 400 0 393
stats: 503 0 11398
stats: 404 0 62
# stats: dump at 1433135147
stats: users 0 902
stats: session 2 117468.1494140625 9842.021484375 171915.92797851563 1760.824951171875 40378.25397296591 1848
stats: users_count 0 1850
stats: finish_users_count 2 1850
stats: request 3 20.796630859375 9.210960694451824 59997.967041015625 0.448974609375 3111.634870612376 15199
stats: page 3 20.796630859375 9.210960694451824 121041.56396484375 1.131103515625 5115.417466185191 9247
stats: connect 0 0 0 1057.572998046875 0.66796875 3.0619343295460877 2243
stats: 302 2 537
stats: 504 0 341
stats: 200 1 37
stats: size_rcv 6271 9018395
stats: newphase 0 5
stats: 502 0 2434
stats: size_sent 2372 6827110
stats: connected -2 0
stats: 400 0 393
stats: 503 0 11398
stats: 404 0 62
# stats: dump at 1433135157
stats: users 0 902
stats: session 0 0 0 171915.92797851563 1760.824951171875 40461.594400469796 1850
stats: users_count 0 1850
stats: finish_users_count 0 1850
stats: request 0 0 0 59997.967041015625 0.448974609375 3111.0249170063203 15202
stats: page 0 0 0 121041.56396484375 1.131103515625 5113.765156725085 9250
stats: 302 0 537
stats: connect 0 0 0 1057.572998046875 0.66796875 3.0619343295460877 2243
stats: 504 0 341
stats: 200 0 37
stats: size_rcv 0 9018395
stats: newphase 0 5
stats: 502 0 2434
stats: size_sent 0 6827110
stats: connected 0 0
stats: 400 0 393
stats: 503 0 11398
stats: 404 0 62
# stats: dump at 1433135158
stats: users 0 902
stats: session 0 0 0 171915.92797851563 1760.824951171875 40461.594400469796 1850
stats: users_count 0 1850
stats: finish_users_count 0 1850
stats: request 0 0 0 59997.967041015625 0.448974609375 3111.0249170063203 15202
stats: page 0 0 0 121041.56396484375 1.131103515625 5113.765156725085 9250
stats: 302 0 537
stats: connect 0 0 0 1057.572998046875 0.66796875 3.0619343295460877 2243
stats: 504 0 341
stats: 200 0 37
stats: size_rcv 0 9018395
stats: newphase 0 5
stats: 502 0 2434
stats: size_sent 0 6827110
stats: connected 0 0
stats: 400 0 393
stats: 503 0 11398
stats: 404 0 62
EndMonitor:{1433,135158,680300}
