# stats: dump at 1433142952
stats: users 0 0
stats: users_count 0 0
stats: finish_users_count 0 0
# stats: dump at 1433142962
stats: users 20 20
stats: users_count 20 20
stats: finish_users_count 0 0
stats: page 8 515.9508361816406 320.95453414695254 1314.51806640625 217.715087890625 0 0
stats: request 25 172.626318359375 242.0587101428143 1231.7138671875 20.52197265625 0 0
stats: 302 17 17
stats: connect 19 56.82973118832237 234.1288331980895 1050.153076171875 1.10400390625 0 0
stats: 200 8 8
stats: size_rcv 46552 46552
stats: newphase 1 1
stats: size_sent 31683 31683
stats: connected 19 19
# stats: dump at 1433142972
stats: users 36 36
stats: users_count 16 36
stats: finish_users_count 0 0
stats: page 6 8846.4794921875 3759.7951395615237 13608.455810546875 217.715087890625 515.9508361816406 8
stats: request 17 3110.7966021369484 4456.374836257847 12797.93798828125 20.52197265625 172.626318359375 25
stats: connect 17 1.9925178079044117 1.1171561909275391 1050.153076171875 1.10400390625 56.82973118832237 19
stats: 302 11 28
stats: 200 6 14
stats: size_rcv 33730 80282
stats: newphase 0 1
stats: size_sent 22752 54435
stats: connected 17 36
# stats: dump at 1433142982
stats: users 51 51
stats: users_count 15 51
stats: finish_users_count 0 0
stats: request 58 4065.6790266365874 6165.979860564761 20929.628173828125 1.5869140625 1361.885718936012 42
stats: 302 25 53
stats: page 30 7721.995662434898 6874.570661211239 20929.628173828125 1.639892578125 4086.177403041295 14
stats: connect 15 2.1308593750000004 1.3718328210230872 1050.153076171875 1.10400390625 30.93438042534722 36
stats: 200 13 27
stats: size_rcv 5566826 5647108
stats: newphase 0 1
stats: 502 21 21
stats: size_sent 56214 110649
stats: connected 15 51
# stats: dump at 1433142992
stats: users 79 79
stats: users_count 28 79
stats: finish_users_count 0 0
stats: request 41 6947.035066930259 8695.263294635917 30547.738037109375 0.924072265625 2930.085837402346 100
stats: page 18 7428.725748697917 4935.522150662507 20929.628173828125 1.639892578125 6565.144398082388 44
stats: connect 29 2.4595231681034484 1.9592163055442002 1050.153076171875 1.10400390625 22.462756587009803 51
stats: 302 2 55
stats: 504 1 1
stats: 200 2 29
stats: size_rcv 53932 5701040
stats: newphase 1 2
stats: 502 23 44
stats: size_sent 40715 151364
stats: connected 27 78
stats: 400 2 2
stats: 500 10 10
# stats: dump at 1433143002
stats: users 113 113
stats: users_count 34 113
stats: finish_users_count 0 0
stats: request 68 5027.066104664522 6905.941277733166 30547.738037109375 0.924072265625 4098.1349041445055 141
stats: connect 33 2.1237940932765156 1.4294299382295477 1050.153076171875 0.93994140625 15.21158447265625 80
stats: page 29 11758.761617726293 6636.915762033175 24937.02099609375 1.639892578125 6815.861564390122 62
stats: 302 21 76
stats: 504 0 1
stats: 200 13 42
stats: size_rcv 772549 6473589
stats: newphase 0 2
stats: 502 33 77
stats: size_sent 63601 214965
stats: connected 32 110
stats: 400 1 3
stats: 500 0 10
# stats: dump at 1433143012
stats: users 143 143
stats: session 1 49435.10595703125 0 49435.10595703125 49435.10595703125 0 0
stats: users_count 31 144
stats: finish_users_count 1 1
stats: request 19 6015.55757863898 6547.1474557895335 30547.738037109375 0.924072265625 4400.370892830444 209
stats: page 11 7641.218705610795 5933.987035654297 24937.02099609375 1.639892578125 8391.071471497253 91
stats: connect 32 1.93231201171875 1.2832722449303142 1050.153076171875 0.93994140625 11.389486397262168 113
stats: 302 1 77
stats: 504 0 1
stats: 200 2 44
stats: size_rcv 1397703 7871292
stats: newphase 0 2
stats: 502 16 93
stats: size_sent 36803 251768
stats: connected 31 141
stats: 400 0 3
stats: 500 0 10
# stats: dump at 1433143022
stats: users 219 219
stats: session 3 48820.687662760414 8144.788224568267 59062.72998046875 39135.48095703125 49435.10595703125 1
stats: users_count 79 223
stats: finish_users_count 3 4
stats: request 75 8123.670598958331 14668.608139629472 59856.87109375 0.924072265625 4534.969783314489 228
stats: page 36 10535.140387641059 12883.56145377759 59858.25 1.639892578125 8310.204996744791 102
stats: 302 49 126
stats: connect 78 2.4267734625400643 3.283559664092548 1050.153076171875 0.93994140625 9.302385843211207 145
stats: 504 5 6
stats: 200 18 62
stats: size_rcv 794821 8666113
stats: newphase 1 3
stats: 502 2 95
stats: size_sent 94394 346162
stats: connected 74 215
stats: 400 1 4
stats: 500 0 10
# stats: dump at 1433143032
stats: users 270 270
stats: session 16 41613.543869018555 18570.686208533192 75844.18408203125 17148.840087890625 48974.292236328125 4
stats: users_count 67 290
stats: finish_users_count 16 20
stats: request 309 3135.120490114278 9034.239759406179 59856.87109375 0.73486328125 5423.26206441445 303
stats: 302 1 127
stats: page 175 4002.569986049105 6581.455189119782 59858.25 1.233154296875 8890.622924804688 138
stats: connect 71 1.7842690911091548 1.0769220905606125 1050.153076171875 0.93994140625 6.897463127102018 223
stats: 504 5 11
stats: 200 0 62
stats: size_rcv 109934 8776047
stats: newphase 0 3
stats: 502 301 396
stats: size_sent 183175 529337
stats: connected 53 268
stats: 400 2 6
stats: 500 0 10
# stats: dump at 1433143042
stats: users 307 307
stats: session 21 19087.184268043155 19918.651307836542 83353.52392578125 2837.919921875 43085.69354248047 20
stats: users_count 58 348
stats: finish_users_count 21 41
stats: connect 59 1.5629717293432204 0.5961041903417243 1050.153076171875 0.93994140625 5.662644159226191 294
stats: request 194 4062.26703069628 12175.173593821713 59856.87109375 0.6640625 4267.9748969981865 612
stats: 302 2 129
stats: page 125 3070.689396484375 7686.058027668632 59858.25 1.233154296875 6157.685978216103 313
stats: 504 6 17
stats: 200 0 62
stats: size_rcv 66591 8842638
stats: newphase 0 3
stats: 502 183 579
stats: size_sent 100400 629737
stats: connected 35 303
stats: 400 3 9
stats: 500 0 10
# stats: dump at 1433143052
stats: users 445 445
stats: session 23 17282.188975458557 14717.002018342546 83353.52392578125 2372.701171875 30793.774158012577 41
stats: users_count 161 509
stats: finish_users_count 23 64
stats: request 341 5578.3681712220505 17328.193242972244 59949.4599609375 0.5908203125 4218.462085506165 806
stats: page 171 1224.8313245271381 9327.360218262662 89737.84301757813 1.233154296875 5276.693803064354 438
stats: connect 165 1.7150020714962122 0.8847587309303927 1050.153076171875 0.93994140625 4.977429787092777 353
stats: 302 0 129
stats: 504 32 49
stats: 200 0 62
stats: size_rcv 116585 8959223
stats: newphase 1 4
stats: 502 303 882
stats: size_sent 201521 831258
stats: connected 137 440
stats: 400 6 15
stats: 500 0 10
# stats: dump at 1433143062
stats: users 556 559
stats: session 46 28948.80054241678 25967.431110275626 91529.18798828125 1828.969970703125 25938.048233032227 64
stats: users_count 157 666
stats: finish_users_count 46 110
stats: request 586 5821.392207331216 15107.446007060815 59949.4599609375 0.494140625 4622.758489367644 1147
stats: page 304 1841.6834379497327 8125.779243458492 89737.84301757813 1.2109375 4138.978722883953 609
stats: connect 180 1.7744845920138885 0.9883758243309299 1050.153076171875 0.93994140625 3.9382394915842185 518
stats: 302 82 211
stats: 504 21 70
stats: 200 6 68
stats: size_rcv 910235 9869458
stats: newphase 0 4
stats: 502 433 1315
stats: size_sent 319868 1151126
stats: connected 117 557
stats: 400 19 34
stats: 503 25 25
stats: 500 0 10
# stats: dump at 1433143072
stats: users 666 667
stats: session 64 18127.184490203857 16305.665219755336 94376.30297851563 1229.760009765625 27197.090107865766 110
stats: users_count 174 840
stats: finish_users_count 64 174
stats: request 1165 2579.4700174356253 8450.956705871014 59957.177001953125 0.494140625 5028.06683254517 1733
stats: page 627 8160.920307360184 19349.29647106231 108234.15283203125 1.2099609375 3374.0523629496674 913
stats: connect 195 1.8241962139423074 1.0195842696287374 1050.153076171875 0.93994140625 3.380251122067514 698
stats: 302 81 292
stats: 504 16 86
stats: 200 40 108
stats: size_rcv 3611001 13480459
stats: newphase 0 4
stats: 502 428 1743
stats: size_sent 576667 1727793
stats: connected 104 661
stats: 400 25 59
stats: 503 439 464
stats: 500 100 110
stats: 404 37 37
# stats: dump at 1433143082
stats: users 850 852
stats: session 99 22174.110992739897 21769.314808835577 103615.32592773438 1136.09619140625 23861.032869185525 174
stats: users_count 283 1123
stats: finish_users_count 99 273
stats: page 766 3121.751178313173 15065.62326222707 118494.78295898438 1.2080078125 5322.99145460252 1540
stats: connect 342 2.1140800609923263 1.8445724724143744 1050.153076171875 0.9208984375 3.0404630962171053 893
stats: 302 1 293
stats: request 1499 3771.9068487064287 11741.8667401221 59958.23486328125 0.490966796875 4043.727533165384 2898
stats: 504 17 103
stats: 200 1 109
stats: size_rcv 4042731 17523190
stats: newphase 1 5
stats: 502 602 2345
stats: size_sent 704115 2431908
stats: connected 187 848
stats: 400 58 117
stats: 503 665 1129
stats: 500 154 264
stats: 404 0 37
# stats: dump at 1433143092
stats: users 1015 1015
stats: session 171 24439.436038011696 28355.119303347357 129961.0400390625 1052.251953125 23249.291968936013 273
stats: users_count 336 1459
stats: finish_users_count 171 444
stats: request 2803 3152.909451003246 9298.013261066822 59993.134033203125 0.449951171875 3951.0599857457855 4397
stats: connect 417 1.8817416769709232 1.2136206327893797 1050.153076171875 0.907958984375 2.7839262556933204 1235
stats: page 1560 6038.381567852326 16945.67009342602 131692.876953125 1.133056640625 4591.790217986024 2306
stats: 302 308 601
stats: 504 36 139
stats: 200 17 126
stats: size_rcv 1484306 19007496
stats: newphase 0 5
stats: 502 1014 3359
stats: size_sent 1299966 3731874
stats: connected 156 1004
stats: 400 88 205
stats: 503 1189 2318
stats: 500 71 335
stats: 404 82 119
# stats: dump at 1433143102
stats: users 1112 1122
stats: session 232 28132.094302473397 30990.727218525044 142808.83618164063 854.3798828125 23707.658265809754 444
stats: users_count 329 1788
stats: finish_users_count 232 676
stats: request 2667 2078.5005050333057 5936.099220148774 59993.134033203125 0.18701171875 3640.3355484008775 7200
stats: page 1491 2575.5404387588574 11123.716948051195 131692.876953125 1.133056640625 5175.5156462817895 3866
stats: connect 392 2.144681969467477 1.7800024226858095 1050.153076171875 0.907958984375 2.556195644720415 1652
stats: 302 159 760
stats: 504 10 149
stats: 200 8 134
stats: size_rcv 1193420 20200916
stats: newphase 0 5
stats: 502 1134 4493
stats: size_sent 1313961 5045835
stats: connected 94 1098
stats: 400 67 272
stats: 503 1218 3536
stats: 500 0 335
stats: 404 69 188
# stats: dump at 1433143112
stats: users 859 1122
stats: session 273 27535.176481477505 26254.497245642444 147238.86694335938 854.3798828125 25226.103769516805 676
stats: users_count 20 1808
stats: finish_users_count 273 949
stats: request 1613 1978.640472128314 7132.495423804961 59993.134033203125 0.18701171875 3218.179466444729 9867
stats: connect 72 1.9234754774305556 1.079659997768662 1050.153076171875 0.907958984375 2.4772752138499885 2044
stats: page 1164 6563.5307667525585 16497.820463247455 131692.876953125 1.133056640625 4451.871249340089 5357
stats: 302 803 1563
stats: 504 20 169
stats: 200 17 151
stats: size_rcv 574505 20775421
stats: newphase 0 5
stats: 502 388 4881
stats: size_sent 974962 6020797
stats: connected -236 862
stats: 400 37 309
stats: 503 328 3864
stats: 500 0 335
stats: 404 20 208
# stats: dump at 1433143122
stats: users 639 1122
stats: session 220 48803.981747159094 32950.79109993447 154155.96801757813 854.3798828125 25890.357563368514 949
stats: users_count 0 1808
stats: finish_users_count 220 1169
stats: request 1294 9447.299724879556 13840.632217697837 60000.783935546875 0.18701171875 3044.017759316473 11480
stats: page 860 14129.750750022711 19212.582423764707 131692.876953125 1.133056640625 4828.8029589349535 6521
stats: connect 22 2.1594904119318183 1.4014209642636597 1050.153076171875 0.907958984375 2.4584313664860002 2116
stats: 302 187 1750
stats: 504 19 188
stats: 200 1 152
stats: size_rcv 6161827 26937248
stats: newphase 0 5
stats: 502 604 5485
stats: size_sent 656519 6677316
stats: connected -225 637
stats: 400 24 333
stats: 503 428 4292
stats: 500 30 365
stats: 404 0 208
# stats: dump at 1433143132
stats: users 548 1122
stats: session 91 55460.6680358216 36532.88759967047 173079.86010742188 854.3798828125 30202.587948684104 1169
stats: users_count 0 1808
stats: finish_users_count 91 1260
stats: request 305 3227.263721503587 6589.827053821979 60000.783935546875 0.18701171875 3692.667114525384 12774
stats: page 236 7538.345964852026 17371.834708091472 131692.876953125 1.133056640625 5912.506400248524 7381
stats: connect 10 1.5404541015625 0.23056561131806858 1050.153076171875 0.907958984375 2.455355266860092 2138
stats: 302 106 1856
stats: 504 1 189
stats: 200 5 157
stats: size_rcv 134677 27071925
stats: newphase 0 5
stats: 502 28 5513
stats: size_sent 228565 6905881
stats: connected -88 549
stats: 400 7 340
stats: 503 148 4440
stats: 500 0 365
stats: 404 10 218
# stats: dump at 1433143142
stats: users 418 1122
stats: session 130 76654.89625150243 35733.68622738759 181534.4580078125 854.3798828125 32026.782621644033 1260
stats: users_count 0 1808
stats: finish_users_count 130 1390
stats: request 493 5950.086440142463 7450.450968516621 60000.783935546875 0.18701171875 3681.8139885316805 13079
stats: page 402 8707.258252196047 9928.000407213185 131692.876953125 1.133056640625 5962.880318752716 7617
stats: connect 8 2.736968994140625 2.836130857936558 1050.153076171875 0.907958984375 2.4510959504480923 2148
stats: 302 193 2049
stats: 504 2 191
stats: 200 10 167
stats: size_rcv 1110526 28182451
stats: newphase 0 5
stats: 502 4 5517
stats: size_sent 240293 7146174
stats: connected -131 418
stats: 400 8 348
stats: 503 67 4507
stats: 500 209 574
stats: 404 0 218
# stats: dump at 1433143152
stats: users 334 1122
stats: session 84 74173.27735537573 30134.389466858924 181534.4580078125 854.3798828125 36200.634975515684 1390
stats: users_count 0 1808
stats: finish_users_count 84 1474
stats: request 201 1394.4145046253109 3144.815188014751 60000.783935546875 0.18701171875 3764.2085006628417 13572
stats: 302 166 2215
stats: page 171 1639.2538063093932 3387.130874003217 131692.876953125 1.133056640625 6100.458561581525 8019
stats: connect 2 1.848388671875 0.12451171875 1050.153076171875 0.907958984375 2.4521567038569696 2156
stats: 504 0 191
stats: 200 14 181
stats: size_rcv 2191825 30374276
stats: newphase 0 5
stats: 502 3 5520
stats: size_sent 136710 7282884
stats: connected -84 334
stats: 400 2 350
stats: 503 0 4507
stats: 500 16 590
stats: 404 0 218
# stats: dump at 1433143162
stats: users 318 1122
stats: session 16 74829.08300781249 15175.009774840866 181534.4580078125 854.3798828125 38364.61188183064 1474
stats: users_count 0 1808
stats: finish_users_count 16 1490
stats: page 25 4846.57171875 16228.415906933074 131692.876953125 1.133056640625 6007.31252822969 8190
stats: connect 0 0 0 1050.153076171875 0.907958984375 2.4515971412694055 2158
stats: request 30 10011.43876953125 22260.974479268203 60000.783935546875 0.18701171875 3729.624271141057 13773
stats: 302 23 2238
stats: 504 5 196
stats: 200 2 183
stats: size_rcv 702461 31076737
stats: newphase 0 5
stats: 502 0 5520
stats: size_sent 35068 7317952
stats: connected -16 318
stats: 400 0 350
stats: 503 0 4507
stats: 500 0 590
stats: 404 0 218
# stats: dump at 1433143172
stats: users 310 1122
stats: session 8 86893.27001953125 19902.22390779353 181534.4580078125 854.3798828125 38756.17667244521 1490
stats: users_count 0 1808
stats: finish_users_count 8 1498
stats: request 20 29965.67155761719 29950.3722710869 60002.7900390625 0.18701171875 3743.2774215396444 13803
stats: page 10 15.556201171875 12.131032562763874 131692.876953125 1.133056640625 6003.780145973208 8215
stats: connect 0 0 0 1050.153076171875 0.907958984375 2.4515971412694055 2158
stats: 302 9 2247
stats: 504 10 206
stats: 200 1 184
stats: size_rcv 6899 31083636
stats: newphase 0 5
stats: 502 0 5520
stats: size_sent 14866 7332818
stats: connected -8 310
stats: 400 0 350
stats: 503 0 4507
stats: 500 0 590
stats: 404 0 218
# stats: dump at 1433143182
stats: users 271 1122
stats: session 39 117318.32845678084 32493.483999940003 188251.84887695313 854.3798828125 39013.25060220268 1498
stats: users_count 0 1808
stats: finish_users_count 39 1537
stats: request 199 58962.71728760992 5945.620093013752 60002.87890625 0.18701171875 3781.217657575349 13823
stats: 302 1 2248
stats: page 144 59869.85805426704 8147.199145379115 131692.876953125 1.133056640625 5996.4996305387995 8225
stats: connect 1 1.77490234375 0.0 1050.153076171875 0.907958984375 2.4515971412694055 2158
stats: 504 197 403
stats: 200 0 184
stats: size_rcv 14997 31098633
stats: newphase 0 5
stats: 502 0 5520
stats: size_sent 52705 7385523
stats: connected -39 271
stats: 400 1 351
stats: 503 0 4507
stats: 500 0 590
stats: 404 0 218
# stats: dump at 1433143192
stats: users 266 1122
stats: session 5 136840.69858398437 27688.68841507988 188251.84887695313 854.3798828125 41000.17190105014 1537
stats: users_count 0 1808
stats: finish_users_count 5 1542
stats: request 17 59470.250244140625 256.6674729557059 60002.87890625 0.18701171875 4564.35261880605 14022
stats: page 10 59478.48918457031 313.6266406609882 131692.876953125 1.133056640625 6923.463857210668 8369
stats: connect 0 0 0 1050.153076171875 0.907958984375 2.4512837115345656 2159
stats: 302 0 2248
stats: 504 17 420
stats: 200 0 184
stats: size_rcv 1275 31099908
stats: newphase 0 5
stats: 502 0 5520
stats: size_sent 39888 7425411
stats: connected -5 266
stats: 400 0 351
stats: 503 0 4507
stats: 500 0 590
stats: 404 0 218
# stats: dump at 1433143202
stats: users 257 1122
stats: session 9 154199.40310329862 15288.914552581093 188251.84887695313 854.3798828125 41310.938848789876 1542
stats: users_count 0 1808
stats: finish_users_count 9 1551
stats: request 19 59419.12392064145 306.5105688150873 60002.87890625 0.18701171875 4630.838854266602 14039
stats: page 14 59409.64296177455 306.9891175109657 131692.876953125 1.133056640625 6986.186169333068 8379
stats: 302 0 2248
stats: connect 0 0 0 1050.153076171875 0.907958984375 2.4512837115345656 2159
stats: 504 19 439
stats: 200 0 184
stats: size_rcv 1425 31101333
stats: newphase 0 5
stats: 502 0 5520
stats: size_sent 10808 7436219
stats: connected -9 257
stats: 400 0 351
stats: 503 0 4507
stats: 500 0 590
stats: 404 0 218
# stats: dump at 1433143212
stats: users 236 1122
stats: session 21 129716.39329892113 33058.426631498674 217553.84594726563 854.3798828125 41965.99763556653 1551
stats: users_count 0 1808
stats: finish_users_count 21 1572
stats: request 45 59359.57875976562 1098.0774473263602 60002.87890625 0.18701171875 4704.887610580524 14058
stats: page 42 59325.70857747396 1128.8351051688658 131692.876953125 1.133056640625 7073.631468403029 8393
stats: connect 0 0 0 1050.153076171875 0.907958984375 2.4512837115345656 2159
stats: 302 2 2250
stats: 504 43 482
stats: 200 0 184
stats: size_rcv 4538 31105871
stats: newphase 0 5
stats: 502 0 5520
stats: size_sent 13662 7449881
stats: connected -21 236
stats: 400 0 351
stats: 503 0 4507
stats: 500 0 590
stats: 404 0 218
# stats: dump at 1433143222
stats: users 187 1122
stats: session 49 142384.03334761632 27110.152617356205 220805.328125 854.3798828125 43138.235745573176 1572
stats: users_count 0 1808
stats: finish_users_count 49 1621
stats: page 82 55623.476211175686 35903.25407580656 179418.9541015625 1.133056640625 7333.807785958569 8435
stats: connect 3 4.073649088541667 3.84700820207439 1050.153076171875 0.907958984375 2.4512837115345656 2159
stats: request 95 32967.78040450247 17462.232103972012 60002.87890625 0.18701171875 4879.280371107599 14103
stats: 302 1 2251
stats: 504 17 499
stats: 200 5 189
stats: size_rcv 47262 31153133
stats: newphase 0 5
stats: 502 0 5520
stats: size_sent 33591 7483472
stats: connected -49 187
stats: 400 3 354
stats: 503 69 4576
stats: 500 0 590
stats: 404 0 218
# stats: dump at 1433143232
stats: users 177 1122
stats: session 10 132404.4415283203 5609.75833393509 220805.328125 854.3798828125 46138.26294020619 1621
stats: users_count 0 1808
stats: finish_users_count 10 1631
stats: page 23 80811.70140540082 75268.6218600214 179839.92895507813 1.133056640625 7798.731210975337 8517
stats: request 24 32646.296752929688 24966.874072541832 60002.87890625 0.18701171875 5067.2228632313145 14198
stats: connect 0 0 0 1050.153076171875 0.907958984375 2.453534912335223 2162
stats: 302 13 2264
stats: 504 10 509
stats: 200 1 190
stats: size_rcv 6347 31159480
stats: newphase 0 5
stats: 502 0 5520
stats: size_sent 14905 7498377
stats: connected -10 177
stats: 400 0 354
stats: 503 0 4576
stats: 500 0 590
stats: 404 0 218
# stats: dump at 1433143242
stats: users 174 1122
stats: session 3 226299.06941731772 1726.574718352962 228457.283203125 854.3798828125 46667.17881137795 1631
stats: users_count 0 1808
stats: finish_users_count 3 1634
stats: request 67 56237.32507506413 14171.912469506939 60002.87890625 0.18701171875 5113.763277614155 14222
stats: page 40 147428.76863403321 38702.63719943744 179937.81811523438 1.133056640625 7995.370357868988 8540
stats: 302 0 2264
stats: connect 4 1.94451904296875 0.5943851681219612 1050.153076171875 0.907958984375 2.453534912335223 2162
stats: 504 63 572
stats: 200 0 190
stats: size_rcv 4989 31164469
stats: newphase 0 5
stats: 502 0 5520
stats: size_sent 21255 7519632
stats: connected -3 174
stats: 400 4 358
stats: 503 0 4576
stats: 500 0 590
stats: 404 0 218
# stats: dump at 1433143252
stats: users 166 1122
stats: session 8 230279.5106201172 16467.262584809352 249538.25317382813 854.3798828125 46996.980324118354 1634
stats: users_count 0 1808
stats: finish_users_count 8 1642
stats: request 95 30643.478109580596 25120.464836875148 60002.87890625 0.18701171875 5353.4776481389745 14289
stats: connect 2 1.736572265625 0.326416015625 1050.153076171875 0.907958984375 2.452594901496134 2166
stats: page 61 52844.28873030866 35286.00243207998 179937.81811523438 1.133056640625 8645.409510671618 8580
stats: 302 0 2264
stats: 504 39 611
stats: 200 0 190
stats: size_rcv 20445 31184914
stats: newphase 0 5
stats: 502 0 5520
stats: size_sent 23939 7543571
stats: connected -8 166
stats: 400 2 360
stats: 503 54 4630
stats: 500 0 590
stats: 404 0 218
# stats: dump at 1433143262
stats: users 150 1122
stats: session 16 168041.6410522461 17807.059449101514 249538.25317382813 854.3798828125 47889.952457107385 1642
stats: users_count 0 1808
stats: finish_users_count 16 1658
stats: request 35 33833.128187779024 23530.573110676807 60002.87890625 0.18701171875 5520.506989340098 14384
stats: page 29 51078.6442534348 45218.42990452141 179937.81811523438 1.133056640625 8957.42566995849 8641
stats: connect 0 0 0 1050.153076171875 0.907958984375 2.451934364009168 2168
stats: 302 12 2276
stats: 504 9 620
stats: 200 6 196
stats: size_rcv 29501 31214415
stats: newphase 0 5
stats: 502 1 5521
stats: size_sent 21806 7565377
stats: connected -13 153
stats: 400 0 360
stats: 503 7 4637
stats: 500 0 590
stats: 404 0 218
# stats: dump at 1433143272
stats: users 136 1122
stats: session 14 199735.09584263392 25706.998227344873 261643.27490234375 854.3798828125 49049.43799240426 1658
stats: users_count 0 1808
stats: finish_users_count 14 1672
stats: request 147 18228.28691505899 16542.297295357053 60002.87890625 0.18701171875 5589.231709635913 14419
stats: page 119 36217.671813451954 30536.113045096277 179937.81811523438 1.133056640625 9098.315559107374 8670
stats: connect 4 3.09393310546875 1.3951999906757384 1050.153076171875 0.907958984375 2.451934364009168 2168
stats: 302 0 2276
stats: 504 9 629
stats: 200 0 196
stats: size_rcv 46975 31261390
stats: newphase 0 5
stats: 502 118 5639
stats: size_sent 28759 7594136
stats: connected -17 136
stats: 400 4 364
stats: 503 16 4653
stats: 500 0 590
stats: 404 0 218
# stats: dump at 1433143282
stats: users 67 1122
stats: session 69 212062.93592900815 19614.24197831656 261643.27490234375 854.3798828125 50311.160007896615 1672
stats: users_count 0 1808
stats: finish_users_count 69 1741
stats: request 182 9300.095762148007 18774.78495721726 60002.87890625 0.18701171875 5716.784992293966 14566
stats: page 157 10941.049991291793 19851.721412042727 179937.81811523438 1.133056640625 9465.502200848981 8789
stats: connect 2 5.992919921875 4.554931640625 1050.153076171875 0.907958984375 2.453116682133403 2172
stats: 302 157 2433
stats: 504 21 650
stats: 200 2 198
stats: size_rcv 40372 31301762
stats: newphase 0 5
stats: 502 0 5639
stats: size_sent 82042 7676178
stats: connected -68 68
stats: 400 2 366
stats: 503 0 4653
stats: 500 0 590
stats: 404 0 218
# stats: dump at 1433143292
stats: users 32 1122
stats: session 35 220973.3921875 17323.96132916867 261643.27490234375 854.3798828125 56721.77031149035 1741
stats: users_count 0 1808
stats: finish_users_count 35 1776
stats: connect 0 0 0 1050.153076171875 0.907958984375 2.4563731708544165 2174
stats: 302 52 2485
stats: request 59 7151.688700013242 18591.488578875735 60002.87890625 0.18701171875 5761.005399136482 14748
stats: page 56 8596.71034458705 23123.965873691046 179937.81811523438 1.133056640625 9491.397685210655 8946
stats: 504 6 656
stats: 200 1 199
stats: size_rcv 18378 31320140
stats: newphase 0 5
stats: 502 0 5639
stats: size_sent 47726 7723904
stats: connected -36 32
stats: 400 0 366
stats: 503 0 4653
stats: 500 0 590
stats: 404 0 218
# stats: dump at 1433143302
stats: users 24 1122
stats: session 8 237615.12225341797 15380.515333891039 261643.27490234375 854.3798828125 59958.71105792072 1776
stats: users_count 0 1808
stats: finish_users_count 8 1784
stats: request 13 4569.173790564904 15783.082035337855 60002.87890625 0.18701171875 5766.546718428151 14807
stats: page 12 4949.9488525390625 16370.084056539636 179937.81811523438 1.133056640625 9485.83197858158 9002
stats: 302 12 2497
stats: connect 0 0 0 1050.153076171875 0.907958984375 2.4563731708544165 2174
stats: 504 1 657
stats: 200 0 199
stats: size_rcv 1959 31322099
stats: newphase 0 5
stats: 502 0 5639
stats: size_sent 11532 7735436
stats: connected -8 24
stats: 400 0 366
stats: 503 0 4653
stats: 500 0 590
stats: 404 0 218
# stats: dump at 1433143312
stats: users 23 1122
stats: session 1 246087.90502929688 0.0 261643.27490234375 854.3798828125 60755.376578976764 1784
stats: users_count 0 1808
stats: finish_users_count 1 1785
stats: page 2 8.99560546875 0.841552734375 179937.81811523438 1.133056640625 9479.79352755956 9014
stats: request 2 8.99560546875 0.841552734375 60002.87890625 0.18701171875 5765.496391298446 14820
stats: connect 0 0 0 1050.153076171875 0.907958984375 2.4563731708544165 2174
stats: 302 2 2499
stats: 504 0 657
stats: 200 0 199
stats: size_rcv 314 31322413
stats: newphase 0 5
stats: 502 0 5639
stats: size_sent 1682 7737118
stats: connected -1 23
stats: 400 0 366
stats: 503 0 4653
stats: 500 0 590
stats: 404 0 218
# stats: dump at 1433143322
stats: users 22 1122
stats: session 1 244754.27905273438 0.0 261643.27490234375 854.3798828125 60859.204326007755 1785
stats: users_count 0 1808
stats: finish_users_count 1 1786
stats: page 1 10.176025390625 0.0 179937.81811523438 1.133056640625 9477.69264070905 9016
stats: request 1 10.176025390625 0.0 60002.87890625 0.18701171875 5764.719640416537 14822
stats: connect 0 0 0 1050.153076171875 0.907958984375 2.4563731708544165 2174
stats: 302 1 2500
stats: 504 0 657
stats: 200 0 199
stats: size_rcv 157 31322570
stats: newphase 0 5
stats: 502 0 5639
stats: size_sent 797 7737915
stats: connected -1 22
stats: 400 0 366
stats: 503 0 4653
stats: 500 0 590
stats: 404 0 218
# stats: dump at 1433143332
stats: users 22 1122
stats: session 0 0 0 261643.27490234375 854.3798828125 60962.169093491924 1786
stats: users_count 0 1808
stats: finish_users_count 0 1786
stats: request 0 0 0 60002.87890625 0.18701171875 5764.331423212528 14823
stats: page 0 0 0 179937.81811523438 1.133056640625 9476.642677681955 9017
stats: connect 0 0 0 1050.153076171875 0.907958984375 2.4563731708544165 2174
stats: 302 0 2500
stats: 504 0 657
stats: 200 0 199
stats: size_rcv 0 31322570
stats: newphase 0 5
stats: 502 0 5639
stats: size_sent 0 7737915
stats: connected 0 22
stats: 400 0 366
stats: 503 0 4653
stats: 500 0 590
stats: 404 0 218
# stats: dump at 1433143342
stats: users 12 1122
stats: session 10 258278.4634765625 37092.73330797475 361690.5510253906 854.3798828125 60962.169093491924 1786
stats: users_count 0 1808
stats: finish_users_count 10 1796
stats: 302 0 2500
stats: request 10 59325.941162109375 229.5108855002323 60002.87890625 0.18701171875 5764.331423212528 14823
stats: page 10 59325.941162109375 229.5108855002323 179937.81811523438 1.133056640625 9476.642677681955 9017
stats: connect 0 0 0 1050.153076171875 0.907958984375 2.4563731708544165 2174
stats: 504 10 667
stats: 200 0 199
stats: size_rcv 750 31323320
stats: newphase 0 5
stats: 502 0 5639
stats: size_sent 0 7737915
stats: connected -10 12
stats: 400 0 366
stats: 503 0 4653
stats: 500 0 590
stats: 404 0 218
# stats: dump at 1433143352
stats: users 3 1122
stats: session 9 294154.71918402775 41969.76151268709 363216.873046875 854.3798828125 62060.81215798564 1796
stats: users_count 0 1808
stats: finish_users_count 9 1805
stats: 302 0 2500
stats: request 10 59451.928002929686 304.4977554410119 60002.87890625 0.18701171875 5800.4411850536235 14833
stats: page 10 59451.928002929686 304.4977554410119 179937.81811523438 1.133056640625 9531.865119782795 9027
stats: connect 0 0 0 1050.153076171875 0.907958984375 2.4563731708544165 2174
stats: 504 10 677
stats: 200 0 199
stats: size_rcv 750 31324070
stats: newphase 0 5
stats: 502 0 5639
stats: size_sent 958 7738873
stats: connected -9 3
stats: 400 0 366
stats: 503 0 4653
stats: 500 0 590
stats: 404 0 218
# stats: dump at 1433143362
stats: users 1 1122
stats: session 2 273121.67431640625 22613.613525390625 363216.873046875 854.3798828125 63218.06709606563 1805
stats: users_count 0 1808
stats: finish_users_count 2 1807
stats: request 2 59901.07666015625 41.093505859375 60002.87890625 0.18701171875 5836.5871709175835 14843
stats: 302 0 2500
stats: page 2 59901.07666015625 41.093505859375 179937.81811523438 1.133056640625 9587.104760020868 9037
stats: connect 0 0 0 1050.153076171875 0.907958984375 2.4563731708544165 2174
stats: 504 2 679
stats: 200 0 199
stats: size_rcv 150 31324220
stats: newphase 0 5
stats: 502 0 5639
stats: size_sent 0 7738873
stats: connected -2 1
stats: 400 0 366
stats: 503 0 4653
stats: 500 0 590
stats: 404 0 218
# stats: dump at 1433143372
stats: users 1 1122
stats: session 0 0 0 363216.873046875 854.3798828125 63450.38984893817 1807
stats: users_count 0 1808
stats: finish_users_count 0 1807
stats: request 0 0 0 60002.87890625 0.18701171875 5843.871036123274 14845
stats: 302 0 2500
stats: page 0 0 0 179937.81811523438 1.133056640625 9598.237401220145 9039
stats: connect 0 0 0 1050.153076171875 0.907958984375 2.4563731708544165 2174
stats: 504 0 679
stats: 200 0 199
stats: size_rcv 0 31324220
stats: newphase 0 5
stats: 502 0 5639
stats: size_sent 0 7738873
stats: connected 0 1
stats: 400 0 366
stats: 503 0 4653
stats: 500 0 590
stats: 404 0 218
# stats: dump at 1433143382
stats: users 1 1122
stats: session 0 0 0 363216.873046875 854.3798828125 63450.38984893817 1807
stats: users_count 0 1808
stats: finish_users_count 0 1807
stats: request 0 0 0 60002.87890625 0.18701171875 5843.871036123274 14845
stats: page 0 0 0 179937.81811523438 1.133056640625 9598.237401220145 9039
stats: 302 0 2500
stats: connect 0 0 0 1050.153076171875 0.907958984375 2.4563731708544165 2174
stats: 504 0 679
stats: 200 0 199
stats: size_rcv 0 31324220
stats: newphase 0 5
stats: 502 0 5639
stats: size_sent 0 7738873
stats: connected 0 1
stats: 400 0 366
stats: 503 0 4653
stats: 500 0 590
stats: 404 0 218
# stats: dump at 1433143392
stats: users 1 1122
stats: session 0 0 0 363216.873046875 854.3798828125 63450.38984893817 1807
stats: users_count 0 1808
stats: finish_users_count 0 1807
stats: 302 0 2500
stats: request 0 0 0 60002.87890625 0.18701171875 5843.871036123274 14845
stats: page 0 0 0 179937.81811523438 1.133056640625 9598.237401220145 9039
stats: connect 0 0 0 1050.153076171875 0.907958984375 2.4563731708544165 2174
stats: 504 0 679
stats: 200 0 199
stats: size_rcv 0 31324220
stats: newphase 0 5
stats: 502 0 5639
stats: size_sent 0 7738873
stats: connected 0 1
stats: 400 0 366
stats: 503 0 4653
stats: 500 0 590
stats: 404 0 218
# stats: dump at 1433143402
stats: users 1 1122
stats: session 0 0 0 363216.873046875 854.3798828125 63450.38984893817 1807
stats: users_count 0 1808
stats: finish_users_count 0 1807
stats: request 0 0 0 60002.87890625 0.18701171875 5843.871036123274 14845
stats: page 0 0 0 179937.81811523438 1.133056640625 9598.237401220145 9039
stats: connect 0 0 0 1050.153076171875 0.907958984375 2.4563731708544165 2174
stats: 302 0 2500
stats: 504 0 679
stats: 200 0 199
stats: size_rcv 0 31324220
stats: newphase 0 5
stats: 502 0 5639
stats: size_sent 0 7738873
stats: connected 0 1
stats: 400 0 366
stats: 503 0 4653
stats: 500 0 590
stats: 404 0 218
# stats: dump at 1433143412
stats: users 0 1122
stats: session 1 312837.56494140625 0.0 363216.873046875 854.3798828125 63450.38984893817 1807
stats: users_count 0 1808
stats: finish_users_count 1 1808
stats: page 1 59670.55615234375 0.0 179937.81811523438 1.133056640625 9598.237401220145 9039
stats: request 1 59670.55615234375 0.0 60002.87890625 0.18701171875 5843.871036123274 14845
stats: connect 0 0 0 1050.153076171875 0.907958984375 2.4563731708544165 2174
stats: 302 0 2500
stats: 504 1 680
stats: 200 0 199
stats: size_rcv 75 31324295
stats: newphase 0 5
stats: 502 0 5639
stats: size_sent 0 7738873
stats: connected -1 0
stats: 400 0 366
stats: 503 0 4653
stats: 500 0 590
stats: 404 0 218
# stats: dump at 1433143422
stats: users 0 1122
stats: session 0 0 0 363216.873046875 854.3798828125 63588.325233391966 1808
stats: users_count 0 1808
stats: finish_users_count 0 1808
stats: request 0 0 0 60002.87890625 0.18701171875 5847.496705334928 14846
stats: page 0 0 0 179937.81811523438 1.133056640625 9603.776374533323 9040
stats: connect 0 0 0 1050.153076171875 0.907958984375 2.4563731708544165 2174
stats: 302 0 2500
stats: 504 0 680
stats: 200 0 199
stats: size_rcv 0 31324295
stats: newphase 0 5
stats: 502 0 5639
stats: size_sent 0 7738873
stats: connected 0 0
stats: 400 0 366
stats: 503 0 4653
stats: 500 0 590
stats: 404 0 218
# stats: dump at 1433143432
stats: users 0 1122
stats: session 0 0 0 363216.873046875 854.3798828125 63588.325233391966 1808
stats: users_count 0 1808
stats: finish_users_count 0 1808
stats: page 0 0 0 179937.81811523438 1.133056640625 9603.776374533323 9040
stats: request 0 0 0 60002.87890625 0.18701171875 5847.496705334928 14846
stats: connect 0 0 0 1050.153076171875 0.907958984375 2.4563731708544165 2174
stats: 302 0 2500
stats: 504 0 680
stats: 200 0 199
stats: size_rcv 0 31324295
stats: newphase 0 5
stats: 502 0 5639
stats: size_sent 0 7738873
stats: connected 0 0
stats: 400 0 366
stats: 503 0 4653
stats: 500 0 590
stats: 404 0 218
# stats: dump at 1433143442
stats: users 0 1122
stats: session 0 0 0 363216.873046875 854.3798828125 63588.325233391966 1808
stats: users_count 0 1808
stats: finish_users_count 0 1808
stats: request 0 0 0 60002.87890625 0.18701171875 5847.496705334928 14846
stats: page 0 0 0 179937.81811523438 1.133056640625 9603.776374533323 9040
stats: connect 0 0 0 1050.153076171875 0.907958984375 2.4563731708544165 2174
stats: 302 0 2500
stats: 504 0 680
stats: 200 0 199
stats: size_rcv 0 31324295
stats: newphase 0 5
stats: 502 0 5639
stats: size_sent 0 7738873
stats: connected 0 0
stats: 400 0 366
stats: 503 0 4653
stats: 500 0 590
stats: 404 0 218
# stats: dump at 1433143452
stats: users 0 1122
stats: session 0 0 0 363216.873046875 854.3798828125 63588.325233391966 1808
stats: users_count 0 1808
stats: finish_users_count 0 1808
stats: request 0 0 0 60002.87890625 0.18701171875 5847.496705334928 14846
stats: page 0 0 0 179937.81811523438 1.133056640625 9603.776374533323 9040
stats: connect 0 0 0 1050.153076171875 0.907958984375 2.4563731708544165 2174
stats: 302 0 2500
stats: 504 0 680
stats: 200 0 199
stats: size_rcv 0 31324295
stats: newphase 0 5
stats: 502 0 5639
stats: size_sent 0 7738873
stats: connected 0 0
stats: 400 0 366
stats: 503 0 4653
stats: 500 0 590
stats: 404 0 218
# stats: dump at 1433143462
stats: users 0 1122
stats: session 0 0 0 363216.873046875 854.3798828125 63588.325233391966 1808
stats: users_count 0 1808
stats: finish_users_count 0 1808
stats: request 0 0 0 60002.87890625 0.18701171875 5847.496705334928 14846
stats: page 0 0 0 179937.81811523438 1.133056640625 9603.776374533323 9040
stats: connect 0 0 0 1050.153076171875 0.907958984375 2.4563731708544165 2174
stats: 302 0 2500
stats: 504 0 680
stats: 200 0 199
stats: size_rcv 0 31324295
stats: newphase 0 5
stats: 502 0 5639
stats: size_sent 0 7738873
stats: connected 0 0
stats: 400 0 366
stats: 503 0 4653
stats: 500 0 590
stats: 404 0 218
# stats: dump at 1433143463
stats: users 0 1122
stats: session 0 0 0 363216.873046875 854.3798828125 63588.325233391966 1808
stats: users_count 0 1808
stats: finish_users_count 0 1808
stats: page 0 0 0 179937.81811523438 1.133056640625 9603.776374533323 9040
stats: request 0 0 0 60002.87890625 0.18701171875 5847.496705334928 14846
stats: connect 0 0 0 1050.153076171875 0.907958984375 2.4563731708544165 2174
stats: 302 0 2500
stats: 504 0 680
stats: 200 0 199
stats: size_rcv 0 31324295
stats: newphase 0 5
stats: 502 0 5639
stats: size_sent 0 7738873
stats: connected 0 0
stats: 400 0 366
stats: 503 0 4653
stats: 500 0 590
stats: 404 0 218
EndMonitor:{1433,143463,766716}
