# stats: dump at 1433365214
stats: users 0 0
stats: users_count 0 0
stats: finish_users_count 0 0
# stats: dump at 1433365224
stats: users 10 10
stats: users_count 10 10
stats: finish_users_count 0 0
stats: request 39 504.3104279346955 883.461151200788 3879.43798828125 11.4169921875 0 0
stats: page 19 1028.6597964638158 1055.0387991439306 3879.43798828125 35.06787109375 0 0
stats: connect 10 107.8662841796875 317.60082302790573 1060.655029296875 1.006103515625 0 0
stats: 302 19 19
stats: 200 20 20
stats: size_rcv 5398921 5398921
stats: newphase 1 1
stats: size_sent 31343 31343
stats: connected 10 10
# stats: dump at 1433365234
stats: users 34 34
stats: session 2 7397.8446044921875 845.3294677734375 8243.174072265625 6552.51513671875 0 0
stats: users_count 26 36
stats: finish_users_count 2 2
stats: request 123 310.8336310658028 562.6781181887942 3879.43798828125 9.586181640625 504.3104279346955 39
stats: connect 25 1.1087109375 0.11551340274744935 1060.655029296875 0.932861328125 107.8662841796875 10
stats: page 59 648.198920815678 697.3719787402531 3879.43798828125 22.4599609375 1028.6597964638158 19
stats: 302 53 72
stats: 200 70 90
stats: size_rcv 17961861 23360782
stats: newphase 0 1
stats: size_sent 86208 117551
stats: connected 23 33
# stats: dump at 1433365244
stats: users 43 45
stats: session 7 15913.625453404018 4715.252228406937 25135.3779296875 6552.51513671875 7397.8446044921875 2
stats: users_count 16 52
stats: finish_users_count 7 9
stats: request 107 1390.3529588931074 611.5661471721226 3879.43798828125 9.586181640625 357.4113784601659 162
stats: page 60 2191.685367838541 1077.3660598617207 4056.281005859375 22.4599609375 740.8752879607372 78
stats: connect 16 1.1266021728515625 0.05055464794983876 1060.655029296875 0.932861328125 31.610874720982142 35
stats: 302 34 106
stats: 200 73 163
stats: size_rcv 22955525 46316307
stats: newphase 0 1
stats: size_sent 87936 205487
stats: connected 10 43
# stats: dump at 1433365254
stats: users 80 81
stats: session 8 20888.12725830078 4997.194588968569 28514.912841796875 6552.51513671875 14021.229709201389 9
stats: users_count 45 97
stats: finish_users_count 8 17
stats: request 126 2418.5587758866563 819.7238952809083 3902.9228515625 9.586181640625 768.2840517178787 269
stats: page 57 3519.2063459429824 1623.106239893734 6894.97412109375 22.4599609375 1371.6622792119563 138
stats: connect 46 1.0856827445652177 0.18159899531243984 1060.655029296875 0.870849609375 22.04718137254902 51
stats: 302 64 170
stats: 200 62 225
stats: size_rcv 14795941 61112248
stats: newphase 1 2
stats: size_sent 106317 311804
stats: connected 38 81
# stats: dump at 1433365264
stats: users 103 103
stats: session 12 31240.639322916668 7200.689186065766 46970.76513671875 6552.51513671875 17252.710908777575 17
stats: users_count 35 132
stats: finish_users_count 12 29
stats: request 143 3816.7554479212195 585.8586779197445 5557.215087890625 9.586181640625 1294.7007991742482 395
stats: page 76 6775.222004137543 2906.596211994836 12282.376953125 22.4599609375 1999.4059294871795 195
stats: connect 32 1.0877609252929688 0.1114697974453477 1060.655029296875 0.870849609375 12.1066768685567 97
stats: 302 74 244
stats: 200 69 294
stats: size_rcv 14614545 75726793
stats: newphase 0 2
stats: size_sent 107583 419387
stats: connected 20 101
# stats: dump at 1433365274
stats: users 139 140
stats: session 7 32821.47705078125 6915.741350909425 46970.76513671875 6552.51513671875 23040.819218076507 29
stats: users_count 43 175
stats: finish_users_count 7 36
stats: request 189 3226.261310557209 3450.8064228343874 9132.089111328125 0.488037109375 1965.0610496776255 538
stats: page 99 5100.624462397413 5507.702230645857 16675.9609375 0.507080078125 3338.7491828946618 271
stats: connect 49 1.1087272799744896 0.17667559343313333 1060.655029296875 0.85107421875 9.373302371002907 129
stats: 302 43 287
stats: 200 50 344
stats: size_rcv 15158931 90885724
stats: newphase 0 2
stats: size_sent 124557 543944
stats: connected 38 139
stats: 400 1 1
stats: 503 95 95
# stats: dump at 1433365284
stats: users 181 181
stats: session 15 33168.4865234375 10940.967720145867 51880.781005859375 6552.51513671875 24942.613796657984 36
stats: users_count 57 232
stats: finish_users_count 15 51
stats: request 368 2672.1896329133397 4710.419902151843 12610.14990234375 0.340087890625 2292.938421488136 727
stats: page 187 2823.775623015543 6107.089817243816 24330.747802734375 0.507080078125 3810.1698657886413 370
stats: connect 60 1.0845133463541667 0.23392949112506012 1060.655029296875 0.826904296875 7.098222711113062 178
stats: 302 48 335
stats: 200 42 386
stats: size_rcv 14840895 105726619
stats: newphase 1 3
stats: size_sent 167892 711836
stats: connected 38 177
stats: 400 5 6
stats: 503 273 368
# stats: dump at 1433365294
stats: users 200 203
stats: session 47 28584.65752784242 15187.856850195387 53617.77099609375 3850.005126953125 27361.988128063724 51
stats: users_count 66 298
stats: finish_users_count 47 98
stats: request 551 2337.0333599775963 3836.2666700805526 13757.171875 0.340087890625 2420.3945363780676 1095
stats: page 334 5457.439643174587 8775.262229168648 27246.409912109375 0.507080078125 3479.010577819935 557
stats: connect 78 1.3959021935096154 1.0333507752633329 1060.655029296875 0.791015625 5.582161526720063 238
stats: 302 104 439
stats: 200 92 478
stats: size_rcv 13044773 118771392
stats: newphase 0 3
stats: size_sent 250393 962229
stats: connected 22 199
stats: 400 8 14
stats: 503 345 713
stats: 404 3 3
# stats: dump at 1433365304
stats: users 222 228
stats: session 58 24413.150697905443 14860.659269754311 54768.663818359375 3028.753173828125 27948.370391222896 98
stats: users_count 80 378
stats: finish_users_count 58 156
stats: request 677 993.8541229112816 2853.781962869576 13757.171875 0.31103515625 2392.48930661096 1646
stats: page 401 1421.0289413185787 4044.5398267609803 27246.409912109375 0.507080078125 4220.643919939412 891
stats: connect 112 1.067304338727679 0.39965079698996486 1060.655029296875 0.48193359375 4.548844349535206 316
stats: 302 42 481
stats: 200 37 515
stats: size_rcv 14008638 132780030
stats: newphase 0 3
stats: size_sent 268660 1230889
stats: connected 21 220
stats: 400 19 33
stats: 503 578 1291
stats: 404 0 3
# stats: dump at 1433365314
stats: users 281 281
stats: session 74 26197.97590595967 18849.857679260764 98354.14794921875 3028.753173828125 26633.993838579227 156
stats: users_count 133 511
stats: finish_users_count 74 230
stats: request 846 986.7019418125734 4490.035668963733 89750.783203125 0.31103515625 1984.880172144889 2323
stats: page 487 1284.9289495636565 5634.999929943833 89879.59716796875 0.484130859375 3351.723171930933 1292
stats: connect 154 1.1824031681209413 0.8282730903601057 1060.655029296875 0.48193359375 3.6377871504453854 428
stats: 302 34 515
stats: 200 19 534
stats: size_rcv 4612022 137392052
stats: newphase 1 4
stats: 502 1 1
stats: size_sent 289909 1520798
stats: connected 57 277
stats: 400 17 50
stats: 503 774 2065
stats: 404 1 4
# stats: dump at 1433365324
stats: users 321 323
stats: session 113 25321.75502972898 20657.97211448776 98354.14794921875 3028.753173828125 26493.70980808424 230
stats: users_count 153 664
stats: finish_users_count 113 343
stats: request 1133 1328.493672168055 4175.014662669548 89750.783203125 0.31103515625 1718.405327442731 3169
stats: page 665 2097.419702699129 6466.936329748177 89879.59716796875 0.484130859375 2785.9397057741803 1779
stats: connect 201 1.3519511815920404 0.9739203167253736 1060.655029296875 0.48193359375 2.9880807358784365 582
stats: 302 74 589
stats: 200 30 564
stats: size_rcv 4900653 142292705
stats: newphase 0 4
stats: 502 0 1
stats: size_sent 363814 1884612
stats: connected 43 320
stats: 400 30 80
stats: 503 997 3062
stats: 404 2 6
# stats: dump at 1433365334
stats: users 353 355
stats: session 130 23936.789565805288 18486.446429749893 98354.14794921875 2718.90380859375 26107.613919005104 343
stats: users_count 162 826
stats: finish_users_count 130 473
stats: page 784 2233.3849733313727 6877.525805115033 93845.31811523438 0.484130859375 2598.5969062468034 2444
stats: connect 204 2.0758678959865198 7.124179031477817 1060.655029296875 0.48193359375 2.568078129988825 783
stats: request 1318 1058.124754192254 3529.406405901404 89750.783203125 0.309814453125 1615.7159026574666 4302
stats: 302 167 756
stats: 200 39 603
stats: size_rcv 2523960 144816665
stats: newphase 0 4
stats: 502 1 2
stats: size_sent 459731 2344343
stats: connected 31 351
stats: 400 26 106
stats: 503 1083 4145
stats: 404 2 8
# stats: dump at 1433365344
stats: users 462 462
stats: session 177 21070.456835385776 14625.95415454343 107095.89404296875 2022.27197265625 25510.981432924815 473
stats: users_count 286 1112
stats: finish_users_count 177 650
stats: page 1156 469.5686052051796 2232.619795167175 93845.31811523438 0.484130859375 2509.8961146093507 3228
stats: connect 375 1.3493645833333343 1.0400584706196434 1060.655029296875 0.447021484375 2.4663447077634246 987
stats: request 1997 297.15081912419436 1399.4584037918762 89750.783203125 0.309814453125 1484.9498646366212 5620
stats: 302 76 832
stats: 200 18 621
stats: size_rcv 5265919 150082584
stats: newphase 1 5
stats: 502 0 2
stats: size_sent 690480 3034823
stats: connected 103 454
stats: 400 59 165
stats: 503 1842 5987
stats: 404 2 10
# stats: dump at 1433365354
stats: users 559 563
stats: session 233 20295.21430098244 18041.756924901656 119123.76000976563 2016.416015625 24301.792427133412 650
stats: users_count 330 1442
stats: finish_users_count 233 883
stats: request 2447 749.7291465793572 3486.3441731434377 98460.93896484375 0.309814453125 1173.536618753949 7617
stats: 302 368 1200
stats: page 1452 1433.8973245752097 5596.437607061889 105288.85595703125 0.484130859375 1971.890046892375 4384
stats: connect 386 2.7052602817357503 12.138814058618717 1060.655029296875 0.447021484375 2.158806127248532 1362
stats: 200 69 690
stats: size_rcv 34504524 184587108
stats: newphase 0 5
stats: 502 1 3
stats: size_sent 874555 3909378
stats: connected 97 551
stats: 400 38 203
stats: 503 1956 7943
stats: 404 15 25
# stats: dump at 1433365364
stats: users 618 619
stats: session 271 19494.070389075474 12890.975194420396 119123.76000976563 2016.416015625 23244.563997469562 883
stats: users_count 330 1772
stats: finish_users_count 271 1154
stats: page 1571 646.0337245074296 1292.3919237420887 105288.85595703125 0.47607421875 1838.037162587282 5836
stats: connect 421 1.5613036529468527 1.652646894854348 1060.655029296875 0.447021484375 2.279476209417906 1748
stats: request 2619 400.2899392249249 788.3532166252869 98460.93896484375 0.301025390625 1070.4904259467921 10064
stats: 302 480 1680
stats: 200 123 813
stats: size_rcv 26033725 210620833
stats: newphase 0 5
stats: 502 0 3
stats: size_sent 1131609 5040987
stats: connected 58 609
stats: 400 48 251
stats: 503 1955 9898
stats: 404 13 38
# stats: dump at 1433365374
stats: users 391 619
stats: session 278 19191.394759582938 9268.890667622336 119123.76000976563 1628.588134765625 22363.81549844461 1154
stats: users_count 51 1823
stats: finish_users_count 278 1432
stats: request 1422 704.0527989297645 953.6149109612205 98460.93896484375 0.284912109375 932.0961127145465 12683
stats: connect 105 1.3723958333333328 1.1309024294240708 1060.655029296875 0.447021484375 2.140079876419145 2169
stats: page 993 1044.470351542831 1567.6764936681573 105288.85595703125 0.467041015625 1585.2172083246319 7407
stats: 302 405 2085
stats: 200 128 941
stats: size_rcv 31941547 242562380
stats: newphase 0 5
stats: 502 0 3
stats: size_sent 718968 5759955
stats: connected -214 395
stats: 400 20 271
stats: 503 863 10761
stats: 404 6 44
# stats: dump at 1433365384
stats: users 140 619
stats: session 251 23694.780030269547 8354.238411852935 119123.76000976563 1628.588134765625 21747.94052260414 1432
stats: users_count 0 1823
stats: finish_users_count 251 1683
stats: 302 355 2440
stats: request 611 1352.2870554323076 1285.230737372837 98460.93896484375 0.284912109375 909.1058544939184 14105
stats: page 513 1703.488403558266 1823.4819958832281 105288.85595703125 0.467041015625 1521.2932048979262 8400
stats: 200 115 1056
stats: connect 7 2.004603794642857 2.348230640058119 1060.655029296875 0.447021484375 2.104632724033916 2274
stats: size_rcv 25424115 267986495
stats: newphase 0 5
stats: 502 0 3
stats: size_sent 304417 6064372
stats: connected -254 141
stats: 400 4 275
stats: 503 137 10898
stats: 404 0 44
# stats: dump at 1433365394
stats: users 39 619
stats: session 101 29719.39463519106 7037.007689127216 119123.76000976563 1628.588134765625 22038.28913604681 1683
stats: users_count 0 1823
stats: finish_users_count 101 1784
stats: request 164 51.37383586604421 138.9271155525979 98460.93896484375 0.284912109375 927.5064873950706 14716
stats: page 153 55.07476926317402 146.0242812558394 105288.85595703125 0.467041015625 1531.7797006808 8913
stats: 302 136 2576
stats: connect 0 0 0 1060.655029296875 0.447021484375 2.104325752308472 2281
stats: 200 28 1084
stats: size_rcv 3082847 271069342
stats: newphase 0 5
stats: 502 0 3
stats: size_sent 101680 6166052
stats: connected -102 39
stats: 400 0 275
stats: 503 0 10898
stats: 404 0 44
# stats: dump at 1433365404
stats: users 8 619
stats: session 31 38601.17588363155 6892.438279074851 119123.76000976563 1628.588134765625 22473.149929440067 1784
stats: users_count 0 1823
stats: finish_users_count 31 1815
stats: request 38 28.69310880962171 43.87565858326666 98460.93896484375 0.284912109375 917.8501866658529 14880
stats: connect 0 0 0 1060.655029296875 0.447021484375 2.104325752308472 2281
stats: page 37 29.4710594383446 44.20988253685317 105288.85595703125 0.467041015625 1506.8584725198805 9066
stats: 302 35 2611
stats: 200 3 1087
stats: size_rcv 40593 271109935
stats: newphase 0 5
stats: 502 0 3
stats: size_sent 23970 6190022
stats: connected -30 9
stats: 400 0 275
stats: 503 0 10898
stats: 404 0 44
# stats: dump at 1433365414
stats: users 1 619
stats: session 7 44134.42128208705 3392.5355143859065 119123.76000976563 1628.588134765625 22748.614835544715 1815
stats: users_count 0 1823
stats: finish_users_count 7 1822
stats: request 11 55.56119051846591 81.41184988537091 98460.93896484375 0.284912109375 915.585273878714 14918
stats: connect 0 0 0 1060.655029296875 0.447021484375 2.104325752308472 2281
stats: page 11 55.56119051846591 81.41184988537091 105288.85595703125 0.467041015625 1500.853492372235 9103
stats: 302 10 2621
stats: 200 1 1088
stats: size_rcv 13310 271123245
stats: newphase 0 5
stats: 502 0 3
stats: size_sent 6603 6196625
stats: connected -8 1
stats: 400 0 275
stats: 503 0 10898
stats: 404 0 44
# stats: dump at 1433365424
stats: users 0 619
stats: session 1 53759.448974609375 0.0 119123.76000976563 1628.588134765625 22830.777648456788 1822
stats: users_count 0 1823
stats: finish_users_count 1 1823
stats: request 1 4.30908203125 0.0 98460.93896484375 0.284912109375 914.9515901144323 14929
stats: page 1 4.30908203125 0.0 105288.85595703125 0.467041015625 1499.1091193943557 9114
stats: connect 0 0 0 1060.655029296875 0.447021484375 2.104325752308472 2281
stats: 302 1 2622
stats: 200 0 1088
stats: size_rcv 148 271123393
stats: newphase 0 5
stats: 502 0 3
stats: size_sent 635 6197260
stats: connected -1 0
stats: 400 0 275
stats: 503 0 10898
stats: 404 0 44
# stats: dump at 1433365426
stats: users 0 619
stats: session 0 0 0 119123.76000976563 1628.588134765625 22847.74345829011 1823
stats: users_count 0 1823
stats: finish_users_count 0 1823
stats: request 0 0 0 98460.93896484375 0.284912109375 914.890595974574 14930
stats: page 0 0 0 105288.85595703125 0.467041015625 1498.9451259728128 9115
stats: connect 0 0 0 1060.655029296875 0.447021484375 2.104325752308472 2281
stats: 302 0 2622
stats: 200 0 1088
stats: size_rcv 0 271123393
stats: newphase 0 5
stats: 502 0 3
stats: size_sent 0 6197260
stats: connected 0 0
stats: 400 0 275
stats: 503 0 10898
stats: 404 0 44
EndMonitor:{1433,365426,400342}
