
=INFO REPORT==== 22-May-2015::22:12:16 ===
    ts_config_server:(5:<0.39.0>) Config server started, logdir is "/home/ec2-user/.tsung/log/20150522-2212"
 
=INFO REPORT==== 22-May-2015::22:12:16 ===
              ts_mon:(5:<0.38.0>) starting monitor, global 

=INFO REPORT==== 22-May-2015::22:12:16 ===
           ts_config:(5:<0.39.0>) Reading config file: test2.xml

=INFO REPORT==== 22-May-2015::22:12:16 ===
           ts_config:(4:<0.39.0>) Unknown option "glocal_ack_timeout" !

=INFO REPORT==== 22-May-2015::22:12:16 ===
      ts_config_http:(4:<0.39.0>) Get user agent: 100 "Mozilla/5.0 (Windows; U; Windows NT 5.2; fr-FR; rv:1.7.8) Gecko/20050511 Firefox/1.0.4" 

=INFO REPORT==== 22-May-2015::22:12:16 ===
           ts_config:(5:<0.39.0>) Session name for id 1 is "http-example"

=INFO REPORT==== 22-May-2015::22:12:16 ===
    ts_config_server:(4:<0.39.0>) SYSINFO:Tsung version: 1.5.0

=INFO REPORT==== 22-May-2015::22:12:16 ===
    ts_config_server:(4:<0.39.0>) SYSINFO:Erlang version: Erlang R16B03-1 (erts-5.10.4) [source] [64-bit] [smp:2:2] [async-threads:16] [hipe] [kernel-poll:true]


=INFO REPORT==== 22-May-2015::22:12:16 ===
    ts_config_server:(4:<0.39.0>) SYSINFO:System architecture x86_64-unknown-linux-gnu

=INFO REPORT==== 22-May-2015::22:12:16 ===
    ts_config_server:(4:<0.39.0>) SYSINFO:Current path: /home/ec2-user/opt/tsung-1.5.0/lib/erlang/lib/tsung-1.5.0/ebin/tsung.beam

=INFO REPORT==== 22-May-2015::22:12:16 ===
           ts_os_mon:(5:<0.36.0>) os_mon disabled
=INFO REPORT==== 22-May-2015::22:12:16 ===
              ts_mon:(5:<0.40.0>) Activate clients with text backend

=INFO REPORT==== 22-May-2015::22:12:16 ===
              ts_mon:(5:<0.40.0>) Starting tsung clients on hosts: [localhost]

=INFO REPORT==== 22-May-2015::22:12:16 ===
    ts_config_server:(5:<0.39.0>) Start a launcher on the controller beam localhost

=INFO REPORT==== 22-May-2015::22:12:16 ===
  ts_launcher_static:(5:<0.73.0>) Launch msg receive ("localhost")

=INFO REPORT==== 22-May-2015::22:12:16 ===
         ts_launcher:(5:<0.74.0>) Launch msg receive ("localhost")

=INFO REPORT==== 22-May-2015::22:12:16 ===
    ts_config_server:(5:<0.39.0>) All remote beams started, syncing 

=INFO REPORT==== 22-May-2015::22:12:16 ===
    ts_config_server:(5:<0.39.0>) New arrival phase 1 for client "localhost" (last ? true): will start 30 users

=INFO REPORT==== 22-May-2015::22:12:16 ===
    ts_config_server:(5:<0.39.0>) New arrival phase 2 for client "localhost" (last ? true): will start 60 users

=INFO REPORT==== 22-May-2015::22:12:16 ===
    ts_config_server:(5:<0.39.0>) New arrival phase 3 for client "localhost" (last ? true): will start 120 users

=INFO REPORT==== 22-May-2015::22:12:16 ===
         ts_launcher:(5:<0.74.0>) Expected duration of first phase: 30.0 sec (30 users) 

=INFO REPORT==== 22-May-2015::22:12:17 ===
         ts_launcher:(5:<0.74.0>) Activate launcher (30 users) in 9687 msec 

=INFO REPORT==== 22-May-2015::22:12:30 ===
           ts_search:(4:<0.82.0>) DynVar: no value found for var created_user_id

=INFO REPORT==== 22-May-2015::22:12:30 ===
           ts_search:(4:<0.82.0>) Dyn Var (RE): no Match (varname=created_user_id), 

=INFO REPORT==== 22-May-2015::22:12:30 ===
           ts_search:(4:<0.82.0>) Dyn Var (RE): no Match (varname=created_user_url), 

=INFO REPORT==== 22-May-2015::22:12:30 ===
           ts_search:(4:<0.79.0>) DynVar: no value found for var created_user_id

=INFO REPORT==== 22-May-2015::22:12:30 ===
           ts_search:(4:<0.79.0>) Dyn Var (RE): no Match (varname=created_user_id), 

=INFO REPORT==== 22-May-2015::22:12:30 ===
           ts_search:(4:<0.79.0>) Dyn Var (RE): no Match (varname=created_user_url), 

=INFO REPORT==== 22-May-2015::22:12:31 ===
           ts_search:(4:<0.83.0>) DynVar: no value found for var created_user_id

=INFO REPORT==== 22-May-2015::22:12:31 ===
           ts_search:(4:<0.83.0>) Dyn Var (RE): no Match (varname=created_user_id), 

=INFO REPORT==== 22-May-2015::22:12:31 ===
           ts_search:(4:<0.83.0>) Dyn Var (RE): no Match (varname=created_user_url), 

=INFO REPORT==== 22-May-2015::22:12:32 ===
           ts_search:(4:<0.86.0>) DynVar: no value found for var created_user_id

=INFO REPORT==== 22-May-2015::22:12:32 ===
           ts_search:(4:<0.86.0>) Dyn Var (RE): no Match (varname=created_user_id), 

=INFO REPORT==== 22-May-2015::22:12:32 ===
           ts_search:(4:<0.86.0>) Dyn Var (RE): no Match (varname=created_user_url), 

=INFO REPORT==== 22-May-2015::22:12:32 ===
           ts_search:(4:<0.84.0>) DynVar: no value found for var created_user_id

=INFO REPORT==== 22-May-2015::22:12:32 ===
           ts_search:(4:<0.84.0>) Dyn Var (RE): no Match (varname=created_user_id), 

=INFO REPORT==== 22-May-2015::22:12:32 ===
           ts_search:(4:<0.84.0>) Dyn Var (RE): no Match (varname=created_user_url), 

=INFO REPORT==== 22-May-2015::22:12:33 ===
           ts_search:(4:<0.88.0>) DynVar: no value found for var created_user_id

=INFO REPORT==== 22-May-2015::22:12:33 ===
           ts_search:(4:<0.88.0>) Dyn Var (RE): no Match (varname=created_user_id), 

=INFO REPORT==== 22-May-2015::22:12:33 ===
           ts_search:(4:<0.88.0>) Dyn Var (RE): no Match (varname=created_user_url), 

=INFO REPORT==== 22-May-2015::22:12:33 ===
           ts_search:(4:<0.85.0>) DynVar: no value found for var created_user_id

=INFO REPORT==== 22-May-2015::22:12:33 ===
           ts_search:(4:<0.85.0>) Dyn Var (RE): no Match (varname=created_user_id), 

=INFO REPORT==== 22-May-2015::22:12:33 ===
           ts_search:(4:<0.85.0>) Dyn Var (RE): no Match (varname=created_user_url), 

=INFO REPORT==== 22-May-2015::22:12:34 ===
           ts_search:(4:<0.87.0>) DynVar: no value found for var created_user_id

=INFO REPORT==== 22-May-2015::22:12:34 ===
           ts_search:(4:<0.87.0>) Dyn Var (RE): no Match (varname=created_user_id), 

=INFO REPORT==== 22-May-2015::22:12:34 ===
           ts_search:(4:<0.87.0>) Dyn Var (RE): no Match (varname=created_user_url), 

=INFO REPORT==== 22-May-2015::22:12:35 ===
           ts_search:(4:<0.89.0>) DynVar: no value found for var created_user_id

=INFO REPORT==== 22-May-2015::22:12:35 ===
           ts_search:(4:<0.89.0>) Dyn Var (RE): no Match (varname=created_user_id), 

=INFO REPORT==== 22-May-2015::22:12:35 ===
           ts_search:(4:<0.89.0>) Dyn Var (RE): no Match (varname=created_user_url), 

=INFO REPORT==== 22-May-2015::22:12:40 ===
           ts_search:(4:<0.92.0>) DynVar: no value found for var created_user_id

=INFO REPORT==== 22-May-2015::22:12:40 ===
           ts_search:(4:<0.92.0>) Dyn Var (RE): no Match (varname=created_user_id), 

=INFO REPORT==== 22-May-2015::22:12:40 ===
           ts_search:(4:<0.92.0>) Dyn Var (RE): no Match (varname=created_user_url), 

=INFO REPORT==== 22-May-2015::22:12:41 ===
           ts_search:(4:<0.91.0>) DynVar: no value found for var created_user_id

=INFO REPORT==== 22-May-2015::22:12:41 ===
           ts_search:(4:<0.91.0>) Dyn Var (RE): no Match (varname=created_user_id), 

=INFO REPORT==== 22-May-2015::22:12:41 ===
           ts_search:(4:<0.91.0>) Dyn Var (RE): no Match (varname=created_user_url), 

=INFO REPORT==== 22-May-2015::22:12:46 ===
           ts_search:(4:<0.95.0>) DynVar: no value found for var created_user_id

=INFO REPORT==== 22-May-2015::22:12:46 ===
           ts_search:(4:<0.95.0>) Dyn Var (RE): no Match (varname=created_user_id), 

=INFO REPORT==== 22-May-2015::22:12:46 ===
           ts_search:(4:<0.95.0>) Dyn Var (RE): no Match (varname=created_user_url), 

=INFO REPORT==== 22-May-2015::22:12:46 ===
           ts_search:(4:<0.101.0>) DynVar: no value found for var created_user_id

=INFO REPORT==== 22-May-2015::22:12:46 ===
           ts_search:(4:<0.101.0>) Dyn Var (RE): no Match (varname=created_user_id), 

=INFO REPORT==== 22-May-2015::22:12:46 ===
           ts_search:(4:<0.101.0>) Dyn Var (RE): no Match (varname=created_user_url), 

=INFO REPORT==== 22-May-2015::22:12:46 ===
           ts_search:(4:<0.98.0>) DynVar: no value found for var created_user_id

=INFO REPORT==== 22-May-2015::22:12:46 ===
           ts_search:(4:<0.98.0>) Dyn Var (RE): no Match (varname=created_user_id), 

=INFO REPORT==== 22-May-2015::22:12:46 ===
           ts_search:(4:<0.98.0>) Dyn Var (RE): no Match (varname=created_user_url), 

=INFO REPORT==== 22-May-2015::22:12:47 ===
           ts_search:(4:<0.93.0>) DynVar: no value found for var created_user_id

=INFO REPORT==== 22-May-2015::22:12:47 ===
           ts_search:(4:<0.93.0>) Dyn Var (RE): no Match (varname=created_user_id), 

=INFO REPORT==== 22-May-2015::22:12:47 ===
           ts_search:(4:<0.93.0>) Dyn Var (RE): no Match (varname=created_user_url), 

=INFO REPORT==== 22-May-2015::22:12:47 ===
           ts_search:(4:<0.94.0>) DynVar: no value found for var created_user_id

=INFO REPORT==== 22-May-2015::22:12:47 ===
           ts_search:(4:<0.94.0>) Dyn Var (RE): no Match (varname=created_user_id), 

=INFO REPORT==== 22-May-2015::22:12:47 ===
           ts_search:(4:<0.94.0>) Dyn Var (RE): no Match (varname=created_user_url), 

=INFO REPORT==== 22-May-2015::22:12:47 ===
           ts_search:(4:<0.97.0>) DynVar: no value found for var created_user_id

=INFO REPORT==== 22-May-2015::22:12:47 ===
           ts_search:(4:<0.97.0>) Dyn Var (RE): no Match (varname=created_user_id), 

=INFO REPORT==== 22-May-2015::22:12:47 ===
           ts_search:(4:<0.97.0>) Dyn Var (RE): no Match (varname=created_user_url), 

=INFO REPORT==== 22-May-2015::22:12:47 ===
           ts_search:(4:<0.99.0>) DynVar: no value found for var created_user_id

=INFO REPORT==== 22-May-2015::22:12:47 ===
           ts_search:(4:<0.99.0>) Dyn Var (RE): no Match (varname=created_user_id), 

=INFO REPORT==== 22-May-2015::22:12:47 ===
           ts_search:(4:<0.99.0>) Dyn Var (RE): no Match (varname=created_user_url), 

=INFO REPORT==== 22-May-2015::22:12:48 ===
           ts_search:(4:<0.104.0>) DynVar: no value found for var created_user_id

=INFO REPORT==== 22-May-2015::22:12:48 ===
           ts_search:(4:<0.104.0>) Dyn Var (RE): no Match (varname=created_user_id), 

=INFO REPORT==== 22-May-2015::22:12:48 ===
           ts_search:(4:<0.104.0>) Dyn Var (RE): no Match (varname=created_user_url), 

=INFO REPORT==== 22-May-2015::22:12:48 ===
           ts_search:(4:<0.100.0>) DynVar: no value found for var created_user_id

=INFO REPORT==== 22-May-2015::22:12:48 ===
           ts_search:(4:<0.100.0>) Dyn Var (RE): no Match (varname=created_user_id), 

=INFO REPORT==== 22-May-2015::22:12:48 ===
           ts_search:(4:<0.100.0>) Dyn Var (RE): no Match (varname=created_user_url), 

=INFO REPORT==== 22-May-2015::22:12:50 ===
           ts_search:(4:<0.105.0>) DynVar: no value found for var created_user_id

=INFO REPORT==== 22-May-2015::22:12:50 ===
           ts_search:(4:<0.105.0>) Dyn Var (RE): no Match (varname=created_user_id), 

=INFO REPORT==== 22-May-2015::22:12:50 ===
           ts_search:(4:<0.105.0>) Dyn Var (RE): no Match (varname=created_user_url), 

=INFO REPORT==== 22-May-2015::22:12:50 ===
           ts_search:(4:<0.96.0>) DynVar: no value found for var created_user_id

=INFO REPORT==== 22-May-2015::22:12:50 ===
           ts_search:(4:<0.96.0>) Dyn Var (RE): no Match (varname=created_user_id), 

=INFO REPORT==== 22-May-2015::22:12:50 ===
           ts_search:(4:<0.96.0>) Dyn Var (RE): no Match (varname=created_user_url), 

=INFO REPORT==== 22-May-2015::22:12:51 ===
           ts_search:(4:<0.107.0>) DynVar: no value found for var created_user_id

=INFO REPORT==== 22-May-2015::22:12:51 ===
           ts_search:(4:<0.107.0>) Dyn Var (RE): no Match (varname=created_user_id), 

=INFO REPORT==== 22-May-2015::22:12:51 ===
           ts_search:(4:<0.107.0>) Dyn Var (RE): no Match (varname=created_user_url), 

=INFO REPORT==== 22-May-2015::22:12:52 ===
         ts_launcher:(4:<0.74.0>) Need to wait 4.477 sec before changing phase, going to sleep

=INFO REPORT==== 22-May-2015::22:12:52 ===
           ts_search:(4:<0.112.0>) DynVar: no value found for var created_user_id

=INFO REPORT==== 22-May-2015::22:12:52 ===
           ts_search:(4:<0.112.0>) Dyn Var (RE): no Match (varname=created_user_id), 

=INFO REPORT==== 22-May-2015::22:12:52 ===
           ts_search:(4:<0.112.0>) Dyn Var (RE): no Match (varname=created_user_url), 

=INFO REPORT==== 22-May-2015::22:12:52 ===
           ts_search:(4:<0.110.0>) DynVar: no value found for var created_user_id

=INFO REPORT==== 22-May-2015::22:12:52 ===
           ts_search:(4:<0.110.0>) Dyn Var (RE): no Match (varname=created_user_id), 

=INFO REPORT==== 22-May-2015::22:12:52 ===
           ts_search:(4:<0.110.0>) Dyn Var (RE): no Match (varname=created_user_url), 

=INFO REPORT==== 22-May-2015::22:12:52 ===
           ts_search:(4:<0.111.0>) DynVar: no value found for var created_user_id

=INFO REPORT==== 22-May-2015::22:12:52 ===
           ts_search:(4:<0.111.0>) Dyn Var (RE): no Match (varname=created_user_id), 

=INFO REPORT==== 22-May-2015::22:12:52 ===
           ts_search:(4:<0.111.0>) Dyn Var (RE): no Match (varname=created_user_url), 

=INFO REPORT==== 22-May-2015::22:12:53 ===
           ts_search:(4:<0.109.0>) DynVar: no value found for var created_user_id

=INFO REPORT==== 22-May-2015::22:12:53 ===
           ts_search:(4:<0.109.0>) Dyn Var (RE): no Match (varname=created_user_id), 

=INFO REPORT==== 22-May-2015::22:12:53 ===
           ts_search:(4:<0.109.0>) Dyn Var (RE): no Match (varname=created_user_url), 

=INFO REPORT==== 22-May-2015::22:12:53 ===
           ts_search:(4:<0.103.0>) DynVar: no value found for var created_user_id

=INFO REPORT==== 22-May-2015::22:12:53 ===
           ts_search:(4:<0.103.0>) Dyn Var (RE): no Match (varname=created_user_id), 

=INFO REPORT==== 22-May-2015::22:12:53 ===
           ts_search:(4:<0.103.0>) Dyn Var (RE): no Match (varname=created_user_url), 

=INFO REPORT==== 22-May-2015::22:12:53 ===
           ts_search:(4:<0.106.0>) DynVar: no value found for var created_user_id

=INFO REPORT==== 22-May-2015::22:12:53 ===
           ts_search:(4:<0.106.0>) Dyn Var (RE): no Match (varname=created_user_id), 

=INFO REPORT==== 22-May-2015::22:12:53 ===
           ts_search:(4:<0.106.0>) Dyn Var (RE): no Match (varname=created_user_url), 

=INFO REPORT==== 22-May-2015::22:12:55 ===
           ts_search:(4:<0.108.0>) DynVar: no value found for var created_user_id

=INFO REPORT==== 22-May-2015::22:12:55 ===
           ts_search:(4:<0.108.0>) Dyn Var (RE): no Match (varname=created_user_id), 

=INFO REPORT==== 22-May-2015::22:12:55 ===
           ts_search:(4:<0.108.0>) Dyn Var (RE): no Match (varname=created_user_url), 

=INFO REPORT==== 22-May-2015::22:12:56 ===
         ts_launcher:(5:<0.74.0>) Waking up

=INFO REPORT==== 22-May-2015::22:12:56 ===
         ts_launcher:(5:<0.74.0>) Start a new arrival phase (60 users, 0.002); expected duration=30.0 sec

=INFO REPORT==== 22-May-2015::22:12:59 ===
           ts_search:(4:<0.115.0>) DynVar: no value found for var created_user_id

=INFO REPORT==== 22-May-2015::22:12:59 ===
           ts_search:(4:<0.115.0>) Dyn Var (RE): no Match (varname=created_user_id), 

=INFO REPORT==== 22-May-2015::22:12:59 ===
           ts_search:(4:<0.115.0>) Dyn Var (RE): no Match (varname=created_user_url), 

=INFO REPORT==== 22-May-2015::22:13:00 ===
           ts_search:(4:<0.114.0>) DynVar: no value found for var created_user_id

=INFO REPORT==== 22-May-2015::22:13:00 ===
           ts_search:(4:<0.114.0>) Dyn Var (RE): no Match (varname=created_user_id), 

=INFO REPORT==== 22-May-2015::22:13:00 ===
           ts_search:(4:<0.114.0>) Dyn Var (RE): no Match (varname=created_user_url), 

=INFO REPORT==== 22-May-2015::22:13:00 ===
           ts_search:(4:<0.116.0>) DynVar: no value found for var created_user_id

=INFO REPORT==== 22-May-2015::22:13:00 ===
           ts_search:(4:<0.116.0>) Dyn Var (RE): no Match (varname=created_user_id), 

=INFO REPORT==== 22-May-2015::22:13:00 ===
           ts_search:(4:<0.116.0>) Dyn Var (RE): no Match (varname=created_user_url), 

=INFO REPORT==== 22-May-2015::22:13:01 ===
           ts_search:(4:<0.119.0>) DynVar: no value found for var created_user_id

=INFO REPORT==== 22-May-2015::22:13:01 ===
           ts_search:(4:<0.117.0>) DynVar: no value found for var created_user_id

=INFO REPORT==== 22-May-2015::22:13:01 ===
           ts_search:(4:<0.119.0>) Dyn Var (RE): no Match (varname=created_user_id), 

=INFO REPORT==== 22-May-2015::22:13:01 ===
           ts_search:(4:<0.119.0>) Dyn Var (RE): no Match (varname=created_user_url), 

=INFO REPORT==== 22-May-2015::22:13:02 ===
           ts_search:(4:<0.117.0>) Dyn Var (RE): no Match (varname=created_user_id), 

=INFO REPORT==== 22-May-2015::22:13:02 ===
           ts_search:(4:<0.117.0>) Dyn Var (RE): no Match (varname=created_user_url), 

=INFO REPORT==== 22-May-2015::22:13:02 ===
           ts_search:(4:<0.118.0>) DynVar: no value found for var created_user_id

=INFO REPORT==== 22-May-2015::22:13:02 ===
           ts_search:(4:<0.118.0>) Dyn Var (RE): no Match (varname=created_user_id), 

=INFO REPORT==== 22-May-2015::22:13:02 ===
           ts_search:(4:<0.118.0>) Dyn Var (RE): no Match (varname=created_user_url), 

=INFO REPORT==== 22-May-2015::22:13:03 ===
           ts_search:(4:<0.122.0>) DynVar: no value found for var created_user_id

=INFO REPORT==== 22-May-2015::22:13:03 ===
           ts_search:(4:<0.122.0>) Dyn Var (RE): no Match (varname=created_user_id), 

=INFO REPORT==== 22-May-2015::22:13:03 ===
           ts_search:(4:<0.122.0>) Dyn Var (RE): no Match (varname=created_user_url), 

=INFO REPORT==== 22-May-2015::22:13:03 ===
           ts_search:(4:<0.123.0>) DynVar: no value found for var created_user_id

=INFO REPORT==== 22-May-2015::22:13:03 ===
           ts_search:(4:<0.123.0>) Dyn Var (RE): no Match (varname=created_user_id), 

=INFO REPORT==== 22-May-2015::22:13:03 ===
           ts_search:(4:<0.123.0>) Dyn Var (RE): no Match (varname=created_user_url), 

=INFO REPORT==== 22-May-2015::22:13:03 ===
           ts_search:(4:<0.125.0>) DynVar: no value found for var created_user_id

=INFO REPORT==== 22-May-2015::22:13:03 ===
           ts_search:(4:<0.125.0>) Dyn Var (RE): no Match (varname=created_user_id), 

=INFO REPORT==== 22-May-2015::22:13:03 ===
           ts_search:(4:<0.125.0>) Dyn Var (RE): no Match (varname=created_user_url), 

=INFO REPORT==== 22-May-2015::22:13:04 ===
           ts_search:(4:<0.121.0>) DynVar: no value found for var created_user_id

=INFO REPORT==== 22-May-2015::22:13:04 ===
           ts_search:(4:<0.121.0>) Dyn Var (RE): no Match (varname=created_user_id), 

=INFO REPORT==== 22-May-2015::22:13:04 ===
           ts_search:(4:<0.121.0>) Dyn Var (RE): no Match (varname=created_user_url), 

=INFO REPORT==== 22-May-2015::22:13:05 ===
           ts_search:(4:<0.124.0>) DynVar: no value found for var created_user_id

=INFO REPORT==== 22-May-2015::22:13:05 ===
           ts_search:(4:<0.124.0>) Dyn Var (RE): no Match (varname=created_user_id), 

=INFO REPORT==== 22-May-2015::22:13:05 ===
           ts_search:(4:<0.124.0>) Dyn Var (RE): no Match (varname=created_user_url), 

=INFO REPORT==== 22-May-2015::22:13:07 ===
           ts_search:(4:<0.126.0>) DynVar: no value found for var created_user_id

=INFO REPORT==== 22-May-2015::22:13:07 ===
           ts_search:(4:<0.126.0>) Dyn Var (RE): no Match (varname=created_user_id), 

=INFO REPORT==== 22-May-2015::22:13:07 ===
           ts_search:(4:<0.126.0>) Dyn Var (RE): no Match (varname=created_user_url), 

=INFO REPORT==== 22-May-2015::22:13:07 ===
           ts_search:(4:<0.129.0>) DynVar: no value found for var created_user_id

=INFO REPORT==== 22-May-2015::22:13:07 ===
           ts_search:(4:<0.129.0>) Dyn Var (RE): no Match (varname=created_user_id), 

=INFO REPORT==== 22-May-2015::22:13:07 ===
           ts_search:(4:<0.129.0>) Dyn Var (RE): no Match (varname=created_user_url), 

=INFO REPORT==== 22-May-2015::22:13:07 ===
           ts_search:(4:<0.120.0>) DynVar: no value found for var created_user_id

=INFO REPORT==== 22-May-2015::22:13:07 ===
           ts_search:(4:<0.120.0>) Dyn Var (RE): no Match (varname=created_user_id), 

=INFO REPORT==== 22-May-2015::22:13:07 ===
           ts_search:(4:<0.120.0>) Dyn Var (RE): no Match (varname=created_user_url), 

=INFO REPORT==== 22-May-2015::22:13:08 ===
           ts_search:(4:<0.127.0>) DynVar: no value found for var created_user_id

=INFO REPORT==== 22-May-2015::22:13:08 ===
           ts_search:(4:<0.127.0>) Dyn Var (RE): no Match (varname=created_user_id), 

=INFO REPORT==== 22-May-2015::22:13:08 ===
           ts_search:(4:<0.127.0>) Dyn Var (RE): no Match (varname=created_user_url), 

=INFO REPORT==== 22-May-2015::22:13:08 ===
           ts_search:(4:<0.134.0>) DynVar: no value found for var created_user_id

=INFO REPORT==== 22-May-2015::22:13:08 ===
           ts_search:(4:<0.134.0>) Dyn Var (RE): no Match (varname=created_user_id), 

=INFO REPORT==== 22-May-2015::22:13:08 ===
           ts_search:(4:<0.134.0>) Dyn Var (RE): no Match (varname=created_user_url), 

=INFO REPORT==== 22-May-2015::22:13:08 ===
           ts_search:(4:<0.133.0>) DynVar: no value found for var created_user_id

=INFO REPORT==== 22-May-2015::22:13:08 ===
           ts_search:(4:<0.133.0>) Dyn Var (RE): no Match (varname=created_user_id), 

=INFO REPORT==== 22-May-2015::22:13:08 ===
           ts_search:(4:<0.133.0>) Dyn Var (RE): no Match (varname=created_user_url), 

=INFO REPORT==== 22-May-2015::22:13:09 ===
           ts_search:(4:<0.135.0>) DynVar: no value found for var created_user_id

=INFO REPORT==== 22-May-2015::22:13:09 ===
           ts_search:(4:<0.135.0>) Dyn Var (RE): no Match (varname=created_user_id), 

=INFO REPORT==== 22-May-2015::22:13:09 ===
           ts_search:(4:<0.135.0>) Dyn Var (RE): no Match (varname=created_user_url), 

=INFO REPORT==== 22-May-2015::22:13:09 ===
           ts_search:(4:<0.132.0>) DynVar: no value found for var created_user_id

=INFO REPORT==== 22-May-2015::22:13:09 ===
           ts_search:(4:<0.132.0>) Dyn Var (RE): no Match (varname=created_user_id), 

=INFO REPORT==== 22-May-2015::22:13:09 ===
           ts_search:(4:<0.132.0>) Dyn Var (RE): no Match (varname=created_user_url), 

=INFO REPORT==== 22-May-2015::22:13:09 ===
           ts_search:(4:<0.136.0>) DynVar: no value found for var created_user_id

=INFO REPORT==== 22-May-2015::22:13:09 ===
           ts_search:(4:<0.136.0>) Dyn Var (RE): no Match (varname=created_user_id), 

=INFO REPORT==== 22-May-2015::22:13:09 ===
           ts_search:(4:<0.136.0>) Dyn Var (RE): no Match (varname=created_user_url), 

=INFO REPORT==== 22-May-2015::22:13:10 ===
           ts_search:(4:<0.137.0>) DynVar: no value found for var created_user_id

=INFO REPORT==== 22-May-2015::22:13:10 ===
           ts_search:(4:<0.137.0>) Dyn Var (RE): no Match (varname=created_user_id), 

=INFO REPORT==== 22-May-2015::22:13:10 ===
           ts_search:(4:<0.137.0>) Dyn Var (RE): no Match (varname=created_user_url), 

=INFO REPORT==== 22-May-2015::22:13:10 ===
           ts_search:(4:<0.128.0>) DynVar: no value found for var created_user_id

=INFO REPORT==== 22-May-2015::22:13:10 ===
           ts_search:(4:<0.128.0>) Dyn Var (RE): no Match (varname=created_user_id), 

=INFO REPORT==== 22-May-2015::22:13:10 ===
           ts_search:(4:<0.128.0>) Dyn Var (RE): no Match (varname=created_user_url), 

=INFO REPORT==== 22-May-2015::22:13:12 ===
           ts_search:(4:<0.138.0>) DynVar: no value found for var created_user_id

=INFO REPORT==== 22-May-2015::22:13:12 ===
           ts_search:(4:<0.138.0>) Dyn Var (RE): no Match (varname=created_user_id), 

=INFO REPORT==== 22-May-2015::22:13:12 ===
           ts_search:(4:<0.138.0>) Dyn Var (RE): no Match (varname=created_user_url), 

=INFO REPORT==== 22-May-2015::22:13:12 ===
           ts_search:(4:<0.139.0>) DynVar: no value found for var created_user_id

=INFO REPORT==== 22-May-2015::22:13:12 ===
           ts_search:(4:<0.139.0>) Dyn Var (RE): no Match (varname=created_user_id), 

=INFO REPORT==== 22-May-2015::22:13:12 ===
           ts_search:(4:<0.140.0>) DynVar: no value found for var created_user_id

=INFO REPORT==== 22-May-2015::22:13:12 ===
           ts_search:(4:<0.139.0>) Dyn Var (RE): no Match (varname=created_user_url), 

=INFO REPORT==== 22-May-2015::22:13:12 ===
           ts_search:(4:<0.140.0>) Dyn Var (RE): no Match (varname=created_user_id), 

=INFO REPORT==== 22-May-2015::22:13:12 ===
           ts_search:(4:<0.140.0>) Dyn Var (RE): no Match (varname=created_user_url), 

=INFO REPORT==== 22-May-2015::22:13:13 ===
           ts_search:(4:<0.131.0>) DynVar: no value found for var created_user_id

=INFO REPORT==== 22-May-2015::22:13:13 ===
           ts_search:(4:<0.131.0>) Dyn Var (RE): no Match (varname=created_user_id), 

=INFO REPORT==== 22-May-2015::22:13:13 ===
           ts_search:(4:<0.131.0>) Dyn Var (RE): no Match (varname=created_user_url), 

=INFO REPORT==== 22-May-2015::22:13:13 ===
           ts_search:(4:<0.142.0>) DynVar: no value found for var created_user_id

=INFO REPORT==== 22-May-2015::22:13:13 ===
           ts_search:(4:<0.142.0>) Dyn Var (RE): no Match (varname=created_user_id), 

=INFO REPORT==== 22-May-2015::22:13:13 ===
           ts_search:(4:<0.142.0>) Dyn Var (RE): no Match (varname=created_user_url), 

=INFO REPORT==== 22-May-2015::22:13:14 ===
           ts_search:(4:<0.141.0>) DynVar: no value found for var created_user_id

=INFO REPORT==== 22-May-2015::22:13:14 ===
           ts_search:(4:<0.141.0>) Dyn Var (RE): no Match (varname=created_user_id), 

=INFO REPORT==== 22-May-2015::22:13:14 ===
           ts_search:(4:<0.141.0>) Dyn Var (RE): no Match (varname=created_user_url), 

=INFO REPORT==== 22-May-2015::22:13:15 ===
           ts_search:(4:<0.149.0>) DynVar: no value found for var created_user_id

=INFO REPORT==== 22-May-2015::22:13:15 ===
           ts_search:(4:<0.149.0>) Dyn Var (RE): no Match (varname=created_user_id), 

=INFO REPORT==== 22-May-2015::22:13:15 ===
           ts_search:(4:<0.149.0>) Dyn Var (RE): no Match (varname=created_user_url), 

=INFO REPORT==== 22-May-2015::22:13:15 ===
           ts_search:(4:<0.144.0>) DynVar: no value found for var created_user_id

=INFO REPORT==== 22-May-2015::22:13:15 ===
           ts_search:(4:<0.144.0>) Dyn Var (RE): no Match (varname=created_user_id), 

=INFO REPORT==== 22-May-2015::22:13:15 ===
           ts_search:(4:<0.144.0>) Dyn Var (RE): no Match (varname=created_user_url), 

=INFO REPORT==== 22-May-2015::22:13:15 ===
           ts_search:(4:<0.147.0>) DynVar: no value found for var created_user_id

=INFO REPORT==== 22-May-2015::22:13:15 ===
           ts_search:(4:<0.147.0>) Dyn Var (RE): no Match (varname=created_user_id), 

=INFO REPORT==== 22-May-2015::22:13:15 ===
           ts_search:(4:<0.147.0>) Dyn Var (RE): no Match (varname=created_user_url), 

=INFO REPORT==== 22-May-2015::22:13:16 ===
           ts_search:(4:<0.150.0>) DynVar: no value found for var created_user_id

=INFO REPORT==== 22-May-2015::22:13:16 ===
           ts_search:(4:<0.145.0>) DynVar: no value found for var created_user_id

=INFO REPORT==== 22-May-2015::22:13:16 ===
           ts_search:(4:<0.150.0>) Dyn Var (RE): no Match (varname=created_user_id), 

=INFO REPORT==== 22-May-2015::22:13:16 ===
           ts_search:(4:<0.150.0>) Dyn Var (RE): no Match (varname=created_user_url), 

=INFO REPORT==== 22-May-2015::22:13:16 ===
           ts_search:(4:<0.145.0>) Dyn Var (RE): no Match (varname=created_user_id), 

=INFO REPORT==== 22-May-2015::22:13:16 ===
           ts_search:(4:<0.145.0>) Dyn Var (RE): no Match (varname=created_user_url), 

=INFO REPORT==== 22-May-2015::22:13:16 ===
           ts_search:(4:<0.146.0>) DynVar: no value found for var created_user_id

=INFO REPORT==== 22-May-2015::22:13:16 ===
           ts_search:(4:<0.146.0>) Dyn Var (RE): no Match (varname=created_user_id), 

=INFO REPORT==== 22-May-2015::22:13:16 ===
           ts_search:(4:<0.146.0>) Dyn Var (RE): no Match (varname=created_user_url), 

=INFO REPORT==== 22-May-2015::22:13:17 ===
           ts_search:(4:<0.154.0>) DynVar: no value found for var created_user_id

=INFO REPORT==== 22-May-2015::22:13:17 ===
           ts_search:(4:<0.154.0>) Dyn Var (RE): no Match (varname=created_user_id), 

=INFO REPORT==== 22-May-2015::22:13:17 ===
           ts_search:(4:<0.154.0>) Dyn Var (RE): no Match (varname=created_user_url), 

=INFO REPORT==== 22-May-2015::22:13:17 ===
           ts_search:(4:<0.153.0>) DynVar: no value found for var created_user_id

=INFO REPORT==== 22-May-2015::22:13:17 ===
           ts_search:(4:<0.153.0>) Dyn Var (RE): no Match (varname=created_user_id), 

=INFO REPORT==== 22-May-2015::22:13:17 ===
           ts_search:(4:<0.153.0>) Dyn Var (RE): no Match (varname=created_user_url), 

=INFO REPORT==== 22-May-2015::22:13:17 ===
           ts_search:(4:<0.148.0>) DynVar: no value found for var created_user_id

=INFO REPORT==== 22-May-2015::22:13:17 ===
           ts_search:(4:<0.148.0>) Dyn Var (RE): no Match (varname=created_user_id), 

=INFO REPORT==== 22-May-2015::22:13:17 ===
           ts_search:(4:<0.148.0>) Dyn Var (RE): no Match (varname=created_user_url), 

=INFO REPORT==== 22-May-2015::22:13:17 ===
           ts_search:(4:<0.143.0>) DynVar: no value found for var created_user_id

=INFO REPORT==== 22-May-2015::22:13:17 ===
           ts_search:(4:<0.143.0>) Dyn Var (RE): no Match (varname=created_user_id), 

=INFO REPORT==== 22-May-2015::22:13:17 ===
           ts_search:(4:<0.143.0>) Dyn Var (RE): no Match (varname=created_user_url), 

=INFO REPORT==== 22-May-2015::22:13:18 ===
           ts_search:(4:<0.155.0>) DynVar: no value found for var created_user_id

=INFO REPORT==== 22-May-2015::22:13:18 ===
           ts_search:(4:<0.155.0>) Dyn Var (RE): no Match (varname=created_user_id), 

=INFO REPORT==== 22-May-2015::22:13:18 ===
           ts_search:(4:<0.155.0>) Dyn Var (RE): no Match (varname=created_user_url), 

=INFO REPORT==== 22-May-2015::22:13:18 ===
           ts_search:(4:<0.157.0>) DynVar: no value found for var created_user_id

=INFO REPORT==== 22-May-2015::22:13:18 ===
           ts_search:(4:<0.157.0>) Dyn Var (RE): no Match (varname=created_user_id), 

=INFO REPORT==== 22-May-2015::22:13:18 ===
           ts_search:(4:<0.157.0>) Dyn Var (RE): no Match (varname=created_user_url), 

=INFO REPORT==== 22-May-2015::22:13:18 ===
           ts_search:(4:<0.158.0>) DynVar: no value found for var created_user_id

=INFO REPORT==== 22-May-2015::22:13:18 ===
           ts_search:(4:<0.158.0>) Dyn Var (RE): no Match (varname=created_user_id), 

=INFO REPORT==== 22-May-2015::22:13:18 ===
           ts_search:(4:<0.158.0>) Dyn Var (RE): no Match (varname=created_user_url), 

=INFO REPORT==== 22-May-2015::22:13:19 ===
           ts_search:(4:<0.152.0>) DynVar: no value found for var created_user_id

=INFO REPORT==== 22-May-2015::22:13:19 ===
           ts_search:(4:<0.152.0>) Dyn Var (RE): no Match (varname=created_user_id), 

=INFO REPORT==== 22-May-2015::22:13:19 ===
           ts_search:(4:<0.152.0>) Dyn Var (RE): no Match (varname=created_user_url), 

=INFO REPORT==== 22-May-2015::22:13:20 ===
           ts_search:(4:<0.159.0>) DynVar: no value found for var created_user_id

=INFO REPORT==== 22-May-2015::22:13:20 ===
           ts_search:(4:<0.159.0>) Dyn Var (RE): no Match (varname=created_user_id), 

=INFO REPORT==== 22-May-2015::22:13:20 ===
           ts_search:(4:<0.159.0>) Dyn Var (RE): no Match (varname=created_user_url), 

=INFO REPORT==== 22-May-2015::22:13:20 ===
           ts_search:(4:<0.165.0>) DynVar: no value found for var created_user_id

=INFO REPORT==== 22-May-2015::22:13:20 ===
           ts_search:(4:<0.165.0>) Dyn Var (RE): no Match (varname=created_user_id), 

=INFO REPORT==== 22-May-2015::22:13:20 ===
           ts_search:(4:<0.165.0>) Dyn Var (RE): no Match (varname=created_user_url), 

=INFO REPORT==== 22-May-2015::22:13:20 ===
           ts_search:(4:<0.151.0>) DynVar: no value found for var created_user_id

=INFO REPORT==== 22-May-2015::22:13:20 ===
           ts_search:(4:<0.151.0>) Dyn Var (RE): no Match (varname=created_user_id), 

=INFO REPORT==== 22-May-2015::22:13:20 ===
           ts_search:(4:<0.151.0>) Dyn Var (RE): no Match (varname=created_user_url), 

=INFO REPORT==== 22-May-2015::22:13:20 ===
           ts_search:(4:<0.164.0>) DynVar: no value found for var created_user_id

=INFO REPORT==== 22-May-2015::22:13:20 ===
           ts_search:(4:<0.164.0>) Dyn Var (RE): no Match (varname=created_user_id), 

=INFO REPORT==== 22-May-2015::22:13:20 ===
           ts_search:(4:<0.164.0>) Dyn Var (RE): no Match (varname=created_user_url), 

=INFO REPORT==== 22-May-2015::22:13:21 ===
           ts_search:(4:<0.163.0>) DynVar: no value found for var created_user_id

=INFO REPORT==== 22-May-2015::22:13:21 ===
           ts_search:(4:<0.163.0>) Dyn Var (RE): no Match (varname=created_user_id), 

=INFO REPORT==== 22-May-2015::22:13:21 ===
           ts_search:(4:<0.163.0>) Dyn Var (RE): no Match (varname=created_user_url), 

=INFO REPORT==== 22-May-2015::22:13:22 ===
           ts_search:(4:<0.161.0>) DynVar: no value found for var created_user_id

=INFO REPORT==== 22-May-2015::22:13:22 ===
           ts_search:(4:<0.161.0>) Dyn Var (RE): no Match (varname=created_user_id), 

=INFO REPORT==== 22-May-2015::22:13:22 ===
           ts_search:(4:<0.161.0>) Dyn Var (RE): no Match (varname=created_user_url), 

=INFO REPORT==== 22-May-2015::22:13:24 ===
           ts_search:(4:<0.169.0>) DynVar: no value found for var created_user_id

=INFO REPORT==== 22-May-2015::22:13:24 ===
           ts_search:(4:<0.169.0>) Dyn Var (RE): no Match (varname=created_user_id), 

=INFO REPORT==== 22-May-2015::22:13:24 ===
           ts_search:(4:<0.169.0>) Dyn Var (RE): no Match (varname=created_user_url), 

=INFO REPORT==== 22-May-2015::22:13:24 ===
           ts_search:(4:<0.170.0>) DynVar: no value found for var created_user_id

=INFO REPORT==== 22-May-2015::22:13:24 ===
           ts_search:(4:<0.170.0>) Dyn Var (RE): no Match (varname=created_user_id), 

=INFO REPORT==== 22-May-2015::22:13:24 ===
           ts_search:(4:<0.170.0>) Dyn Var (RE): no Match (varname=created_user_url), 

=INFO REPORT==== 22-May-2015::22:13:24 ===
           ts_search:(4:<0.171.0>) DynVar: no value found for var created_user_id

=INFO REPORT==== 22-May-2015::22:13:24 ===
           ts_search:(4:<0.171.0>) Dyn Var (RE): no Match (varname=created_user_id), 

=INFO REPORT==== 22-May-2015::22:13:24 ===
           ts_search:(4:<0.171.0>) Dyn Var (RE): no Match (varname=created_user_url), 

=INFO REPORT==== 22-May-2015::22:13:24 ===
           ts_search:(4:<0.168.0>) DynVar: no value found for var created_user_id

=INFO REPORT==== 22-May-2015::22:13:24 ===
           ts_search:(4:<0.168.0>) Dyn Var (RE): no Match (varname=created_user_id), 

=INFO REPORT==== 22-May-2015::22:13:24 ===
           ts_search:(4:<0.168.0>) Dyn Var (RE): no Match (varname=created_user_url), 

=INFO REPORT==== 22-May-2015::22:13:25 ===
         ts_launcher:(4:<0.74.0>) Need to wait 1.306 sec before changing phase, going to sleep

=INFO REPORT==== 22-May-2015::22:13:25 ===
           ts_search:(4:<0.167.0>) DynVar: no value found for var created_user_id

=INFO REPORT==== 22-May-2015::22:13:25 ===
           ts_search:(4:<0.167.0>) Dyn Var (RE): no Match (varname=created_user_id), 

=INFO REPORT==== 22-May-2015::22:13:25 ===
           ts_search:(4:<0.167.0>) Dyn Var (RE): no Match (varname=created_user_url), 

=INFO REPORT==== 22-May-2015::22:13:26 ===
           ts_search:(4:<0.166.0>) DynVar: no value found for var created_user_id

=INFO REPORT==== 22-May-2015::22:13:26 ===
           ts_search:(4:<0.166.0>) Dyn Var (RE): no Match (varname=created_user_id), 

=INFO REPORT==== 22-May-2015::22:13:26 ===
           ts_search:(4:<0.166.0>) Dyn Var (RE): no Match (varname=created_user_url), 

=INFO REPORT==== 22-May-2015::22:13:26 ===
         ts_launcher:(5:<0.74.0>) Waking up

=INFO REPORT==== 22-May-2015::22:13:26 ===
         ts_launcher:(5:<0.74.0>) Start a new arrival phase (120 users, 0.004); expected duration=30.0 sec

=INFO REPORT==== 22-May-2015::22:13:27 ===
           ts_search:(4:<0.174.0>) DynVar: no value found for var created_user_id

=INFO REPORT==== 22-May-2015::22:13:27 ===
           ts_search:(4:<0.174.0>) Dyn Var (RE): no Match (varname=created_user_id), 

=INFO REPORT==== 22-May-2015::22:13:27 ===
           ts_search:(4:<0.174.0>) Dyn Var (RE): no Match (varname=created_user_url), 

=INFO REPORT==== 22-May-2015::22:13:27 ===
           ts_search:(4:<0.175.0>) DynVar: no value found for var created_user_id

=INFO REPORT==== 22-May-2015::22:13:27 ===
           ts_search:(4:<0.175.0>) Dyn Var (RE): no Match (varname=created_user_id), 

=INFO REPORT==== 22-May-2015::22:13:27 ===
           ts_search:(4:<0.175.0>) Dyn Var (RE): no Match (varname=created_user_url), 

=INFO REPORT==== 22-May-2015::22:13:27 ===
           ts_search:(4:<0.162.0>) DynVar: no value found for var created_user_id

=INFO REPORT==== 22-May-2015::22:13:27 ===
           ts_search:(4:<0.162.0>) Dyn Var (RE): no Match (varname=created_user_id), 

=INFO REPORT==== 22-May-2015::22:13:27 ===
           ts_search:(4:<0.162.0>) Dyn Var (RE): no Match (varname=created_user_url), 

=INFO REPORT==== 22-May-2015::22:13:28 ===
           ts_search:(4:<0.160.0>) DynVar: no value found for var created_user_id

=INFO REPORT==== 22-May-2015::22:13:28 ===
           ts_search:(4:<0.160.0>) Dyn Var (RE): no Match (varname=created_user_id), 

=INFO REPORT==== 22-May-2015::22:13:28 ===
           ts_search:(4:<0.160.0>) Dyn Var (RE): no Match (varname=created_user_url), 

=INFO REPORT==== 22-May-2015::22:13:28 ===
           ts_search:(4:<0.172.0>) DynVar: no value found for var created_user_id

=INFO REPORT==== 22-May-2015::22:13:28 ===
           ts_search:(4:<0.172.0>) Dyn Var (RE): no Match (varname=created_user_id), 

=INFO REPORT==== 22-May-2015::22:13:28 ===
           ts_search:(4:<0.172.0>) Dyn Var (RE): no Match (varname=created_user_url), 

=INFO REPORT==== 22-May-2015::22:13:28 ===
           ts_search:(4:<0.178.0>) DynVar: no value found for var created_user_id

=INFO REPORT==== 22-May-2015::22:13:28 ===
           ts_search:(4:<0.178.0>) Dyn Var (RE): no Match (varname=created_user_id), 

=INFO REPORT==== 22-May-2015::22:13:28 ===
           ts_search:(4:<0.178.0>) Dyn Var (RE): no Match (varname=created_user_url), 

=INFO REPORT==== 22-May-2015::22:13:29 ===
           ts_search:(4:<0.183.0>) DynVar: no value found for var created_user_id

=INFO REPORT==== 22-May-2015::22:13:29 ===
           ts_search:(4:<0.183.0>) Dyn Var (RE): no Match (varname=created_user_id), 

=INFO REPORT==== 22-May-2015::22:13:29 ===
           ts_search:(4:<0.183.0>) Dyn Var (RE): no Match (varname=created_user_url), 

=INFO REPORT==== 22-May-2015::22:13:29 ===
           ts_search:(4:<0.182.0>) DynVar: no value found for var created_user_id

=INFO REPORT==== 22-May-2015::22:13:29 ===
           ts_search:(4:<0.182.0>) Dyn Var (RE): no Match (varname=created_user_id), 

=INFO REPORT==== 22-May-2015::22:13:29 ===
           ts_search:(4:<0.182.0>) Dyn Var (RE): no Match (varname=created_user_url), 

=INFO REPORT==== 22-May-2015::22:13:30 ===
           ts_search:(4:<0.186.0>) DynVar: no value found for var created_user_id

=INFO REPORT==== 22-May-2015::22:13:30 ===
           ts_search:(4:<0.186.0>) Dyn Var (RE): no Match (varname=created_user_id), 

=INFO REPORT==== 22-May-2015::22:13:30 ===
           ts_search:(4:<0.186.0>) Dyn Var (RE): no Match (varname=created_user_url), 

=INFO REPORT==== 22-May-2015::22:13:31 ===
           ts_search:(4:<0.184.0>) DynVar: no value found for var created_user_id

=INFO REPORT==== 22-May-2015::22:13:31 ===
           ts_search:(4:<0.184.0>) Dyn Var (RE): no Match (varname=created_user_id), 

=INFO REPORT==== 22-May-2015::22:13:31 ===
           ts_search:(4:<0.184.0>) Dyn Var (RE): no Match (varname=created_user_url), 

=INFO REPORT==== 22-May-2015::22:13:31 ===
           ts_search:(4:<0.187.0>) DynVar: no value found for var created_user_id

=INFO REPORT==== 22-May-2015::22:13:31 ===
           ts_search:(4:<0.180.0>) DynVar: no value found for var created_user_id

=INFO REPORT==== 22-May-2015::22:13:31 ===
           ts_search:(4:<0.187.0>) Dyn Var (RE): no Match (varname=created_user_id), 

=INFO REPORT==== 22-May-2015::22:13:31 ===
           ts_search:(4:<0.187.0>) Dyn Var (RE): no Match (varname=created_user_url), 

=INFO REPORT==== 22-May-2015::22:13:31 ===
           ts_search:(4:<0.188.0>) DynVar: no value found for var created_user_id

=INFO REPORT==== 22-May-2015::22:13:31 ===
           ts_search:(4:<0.180.0>) Dyn Var (RE): no Match (varname=created_user_id), 

=INFO REPORT==== 22-May-2015::22:13:31 ===
           ts_search:(4:<0.180.0>) Dyn Var (RE): no Match (varname=created_user_url), 

=INFO REPORT==== 22-May-2015::22:13:31 ===
           ts_search:(4:<0.188.0>) Dyn Var (RE): no Match (varname=created_user_id), 

=INFO REPORT==== 22-May-2015::22:13:31 ===
           ts_search:(4:<0.188.0>) Dyn Var (RE): no Match (varname=created_user_url), 

=INFO REPORT==== 22-May-2015::22:13:31 ===
           ts_search:(4:<0.189.0>) DynVar: no value found for var created_user_id

=INFO REPORT==== 22-May-2015::22:13:31 ===
           ts_search:(4:<0.189.0>) Dyn Var (RE): no Match (varname=created_user_id), 

=INFO REPORT==== 22-May-2015::22:13:31 ===
           ts_search:(4:<0.189.0>) Dyn Var (RE): no Match (varname=created_user_url), 

=INFO REPORT==== 22-May-2015::22:13:31 ===
           ts_search:(4:<0.192.0>) DynVar: no value found for var created_user_id

=INFO REPORT==== 22-May-2015::22:13:31 ===
           ts_search:(4:<0.192.0>) Dyn Var (RE): no Match (varname=created_user_id), 

=INFO REPORT==== 22-May-2015::22:13:31 ===
           ts_search:(4:<0.192.0>) Dyn Var (RE): no Match (varname=created_user_url), 

=INFO REPORT==== 22-May-2015::22:13:32 ===
           ts_search:(4:<0.177.0>) DynVar: no value found for var created_user_id

=INFO REPORT==== 22-May-2015::22:13:32 ===
           ts_search:(4:<0.177.0>) Dyn Var (RE): no Match (varname=created_user_id), 

=INFO REPORT==== 22-May-2015::22:13:32 ===
           ts_search:(4:<0.177.0>) Dyn Var (RE): no Match (varname=created_user_url), 

=INFO REPORT==== 22-May-2015::22:13:32 ===
           ts_search:(4:<0.181.0>) DynVar: no value found for var created_user_id

=INFO REPORT==== 22-May-2015::22:13:32 ===
           ts_search:(4:<0.181.0>) Dyn Var (RE): no Match (varname=created_user_id), 

=INFO REPORT==== 22-May-2015::22:13:32 ===
           ts_search:(4:<0.181.0>) Dyn Var (RE): no Match (varname=created_user_url), 

=INFO REPORT==== 22-May-2015::22:13:32 ===
           ts_search:(4:<0.185.0>) DynVar: no value found for var created_user_id

=INFO REPORT==== 22-May-2015::22:13:32 ===
           ts_search:(4:<0.185.0>) Dyn Var (RE): no Match (varname=created_user_id), 

=INFO REPORT==== 22-May-2015::22:13:32 ===
           ts_search:(4:<0.185.0>) Dyn Var (RE): no Match (varname=created_user_url), 

=INFO REPORT==== 22-May-2015::22:13:32 ===
           ts_search:(4:<0.191.0>) DynVar: no value found for var created_user_id

=INFO REPORT==== 22-May-2015::22:13:32 ===
           ts_search:(4:<0.191.0>) Dyn Var (RE): no Match (varname=created_user_id), 

=INFO REPORT==== 22-May-2015::22:13:32 ===
           ts_search:(4:<0.191.0>) Dyn Var (RE): no Match (varname=created_user_url), 

=INFO REPORT==== 22-May-2015::22:13:32 ===
           ts_search:(4:<0.190.0>) DynVar: no value found for var created_user_id

=INFO REPORT==== 22-May-2015::22:13:32 ===
           ts_search:(4:<0.190.0>) Dyn Var (RE): no Match (varname=created_user_id), 

=INFO REPORT==== 22-May-2015::22:13:32 ===
           ts_search:(4:<0.190.0>) Dyn Var (RE): no Match (varname=created_user_url), 

=INFO REPORT==== 22-May-2015::22:13:33 ===
           ts_search:(4:<0.200.0>) DynVar: no value found for var created_user_id

=INFO REPORT==== 22-May-2015::22:13:33 ===
           ts_search:(4:<0.200.0>) Dyn Var (RE): no Match (varname=created_user_id), 

=INFO REPORT==== 22-May-2015::22:13:33 ===
           ts_search:(4:<0.200.0>) Dyn Var (RE): no Match (varname=created_user_url), 

=INFO REPORT==== 22-May-2015::22:13:33 ===
           ts_search:(4:<0.199.0>) DynVar: no value found for var created_user_id

=INFO REPORT==== 22-May-2015::22:13:33 ===
           ts_search:(4:<0.199.0>) Dyn Var (RE): no Match (varname=created_user_id), 

=INFO REPORT==== 22-May-2015::22:13:33 ===
           ts_search:(4:<0.199.0>) Dyn Var (RE): no Match (varname=created_user_url), 

=INFO REPORT==== 22-May-2015::22:13:33 ===
           ts_search:(4:<0.198.0>) DynVar: no value found for var created_user_id

=INFO REPORT==== 22-May-2015::22:13:33 ===
           ts_search:(4:<0.198.0>) Dyn Var (RE): no Match (varname=created_user_id), 

=INFO REPORT==== 22-May-2015::22:13:33 ===
           ts_search:(4:<0.198.0>) Dyn Var (RE): no Match (varname=created_user_url), 

=INFO REPORT==== 22-May-2015::22:13:33 ===
           ts_search:(4:<0.179.0>) DynVar: no value found for var created_user_id

=INFO REPORT==== 22-May-2015::22:13:33 ===
           ts_search:(4:<0.179.0>) Dyn Var (RE): no Match (varname=created_user_id), 

=INFO REPORT==== 22-May-2015::22:13:33 ===
           ts_search:(4:<0.179.0>) Dyn Var (RE): no Match (varname=created_user_url), 

=INFO REPORT==== 22-May-2015::22:13:33 ===
           ts_search:(4:<0.201.0>) DynVar: no value found for var created_user_id

=INFO REPORT==== 22-May-2015::22:13:33 ===
           ts_search:(4:<0.201.0>) Dyn Var (RE): no Match (varname=created_user_id), 

=INFO REPORT==== 22-May-2015::22:13:33 ===
           ts_search:(4:<0.201.0>) Dyn Var (RE): no Match (varname=created_user_url), 

=INFO REPORT==== 22-May-2015::22:13:33 ===
           ts_search:(4:<0.194.0>) DynVar: no value found for var created_user_id

=INFO REPORT==== 22-May-2015::22:13:34 ===
           ts_search:(4:<0.194.0>) Dyn Var (RE): no Match (varname=created_user_id), 

=INFO REPORT==== 22-May-2015::22:13:34 ===
           ts_search:(4:<0.194.0>) Dyn Var (RE): no Match (varname=created_user_url), 

=INFO REPORT==== 22-May-2015::22:13:34 ===
           ts_search:(4:<0.197.0>) DynVar: no value found for var created_user_id

=INFO REPORT==== 22-May-2015::22:13:34 ===
           ts_search:(4:<0.197.0>) Dyn Var (RE): no Match (varname=created_user_id), 

=INFO REPORT==== 22-May-2015::22:13:34 ===
           ts_search:(4:<0.197.0>) Dyn Var (RE): no Match (varname=created_user_url), 

=INFO REPORT==== 22-May-2015::22:13:34 ===
           ts_search:(4:<0.205.0>) DynVar: no value found for var created_user_id

=INFO REPORT==== 22-May-2015::22:13:34 ===
           ts_search:(4:<0.205.0>) Dyn Var (RE): no Match (varname=created_user_id), 

=INFO REPORT==== 22-May-2015::22:13:34 ===
           ts_search:(4:<0.205.0>) Dyn Var (RE): no Match (varname=created_user_url), 

=INFO REPORT==== 22-May-2015::22:13:34 ===
           ts_search:(4:<0.173.0>) DynVar: no value found for var created_user_id

=INFO REPORT==== 22-May-2015::22:13:34 ===
           ts_search:(4:<0.173.0>) Dyn Var (RE): no Match (varname=created_user_id), 

=INFO REPORT==== 22-May-2015::22:13:34 ===
           ts_search:(4:<0.173.0>) Dyn Var (RE): no Match (varname=created_user_url), 

=INFO REPORT==== 22-May-2015::22:13:34 ===
           ts_search:(4:<0.193.0>) DynVar: no value found for var created_user_id

=INFO REPORT==== 22-May-2015::22:13:34 ===
           ts_search:(4:<0.193.0>) Dyn Var (RE): no Match (varname=created_user_id), 

=INFO REPORT==== 22-May-2015::22:13:34 ===
           ts_search:(4:<0.193.0>) Dyn Var (RE): no Match (varname=created_user_url), 

=INFO REPORT==== 22-May-2015::22:13:35 ===
           ts_search:(4:<0.207.0>) DynVar: no value found for var created_user_id

=INFO REPORT==== 22-May-2015::22:13:35 ===
           ts_search:(4:<0.207.0>) Dyn Var (RE): no Match (varname=created_user_id), 

=INFO REPORT==== 22-May-2015::22:13:35 ===
           ts_search:(4:<0.207.0>) Dyn Var (RE): no Match (varname=created_user_url), 

=INFO REPORT==== 22-May-2015::22:13:35 ===
           ts_search:(4:<0.206.0>) DynVar: no value found for var created_user_id

=INFO REPORT==== 22-May-2015::22:13:35 ===
           ts_search:(4:<0.206.0>) Dyn Var (RE): no Match (varname=created_user_id), 

=INFO REPORT==== 22-May-2015::22:13:35 ===
           ts_search:(4:<0.206.0>) Dyn Var (RE): no Match (varname=created_user_url), 

=INFO REPORT==== 22-May-2015::22:13:35 ===
           ts_search:(4:<0.202.0>) DynVar: no value found for var created_user_id

=INFO REPORT==== 22-May-2015::22:13:35 ===
           ts_search:(4:<0.202.0>) Dyn Var (RE): no Match (varname=created_user_id), 

=INFO REPORT==== 22-May-2015::22:13:35 ===
           ts_search:(4:<0.202.0>) Dyn Var (RE): no Match (varname=created_user_url), 

=INFO REPORT==== 22-May-2015::22:13:35 ===
           ts_search:(4:<0.204.0>) DynVar: no value found for var created_user_id

=INFO REPORT==== 22-May-2015::22:13:35 ===
           ts_search:(4:<0.204.0>) Dyn Var (RE): no Match (varname=created_user_id), 

=INFO REPORT==== 22-May-2015::22:13:35 ===
           ts_search:(4:<0.204.0>) Dyn Var (RE): no Match (varname=created_user_url), 

=INFO REPORT==== 22-May-2015::22:13:35 ===
           ts_search:(4:<0.208.0>) DynVar: no value found for var created_user_id

=INFO REPORT==== 22-May-2015::22:13:35 ===
           ts_search:(4:<0.195.0>) DynVar: no value found for var created_user_id

=INFO REPORT==== 22-May-2015::22:13:35 ===
           ts_search:(4:<0.208.0>) Dyn Var (RE): no Match (varname=created_user_id), 

=INFO REPORT==== 22-May-2015::22:13:35 ===
           ts_search:(4:<0.208.0>) Dyn Var (RE): no Match (varname=created_user_url), 

=INFO REPORT==== 22-May-2015::22:13:35 ===
           ts_search:(4:<0.195.0>) Dyn Var (RE): no Match (varname=created_user_id), 

=INFO REPORT==== 22-May-2015::22:13:35 ===
           ts_search:(4:<0.195.0>) Dyn Var (RE): no Match (varname=created_user_url), 

=INFO REPORT==== 22-May-2015::22:13:36 ===
           ts_search:(4:<0.210.0>) DynVar: no value found for var created_user_id

=INFO REPORT==== 22-May-2015::22:13:36 ===
           ts_search:(4:<0.210.0>) Dyn Var (RE): no Match (varname=created_user_id), 

=INFO REPORT==== 22-May-2015::22:13:36 ===
           ts_search:(4:<0.210.0>) Dyn Var (RE): no Match (varname=created_user_url), 

=INFO REPORT==== 22-May-2015::22:13:36 ===
           ts_search:(4:<0.196.0>) DynVar: no value found for var created_user_id

=INFO REPORT==== 22-May-2015::22:13:36 ===
           ts_search:(4:<0.196.0>) Dyn Var (RE): no Match (varname=created_user_id), 

=INFO REPORT==== 22-May-2015::22:13:36 ===
           ts_search:(4:<0.196.0>) Dyn Var (RE): no Match (varname=created_user_url), 

=INFO REPORT==== 22-May-2015::22:13:36 ===
           ts_search:(4:<0.211.0>) DynVar: no value found for var created_user_id

=INFO REPORT==== 22-May-2015::22:13:36 ===
           ts_search:(4:<0.211.0>) Dyn Var (RE): no Match (varname=created_user_id), 

=INFO REPORT==== 22-May-2015::22:13:36 ===
           ts_search:(4:<0.211.0>) Dyn Var (RE): no Match (varname=created_user_url), 

=INFO REPORT==== 22-May-2015::22:13:37 ===
           ts_search:(4:<0.214.0>) DynVar: no value found for var created_user_id

=INFO REPORT==== 22-May-2015::22:13:37 ===
           ts_search:(4:<0.214.0>) Dyn Var (RE): no Match (varname=created_user_id), 

=INFO REPORT==== 22-May-2015::22:13:37 ===
           ts_search:(4:<0.214.0>) Dyn Var (RE): no Match (varname=created_user_url), 

=INFO REPORT==== 22-May-2015::22:13:37 ===
           ts_search:(4:<0.213.0>) DynVar: no value found for var created_user_id

=INFO REPORT==== 22-May-2015::22:13:37 ===
           ts_search:(4:<0.213.0>) Dyn Var (RE): no Match (varname=created_user_id), 

=INFO REPORT==== 22-May-2015::22:13:37 ===
           ts_search:(4:<0.213.0>) Dyn Var (RE): no Match (varname=created_user_url), 

=INFO REPORT==== 22-May-2015::22:13:38 ===
           ts_search:(4:<0.220.0>) DynVar: no value found for var created_user_id

=INFO REPORT==== 22-May-2015::22:13:38 ===
           ts_search:(4:<0.220.0>) Dyn Var (RE): no Match (varname=created_user_id), 

=INFO REPORT==== 22-May-2015::22:13:38 ===
           ts_search:(4:<0.220.0>) Dyn Var (RE): no Match (varname=created_user_url), 

=INFO REPORT==== 22-May-2015::22:13:38 ===
           ts_search:(4:<0.209.0>) DynVar: no value found for var created_user_id

=INFO REPORT==== 22-May-2015::22:13:38 ===
           ts_search:(4:<0.209.0>) Dyn Var (RE): no Match (varname=created_user_id), 

=INFO REPORT==== 22-May-2015::22:13:38 ===
           ts_search:(4:<0.209.0>) Dyn Var (RE): no Match (varname=created_user_url), 

=INFO REPORT==== 22-May-2015::22:13:38 ===
           ts_search:(4:<0.212.0>) DynVar: no value found for var created_user_id

=INFO REPORT==== 22-May-2015::22:13:38 ===
           ts_search:(4:<0.212.0>) Dyn Var (RE): no Match (varname=created_user_id), 

=INFO REPORT==== 22-May-2015::22:13:38 ===
           ts_search:(4:<0.212.0>) Dyn Var (RE): no Match (varname=created_user_url), 

=INFO REPORT==== 22-May-2015::22:13:38 ===
           ts_search:(4:<0.222.0>) DynVar: no value found for var created_user_id

=INFO REPORT==== 22-May-2015::22:13:38 ===
           ts_search:(4:<0.222.0>) Dyn Var (RE): no Match (varname=created_user_id), 

=INFO REPORT==== 22-May-2015::22:13:38 ===
           ts_search:(4:<0.222.0>) Dyn Var (RE): no Match (varname=created_user_url), 

=INFO REPORT==== 22-May-2015::22:13:38 ===
           ts_search:(4:<0.223.0>) DynVar: no value found for var created_user_id

=INFO REPORT==== 22-May-2015::22:13:38 ===
           ts_search:(4:<0.223.0>) Dyn Var (RE): no Match (varname=created_user_id), 

=INFO REPORT==== 22-May-2015::22:13:38 ===
           ts_search:(4:<0.223.0>) Dyn Var (RE): no Match (varname=created_user_url), 

=INFO REPORT==== 22-May-2015::22:13:39 ===
           ts_search:(4:<0.216.0>) DynVar: no value found for var created_user_id

=INFO REPORT==== 22-May-2015::22:13:39 ===
           ts_search:(4:<0.216.0>) Dyn Var (RE): no Match (varname=created_user_id), 

=INFO REPORT==== 22-May-2015::22:13:39 ===
           ts_search:(4:<0.216.0>) Dyn Var (RE): no Match (varname=created_user_url), 

=INFO REPORT==== 22-May-2015::22:13:39 ===
           ts_search:(4:<0.221.0>) DynVar: no value found for var created_user_id

=INFO REPORT==== 22-May-2015::22:13:39 ===
           ts_search:(4:<0.221.0>) Dyn Var (RE): no Match (varname=created_user_id), 

=INFO REPORT==== 22-May-2015::22:13:39 ===
           ts_search:(4:<0.221.0>) Dyn Var (RE): no Match (varname=created_user_url), 

=INFO REPORT==== 22-May-2015::22:13:39 ===
           ts_search:(4:<0.226.0>) DynVar: no value found for var created_user_id

=INFO REPORT==== 22-May-2015::22:13:39 ===
           ts_search:(4:<0.226.0>) Dyn Var (RE): no Match (varname=created_user_id), 

=INFO REPORT==== 22-May-2015::22:13:39 ===
           ts_search:(4:<0.226.0>) Dyn Var (RE): no Match (varname=created_user_url), 

=INFO REPORT==== 22-May-2015::22:13:39 ===
           ts_search:(4:<0.225.0>) DynVar: no value found for var created_user_id

=INFO REPORT==== 22-May-2015::22:13:39 ===
           ts_search:(4:<0.225.0>) Dyn Var (RE): no Match (varname=created_user_id), 

=INFO REPORT==== 22-May-2015::22:13:39 ===
           ts_search:(4:<0.225.0>) Dyn Var (RE): no Match (varname=created_user_url), 

=INFO REPORT==== 22-May-2015::22:13:39 ===
           ts_search:(4:<0.224.0>) DynVar: no value found for var created_user_id

=INFO REPORT==== 22-May-2015::22:13:39 ===
           ts_search:(4:<0.224.0>) Dyn Var (RE): no Match (varname=created_user_id), 

=INFO REPORT==== 22-May-2015::22:13:39 ===
           ts_search:(4:<0.224.0>) Dyn Var (RE): no Match (varname=created_user_url), 

=INFO REPORT==== 22-May-2015::22:13:39 ===
           ts_search:(4:<0.203.0>) DynVar: no value found for var created_user_id

=INFO REPORT==== 22-May-2015::22:13:39 ===
           ts_search:(4:<0.203.0>) Dyn Var (RE): no Match (varname=created_user_id), 

=INFO REPORT==== 22-May-2015::22:13:39 ===
           ts_search:(4:<0.203.0>) Dyn Var (RE): no Match (varname=created_user_url), 

=INFO REPORT==== 22-May-2015::22:13:40 ===
           ts_search:(4:<0.218.0>) DynVar: no value found for var created_user_id

=INFO REPORT==== 22-May-2015::22:13:40 ===
           ts_search:(4:<0.218.0>) Dyn Var (RE): no Match (varname=created_user_id), 

=INFO REPORT==== 22-May-2015::22:13:40 ===
           ts_search:(4:<0.218.0>) Dyn Var (RE): no Match (varname=created_user_url), 

=INFO REPORT==== 22-May-2015::22:13:40 ===
           ts_search:(4:<0.232.0>) DynVar: no value found for var created_user_id

=INFO REPORT==== 22-May-2015::22:13:40 ===
           ts_search:(4:<0.232.0>) Dyn Var (RE): no Match (varname=created_user_id), 

=INFO REPORT==== 22-May-2015::22:13:40 ===
           ts_search:(4:<0.232.0>) Dyn Var (RE): no Match (varname=created_user_url), 

=INFO REPORT==== 22-May-2015::22:13:40 ===
           ts_search:(4:<0.227.0>) DynVar: no value found for var created_user_id

=INFO REPORT==== 22-May-2015::22:13:40 ===
           ts_search:(4:<0.227.0>) Dyn Var (RE): no Match (varname=created_user_id), 

=INFO REPORT==== 22-May-2015::22:13:40 ===
           ts_search:(4:<0.227.0>) Dyn Var (RE): no Match (varname=created_user_url), 

=INFO REPORT==== 22-May-2015::22:13:41 ===
           ts_search:(4:<0.228.0>) DynVar: no value found for var created_user_id

=INFO REPORT==== 22-May-2015::22:13:41 ===
           ts_search:(4:<0.228.0>) Dyn Var (RE): no Match (varname=created_user_id), 

=INFO REPORT==== 22-May-2015::22:13:41 ===
           ts_search:(4:<0.228.0>) Dyn Var (RE): no Match (varname=created_user_url), 

=INFO REPORT==== 22-May-2015::22:13:41 ===
           ts_search:(4:<0.234.0>) DynVar: no value found for var created_user_id

=INFO REPORT==== 22-May-2015::22:13:41 ===
           ts_search:(4:<0.234.0>) Dyn Var (RE): no Match (varname=created_user_id), 

=INFO REPORT==== 22-May-2015::22:13:41 ===
           ts_search:(4:<0.234.0>) Dyn Var (RE): no Match (varname=created_user_url), 

=INFO REPORT==== 22-May-2015::22:13:41 ===
           ts_search:(4:<0.235.0>) DynVar: no value found for var created_user_id

=INFO REPORT==== 22-May-2015::22:13:41 ===
           ts_search:(4:<0.235.0>) Dyn Var (RE): no Match (varname=created_user_id), 

=INFO REPORT==== 22-May-2015::22:13:41 ===
           ts_search:(4:<0.235.0>) Dyn Var (RE): no Match (varname=created_user_url), 

=INFO REPORT==== 22-May-2015::22:13:42 ===
           ts_search:(4:<0.237.0>) DynVar: no value found for var created_user_id

=INFO REPORT==== 22-May-2015::22:13:42 ===
           ts_search:(4:<0.233.0>) DynVar: no value found for var created_user_id

=INFO REPORT==== 22-May-2015::22:13:42 ===
           ts_search:(4:<0.237.0>) Dyn Var (RE): no Match (varname=created_user_id), 

=INFO REPORT==== 22-May-2015::22:13:42 ===
           ts_search:(4:<0.237.0>) Dyn Var (RE): no Match (varname=created_user_url), 

=INFO REPORT==== 22-May-2015::22:13:42 ===
           ts_search:(4:<0.233.0>) Dyn Var (RE): no Match (varname=created_user_id), 

=INFO REPORT==== 22-May-2015::22:13:42 ===
           ts_search:(4:<0.233.0>) Dyn Var (RE): no Match (varname=created_user_url), 

=INFO REPORT==== 22-May-2015::22:13:43 ===
           ts_search:(4:<0.241.0>) DynVar: no value found for var created_user_id

=INFO REPORT==== 22-May-2015::22:13:43 ===
           ts_search:(4:<0.241.0>) Dyn Var (RE): no Match (varname=created_user_id), 

=INFO REPORT==== 22-May-2015::22:13:43 ===
           ts_search:(4:<0.241.0>) Dyn Var (RE): no Match (varname=created_user_url), 

=INFO REPORT==== 22-May-2015::22:13:43 ===
           ts_search:(4:<0.242.0>) DynVar: no value found for var created_user_id

=INFO REPORT==== 22-May-2015::22:13:43 ===
           ts_search:(4:<0.242.0>) Dyn Var (RE): no Match (varname=created_user_id), 

=INFO REPORT==== 22-May-2015::22:13:43 ===
           ts_search:(4:<0.242.0>) Dyn Var (RE): no Match (varname=created_user_url), 

=INFO REPORT==== 22-May-2015::22:13:43 ===
           ts_search:(4:<0.231.0>) DynVar: no value found for var created_user_id

=INFO REPORT==== 22-May-2015::22:13:43 ===
           ts_search:(4:<0.231.0>) Dyn Var (RE): no Match (varname=created_user_id), 

=INFO REPORT==== 22-May-2015::22:13:43 ===
           ts_search:(4:<0.231.0>) Dyn Var (RE): no Match (varname=created_user_url), 

=INFO REPORT==== 22-May-2015::22:13:43 ===
           ts_search:(4:<0.240.0>) DynVar: no value found for var created_user_id

=INFO REPORT==== 22-May-2015::22:13:43 ===
           ts_search:(4:<0.240.0>) Dyn Var (RE): no Match (varname=created_user_id), 

=INFO REPORT==== 22-May-2015::22:13:43 ===
           ts_search:(4:<0.240.0>) Dyn Var (RE): no Match (varname=created_user_url), 

=INFO REPORT==== 22-May-2015::22:13:43 ===
           ts_search:(4:<0.236.0>) DynVar: no value found for var created_user_id

=INFO REPORT==== 22-May-2015::22:13:43 ===
           ts_search:(4:<0.236.0>) Dyn Var (RE): no Match (varname=created_user_id), 

=INFO REPORT==== 22-May-2015::22:13:43 ===
           ts_search:(4:<0.236.0>) Dyn Var (RE): no Match (varname=created_user_url), 

=INFO REPORT==== 22-May-2015::22:13:43 ===
           ts_search:(4:<0.250.0>) DynVar: no value found for var created_user_id

=INFO REPORT==== 22-May-2015::22:13:44 ===
           ts_search:(4:<0.250.0>) Dyn Var (RE): no Match (varname=created_user_id), 

=INFO REPORT==== 22-May-2015::22:13:44 ===
           ts_search:(4:<0.250.0>) Dyn Var (RE): no Match (varname=created_user_url), 

=INFO REPORT==== 22-May-2015::22:13:44 ===
           ts_search:(4:<0.219.0>) DynVar: no value found for var created_user_id

=INFO REPORT==== 22-May-2015::22:13:44 ===
           ts_search:(4:<0.219.0>) Dyn Var (RE): no Match (varname=created_user_id), 

=INFO REPORT==== 22-May-2015::22:13:44 ===
           ts_search:(4:<0.219.0>) Dyn Var (RE): no Match (varname=created_user_url), 

=INFO REPORT==== 22-May-2015::22:13:44 ===
           ts_search:(4:<0.230.0>) DynVar: no value found for var created_user_id

=INFO REPORT==== 22-May-2015::22:13:44 ===
           ts_search:(4:<0.230.0>) Dyn Var (RE): no Match (varname=created_user_id), 

=INFO REPORT==== 22-May-2015::22:13:44 ===
           ts_search:(4:<0.230.0>) Dyn Var (RE): no Match (varname=created_user_url), 

=INFO REPORT==== 22-May-2015::22:13:44 ===
           ts_search:(4:<0.247.0>) DynVar: no value found for var created_user_id

=INFO REPORT==== 22-May-2015::22:13:44 ===
           ts_search:(4:<0.247.0>) Dyn Var (RE): no Match (varname=created_user_id), 

=INFO REPORT==== 22-May-2015::22:13:44 ===
           ts_search:(4:<0.247.0>) Dyn Var (RE): no Match (varname=created_user_url), 

=INFO REPORT==== 22-May-2015::22:13:44 ===
           ts_search:(4:<0.251.0>) DynVar: no value found for var created_user_id

=INFO REPORT==== 22-May-2015::22:13:44 ===
           ts_search:(4:<0.251.0>) Dyn Var (RE): no Match (varname=created_user_id), 

=INFO REPORT==== 22-May-2015::22:13:44 ===
           ts_search:(4:<0.251.0>) Dyn Var (RE): no Match (varname=created_user_url), 

=INFO REPORT==== 22-May-2015::22:13:44 ===
           ts_search:(4:<0.246.0>) DynVar: no value found for var created_user_id

=INFO REPORT==== 22-May-2015::22:13:44 ===
           ts_search:(4:<0.246.0>) Dyn Var (RE): no Match (varname=created_user_id), 

=INFO REPORT==== 22-May-2015::22:13:44 ===
           ts_search:(4:<0.246.0>) Dyn Var (RE): no Match (varname=created_user_url), 

=INFO REPORT==== 22-May-2015::22:13:45 ===
           ts_search:(4:<0.243.0>) DynVar: no value found for var created_user_id

=INFO REPORT==== 22-May-2015::22:13:45 ===
           ts_search:(4:<0.243.0>) Dyn Var (RE): no Match (varname=created_user_id), 

=INFO REPORT==== 22-May-2015::22:13:45 ===
           ts_search:(4:<0.243.0>) Dyn Var (RE): no Match (varname=created_user_url), 

=INFO REPORT==== 22-May-2015::22:13:45 ===
           ts_search:(4:<0.245.0>) DynVar: no value found for var created_user_id

=INFO REPORT==== 22-May-2015::22:13:45 ===
           ts_search:(4:<0.245.0>) Dyn Var (RE): no Match (varname=created_user_id), 

=INFO REPORT==== 22-May-2015::22:13:45 ===
           ts_search:(4:<0.245.0>) Dyn Var (RE): no Match (varname=created_user_url), 

=INFO REPORT==== 22-May-2015::22:13:45 ===
           ts_search:(4:<0.257.0>) DynVar: no value found for var created_user_id

=INFO REPORT==== 22-May-2015::22:13:45 ===
           ts_search:(4:<0.257.0>) Dyn Var (RE): no Match (varname=created_user_id), 

=INFO REPORT==== 22-May-2015::22:13:45 ===
           ts_search:(4:<0.257.0>) Dyn Var (RE): no Match (varname=created_user_url), 

=INFO REPORT==== 22-May-2015::22:13:45 ===
           ts_search:(4:<0.254.0>) DynVar: no value found for var created_user_id

=INFO REPORT==== 22-May-2015::22:13:45 ===
           ts_search:(4:<0.254.0>) Dyn Var (RE): no Match (varname=created_user_id), 

=INFO REPORT==== 22-May-2015::22:13:45 ===
           ts_search:(4:<0.254.0>) Dyn Var (RE): no Match (varname=created_user_url), 

=INFO REPORT==== 22-May-2015::22:13:45 ===
           ts_search:(4:<0.256.0>) DynVar: no value found for var created_user_id

=INFO REPORT==== 22-May-2015::22:13:45 ===
           ts_search:(4:<0.256.0>) Dyn Var (RE): no Match (varname=created_user_id), 

=INFO REPORT==== 22-May-2015::22:13:45 ===
           ts_search:(4:<0.256.0>) Dyn Var (RE): no Match (varname=created_user_url), 

=INFO REPORT==== 22-May-2015::22:13:46 ===
           ts_search:(4:<0.229.0>) DynVar: no value found for var created_user_id

=INFO REPORT==== 22-May-2015::22:13:46 ===
           ts_search:(4:<0.229.0>) Dyn Var (RE): no Match (varname=created_user_id), 

=INFO REPORT==== 22-May-2015::22:13:46 ===
           ts_search:(4:<0.229.0>) Dyn Var (RE): no Match (varname=created_user_url), 

=INFO REPORT==== 22-May-2015::22:13:46 ===
           ts_search:(4:<0.255.0>) DynVar: no value found for var created_user_id

=INFO REPORT==== 22-May-2015::22:13:46 ===
           ts_search:(4:<0.255.0>) Dyn Var (RE): no Match (varname=created_user_id), 

=INFO REPORT==== 22-May-2015::22:13:46 ===
           ts_search:(4:<0.255.0>) Dyn Var (RE): no Match (varname=created_user_url), 

=INFO REPORT==== 22-May-2015::22:13:46 ===
           ts_search:(4:<0.238.0>) DynVar: no value found for var created_user_id

=INFO REPORT==== 22-May-2015::22:13:46 ===
           ts_search:(4:<0.238.0>) Dyn Var (RE): no Match (varname=created_user_id), 

=INFO REPORT==== 22-May-2015::22:13:46 ===
           ts_search:(4:<0.238.0>) Dyn Var (RE): no Match (varname=created_user_url), 

=INFO REPORT==== 22-May-2015::22:13:46 ===
           ts_search:(4:<0.253.0>) DynVar: no value found for var created_user_id

=INFO REPORT==== 22-May-2015::22:13:46 ===
           ts_search:(4:<0.253.0>) Dyn Var (RE): no Match (varname=created_user_id), 

=INFO REPORT==== 22-May-2015::22:13:46 ===
           ts_search:(4:<0.253.0>) Dyn Var (RE): no Match (varname=created_user_url), 

=INFO REPORT==== 22-May-2015::22:13:46 ===
           ts_search:(4:<0.244.0>) DynVar: no value found for var created_user_id

=INFO REPORT==== 22-May-2015::22:13:46 ===
           ts_search:(4:<0.244.0>) Dyn Var (RE): no Match (varname=created_user_id), 

=INFO REPORT==== 22-May-2015::22:13:46 ===
           ts_search:(4:<0.244.0>) Dyn Var (RE): no Match (varname=created_user_url), 

=INFO REPORT==== 22-May-2015::22:13:46 ===
           ts_search:(4:<0.261.0>) DynVar: no value found for var created_user_id

=INFO REPORT==== 22-May-2015::22:13:46 ===
           ts_search:(4:<0.261.0>) Dyn Var (RE): no Match (varname=created_user_id), 

=INFO REPORT==== 22-May-2015::22:13:46 ===
           ts_search:(4:<0.261.0>) Dyn Var (RE): no Match (varname=created_user_url), 

=INFO REPORT==== 22-May-2015::22:13:46 ===
           ts_search:(4:<0.259.0>) DynVar: no value found for var created_user_id

=INFO REPORT==== 22-May-2015::22:13:46 ===
           ts_search:(4:<0.259.0>) Dyn Var (RE): no Match (varname=created_user_id), 

=INFO REPORT==== 22-May-2015::22:13:46 ===
           ts_search:(4:<0.259.0>) Dyn Var (RE): no Match (varname=created_user_url), 

=INFO REPORT==== 22-May-2015::22:13:47 ===
           ts_search:(4:<0.239.0>) DynVar: no value found for var created_user_id

=INFO REPORT==== 22-May-2015::22:13:47 ===
           ts_search:(4:<0.239.0>) Dyn Var (RE): no Match (varname=created_user_id), 

=INFO REPORT==== 22-May-2015::22:13:47 ===
           ts_search:(4:<0.239.0>) Dyn Var (RE): no Match (varname=created_user_url), 

=INFO REPORT==== 22-May-2015::22:13:47 ===
           ts_search:(4:<0.263.0>) DynVar: no value found for var created_user_id

=INFO REPORT==== 22-May-2015::22:13:47 ===
           ts_search:(4:<0.263.0>) Dyn Var (RE): no Match (varname=created_user_id), 

=INFO REPORT==== 22-May-2015::22:13:47 ===
           ts_search:(4:<0.263.0>) Dyn Var (RE): no Match (varname=created_user_url), 

=INFO REPORT==== 22-May-2015::22:13:47 ===
           ts_search:(4:<0.258.0>) DynVar: no value found for var created_user_id

=INFO REPORT==== 22-May-2015::22:13:47 ===
           ts_search:(4:<0.258.0>) Dyn Var (RE): no Match (varname=created_user_id), 

=INFO REPORT==== 22-May-2015::22:13:47 ===
           ts_search:(4:<0.258.0>) Dyn Var (RE): no Match (varname=created_user_url), 

=INFO REPORT==== 22-May-2015::22:13:47 ===
           ts_search:(4:<0.249.0>) DynVar: no value found for var created_user_id

=INFO REPORT==== 22-May-2015::22:13:47 ===
           ts_search:(4:<0.249.0>) Dyn Var (RE): no Match (varname=created_user_id), 

=INFO REPORT==== 22-May-2015::22:13:47 ===
           ts_search:(4:<0.249.0>) Dyn Var (RE): no Match (varname=created_user_url), 

=INFO REPORT==== 22-May-2015::22:13:47 ===
           ts_search:(4:<0.260.0>) DynVar: no value found for var created_user_id

=INFO REPORT==== 22-May-2015::22:13:47 ===
           ts_search:(4:<0.260.0>) Dyn Var (RE): no Match (varname=created_user_id), 

=INFO REPORT==== 22-May-2015::22:13:47 ===
           ts_search:(4:<0.260.0>) Dyn Var (RE): no Match (varname=created_user_url), 

=INFO REPORT==== 22-May-2015::22:13:48 ===
           ts_search:(4:<0.267.0>) DynVar: no value found for var created_user_id

=INFO REPORT==== 22-May-2015::22:13:48 ===
           ts_search:(4:<0.267.0>) Dyn Var (RE): no Match (varname=created_user_id), 

=INFO REPORT==== 22-May-2015::22:13:48 ===
           ts_search:(4:<0.267.0>) Dyn Var (RE): no Match (varname=created_user_url), 

=INFO REPORT==== 22-May-2015::22:13:48 ===
           ts_search:(4:<0.268.0>) DynVar: no value found for var created_user_id

=INFO REPORT==== 22-May-2015::22:13:48 ===
           ts_search:(4:<0.268.0>) Dyn Var (RE): no Match (varname=created_user_id), 

=INFO REPORT==== 22-May-2015::22:13:48 ===
           ts_search:(4:<0.268.0>) Dyn Var (RE): no Match (varname=created_user_url), 

=INFO REPORT==== 22-May-2015::22:13:48 ===
           ts_search:(4:<0.215.0>) DynVar: no value found for var created_user_id

=INFO REPORT==== 22-May-2015::22:13:48 ===
           ts_search:(4:<0.215.0>) Dyn Var (RE): no Match (varname=created_user_id), 

=INFO REPORT==== 22-May-2015::22:13:48 ===
           ts_search:(4:<0.215.0>) Dyn Var (RE): no Match (varname=created_user_url), 

=INFO REPORT==== 22-May-2015::22:13:49 ===
           ts_search:(4:<0.262.0>) DynVar: no value found for var created_user_id

=INFO REPORT==== 22-May-2015::22:13:49 ===
           ts_search:(4:<0.262.0>) Dyn Var (RE): no Match (varname=created_user_id), 

=INFO REPORT==== 22-May-2015::22:13:49 ===
           ts_search:(4:<0.262.0>) Dyn Var (RE): no Match (varname=created_user_url), 

=INFO REPORT==== 22-May-2015::22:13:49 ===
           ts_search:(4:<0.252.0>) DynVar: no value found for var created_user_id

=INFO REPORT==== 22-May-2015::22:13:49 ===
           ts_search:(4:<0.252.0>) Dyn Var (RE): no Match (varname=created_user_id), 

=INFO REPORT==== 22-May-2015::22:13:49 ===
           ts_search:(4:<0.252.0>) Dyn Var (RE): no Match (varname=created_user_url), 

=INFO REPORT==== 22-May-2015::22:13:49 ===
           ts_search:(4:<0.270.0>) DynVar: no value found for var created_user_id

=INFO REPORT==== 22-May-2015::22:13:49 ===
           ts_search:(4:<0.270.0>) Dyn Var (RE): no Match (varname=created_user_id), 

=INFO REPORT==== 22-May-2015::22:13:49 ===
           ts_search:(4:<0.270.0>) Dyn Var (RE): no Match (varname=created_user_url), 

=INFO REPORT==== 22-May-2015::22:13:49 ===
           ts_search:(4:<0.269.0>) DynVar: no value found for var created_user_id

=INFO REPORT==== 22-May-2015::22:13:49 ===
           ts_search:(4:<0.273.0>) DynVar: no value found for var created_user_id

=INFO REPORT==== 22-May-2015::22:13:49 ===
           ts_search:(4:<0.269.0>) Dyn Var (RE): no Match (varname=created_user_id), 

=INFO REPORT==== 22-May-2015::22:13:49 ===
           ts_search:(4:<0.269.0>) Dyn Var (RE): no Match (varname=created_user_url), 

=INFO REPORT==== 22-May-2015::22:13:49 ===
           ts_search:(4:<0.273.0>) Dyn Var (RE): no Match (varname=created_user_id), 

=INFO REPORT==== 22-May-2015::22:13:49 ===
           ts_search:(4:<0.273.0>) Dyn Var (RE): no Match (varname=created_user_url), 

=INFO REPORT==== 22-May-2015::22:13:50 ===
           ts_search:(4:<0.271.0>) DynVar: no value found for var created_user_id

=INFO REPORT==== 22-May-2015::22:13:50 ===
           ts_search:(4:<0.271.0>) Dyn Var (RE): no Match (varname=created_user_id), 

=INFO REPORT==== 22-May-2015::22:13:50 ===
           ts_search:(4:<0.271.0>) Dyn Var (RE): no Match (varname=created_user_url), 

=INFO REPORT==== 22-May-2015::22:13:50 ===
           ts_search:(4:<0.274.0>) DynVar: no value found for var created_user_id

=INFO REPORT==== 22-May-2015::22:13:50 ===
           ts_search:(4:<0.274.0>) Dyn Var (RE): no Match (varname=created_user_id), 

=INFO REPORT==== 22-May-2015::22:13:50 ===
           ts_search:(4:<0.274.0>) Dyn Var (RE): no Match (varname=created_user_url), 

=INFO REPORT==== 22-May-2015::22:13:50 ===
           ts_search:(4:<0.265.0>) DynVar: no value found for var created_user_id

=INFO REPORT==== 22-May-2015::22:13:50 ===
           ts_search:(4:<0.265.0>) Dyn Var (RE): no Match (varname=created_user_id), 

=INFO REPORT==== 22-May-2015::22:13:50 ===
           ts_search:(4:<0.265.0>) Dyn Var (RE): no Match (varname=created_user_url), 

=INFO REPORT==== 22-May-2015::22:13:51 ===
           ts_search:(4:<0.276.0>) DynVar: no value found for var created_user_id

=INFO REPORT==== 22-May-2015::22:13:51 ===
           ts_search:(4:<0.276.0>) Dyn Var (RE): no Match (varname=created_user_id), 

=INFO REPORT==== 22-May-2015::22:13:51 ===
           ts_search:(4:<0.276.0>) Dyn Var (RE): no Match (varname=created_user_url), 

=INFO REPORT==== 22-May-2015::22:13:51 ===
           ts_search:(4:<0.277.0>) DynVar: no value found for var created_user_id

=INFO REPORT==== 22-May-2015::22:13:51 ===
           ts_search:(4:<0.277.0>) Dyn Var (RE): no Match (varname=created_user_id), 

=INFO REPORT==== 22-May-2015::22:13:51 ===
           ts_search:(4:<0.277.0>) Dyn Var (RE): no Match (varname=created_user_url), 

=INFO REPORT==== 22-May-2015::22:13:51 ===
           ts_search:(4:<0.266.0>) DynVar: no value found for var created_user_id

=INFO REPORT==== 22-May-2015::22:13:51 ===
           ts_search:(4:<0.266.0>) Dyn Var (RE): no Match (varname=created_user_id), 

=INFO REPORT==== 22-May-2015::22:13:51 ===
           ts_search:(4:<0.266.0>) Dyn Var (RE): no Match (varname=created_user_url), 

=INFO REPORT==== 22-May-2015::22:13:51 ===
           ts_search:(4:<0.278.0>) DynVar: no value found for var created_user_id

=INFO REPORT==== 22-May-2015::22:13:51 ===
           ts_search:(4:<0.278.0>) Dyn Var (RE): no Match (varname=created_user_id), 

=INFO REPORT==== 22-May-2015::22:13:51 ===
           ts_search:(4:<0.278.0>) Dyn Var (RE): no Match (varname=created_user_url), 

=INFO REPORT==== 22-May-2015::22:13:52 ===
           ts_search:(4:<0.275.0>) DynVar: no value found for var created_user_id

=INFO REPORT==== 22-May-2015::22:13:52 ===
           ts_search:(4:<0.275.0>) Dyn Var (RE): no Match (varname=created_user_id), 

=INFO REPORT==== 22-May-2015::22:13:52 ===
           ts_search:(4:<0.275.0>) Dyn Var (RE): no Match (varname=created_user_url), 

=INFO REPORT==== 22-May-2015::22:13:53 ===
           ts_search:(4:<0.248.0>) DynVar: no value found for var created_user_id

=INFO REPORT==== 22-May-2015::22:13:53 ===
           ts_search:(4:<0.248.0>) Dyn Var (RE): no Match (varname=created_user_id), 

=INFO REPORT==== 22-May-2015::22:13:53 ===
           ts_search:(4:<0.248.0>) Dyn Var (RE): no Match (varname=created_user_url), 

=INFO REPORT==== 22-May-2015::22:13:53 ===
           ts_search:(4:<0.279.0>) DynVar: no value found for var created_user_id

=INFO REPORT==== 22-May-2015::22:13:53 ===
           ts_search:(4:<0.279.0>) Dyn Var (RE): no Match (varname=created_user_id), 

=INFO REPORT==== 22-May-2015::22:13:53 ===
           ts_search:(4:<0.279.0>) Dyn Var (RE): no Match (varname=created_user_url), 

=INFO REPORT==== 22-May-2015::22:13:53 ===
           ts_search:(4:<0.280.0>) DynVar: no value found for var created_user_id

=INFO REPORT==== 22-May-2015::22:13:53 ===
           ts_search:(4:<0.280.0>) Dyn Var (RE): no Match (varname=created_user_id), 

=INFO REPORT==== 22-May-2015::22:13:53 ===
           ts_search:(4:<0.280.0>) Dyn Var (RE): no Match (varname=created_user_url), 

=INFO REPORT==== 22-May-2015::22:13:53 ===
           ts_search:(4:<0.281.0>) DynVar: no value found for var created_user_id

=INFO REPORT==== 22-May-2015::22:13:53 ===
           ts_search:(4:<0.281.0>) Dyn Var (RE): no Match (varname=created_user_id), 

=INFO REPORT==== 22-May-2015::22:13:53 ===
           ts_search:(4:<0.281.0>) Dyn Var (RE): no Match (varname=created_user_url), 

=INFO REPORT==== 22-May-2015::22:13:54 ===
           ts_search:(4:<0.282.0>) DynVar: no value found for var created_user_id

=INFO REPORT==== 22-May-2015::22:13:54 ===
           ts_search:(4:<0.282.0>) Dyn Var (RE): no Match (varname=created_user_id), 

=INFO REPORT==== 22-May-2015::22:13:54 ===
           ts_search:(4:<0.282.0>) Dyn Var (RE): no Match (varname=created_user_url), 

=INFO REPORT==== 22-May-2015::22:13:54 ===
           ts_search:(4:<0.284.0>) DynVar: no value found for var created_user_id

=INFO REPORT==== 22-May-2015::22:13:54 ===
           ts_search:(4:<0.284.0>) Dyn Var (RE): no Match (varname=created_user_id), 

=INFO REPORT==== 22-May-2015::22:13:54 ===
           ts_search:(4:<0.284.0>) Dyn Var (RE): no Match (varname=created_user_url), 

=INFO REPORT==== 22-May-2015::22:13:54 ===
           ts_search:(4:<0.286.0>) DynVar: no value found for var created_user_id

=INFO REPORT==== 22-May-2015::22:13:54 ===
           ts_search:(4:<0.286.0>) Dyn Var (RE): no Match (varname=created_user_id), 

=INFO REPORT==== 22-May-2015::22:13:54 ===
           ts_search:(4:<0.286.0>) Dyn Var (RE): no Match (varname=created_user_url), 

=INFO REPORT==== 22-May-2015::22:13:54 ===
           ts_search:(4:<0.272.0>) DynVar: no value found for var created_user_id

=INFO REPORT==== 22-May-2015::22:13:54 ===
           ts_search:(4:<0.272.0>) Dyn Var (RE): no Match (varname=created_user_id), 

=INFO REPORT==== 22-May-2015::22:13:54 ===
           ts_search:(4:<0.272.0>) Dyn Var (RE): no Match (varname=created_user_url), 

=INFO REPORT==== 22-May-2015::22:13:54 ===
           ts_search:(4:<0.283.0>) DynVar: no value found for var created_user_id

=INFO REPORT==== 22-May-2015::22:13:54 ===
           ts_search:(4:<0.283.0>) Dyn Var (RE): no Match (varname=created_user_id), 

=INFO REPORT==== 22-May-2015::22:13:54 ===
           ts_search:(4:<0.283.0>) Dyn Var (RE): no Match (varname=created_user_url), 

=INFO REPORT==== 22-May-2015::22:13:56 ===
           ts_search:(4:<0.285.0>) DynVar: no value found for var created_user_id

=INFO REPORT==== 22-May-2015::22:13:56 ===
           ts_search:(4:<0.285.0>) Dyn Var (RE): no Match (varname=created_user_id), 

=INFO REPORT==== 22-May-2015::22:13:56 ===
           ts_search:(4:<0.285.0>) Dyn Var (RE): no Match (varname=created_user_url), 

=INFO REPORT==== 22-May-2015::22:13:56 ===
           ts_search:(4:<0.291.0>) DynVar: no value found for var created_user_id

=INFO REPORT==== 22-May-2015::22:13:56 ===
           ts_search:(4:<0.291.0>) Dyn Var (RE): no Match (varname=created_user_id), 

=INFO REPORT==== 22-May-2015::22:13:56 ===
           ts_search:(4:<0.291.0>) Dyn Var (RE): no Match (varname=created_user_url), 

=INFO REPORT==== 22-May-2015::22:13:57 ===
           ts_search:(4:<0.292.0>) DynVar: no value found for var created_user_id

=INFO REPORT==== 22-May-2015::22:13:57 ===
           ts_search:(4:<0.292.0>) Dyn Var (RE): no Match (varname=created_user_id), 

=INFO REPORT==== 22-May-2015::22:13:57 ===
           ts_search:(4:<0.292.0>) Dyn Var (RE): no Match (varname=created_user_url), 

=INFO REPORT==== 22-May-2015::22:13:57 ===
         ts_launcher:(5:<0.74.0>) Phase duration exceeded, but not all users were launched (5 users, 4.2% of phase)

=INFO REPORT==== 22-May-2015::22:13:57 ===
         ts_launcher:(5:<0.74.0>) This was the last phase, wait for connected users to finish their session

=INFO REPORT==== 22-May-2015::22:13:57 ===
     ts_launcher_mgr:(5:<0.69.0>) Still 5 active client(s)

=INFO REPORT==== 22-May-2015::22:13:57 ===
           ts_search:(4:<0.287.0>) DynVar: no value found for var created_user_id

=INFO REPORT==== 22-May-2015::22:13:57 ===
           ts_search:(4:<0.287.0>) Dyn Var (RE): no Match (varname=created_user_id), 

=INFO REPORT==== 22-May-2015::22:13:57 ===
           ts_search:(4:<0.287.0>) Dyn Var (RE): no Match (varname=created_user_url), 

=INFO REPORT==== 22-May-2015::22:13:59 ===
           ts_search:(4:<0.288.0>) DynVar: no value found for var created_user_id

=INFO REPORT==== 22-May-2015::22:13:59 ===
           ts_search:(4:<0.288.0>) Dyn Var (RE): no Match (varname=created_user_id), 

=INFO REPORT==== 22-May-2015::22:13:59 ===
           ts_search:(4:<0.288.0>) Dyn Var (RE): no Match (varname=created_user_url), 

=INFO REPORT==== 22-May-2015::22:13:59 ===
           ts_search:(4:<0.290.0>) DynVar: no value found for var created_user_id

=INFO REPORT==== 22-May-2015::22:13:59 ===
           ts_search:(4:<0.290.0>) Dyn Var (RE): no Match (varname=created_user_id), 

=INFO REPORT==== 22-May-2015::22:13:59 ===
           ts_search:(4:<0.290.0>) Dyn Var (RE): no Match (varname=created_user_url), 

=INFO REPORT==== 22-May-2015::22:14:00 ===
           ts_search:(4:<0.289.0>) DynVar: no value found for var created_user_id

=INFO REPORT==== 22-May-2015::22:14:00 ===
           ts_search:(4:<0.289.0>) Dyn Var (RE): no Match (varname=created_user_id), 

=INFO REPORT==== 22-May-2015::22:14:00 ===
           ts_search:(4:<0.289.0>) Dyn Var (RE): no Match (varname=created_user_url), 

=INFO REPORT==== 22-May-2015::22:14:03 ===
           ts_search:(4:<0.294.0>) DynVar: no value found for var created_user_id

=INFO REPORT==== 22-May-2015::22:14:03 ===
           ts_search:(4:<0.294.0>) Dyn Var (RE): no Match (varname=created_user_id), 

=INFO REPORT==== 22-May-2015::22:14:03 ===
           ts_search:(4:<0.294.0>) Dyn Var (RE): no Match (varname=created_user_url), 

=INFO REPORT==== 22-May-2015::22:14:57 ===
     ts_launcher_mgr:(5:<0.69.0>) No more active users 'tsung_controller@ip-172-31-43-49' "2267"

=INFO REPORT==== 22-May-2015::22:14:57 ===
              ts_mon:(5:<0.40.0>) stopping monitor (normal)
