# stats: dump at 1432332746
stats: users 0 0
stats: users_count 0 0
stats: finish_users_count 0 0
# stats: dump at 1432332756
stats: users 0 4
stats: session 9 1516.4610188802083 904.8063510750604 2645.2548828125 75.787109375 0 0
stats: users_count 9 9
stats: finish_users_count 9 9
stats: 302 9 9
stats: request 27 62.34801793981482 188.5591603683063 873.762939453125 7.532958984375 0 0
stats: connect 9 155.70852322048611 299.08215859174476 859.923095703125 1.13623046875 0 0
stats: page 27 62.34801793981482 188.5591603683063 873.762939453125 7.532958984375 0 0
stats: 200 9 9
stats: size_rcv 63684 63684
stats: 422 9 9
stats: size_sent 14949 14949
stats: connected 0 0
# stats: dump at 1432332766
stats: users 6 8
stats: session 5 889.379638671875 645.3582598060434 2645.2548828125 75.787109375 1516.4610188802083 9
stats: users_count 11 20
stats: finish_users_count 5 14
stats: request 19 11.063669305098685 3.139730747781259 873.762939453125 7.532958984375 62.34801793981482 27
stats: page 19 11.063669305098685 3.139730747781259 873.762939453125 7.532958984375 62.34801793981482 27
stats: connect 11 1.1446644176136365 0.12847312119552165 859.923095703125 0.869140625 155.70852322048611 9
stats: 302 11 20
stats: 200 5 14
stats: size_rcv 29249 92933
stats: 422 4 13
stats: size_sent 8474 23423
stats: connected 7 7
# stats: dump at 1432332776
stats: users 0 8
stats: session 16 2587.0977325439453 1928.03039441835 6226.239990234375 75.787109375 1292.503383091518 14
stats: users_count 10 30
stats: finish_users_count 16 30
stats: request 44 10.308449485085227 3.1489640267494026 873.762939453125 7.4609375 41.165352199388586 46
stats: page 44 10.308449485085227 3.1489640267494026 873.762939453125 7.4609375 41.165352199388586 46
stats: connect 10 1.826171875 2.353069704477557 859.923095703125 0.7919921875 70.69840087890626 20
stats: 302 10 30
stats: 200 16 30
stats: size_rcv 119347 212280
stats: 422 17 30
stats: size_sent 26407 49830
stats: connected -7 0
# stats: dump at 1432332786
stats: users 5 8
stats: session 11 1340.6315252130682 826.6341709941714 6226.239990234375 75.787109375 1982.953702799479 30
stats: users_count 16 46
stats: finish_users_count 11 41
stats: 302 15 45
stats: request 37 13.21580711570946 6.888996402875884 873.762939453125 7.4609375 26.079755316840277 90
stats: page 37 13.21580711570946 6.888996402875884 873.762939453125 7.4609375 26.079755316840277 90
stats: connect 15 1.3299641927083334 0.39748363999689196 859.923095703125 0.7919921875 47.7409912109375 30
stats: 200 11 41
stats: size_rcv 78376 290656
stats: 422 11 41
stats: newphase 1 1
stats: size_sent 18967 68797
stats: connected 4 4
# stats: dump at 1432332796
stats: users 8 8
stats: session 22 1633.6303932883523 1660.4316962598932 6412.468994140625 75.787109375 1810.6233624714177 41
stats: users_count 25 71
stats: finish_users_count 22 63
stats: request 68 10.983412798713236 3.988344513843036 873.762939453125 7.4609375 22.331990880290356 127
stats: page 68 10.983412798713236 3.988344513843036 873.762939453125 7.4609375 22.331990880290356 127
stats: 302 24 69
stats: connect 24 1.2094523111979167 0.5803752567025634 859.923095703125 0.7919921875 32.270648871527776 45
stats: 200 22 63
stats: size_rcv 155942 446598
stats: 422 22 63
stats: newphase 0 1
stats: size_sent 36890 105687
stats: connected 2 6
# stats: dump at 1432332806
stats: users 6 8
stats: session 21 1654.046177455357 1338.0179650311627 6412.468994140625 75.787109375 1748.8162938678076 63
stats: users_count 19 90
stats: finish_users_count 21 84
stats: request 63 9.484634641617065 1.722408398016598 873.762939453125 7.215087890625 18.374538010817307 195
stats: page 63 9.484634641617065 1.722408398016598 873.762939453125 7.215087890625 18.374538010817307 195
stats: connect 21 1.1953125 0.8352107482472156 859.923095703125 0.7919921875 21.46675441576087 69
stats: 302 21 90
stats: 200 21 84
stats: size_rcv 148596 595194
stats: 422 21 84
stats: newphase 0 1
stats: size_sent 34881 140568
stats: connected 0 6
# stats: dump at 1432332816
stats: users 7 13
stats: session 39 2119.6435046073716 2333.9532684871915 9660.18994140625 75.787109375 1725.123764764695 84
stats: users_count 40 130
stats: finish_users_count 39 123
stats: 302 39 129
stats: request 117 11.774105235042734 5.04859683646742 873.762939453125 7.215087890625 16.2037476532219 258
stats: page 117 11.774105235042734 5.04859683646742 873.762939453125 7.215087890625 16.2037476532219 258
stats: connect 39 1.5060596955128205 1.378135401816426 859.923095703125 0.7919921875 16.736751302083334 90
stats: 200 39 123
stats: size_rcv 276526 871720
stats: 422 39 123
stats: newphase 1 2
stats: size_sent 64779 205347
stats: connected 0 6
# stats: dump at 1432332826
stats: users 10 15
stats: session 43 1800.012331940407 1649.8232807036889 9660.18994140625 75.787109375 1850.2153895928607 123
stats: users_count 46 176
stats: finish_users_count 43 166
stats: request 130 10.665157376802886 3.467038867474945 873.762939453125 7.050048828125 14.82169921875 375
stats: connect 46 1.2883247707201089 0.8775252729568856 859.923095703125 0.77099609375 12.132123607073643 129
stats: page 130 10.665157376802886 3.467038867474945 873.762939453125 7.050048828125 14.82169921875 375
stats: 302 46 175
stats: 200 42 165
stats: size_rcv 297732 1169452
stats: 422 42 165
stats: newphase 0 2
stats: size_sent 71070 276417
stats: connected 4 10
# stats: dump at 1432332836
stats: users 5 15
stats: session 33 2184.748505563447 2717.081142125346 12173.10693359375 49.157958984375 1837.2109830925262 166
stats: users_count 28 204
stats: finish_users_count 33 199
stats: request 93 9.815014910954298 2.689555533386335 873.762939453125 7.050048828125 13.751698348545792 505
stats: page 93 9.815014910954298 2.689555533386335 873.762939453125 7.050048828125 13.751698348545792 505
stats: 302 27 202
stats: connect 27 1.0084544994212965 0.17010370286181709 859.923095703125 0.77099609375 9.281753627232144 175
stats: 200 33 198
stats: size_rcv 232698 1402150
stats: 422 33 198
stats: newphase 0 2
stats: size_sent 53157 329574
stats: connected -6 4
# stats: dump at 1432332846
stats: users 0 15
stats: session 6 3472.3873291015625 1641.143721145184 12173.10693359375 49.157958984375 1894.8428335525282 199
stats: users_count 1 205
stats: finish_users_count 6 205
stats: request 17 10.640940946691176 2.6785838952955294 873.762939453125 7.050048828125 13.139471660090928 598
stats: page 17 10.640940946691176 2.6785838952955294 873.762939453125 7.050048828125 13.139471660090928 598
stats: 302 3 205
stats: connect 3 1.98876953125 1.3492820037227837 859.923095703125 0.77099609375 8.17591661509901 202
stats: 200 7 205
stats: size_rcv 48992 1451142
stats: 422 7 205
stats: newphase 0 2
stats: size_sent 10931 340505
stats: connected -4 0
# stats: dump at 1432332856
stats: users 0 15
stats: session 0 0 0 12173.10693359375 49.157958984375 1941.0148675685975 205
stats: users_count 0 205
stats: finish_users_count 0 205
stats: request 0 0 0 873.762939453125 7.050048828125 13.070406583460366 615
stats: 302 0 205
stats: page 0 0 0 873.762939453125 7.050048828125 13.070406583460366 615
stats: connect 0 0 0 859.923095703125 0.77099609375 8.085372999237807 205
stats: 200 0 205
stats: size_rcv 0 1451142
stats: 422 0 205
stats: newphase 0 2
stats: size_sent 0 340505
stats: connected 0 0
# stats: dump at 1432332866
stats: users 0 15
stats: session 0 0 0 12173.10693359375 49.157958984375 1941.0148675685975 205
stats: users_count 0 205
stats: finish_users_count 0 205
stats: request 0 0 0 873.762939453125 7.050048828125 13.070406583460366 615
stats: connect 0 0 0 859.923095703125 0.77099609375 8.085372999237807 205
stats: page 0 0 0 873.762939453125 7.050048828125 13.070406583460366 615
stats: 302 0 205
stats: 200 0 205
stats: size_rcv 0 1451142
stats: 422 0 205
stats: newphase 0 2
stats: size_sent 0 340505
stats: connected 0 0
# stats: dump at 1432332876
stats: users 0 15
stats: session 0 0 0 12173.10693359375 49.157958984375 1941.0148675685975 205
stats: users_count 0 205
stats: finish_users_count 0 205
stats: connect 0 0 0 859.923095703125 0.77099609375 8.085372999237807 205
stats: request 0 0 0 873.762939453125 7.050048828125 13.070406583460366 615
stats: page 0 0 0 873.762939453125 7.050048828125 13.070406583460366 615
stats: 302 0 205
stats: 200 0 205
stats: size_rcv 0 1451142
stats: 422 0 205
stats: newphase 0 2
stats: size_sent 0 340505
stats: connected 0 0
# stats: dump at 1432332886
stats: users 0 15
stats: session 0 0 0 12173.10693359375 49.157958984375 1941.0148675685975 205
stats: users_count 0 205
stats: finish_users_count 0 205
stats: request 0 0 0 873.762939453125 7.050048828125 13.070406583460366 615
stats: connect 0 0 0 859.923095703125 0.77099609375 8.085372999237807 205
stats: page 0 0 0 873.762939453125 7.050048828125 13.070406583460366 615
stats: 302 0 205
stats: 200 0 205
stats: size_rcv 0 1451142
stats: 422 0 205
stats: newphase 0 2
stats: size_sent 0 340505
stats: connected 0 0
# stats: dump at 1432332896
stats: users 0 15
stats: session 0 0 0 12173.10693359375 49.157958984375 1941.0148675685975 205
stats: users_count 0 205
stats: finish_users_count 0 205
stats: request 0 0 0 873.762939453125 7.050048828125 13.070406583460366 615
stats: connect 0 0 0 859.923095703125 0.77099609375 8.085372999237807 205
stats: page 0 0 0 873.762939453125 7.050048828125 13.070406583460366 615
stats: 302 0 205
stats: 200 0 205
stats: size_rcv 0 1451142
stats: 422 0 205
stats: newphase 0 2
stats: size_sent 0 340505
stats: connected 0 0
# stats: dump at 1432332897
stats: users 0 15
stats: session 0 0 0 12173.10693359375 49.157958984375 1941.0148675685975 205
stats: users_count 0 205
stats: finish_users_count 0 205
stats: connect 0 0 0 859.923095703125 0.77099609375 8.085372999237807 205
stats: request 0 0 0 873.762939453125 7.050048828125 13.070406583460366 615
stats: page 0 0 0 873.762939453125 7.050048828125 13.070406583460366 615
stats: 302 0 205
stats: 200 0 205
stats: size_rcv 0 1451142
stats: 422 0 205
stats: newphase 0 2
stats: size_sent 0 340505
stats: connected 0 0
EndMonitor:{1432,332897,387856}
