# stats: dump at 1433122950
stats: users 0 0
stats: users_count 0 0
stats: finish_users_count 0 0
# stats: dump at 1433122960
stats: users 27 27
stats: users_count 27 27
stats: finish_users_count 0 0
stats: request 37 356.6954906566723 621.7258244418391 2713.77587890625 13.06787109375 0 0
stats: page 14 943.2625209263393 880.0140160490906 2980.322998046875 63.241943359375 0 0
stats: connect 25 62.85140625 211.54652693200356 1064.839111328125 1.73583984375 0 0
stats: 302 23 23
stats: 200 14 14
stats: size_rcv 102687 102687
stats: newphase 1 1
stats: size_sent 45599 45599
stats: connected 25 25
# stats: dump at 1433122970
stats: users 45 45
stats: users_count 18 45
stats: finish_users_count 0 0
stats: request 78 2567.430006760817 3470.528520345674 13206.049072265625 8.429931640625 356.6954906566723 37
stats: page 31 5688.119353263609 3707.9066211090253 13206.049072265625 63.241943359375 943.2625209263393 14
stats: connect 20 3.64219970703125 2.7395641662588326 1064.839111328125 1.73583984375 62.85140625 25
stats: 302 45 68
stats: 200 35 49
stats: size_rcv 65701633 65804320
stats: newphase 0 1
stats: size_sent 78273 123872
stats: connected 19 44
stats: 400 1 1
# stats: dump at 1433122980
stats: users 61 61
stats: users_count 16 61
stats: finish_users_count 0 0
stats: request 74 4265.3272144214525 4313.709517841782 16518.220947265625 8.429931640625 1856.1502059273096 115
stats: page 37 7925.845934068834 4285.3654065317405 16518.220947265625 63.241943359375 4211.9416720920135 45
stats: connect 17 2.3581399356617645 0.3504725042737481 1064.839111328125 1.678955078125 36.53620334201389 45
stats: 302 32 100
stats: 200 39 88
stats: size_rcv 64542877 130347197
stats: newphase 0 1
stats: size_sent 70853 194725
stats: connected 17 61
stats: 400 0 1
stats: 404 1 1
# stats: dump at 1433122990
stats: users 111 111
stats: session 1 34656.408935546875 0 34656.408935546875 34656.408935546875 0 0
stats: users_count 51 112
stats: finish_users_count 1 1
stats: request 127 4757.898397130289 4999.433327151127 19182.14111328125 1.512939453125 2799.4258600467097 189
stats: page 54 11093.099812825521 5687.343332328127 23492.031005859375 63.241943359375 5887.727741520579 82
stats: connect 52 3.8498065655048084 3.068046210174126 1064.839111328125 1.678955078125 27.164798859627016 62
stats: 302 59 159
stats: 200 64 152
stats: size_rcv 71937637 202284834
stats: newphase 1 2
stats: size_sent 136460 331185
stats: connected 49 110
stats: 400 2 3
stats: 404 2 3
# stats: dump at 1433123000
stats: users 145 145
stats: session 2 44570.3544921875 1071.274658203125 45641.629150390625 34656.408935546875 34656.408935546875 1
stats: users_count 36 148
stats: finish_users_count 2 3
stats: request 82 10087.592654344513 3415.8004560291397 21053.954833984375 1.450927734375 3586.533493621439 316
stats: page 30 12839.842895507813 4850.041443191491 23492.031005859375 63.241943359375 7954.566652185777 136
stats: connect 37 3.1191802153716215 1.920524065797279 1064.839111328125 1.5419921875 16.52989009388706 114
stats: 302 37 196
stats: 200 36 188
stats: size_rcv 72140251 274425085
stats: newphase 0 2
stats: size_sent 88625 419810
stats: connected 33 143
stats: 400 2 5
stats: 404 6 9
# stats: dump at 1433123010
stats: users 175 175
stats: session 3 46477.5654296875 3553.7194423945457 49164.85595703125 34656.408935546875 41265.70597330729 3
stats: users_count 33 181
stats: finish_users_count 3 6
stats: request 144 4805.352717081706 4608.408990040573 21361.93798828125 1.450927734375 4925.947692564385 398
stats: page 70 13422.068136160715 5828.20159579619 23492.031005859375 63.241943359375 8837.447900978916 166
stats: connect 35 4.2781947544642875 2.465187924021378 1064.839111328125 1.5419921875 13.243822110409768 151
stats: 302 66 262
stats: 200 67 255
stats: size_rcv 64776845 339201930
stats: newphase 0 2
stats: size_sent 143968 563778
stats: connected 32 175
stats: 400 0 5
stats: 404 11 20
# stats: dump at 1433123020
stats: users 236 236
stats: session 2 61344.39099121094 5278.6260986328125 66623.01708984375 34656.408935546875 43871.6357014974 6
stats: users_count 63 244
stats: finish_users_count 2 8
stats: request 51 8033.4184474571075 10652.031544268933 28190.699951171875 1.450927734375 4893.907699078211 542
stats: page 30 9923.057120768231 10969.324451025088 28190.699951171875 2.365966796875 10197.292885990466 236
stats: connect 60 2.66572265625 2.8007168778133944 1064.839111328125 1.5419921875 11.556741693968414 186
stats: 302 5 267
stats: 200 15 270
stats: size_rcv 67409187 406611117
stats: newphase 1 3
stats: size_sent 51017 614795
stats: connected 58 233
stats: 400 0 5
stats: 503 30 30
stats: 404 1 21
# stats: dump at 1433123030
stats: users 307 309
stats: session 18 39093.13003200955 26401.819901849987 71178.1728515625 1089.333984375 48239.82452392578 8
stats: users_count 89 333
stats: finish_users_count 18 26
stats: request 532 2367.684953044232 7894.074385319537 38128.718017578125 1.015869140625 5163.916212007931 593
stats: page 283 2884.4536357111315 9020.037370670789 53961.322021484375 1.76611328125 10166.36404028871 266
stats: connect 103 2.041304801274271 0.38490118295141096 1064.839111328125 1.527099609375 9.388200465256606 246
stats: 302 17 284
stats: 200 23 293
stats: size_rcv 68493137 475104254
stats: newphase 0 3
stats: size_sent 259996 874791
stats: connected 74 307
stats: 400 13 18
stats: 503 473 503
stats: 404 6 27
# stats: dump at 1433123040
stats: users 334 343
stats: session 55 26836.92069868608 27579.60768272283 87323.02099609375 1089.333984375 41907.49756798377 26
stats: users_count 82 415
stats: finish_users_count 55 81
stats: request 783 4332.016260139782 10296.136376125703 43907.43212890625 1.015869140625 3841.6095188802083 1125
stats: page 407 5460.996769185733 13410.236747275865 53961.322021484375 1.755859375 6412.66523428606 549
stats: connect 99 2.1066351996527777 0.39341236351668035 1064.839111328125 1.527099609375 7.21991893691798 349
stats: 302 137 421
stats: 200 48 341
stats: size_rcv 75106699 550210953
stats: newphase 0 3
stats: size_sent 413715 1288506
stats: connected 30 337
stats: 400 15 33
stats: 503 572 1075
stats: 404 11 38
# stats: dump at 1433123050
stats: users 376 379
stats: session 99 30488.367281210543 24502.726599238194 88981.32202148438 1089.333984375 31674.38981722608 81
stats: users_count 141 556
stats: finish_users_count 99 180
stats: request 1002 712.307554081291 4257.01480878865 44598.10400390625 0.135009765625 4042.8613419442786 1908
stats: page 621 3712.568853946503 10815.074860303923 63976.4208984375 1.755859375 6007.509308244394 956
stats: connect 155 2.3405808971774187 1.206817529172211 1064.839111328125 1.502197265625 6.089974539620536 448
stats: 302 52 473
stats: 504 1 1
stats: 200 70 411
stats: size_rcv 63724689 613935642
stats: newphase 1 4
stats: size_sent 533119 1821625
stats: connected 37 374
stats: 400 24 57
stats: 503 848 1923
stats: 404 5 43
# stats: dump at 1433123060
stats: users 428 433
stats: session 112 25041.419217790874 27442.00819113758 101003.55102539063 1089.333984375 31022.077422417533 180
stats: users_count 164 720
stats: finish_users_count 112 292
stats: request 1212 993.2169614483419 6581.842598985041 53273.078857421875 0.135009765625 2896.0520995254765 2910
stats: page 708 1483.0607082560912 8364.975182997408 76480.07397460938 1.755859375 5103.794646152453 1577
stats: connect 199 2.0179535372173354 0.48354280647335474 1064.839111328125 1.502197265625 5.126200054415423 603
stats: 302 7 480
stats: 504 2 3
stats: 200 15 426
stats: size_rcv 63844528 677780170
stats: newphase 0 4
stats: size_sent 539064 2360689
stats: connected 48 422
stats: 400 33 90
stats: 503 1147 3070
stats: 404 8 51
# stats: dump at 1433123070
stats: users 472 476
stats: session 124 28282.3573726531 27269.42730108282 112012.408203125 1089.333984375 28728.126330231968 292
stats: users_count 168 888
stats: finish_users_count 124 416
stats: request 1371 2943.286180892708 9847.555569357484 56774.993896484375 0.135009765625 2336.5576338899873 4122
stats: page 786 3350.8845208631496 11748.871890382376 76480.07397460938 1.755859375 3981.9217236007576 2285
stats: connect 200 1.98468017578125 0.3553558872593347 1064.839111328125 1.502197265625 4.354951853764027 802
stats: 302 119 599
stats: 504 0 3
stats: 200 35 461
stats: size_rcv 61792450 739572620
stats: newphase 0 4
stats: size_sent 669577 3030266
stats: connected 51 473
stats: 400 28 118
stats: 503 1176 4246
stats: 404 13 64
# stats: dump at 1433123080
stats: users 599 600
stats: session 166 26043.658700230622 24983.84901375575 112012.408203125 1089.333984375 28595.252890953652 416
stats: users_count 293 1181
stats: finish_users_count 166 582
stats: request 2067 666.1329015575855 3699.1366625687524 56774.993896484375 0.10595703125 2487.9912472052483 5493
stats: page 1195 2457.816083861797 10038.824707010917 76480.07397460938 1.721923828125 3820.4123646454464 3071
stats: connect 340 2.0286218979779393 0.7330130069387923 1064.839111328125 1.283935546875 3.881843734406188 1002
stats: 302 130 729
stats: 504 2 5
stats: 200 61 522
stats: size_rcv 59636131 799208751
stats: newphase 1 5
stats: size_sent 1022764 4053030
stats: connected 118 591
stats: 400 54 172
stats: 503 1808 6054
stats: 404 9 73
# stats: dump at 1433123090
stats: users 636 642
stats: session 264 21771.780053341026 21196.529755275336 119850.02490234375 1089.333984375 27867.47860287801 582
stats: users_count 301 1482
stats: finish_users_count 264 846
stats: request 2316 701.3366937456153 4881.588089155318 56774.993896484375 0.10595703125 1989.872040796026 7560
stats: page 1407 917.4516084477169 5420.877920918907 76480.07397460938 1.705078125 3438.7193136523706 4266
stats: connect 345 2.0497976109601446 0.5575356510174764 1064.839111328125 1.283935546875 3.412324044103949 1342
stats: 302 43 772
stats: 504 0 5
stats: 200 23 545
stats: size_rcv 70340436 869549187
stats: newphase 0 5
stats: size_sent 1022447 5075477
stats: connected 37 628
stats: 400 43 215
stats: 503 2204 8258
stats: 404 3 76
# stats: dump at 1433123100
stats: users 681 681
stats: session 256 21099.795530319214 22578.862786943795 119850.02490234375 1089.333984375 25965.274800185616 846
stats: users_count 301 1783
stats: finish_users_count 256 1102
stats: request 2484 1078.3290770894664 5214.699045467747 57828.51904296875 0.10595703125 1687.7003251450792 9876
stats: page 1478 1477.2360557380648 6409.3109488466325 76480.07397460938 1.697998046875 2813.4022572055264 5673
stats: connect 360 2.0370368109809034 0.8940666205507068 1064.839111328125 1.283935546875 3.1336805233958205 1687
stats: 302 121 893
stats: 504 0 5
stats: 200 25 570
stats: size_rcv 64220472 933769659
stats: newphase 0 5
stats: size_sent 1098849 6174326
stats: connected 45 673
stats: 400 60 275
stats: 503 2262 10520
stats: 404 14 90
# stats: dump at 1433123110
stats: users 441 687
stats: session 276 27000.16086213485 24807.488716771022 130319.79711914063 1089.333984375 24835.0001240642 1102
stats: users_count 36 1819
stats: finish_users_count 276 1378
stats: request 1402 2220.4482009169415 9784.22522196092 59883.091064453125 0.10595703125 1565.2344529630288 12360
stats: page 981 3532.45468516063 12097.31386411868 76480.07397460938 1.697998046875 2537.237574536123 7151
stats: connect 72 2.3860948350694446 1.7121486726174115 1064.839111328125 1.283935546875 2.9408169491557765 2047
stats: 302 179 1072
stats: 504 37 42
stats: 200 40 610
stats: size_rcv 34074458 967844117
stats: newphase 0 5
stats: size_sent 737935 6912261
stats: connected -230 443
stats: 400 25 300
stats: 503 1110 11630
stats: 404 11 101
# stats: dump at 1433123120
stats: users 295 687
stats: session 146 36073.32408162993 28897.34653079127 137877.8330078125 1089.333984375 25268.660765361372 1378
stats: users_count 0 1819
stats: finish_users_count 146 1524
stats: request 487 6627.128327731964 12124.1775369332 59883.091064453125 0.10595703125 1631.9841749969908 13762
stats: page 386 9858.385530936288 18164.99710432603 76480.07397460938 1.697998046875 2657.295123173929 8132
stats: connect 7 2.456577845982143 0.6251268044115798 1064.839111328125 1.283935546875 2.9219684393803087 2119
stats: 302 190 1262
stats: 504 1 43
stats: 200 39 649
stats: size_rcv 36667629 1004511746
stats: newphase 0 5
stats: size_sent 335098 7247359
stats: connected -148 295
stats: 400 7 307
stats: 503 232 11862
stats: 404 17 118
# stats: dump at 1433123130
stats: users 176 687
stats: session 119 48064.846101135765 29857.58788871794 146046.72509765625 1089.333984375 26303.753182799173 1524
stats: users_count 0 1819
stats: finish_users_count 119 1643
stats: request 312 7370.244681333884 3986.4223554092787 59883.091064453125 0.10595703125 1802.7073978464493 14249
stats: page 271 9099.943795404744 4979.498373639805 76480.07397460938 1.697998046875 2983.618309062197 8518
stats: connect 6 2.5301106770833335 0.4568717149186449 1064.839111328125 1.283935546875 2.920436109110418 2126
stats: 302 212 1474
stats: 504 0 43
stats: 200 37 686
stats: size_rcv 69174522 1073686268
stats: newphase 0 5
stats: size_sent 163052 7410411
stats: connected -119 176
stats: 400 6 313
stats: 503 22 11884
stats: 404 33 151
# stats: dump at 1433123140
stats: users 59 687
stats: session 117 55696.679215912125 25299.357058363676 146046.72509765625 1089.333984375 27879.876163494275 1643
stats: users_count 0 1819
stats: finish_users_count 117 1760
stats: request 243 3315.874058601789 3378.1597780233396 59883.091064453125 0.10595703125 1922.0035747881482 14561
stats: page 214 4040.6099785064976 3936.0129292628853 76480.07397460938 1.697998046875 3172.209071014504 8789
stats: connect 3 10.099039713541666 11.26586920911053 1064.839111328125 1.283935546875 2.919337632284826 2132
stats: 302 149 1623
stats: 504 0 43
stats: 200 56 742
stats: size_rcv 72334429 1146020697
stats: newphase 0 5
stats: size_sent 114052 7524463
stats: connected -117 59
stats: 400 3 316
stats: 503 0 11884
stats: 404 37 188
# stats: dump at 1433123150
stats: users 14 687
stats: session 45 65392.61616210938 26018.436229043273 147343.76098632813 1089.333984375 29729.06136641069 1760
stats: users_count 0 1819
stats: finish_users_count 45 1805
stats: request 81 981.6224109037423 3044.120506306895 59883.091064453125 0.10595703125 1944.8832375527197 14804
stats: page 71 1826.3283966494273 5436.172206526372 76480.07397460938 1.697998046875 3192.8508342271316 9003
stats: connect 0 0 0 1064.839111328125 1.283935546875 2.92942620663788 2135
stats: 302 18 1641
stats: 504 0 43
stats: 200 25 767
stats: size_rcv 36139836 1182160533
stats: newphase 0 5
stats: size_sent 58533 7582996
stats: connected -45 14
stats: 400 0 316
stats: 503 0 11884
stats: 404 36 224
# stats: dump at 1433123160
stats: users 5 687
stats: session 9 73824.2646484375 22454.855216703778 147343.76098632813 1089.333984375 30618.180461040298 1805
stats: users_count 0 1819
stats: finish_users_count 9 1814
stats: request 15 18.928173828125 29.829994325087387 59883.091064453125 0.10595703125 1939.641441989497 14885
stats: page 15 18.928173828125 29.829994325087387 76480.07397460938 1.697998046875 3182.158406073284 9074
stats: connect 0 0 0 1064.839111328125 1.283935546875 2.92942620663788 2135
stats: 302 4 1645
stats: 504 0 43
stats: 200 1 768
stats: size_rcv 25613 1182186146
stats: newphase 0 5
stats: size_sent 11970 7594966
stats: connected -9 5
stats: 400 0 316
stats: 503 0 11884
stats: 404 10 234
# stats: dump at 1433123170
stats: users 1 687
stats: session 4 87356.83825683594 31429.182032740933 147343.76098632813 1089.333984375 30832.54361301746 1814
stats: users_count 0 1819
stats: finish_users_count 4 1818
stats: request 5 13.071142578125 5.247175393698597 59883.091064453125 0.10595703125 1937.7078380282608 14900
stats: page 5 13.071142578125 5.247175393698597 76480.07397460938 1.697998046875 3176.937979900583 9089
stats: connect 0 0 0 1064.839111328125 1.283935546875 2.92942620663788 2135
stats: 302 2 1647
stats: 504 0 43
stats: 200 0 768
stats: size_rcv 6974 1182193120
stats: newphase 0 5
stats: size_sent 3937 7598903
stats: connected -4 1
stats: 400 0 316
stats: 503 0 11884
stats: 404 3 237
# stats: dump at 1433123180
stats: users 1 687
stats: session 0 0 0 147343.76098632813 1089.333984375 30956.90949782234 1818
stats: users_count 0 1819
stats: finish_users_count 0 1818
stats: request 0 0 0 59883.091064453125 0.10595703125 1937.0622034440776 14905
stats: page 0 0 0 76480.07397460938 1.697998046875 3175.198444582064 9094
stats: connect 0 0 0 1064.839111328125 1.283935546875 2.92942620663788 2135
stats: 302 0 1647
stats: 504 0 43
stats: 200 0 768
stats: size_rcv 0 1182193120
stats: newphase 0 5
stats: size_sent 0 7598903
stats: connected 0 1
stats: 400 0 316
stats: 503 0 11884
stats: 404 0 237
# stats: dump at 1433123190
stats: users 0 687
stats: session 1 143081.36499023438 0.0 147343.76098632813 1089.333984375 30956.90949782234 1818
stats: users_count 0 1819
stats: finish_users_count 1 1819
stats: request 1 12.302978515625 0.0 59883.091064453125 0.10595703125 1937.0622034440776 14905
stats: page 1 12.302978515625 0.0 76480.07397460938 1.697998046875 3175.198444582064 9094
stats: connect 0 0 0 1064.839111328125 1.283935546875 2.92942620663788 2135
stats: 302 0 1647
stats: 504 0 43
stats: 200 0 768
stats: size_rcv 1564 1182194684
stats: newphase 0 5
stats: size_sent 787 7599690
stats: connected -1 0
stats: 400 0 316
stats: 503 0 11884
stats: 404 1 238
# stats: dump at 1433123200
stats: users 0 687
stats: session 0 0 0 147343.76098632813 1089.333984375 31018.550210022677 1819
stats: users_count 0 1819
stats: finish_users_count 0 1819
stats: request 0 0 0 59883.091064453125 0.10595703125 1936.9330769698438 14906
stats: page 0 0 0 76480.07397460938 1.697998046875 3174.8506825737004 9095
stats: connect 0 0 0 1064.839111328125 1.283935546875 2.92942620663788 2135
stats: 302 0 1647
stats: 504 0 43
stats: 200 0 768
stats: size_rcv 0 1182194684
stats: newphase 0 5
stats: size_sent 0 7599690
stats: connected 0 0
stats: 400 0 316
stats: 503 0 11884
stats: 404 0 238
# stats: dump at 1433123210
stats: users 0 687
stats: session 0 0 0 147343.76098632813 1089.333984375 31018.550210022677 1819
stats: users_count 0 1819
stats: finish_users_count 0 1819
stats: request 0 0 0 59883.091064453125 0.10595703125 1936.9330769698438 14906
stats: page 0 0 0 76480.07397460938 1.697998046875 3174.8506825737004 9095
stats: connect 0 0 0 1064.839111328125 1.283935546875 2.92942620663788 2135
stats: 302 0 1647
stats: 504 0 43
stats: 200 0 768
stats: size_rcv 0 1182194684
stats: newphase 0 5
stats: size_sent 0 7599690
stats: connected 0 0
stats: 400 0 316
stats: 503 0 11884
stats: 404 0 238
# stats: dump at 1433123220
stats: users 0 687
stats: session 0 0 0 147343.76098632813 1089.333984375 31018.550210022677 1819
stats: users_count 0 1819
stats: finish_users_count 0 1819
stats: request 0 0 0 59883.091064453125 0.10595703125 1936.9330769698438 14906
stats: page 0 0 0 76480.07397460938 1.697998046875 3174.8506825737004 9095
stats: connect 0 0 0 1064.839111328125 1.283935546875 2.92942620663788 2135
stats: 302 0 1647
stats: 504 0 43
stats: 200 0 768
stats: size_rcv 0 1182194684
stats: newphase 0 5
stats: size_sent 0 7599690
stats: connected 0 0
stats: 400 0 316
stats: 503 0 11884
stats: 404 0 238
# stats: dump at 1433123221
stats: users 0 687
stats: session 0 0 0 147343.76098632813 1089.333984375 31018.550210022677 1819
stats: users_count 0 1819
stats: finish_users_count 0 1819
stats: request 0 0 0 59883.091064453125 0.10595703125 1936.9330769698438 14906
stats: page 0 0 0 76480.07397460938 1.697998046875 3174.8506825737004 9095
stats: connect 0 0 0 1064.839111328125 1.283935546875 2.92942620663788 2135
stats: 302 0 1647
stats: 504 0 43
stats: 200 0 768
stats: size_rcv 0 1182194684
stats: newphase 0 5
stats: size_sent 0 7599690
stats: connected 0 0
stats: 400 0 316
stats: 503 0 11884
stats: 404 0 238
EndMonitor:{1433,123221,188260}
