# stats: dump at 1433508682
stats: users 0 0
stats: users_count 0 0
stats: finish_users_count 0 0
# stats: dump at 1433508692
stats: users 16 16
stats: session 1 5706.408935546875 0 5706.408935546875 5706.408935546875 0 0
stats: users_count 17 17
stats: finish_users_count 1 1
stats: request 72 348.61341349283845 466.6122679677301 1985.22412109375 1.422119140625 0 0
stats: page 35 707.7950683593749 1036.0553294123251 3360.14697265625 14.278076171875 0 0
stats: connect 17 143.54730583639707 278.5408102086171 1059.39404296875 1.18212890625 0 0
stats: 302 31 31
stats: 200 37 37
stats: size_rcv 383870 383870
stats: newphase 1 1
stats: size_sent 61461 61461
stats: connected 15 15
stats: 400 1 1
stats: 500 1 1
stats: 404 2 2
# stats: dump at 1433508702
stats: users 19 20
stats: session 11 11020.541859019886 3656.772753701639 16686.901123046875 4837.322021484375 5706.408935546875 1
stats: users_count 14 31
stats: finish_users_count 11 12
stats: request 113 88.29709969579649 101.82467393594793 1985.22412109375 1.422119140625 348.61341349283845 72
stats: page 70 147.81293247767863 180.1698412299707 3360.14697265625 12.68310546875 707.7950683593749 35
stats: connect 15 2.184440104166667 0.585491284267998 1059.39404296875 1.18212890625 143.54730583639707 17
stats: 302 28 59
stats: 200 57 94
stats: size_rcv 658096 1041966
stats: newphase 0 1
stats: size_sent 90782 152243
stats: connected 4 19
stats: 400 1 2
stats: 500 2 3
stats: 404 25 27
# stats: dump at 1433508712
stats: users 24 29
stats: session 16 10755.931884765625 6172.049620954808 26607.991943359375 4502.64501953125 10577.697448730469 12
stats: users_count 21 52
stats: finish_users_count 16 28
stats: request 177 84.62502068988353 90.39572623385912 1985.22412109375 0.566162109375 189.6093947951858 185
stats: page 100 150.50491210937497 149.4667964070745 3360.14697265625 11.387939453125 334.47364443824404 105
stats: connect 27 2.443603515625 2.4733631555819207 1059.39404296875 1.06103515625 77.28346252441406 32
stats: 302 50 109
stats: 200 96 190
stats: size_rcv 1071292 2113258
stats: newphase 0 1
stats: size_sent 146664 298907
stats: connected 5 24
stats: 400 5 7
stats: 500 4 7
stats: 404 22 49
# stats: dump at 1433508722
stats: users 34 36
stats: session 17 10861.375674977022 7871.582983160109 28988.532958984375 2917.98583984375 10679.545697893414 28
stats: users_count 27 79
stats: finish_users_count 17 45
stats: request 194 73.61471714924294 69.3557903791465 1985.22412109375 0.505126953125 138.27725607518994 362
stats: page 108 132.90895815248845 125.97354524544086 3360.14697265625 11.387939453125 244.73279939977135 205
stats: connect 32 1.84857177734375 0.6008086962191086 1059.39404296875 1.05908203125 43.034713486493644 59
stats: 302 60 169
stats: 200 99 289
stats: size_rcv 1092545 3205803
stats: newphase 1 2
stats: size_sent 160078 458985
stats: connected 11 35
stats: 400 5 12
stats: 500 5 12
stats: 404 26 75
# stats: dump at 1433508732
stats: users 43 50
stats: session 25 15289.16150390625 7040.158899584748 29321.14501953125 2748.222900390625 10748.237022569445 45
stats: users_count 34 113
stats: finish_users_count 25 70
stats: request 235 78.43216734541227 77.59428828529974 1985.22412109375 0.505126953125 115.7151471693739 556
stats: page 141 130.47577120733598 142.03834499787524 3360.14697265625 11.387939453125 206.14821519943092 313
stats: connect 35 2.9511230468749994 3.23787351400966 1059.39404296875 1.05908203125 28.55167464371566 91
stats: 302 64 233
stats: 200 118 407
stats: size_rcv 1361575 4567378
stats: newphase 0 2
stats: size_sent 193281 652266
stats: connected 7 42
stats: 400 2 14
stats: 500 2 14
stats: 404 48 123
# stats: dump at 1433508742
stats: users 66 67
stats: session 25 12489.72568359375 7814.3331958584995 39329.517822265625 2748.222900390625 12369.995765904017 70
stats: users_count 48 161
stats: finish_users_count 25 95
stats: request 345 107.19743404664857 123.50594225501152 1985.22412109375 0.505126953125 104.63866138096559 791
stats: page 199 186.35909160058102 203.3605261463605 3360.14697265625 11.387939453125 182.6464209199477 454
stats: connect 51 2.688356885723039 2.2034422465393484 1059.39404296875 1.05908203125 21.44041031125992 126
stats: 302 101 334
stats: 200 185 592
stats: size_rcv 2058160 6625538
stats: newphase 0 2
stats: size_sent 284527 936793
stats: connected 23 65
stats: 400 4 18
stats: 500 6 20
stats: 404 49 172
# stats: dump at 1433508752
stats: users 92 93
stats: session 47 14642.927064286901 6377.1231765624625 39329.517822265625 2748.222900390625 12401.503638980263 95
stats: users_count 73 234
stats: finish_users_count 47 142
stats: request 409 192.07836794678337 234.64348784087971 1985.22412109375 0.5029296875 105.41575343172318 1136
stats: page 234 314.758033687233 384.43252454902404 3360.14697265625 11.387939453125 183.7778473601407 653
stats: connect 78 2.7587640224358987 2.8359618241724767 1059.39404296875 1.05908203125 16.03727627339336 177
stats: 302 125 459
stats: 200 197 789
stats: size_rcv 2213450 8838988
stats: newphase 1 3
stats: size_sent 346232 1283025
stats: connected 26 91
stats: 400 7 25
stats: 500 5 25
stats: 404 75 247
# stats: dump at 1433508762
stats: users 164 166
stats: session 22 16005.946655273438 6443.679987696439 39329.517822265625 2748.222900390625 13143.383223412742 142
stats: users_count 94 328
stats: finish_users_count 22 164
stats: request 472 1080.658015881555 428.14283564256874 2238.583984375 0.5029296875 128.3575070476841 1545
stats: page 242 1840.3414538675108 1151.4107560118955 4816.23095703125 11.387939453125 218.33180857833642 887
stats: connect 96 4.2360382080078125 4.774457550463602 1059.39404296875 1.05908203125 11.975613702512254 255
stats: 302 169 628
stats: 200 246 1035
stats: size_rcv 2746922 11585910
stats: newphase 0 3
stats: size_sent 424944 1707969
stats: connected 71 162
stats: 400 2 27
stats: 500 2 27
stats: 404 53 300
# stats: dump at 1433508772
stats: users 202 211
stats: session 40 20490.907684326172 5557.879361955109 39329.517822265625 2748.222900390625 13527.385635003811 164
stats: users_count 78 406
stats: finish_users_count 40 204
stats: request 492 2022.5627089089494 453.92687931847234 3500.659912109375 0.5029296875 351.20621313077135 2017
stats: page 271 3185.624236047047 1728.3260265433385 7588.1279296875 11.387939453125 566.0079238661842 1129
stats: connect 84 3.5275762648809526 3.9854360294839224 1059.39404296875 1.054931640625 9.858806729656338 351
stats: 302 167 795
stats: 200 229 1264
stats: size_rcv 2540378 14126288
stats: newphase 0 3
stats: size_sent 450339 2158308
stats: connected 41 203
stats: 400 2 29
stats: 500 3 30
stats: 404 91 391
# stats: dump at 1433508782
stats: users 272 272
stats: session 56 24711.659763881147 5457.495553211613 43165.8330078125 2748.222900390625 14892.782115263097 204
stats: users_count 126 532
stats: finish_users_count 56 260
stats: request 520 1967.191756028396 698.0112356198216 3738.113037109375 0.5029296875 678.9492964001471 2509
stats: page 311 3240.363685534315 2079.2887370518033 8359.60693359375 11.387939453125 1073.0907957240513 1400
stats: connect 129 3.21980226501938 3.5277090357987673 1059.39404296875 1.004150390625 8.636224295079023 435
stats: 302 138 933
stats: 200 271 1535
stats: size_rcv 3135092 17261380
stats: newphase 1 4
stats: size_sent 457121 2615429
stats: connected 66 269
stats: 400 7 36
stats: 500 9 39
stats: 404 96 487
# stats: dump at 1433508792
stats: users 373 374
stats: session 59 27877.993710275423 5614.327450722441 43546.0400390625 2748.222900390625 17007.61730111929 260
stats: users_count 160 692
stats: finish_users_count 59 319
stats: request 957 2082.6021913470645 2528.5226833501724 6749.35107421875 0.5029296875 900.106800198988 3029
stats: page 486 3112.397262008102 4254.40781865501 13646.544189453125 1.35498046875 1467.0252602073897 1711
stats: connect 176 3.3849112770774146 3.7315632011452267 1059.39404296875 1.004150390625 7.397361809480275 564
stats: 302 194 1127
stats: 200 146 1681
stats: size_rcv 1827900 19089280
stats: newphase 0 4
stats: size_sent 644022 3259451
stats: connected 103 372
stats: 400 14 50
stats: 503 549 549
stats: 500 2 41
stats: 404 51 538
# stats: dump at 1433508802
stats: users 447 448
stats: session 80 26731.701550292968 11811.34565962186 79415.52001953125 2748.222900390625 19018.12579058704 319
stats: users_count 154 846
stats: finish_users_count 80 399
stats: request 1199 1724.21395698401 1783.4961096089596 6749.35107421875 0.5029296875 1184.012492454058 3986
stats: page 708 3440.606462209238 4367.269221249446 14362.325927734375 1.35498046875 1830.999221461439 2197
stats: connect 172 3.057614348655523 3.604253066335088 1059.39404296875 0.98583984375 6.443049250422297 740
stats: 302 288 1415
stats: 200 228 1909
stats: size_rcv 2662547 21751827
stats: newphase 0 4
stats: size_sent 851229 4110680
stats: connected 74 446
stats: 400 18 68
stats: 503 587 1136
stats: 500 8 49
stats: 404 70 608
# stats: dump at 1433508812
stats: users 574 575
stats: session 156 25192.904007349265 11553.045765948566 79415.52001953125 2339.471923828125 20564.707396543115 399
stats: users_count 283 1129
stats: finish_users_count 156 555
stats: request 1974 1124.1945949195003 1777.5895802873408 6749.35107421875 0.5029296875 1308.9308253318618 5185
stats: page 1144 1952.4814672936923 3125.703963910634 14362.325927734375 1.31396484375 2223.2890412374945 2905
stats: connect 308 3.704834777039367 4.408197660393156 1059.39404296875 0.98583984375 5.804568106668038 912
stats: 302 313 1728
stats: 200 184 2093
stats: size_rcv 2791624 24543451
stats: newphase 1 5
stats: size_sent 1237550 5348230
stats: connected 125 571
stats: 400 31 99
stats: 503 1373 2509
stats: 500 1 50
stats: 404 72 680
# stats: dump at 1433508822
stats: users 642 648
stats: session 251 24636.408570794938 11788.1817479653 79415.52001953125 1735.652099609375 21865.605903364303 555
stats: users_count 319 1448
stats: finish_users_count 251 806
stats: request 2412 880.2547946506072 1506.2447505014534 6749.35107421875 0.5029296875 1257.992241893672 7159
stats: page 1430 1526.194061919527 2726.9673941592287 14362.325927734375 1.31396484375 2146.775367591728 4049
stats: connect 373 3.5933736438086457 4.295772353788852 1059.39404296875 0.98583984375 5.274471495581455 1220
stats: 302 409 2137
stats: 504 1 1
stats: 200 123 2216
stats: size_rcv 2246240 26789691
stats: newphase 0 5
stats: size_sent 1487521 6835751
stats: connected 66 637
stats: 400 56 155
stats: 503 1732 4241
stats: 500 0 50
stats: 404 91 771
# stats: dump at 1433508832
stats: users 682 682
stats: session 260 22423.365476637613 11329.901873258576 79415.52001953125 1735.652099609375 22728.473731559203 806
stats: users_count 300 1748
stats: finish_users_count 260 1066
stats: request 2388 932.1993732292652 1448.342479524713 6749.35107421875 0.100830078125 1162.7981427660707 9571
stats: page 1446 1519.5848555822115 2458.6254130415537 14362.325927734375 1.30517578125 1984.8057988545045 5479
stats: connect 343 3.500109614158163 4.028387222800286 1059.39404296875 0.98583984375 4.8808434361268045 1593
stats: 302 499 2636
stats: 504 0 1
stats: 200 126 2342
stats: size_rcv 2242915 29032606
stats: newphase 0 5
stats: size_sent 1519891 8355642
stats: connected 36 673
stats: 400 44 199
stats: 503 1633 5874
stats: 500 3 53
stats: 404 81 852
# stats: dump at 1433508842
stats: users 475 695
stats: session 267 23271.34358175327 10442.35121083765 79415.52001953125 1735.652099609375 22654.057084017353 1066
stats: users_count 60 1808
stats: finish_users_count 267 1333
stats: request 1656 1349.11635733342 1384.4165830909772 6749.35107421875 0.100830078125 1116.7516621528177 11959
stats: page 1117 2196.7769971009157 2651.5438444543424 14362.325927734375 1.30517578125 1887.6636351040731 6925
stats: connect 99 3.6928735598169204 4.201078505283192 1059.39404296875 0.98583984375 4.636219623660253 1936
stats: 302 589 3225
stats: 504 0 1
stats: 200 223 2565
stats: size_rcv 2818354 31850960
stats: newphase 0 5
stats: size_sent 1111376 9467018
stats: connected -193 480
stats: 400 28 227
stats: 503 721 6595
stats: 500 6 59
stats: 404 92 944
# stats: dump at 1433508852
stats: users 151 695
stats: session 324 24620.024553463798 9377.717079883321 79415.52001953125 1735.652099609375 22777.699615821923 1333
stats: users_count 0 1808
stats: finish_users_count 324 1657
stats: request 916 291.2110486426213 389.23283970259706 6749.35107421875 0.100830078125 1145.0143088820926 13615
stats: page 757 440.5841082191219 753.1066723098364 14362.325927734375 1.30517578125 1930.5981819021922 8042
stats: connect 13 4.939978966346154 5.343603308759218 1059.39404296875 0.98583984375 4.5903271124462535 2035
stats: 302 479 3704
stats: 504 0 1
stats: 200 210 2775
stats: size_rcv 2994856 34845816
stats: newphase 0 5
stats: size_sent 630692 10097710
stats: connected -325 155
stats: 400 13 240
stats: 503 0 6595
stats: 500 4 63
stats: 404 207 1151
# stats: dump at 1433508862
stats: users 45 695
stats: session 106 31054.897025630158 7771.190471382032 79415.52001953125 1735.652099609375 23137.93696029746 1657
stats: users_count 0 1808
stats: finish_users_count 106 1763
stats: request 194 16.73977755517075 10.918751900426585 6749.35107421875 0.100830078125 1091.1925632087489 14531
stats: page 179 18.15244195181564 15.31408058374076 14362.325927734375 1.30517578125 1802.4085406045351 8799
stats: connect 0 0 0 1059.39404296875 0.98583984375 4.592546582221985 2048
stats: 302 97 3801
stats: 504 0 1
stats: 200 15 2790
stats: size_rcv 328822 35174638
stats: newphase 0 5
stats: size_sent 153831 10251541
stats: connected -110 45
stats: 400 0 240
stats: 503 0 6595
stats: 500 0 63
stats: 404 82 1233
# stats: dump at 1433508872
stats: users 9 695
stats: session 36 39033.779174804695 6922.023934036165 79415.52001953125 1735.652099609375 23613.942500243724 1763
stats: users_count 0 1808
stats: finish_users_count 36 1799
stats: request 52 16.733708308293274 8.235845535425813 6749.35107421875 0.100830078125 1077.036784572634 14725
stats: page 49 17.765286192602037 12.894601651306896 14362.325927734375 1.30517578125 1766.834711059109 8978
stats: connect 0 0 0 1059.39404296875 0.98583984375 4.592546582221985 2048
stats: 302 21 3822
stats: 504 0 1
stats: 200 4 2794
stats: size_rcv 96380 35271018
stats: newphase 0 5
stats: size_sent 41704 10293245
stats: connected -36 9
stats: 400 0 240
stats: 503 0 6595
stats: 500 0 63
stats: 404 27 1260
# stats: dump at 1433508882
stats: users 1 695
stats: session 8 53664.54376220703 5360.4512731591385 79415.52001953125 1735.652099609375 23922.510660490636 1799
stats: users_count 0 1808
stats: finish_users_count 8 1807
stats: request 12 16.948872884114582 6.229440316378005 6749.35107421875 0.100830078125 1073.3055969184588 14777
stats: page 12 16.948872884114582 6.229440316378005 14362.325927734375 1.30517578125 1757.3404824318286 9027
stats: connect 0 0 0 1059.39404296875 0.98583984375 4.592546582221985 2048
stats: 302 6 3828
stats: 504 0 1
stats: 200 0 2794
stats: size_rcv 10293 35281311
stats: newphase 0 5
stats: size_sent 9968 10303213
stats: connected -8 1
stats: 400 0 240
stats: 503 0 6595
stats: 500 0 63
stats: 404 6 1266
# stats: dump at 1433508892
stats: users 0 695
stats: session 1 50981.3369140625 0.0 79415.52001953125 1735.652099609375 24054.185405821976 1807
stats: users_count 0 1808
stats: finish_users_count 1 1808
stats: request 1 17.203857421875 0.0 6749.35107421875 0.100830078125 1072.4484544011545 14789
stats: page 1 17.203857421875 0.0 14362.325927734375 1.30517578125 1755.0299724954891 9039
stats: connect 0 0 0 1059.39404296875 0.98583984375 4.592546582221985 2048
stats: 302 0 3828
stats: 504 0 1
stats: 200 0 2794
stats: size_rcv 1564 35282875
stats: newphase 0 5
stats: size_sent 788 10304001
stats: connected -1 0
stats: 400 0 240
stats: 503 0 6595
stats: 500 0 63
stats: 404 1 1267
# stats: dump at 1433508893
stats: users 0 695
stats: session 0 0 0 79415.52001953125 1735.652099609375 24069.07874183317 1808
stats: users_count 0 1808
stats: finish_users_count 0 1808
stats: request 0 0 0 6749.35107421875 0.100830078125 1072.377105882089 14790
stats: page 0 0 0 14362.325927734375 1.30517578125 1754.8377350933793 9040
stats: connect 0 0 0 1059.39404296875 0.98583984375 4.592546582221985 2048
stats: 302 0 3828
stats: 504 0 1
stats: 200 0 2794
stats: size_rcv 0 35282875
stats: newphase 0 5
stats: size_sent 0 10304001
stats: connected 0 0
stats: 400 0 240
stats: 503 0 6595
stats: 500 0 63
stats: 404 0 1267
EndMonitor:{1433,508893,829443}
