# stats: dump at 1433146365
stats: users 0 0
stats: users_count 0 0
stats: finish_users_count 0 0
# stats: dump at 1433146375
stats: users 11 11
stats: users_count 11 11
stats: finish_users_count 0 0
stats: request 23 191.0210491677989 277.786465864957 1398.47705078125 30.839111328125 0 0
stats: page 8 549.5747985839844 362.06315053350005 1504.77099609375 374.739013671875 0 0
stats: connect 10 106.755810546875 315.5622173626481 1053.442138671875 1.26806640625 0 0
stats: 302 15 15
stats: 200 8 8
stats: size_rcv 44687 44687
stats: newphase 1 1
stats: size_sent 25523 25523
stats: connected 10 10
# stats: dump at 1433146385
stats: users 31 31
stats: users_count 20 31
stats: finish_users_count 0 0
stats: request 10 2175.3034912109374 4275.043589421307 12647.72607421875 0.961181640625 191.0210491677989 23
stats: page 3 225.56599934895834 98.89782963954414 1504.77099609375 121.157958984375 549.5747985839844 8
stats: connect 22 1.5662952769886365 0.2786618387702112 1053.442138671875 1.154052734375 106.755810546875 10
stats: 302 6 21
stats: 200 3 11
stats: size_rcv 15612 60299
stats: newphase 0 1
stats: size_sent 19508 45031
stats: connected 21 31
stats: 400 1 1
# stats: dump at 1433146395
stats: users 53 53
stats: users_count 22 53
stats: finish_users_count 0 0
stats: request 111 3065.3326405018315 4824.782407257965 19543.2578125 0.961181640625 792.3187588778409 33
stats: connect 22 1.7047563032670454 0.6883553842074844 1053.442138671875 1.154052734375 34.438018798828125 32
stats: page 48 7498.166122436523 5544.641762018018 19543.2578125 100.218994140625 461.20876242897725 11
stats: 302 55 76
stats: 200 37 48
stats: size_rcv 22869433 22929732
stats: newphase 0 1
stats: 502 19 19
stats: size_sent 105879 150910
stats: connected 22 53
stats: 400 0 1
# stats: dump at 1433146405
stats: users 87 87
stats: session 2 26124.27392578125 3727.24609375 29851.52001953125 22397.02783203125 0 0
stats: users_count 36 89
stats: finish_users_count 2 2
stats: request 116 2894.8648092335648 4690.834423806146 28114.7939453125 0.698974609375 2544.4336259630004 144
stats: page 62 4083.1914298765123 4844.399513612677 25602.044189453125 1.425048828125 6186.191021418167 59
stats: connect 36 1.4614122178819442 0.27869823559901263 1053.442138671875 1.114990234375 21.102245189525462 54
stats: 302 22 98
stats: 200 12 60
stats: size_rcv 782908 23712640
stats: newphase 1 2
stats: 502 81 100
stats: size_sent 89507 240417
stats: connected 34 87
stats: 400 1 2
# stats: dump at 1433146415
stats: users 107 107
stats: session 5 23361.4095703125 11864.426702546893 38883.1220703125 9577.885986328125 26124.27392578125 2
stats: users_count 25 114
stats: finish_users_count 5 7
stats: request 129 1786.6200452701066 4015.593510573256 28114.7939453125 0.698974609375 2700.7798461914063 260
stats: 302 41 139
stats: page 63 4044.991613963292 6528.069203245677 32055.487060546875 1.425048828125 5108.620982776989 121
stats: connect 27 1.514232494212963 0.21081172730646833 1053.442138671875 1.114990234375 13.245912000868056 90
stats: 200 24 84
stats: size_rcv 1559419 25272059
stats: newphase 0 2
stats: 502 61 161
stats: size_sent 102500 342917
stats: connected 18 105
stats: 400 3 5
# stats: dump at 1433146425
stats: users 131 134
stats: session 18 18187.657267252605 13088.385115913114 48607.909912109375 2681.614013671875 24150.799386160714 7
stats: users_count 42 156
stats: finish_users_count 18 25
stats: request 271 3142.8200557469436 5995.667307451492 28114.7939453125 0.4921875 2397.62659601442 389
stats: 302 0 139
stats: page 155 5881.344260332661 7676.778432117263 32055.487060546875 1.41796875 4744.443535846212 184
stats: connect 54 1.6973876953125 0.8328360288958411 1053.442138671875 1.114013671875 10.53860134548611 117
stats: 200 2 86
stats: size_rcv 3935610 29207669
stats: newphase 0 2
stats: 502 260 421
stats: size_sent 148005 490922
stats: connected 27 132
stats: 400 10 15
# stats: dump at 1433146435
stats: users 194 196
stats: session 14 24421.32608468192 20366.381490202646 62610.592041015625 2572.886962890625 19857.337060546874 25
stats: users_count 77 233
stats: finish_users_count 14 39
stats: 302 22 161
stats: request 177 949.2842472744528 5281.424121953527 60051.281982421875 0.4921875 2703.6075469045927 660
stats: connect 80 1.78216552734375 1.3501251082707706 1053.442138671875 1.05908203125 7.746639140168129 171
stats: page 101 1663.9853322246288 6918.1064797547315 60051.281982421875 1.242919921875 5264.265401024382 339
stats: 200 6 92
stats: size_rcv 2448742 31656411
stats: newphase 1 3
stats: 502 143 564
stats: size_sent 117362 608284
stats: connected 61 193
stats: 400 5 20
# stats: dump at 1433146445
stats: users 251 253
stats: session 28 21298.987601143974 19045.637843307337 73512.123046875 2572.886962890625 21495.69209485176 39
stats: users_count 85 318
stats: finish_users_count 28 67
stats: page 254 5563.708620086431 7285.836260047405 60051.281982421875 1.242919921875 4437.837476140802 440
stats: 302 5 166
stats: request 477 3311.026847279547 7291.883871558051 60051.281982421875 0.4921875 2332.6216161584343 837
stats: connect 103 1.9790584230885921 1.4511797223744871 1053.442138671875 1.05908203125 5.845611693849602 251
stats: 504 1 1
stats: 200 0 92
stats: size_rcv 171476 31827887
stats: newphase 0 3
stats: 502 454 1018
stats: size_sent 243576 851860
stats: connected 58 251
stats: 400 17 37
# stats: dump at 1433146455
stats: users 292 293
stats: session 38 34813.87041272615 26523.987275086452 82083.1669921875 2572.886962890625 21413.4872318097 67
stats: users_count 79 397
stats: finish_users_count 38 105
stats: page 194 4715.259116261278 7350.399460987992 60051.281982421875 1.242919921875 4849.8998256540435 694
stats: request 343 4226.578721471846 7326.024745076049 60051.281982421875 0.4921875 2687.7961178667833 1314
stats: connect 87 1.6736822018678157 1.0026702358844684 1053.442138671875 1.05908203125 4.720597606594279 354
stats: 302 113 279
stats: 504 1 2
stats: 200 12 104
stats: size_rcv 854062 32681949
stats: newphase 0 3
stats: 502 202 1220
stats: size_sent 188239 1040099
stats: connected 40 291
stats: 400 9 46
stats: 404 6 6
# stats: dump at 1433146465
stats: users 406 406
stats: session 39 31918.698836889034 25837.422022408315 84958.544921875 2572.886962890625 26263.149716331845 105
stats: users_count 153 550
stats: finish_users_count 39 144
stats: page 356 4720.089244371048 7846.985093467865 60051.281982421875 1.242919921875 4820.485076079497 888
stats: request 664 2597.0175483427824 7415.951568455083 60051.281982421875 0.4921875 3006.3250454687964 1657
stats: connect 156 1.5702733748998396 0.7268688020585513 1053.442138671875 1.025146484375 4.119505451920351 441
stats: 302 246 525
stats: 504 9 11
stats: 200 74 178
stats: size_rcv 1933297 34615246
stats: newphase 1 4
stats: 502 326 1546
stats: size_sent 466128 1506227
stats: connected 110 401
stats: 400 6 52
stats: 404 3 9
# stats: dump at 1433146475
stats: users 524 524
stats: session 46 17422.70664911685 16144.40030313614 84958.544921875 2572.886962890625 27794.86093648275 144
stats: users_count 164 714
stats: finish_users_count 46 190
stats: request 613 3199.267319646588 8665.058594819502 60051.281982421875 0.4921875 2889.2288894620438 2321
stats: page 333 2002.4233918977582 4692.3607996945475 60051.281982421875 1.242919921875 4791.754436137207 1244
stats: connect 182 1.6189729459993134 0.830859708755317 1053.442138671875 1.025146484375 3.4533744569200158 597
stats: 302 9 534
stats: 504 1 12
stats: 200 4 182
stats: size_rcv 238700 34853946
stats: newphase 0 4
stats: 502 580 2126
stats: size_sent 359599 1865826
stats: connected 119 520
stats: 400 19 71
stats: 404 0 9
# stats: dump at 1433146485
stats: users 623 624
stats: session 52 18253.865901066703 13373.69565334527 84958.544921875 2572.886962890625 25283.707793225745 190
stats: users_count 151 865
stats: finish_users_count 52 242
stats: request 563 2095.2044610519797 9596.486861395764 60051.281982421875 0.4921875 2954.0051531645404 2934
stats: page 321 1256.019351757205 6325.228143167136 60051.281982421875 1.162841796875 4202.758090080303 1577
stats: connect 161 1.4974645768633543 0.493296165454113 1053.442138671875 1.025146484375 3.0247979806843706 779
stats: 302 11 545
stats: 504 14 26
stats: 200 0 182
stats: size_rcv 209671 35063617
stats: newphase 0 4
stats: 502 409 2535
stats: size_sent 288744 2154570
stats: connected 99 619
stats: 400 10 81
stats: 503 118 118
stats: 404 1 10
# stats: dump at 1433146495
stats: users 808 808
stats: session 112 25932.448944091797 24338.798627677246 112644.61889648438 2061.698974609375 23773.16325441471 242
stats: users_count 297 1162
stats: finish_users_count 112 354
stats: request 1788 2920.930668978082 8349.039384169679 60051.281982421875 0.4912109375 2815.7424166305477 3497
stats: page 952 4166.5593307879835 9751.98241922344 60051.281982421875 1.162841796875 3704.389736549368 1898
stats: connect 343 1.8169101904154519 1.6397166981253115 1053.442138671875 1.0029296875 2.763201514710771 940
stats: 302 12 557
stats: 504 17 43
stats: 200 1 183
stats: size_rcv 722149 35785766
stats: newphase 1 5
stats: 502 1077 3612
stats: size_sent 834339 2988909
stats: connected 181 800
stats: 400 54 135
stats: 503 627 745
stats: 404 0 10
# stats: dump at 1433146505
stats: users 959 962
stats: session 164 23280.878267613858 23124.213174833163 112644.61889648438 2061.698974609375 24456.32708843684 354
stats: users_count 315 1477
stats: finish_users_count 164 518
stats: request 2238 1874.298315080607 8145.923193944371 60051.281982421875 0.475830078125 2851.329284217566 5285
stats: page 1248 1241.1480249258173 6857.565111296425 61021.742919921875 1.162841796875 3858.7705975020567 2850
stats: connect 379 2.013171998680741 1.512619092770771 1053.442138671875 1.0029296875 2.510217941652864 1283
stats: 302 0 557
stats: 504 9 52
stats: 200 0 183
stats: size_rcv 956746 36742512
stats: newphase 0 5
stats: 502 988 4600
stats: size_sent 999902 3988811
stats: connected 152 952
stats: 400 61 196
stats: 503 1180 1925
stats: 404 0 10
# stats: dump at 1433146515
stats: users 1021 1022
stats: session 261 24345.382361634936 24253.75790082421 113831.13500976563 1852.052001953125 24084.17726871682 518
stats: users_count 323 1800
stats: finish_users_count 261 779
stats: page 1544 4582.694541338199 12968.598780947566 91912.09497070313 1.162841796875 3061.6029619297906 4098
stats: request 2706 2846.037745530044 8332.137179477862 60051.281982421875 0.475830078125 2560.6745841074353 7523
stats: connect 406 1.92493577778633 1.320982997769645 1053.442138671875 0.802978515625 2.3968723264985714 1662
stats: 302 0 557
stats: 504 13 65
stats: 200 0 183
stats: size_rcv 1316433 38058945
stats: newphase 0 5
stats: 502 1182 5782
stats: size_sent 1172433 5161244
stats: connected 60 1012
stats: 400 85 281
stats: 503 1367 3292
stats: 404 0 10
stats: 500 59 59
# stats: dump at 1433146525
stats: users 819 1045
stats: session 246 23973.708126905498 24371.32971374213 153025.751953125 1852.052001953125 24171.692710631618 779
stats: users_count 44 1844
stats: finish_users_count 246 1025
stats: page 883 2905.695476458541 14703.365799918502 140537.71899414063 1.162841796875 3477.867655053963 5642
stats: connect 86 1.7953959620276163 1.1901048472069542 1053.442138671875 0.802978515625 2.3042194063935564 2068
stats: request 1354 4342.529747651625 12844.814175432015 60051.281982421875 0.475830078125 2636.1651222645937 10229
stats: 302 99 656
stats: 504 5 70
stats: 200 8 191
stats: size_rcv 659150 38718095
stats: newphase 0 5
stats: 502 386 6168
stats: size_sent 596248 5757492
stats: connected -188 824
stats: 400 28 309
stats: 503 762 4054
stats: 404 67 77
stats: 500 0 59
# stats: dump at 1433146535
stats: users 656 1045
stats: session 163 35585.04126276122 26393.15225088378 153025.751953125 1852.052001953125 24124.17641053735 1025
stats: users_count 0 1844
stats: finish_users_count 163 1188
stats: request 1023 5360.058694222339 7768.989356917626 60051.281982421875 0.475830078125 2835.6313834036805 11583
stats: connect 14 1.7334856305803572 0.8831740920766517 1053.442138671875 0.802978515625 2.2839042642322425 2154
stats: page 737 11031.444479374235 17542.027901142053 140537.71899414063 1.162841796875 3400.438071345188 6525
stats: 302 616 1272
stats: 504 1 71
stats: 200 30 221
stats: size_rcv 1179716 39897811
stats: newphase 0 5
stats: 502 199 6367
stats: size_sent 536657 6294149
stats: connected -167 657
stats: 400 14 323
stats: 503 98 4152
stats: 404 65 142
stats: 500 0 59
# stats: dump at 1433146545
stats: users 556 1045
stats: session 100 52929.514741210936 27841.815122264317 153025.751953125 1852.052001953125 25696.668810295338 1188
stats: users_count 0 1844
stats: finish_users_count 100 1288
stats: request 400 4555.265727539062 8236.768551076695 60051.281982421875 0.475830078125 3040.493285590535 12606
stats: page 293 5800.9370583804375 10852.053913320164 140537.71899414063 1.162841796875 4174.8874961203755 7262
stats: connect 9 2.694797092013889 1.609102435706177 1053.442138671875 0.802978515625 2.2803499003617964 2168
stats: 302 268 1540
stats: 504 0 71
stats: 200 17 238
stats: size_rcv 874658 40772469
stats: newphase 0 5
stats: 502 84 6451
stats: size_sent 339681 6633830
stats: connected -101 556
stats: 400 9 332
stats: 503 21 4173
stats: 404 0 142
stats: 500 0 59
# stats: dump at 1433146555
stats: users 545 1045
stats: session 11 43187.96464399858 8559.30665227247 153025.751953125 1852.052001953125 27811.02020244717 1288
stats: users_count 0 1844
stats: finish_users_count 11 1299
stats: connect 1 23.301025390625 0.0 1053.442138671875 0.802978515625 2.282063278737942 2177
stats: request 125 22317.040425781244 14924.414714969787 60051.281982421875 0.475830078125 3087.080166782247 13006
stats: 302 101 1641
stats: page 95 54580.61772717928 48160.092410814 140537.71899414063 1.162841796875 4237.949378548198 7555
stats: 504 5 76
stats: 200 5 243
stats: size_rcv 755691 41528160
stats: newphase 0 5
stats: 502 12 6463
stats: size_sent 175539 6809369
stats: connected -11 545
stats: 400 1 333
stats: 503 0 4173
stats: 404 1 143
stats: 500 0 59
# stats: dump at 1433146565
stats: users 538 1045
stats: session 7 65240.86345563616 40142.00227912796 162530.89306640625 1852.052001953125 27941.232972929898 1299
stats: users_count 0 1844
stats: finish_users_count 7 1306
stats: request 196 37704.46175586934 22769.014417193386 60051.281982421875 0.475830078125 3270.138961418975 13131
stats: page 107 47425.39156505549 36236.70969516298 140537.71899414063 1.162841796875 4863.1197698057085 7650
stats: connect 1 1.570068359375 0.0 1053.442138671875 0.802978515625 2.291713858219984 2178
stats: 302 73 1714
stats: 504 102 178
stats: 200 16 259
stats: size_rcv 108573 41636733
stats: newphase 0 5
stats: 502 2 6465
stats: size_sent 110119 6919488
stats: connected -7 538
stats: 400 1 334
stats: 503 0 4173
stats: 404 3 146
stats: 500 0 59
# stats: dump at 1433146575
stats: users 521 1045
stats: session 17 106360.27900965074 31284.213868560804 162530.89306640625 1852.052001953125 28141.154422684067 1306
stats: users_count 0 1844
stats: finish_users_count 17 1323
stats: request 115 43645.51021993886 22634.65778358922 60051.281982421875 0.475830078125 3776.5640584184703 13327
stats: page 76 69851.76554790298 21172.169341710236 179446.52807617188 1.162841796875 5450.223428706279 7757
stats: 302 9 1723
stats: connect 2 1.761962890625 0.2529296875 1053.442138671875 0.802978515625 2.29138267625631 2179
stats: 504 77 255
stats: 200 26 285
stats: size_rcv 149996 41786729
stats: newphase 0 5
stats: 502 0 6465
stats: size_sent 87635 7007123
stats: connected -17 521
stats: 400 2 336
stats: 503 0 4173
stats: 404 0 146
stats: 500 0 59
# stats: dump at 1433146585
stats: users 514 1045
stats: session 7 122276.22087751116 47476.07978357312 207742.13696289063 1852.052001953125 29146.237656227855 1323
stats: users_count 0 1844
stats: finish_users_count 7 1330
stats: page 13 59616.878662109375 233.04847981206737 179446.52807617188 1.162841796875 6075.082001546692 7833
stats: request 16 59567.557540893555 265.9403136493477 60051.281982421875 0.475830078125 4117.653837363184 13442
stats: connect 0 0 0 1053.442138671875 0.802978515625 2.2908971927298256 2181
stats: 302 0 1723
stats: 504 16 271
stats: 200 0 285
stats: size_rcv 1200 41787929
stats: newphase 0 5
stats: 502 0 6465
stats: size_sent 13099 7020222
stats: connected -7 514
stats: 400 0 336
stats: 503 0 4173
stats: 404 0 146
stats: 500 0 59
# stats: dump at 1433146595
stats: users 501 1045
stats: session 13 107392.2271822416 21174.5353189439 207742.13696289063 1852.052001953125 29636.395462655662 1330
stats: users_count 0 1844
stats: finish_users_count 13 1343
stats: page 11 64898.27601207386 17314.459754269534 179446.52807617188 1.162841796875 6163.795149212676 7846
stats: connect 0 0 0 1053.442138671875 0.802978515625 2.2908971927298256 2181
stats: request 15 59405.748274739584 241.83094825448887 60051.281982421875 0.475830078125 4183.577337085021 13458
stats: 302 0 1723
stats: 504 15 286
stats: 200 0 285
stats: size_rcv 1125 41789054
stats: newphase 0 5
stats: 502 0 6465
stats: size_sent 5977 7026199
stats: connected -8 506
stats: 400 0 336
stats: 503 0 4173
stats: 404 0 146
stats: 500 0 59
# stats: dump at 1433146605
stats: users 443 1045
stats: session 58 118933.34626717403 25879.144460329015 207742.13696289063 1852.052001953125 30389.058018392534 1343
stats: users_count 0 1844
stats: finish_users_count 58 1401
stats: 302 0 1723
stats: request 252 33825.30025227866 21855.489376217443 60051.281982421875 0.475830078125 4245.058266652662 13473
stats: page 217 57271.856537568405 41909.41512083521 179446.52807617188 1.15185546875 6246.024917507378 7857
stats: connect 1 1.64306640625 0.0 1053.442138671875 0.802978515625 2.2908971927298256 2181
stats: 504 83 369
stats: 200 0 285
stats: size_rcv 67344 41856398
stats: newphase 0 5
stats: 502 66 6531
stats: size_sent 89047 7115246
stats: connected -55 451
stats: 400 1 337
stats: 503 102 4275
stats: 404 0 146
stats: 500 0 59
# stats: dump at 1433146615
stats: users 312 1045
stats: session 131 128029.84894777254 25234.339101492762 207742.13696289063 1852.052001953125 34054.703070804615 1401
stats: users_count 0 1844
stats: finish_users_count 131 1532
stats: page 328 32545.617641542027 29236.911037769758 179446.52807617188 1.15185546875 7617.415239721056 8074
stats: connect 3 5.702311197916667 3.6923525198971494 1053.442138671875 0.802978515625 2.2906002950274975 2182
stats: request 402 25799.596157396616 25109.211737144935 60051.281982421875 0.475830078125 4788.170906388746 13725
stats: 302 0 1723
stats: 504 80 449
stats: 200 0 285
stats: size_rcv 116990 41973388
stats: newphase 0 5
stats: 502 275 6806
stats: size_sent 135046 7250292
stats: connected -138 313
stats: 400 3 340
stats: 503 44 4319
stats: 404 0 146
stats: 500 0 59
# stats: dump at 1433146625
stats: users 288 1045
stats: session 24 128187.78410847981 31070.790928380815 237356.35498046875 1852.052001953125 42090.43682399182 1532
stats: users_count 0 1844
stats: finish_users_count 24 1556
stats: 302 7 1730
stats: request 144 27934.009528266055 29526.88452729859 60051.281982421875 0.475830078125 5386.075128863805 14127
stats: page 103 46717.15629266535 54080.91302207137 179446.52807617188 1.15185546875 8590.570487018995 8402
stats: connect 3 3.633056640625 1.5923731223066193 1053.442138671875 0.802978515625 2.2952845662900456 2185
stats: 504 61 510
stats: 200 0 285
stats: size_rcv 36653 42010041
stats: newphase 0 5
stats: 502 24 6830
stats: size_sent 106555 7356847
stats: connected -23 290
stats: 400 3 343
stats: 503 49 4368
stats: 404 0 146
stats: 500 0 59
# stats: dump at 1433146635
stats: users 227 1045
stats: session 61 147371.3698170146 27694.983516457625 237356.35498046875 1852.052001953125 43418.41647362403 1556
stats: users_count 0 1844
stats: finish_users_count 61 1617
stats: request 349 12510.558663004796 21187.732946224278 60051.281982421875 0.475830078125 5613.592650657227 14271
stats: page 267 16812.45305002047 24673.34748775117 179446.52807617188 1.15185546875 9052.303389779909 8505
stats: connect 1 1.683837890625 0.0 1053.442138671875 0.802978515625 2.2971188058800847 2188
stats: 302 177 1907
stats: 504 57 567
stats: 200 4 289
stats: size_rcv 100765 42110806
stats: newphase 0 5
stats: 502 4 6834
stats: size_sent 204943 7561790
stats: connected -62 228
stats: 400 1 344
stats: 503 106 4474
stats: 404 0 146
stats: 500 0 59
# stats: dump at 1433146645
stats: users 204 1045
stats: session 23 187371.9218643852 38577.128470836244 266539.6650390625 1852.052001953125 47339.95645751198 1617
stats: users_count 0 1844
stats: finish_users_count 23 1640
stats: request 99 10746.832489938452 16211.547958445537 60051.281982421875 0.475830078125 5778.232947395209 14620
stats: connect 1 1.41796875 0.0 1053.442138671875 0.802978515625 2.296838641003312 2189
stats: page 75 25689.762203776034 32793.302461043095 179446.52807617188 1.15185546875 9288.504935525945 8772
stats: 302 1 1908
stats: 504 7 574
stats: 200 1 290
stats: size_rcv 30267 42141073
stats: newphase 0 5
stats: 502 90 6924
stats: size_sent 102216 7664006
stats: connected -24 204
stats: 400 1 345
stats: 503 0 4474
stats: 404 0 146
stats: 500 0 59
# stats: dump at 1433146655
stats: users 201 1045
stats: session 3 194691.09790039063 46688.73370511773 266539.6650390625 1852.052001953125 49303.81938699862 1640
stats: users_count 0 1844
stats: finish_users_count 3 1643
stats: connect 0 0 0 1053.442138671875 0.802978515625 2.2964373305507992 2190
stats: request 11 40394.6816628196 22453.247224500687 60051.281982421875 0.475830078125 5811.651749943737 14719
stats: page 11 72758.65755948154 51615.882570378104 179446.52807617188 1.15185546875 9427.545773676591 8847
stats: 302 1 1909
stats: 504 6 580
stats: 200 0 290
stats: size_rcv 1918 42142991
stats: newphase 0 5
stats: 502 4 6928
stats: size_sent 36610 7700616
stats: connected -1 203
stats: 400 0 345
stats: 503 0 4474
stats: 404 0 146
stats: 500 0 59
# stats: dump at 1433146665
stats: users 180 1045
stats: session 21 175639.2387114025 20820.06983486933 266539.6650390625 1852.052001953125 49569.28611587274 1643
stats: users_count 0 1844
stats: finish_users_count 21 1664
stats: request 44 50593.74946178089 20999.340439317893 60051.281982421875 0.475830078125 5837.477502085056 14730
stats: page 40 77949.87916259767 37495.78772167033 179446.52807617188 1.15185546875 9506.191317777275 8858
stats: 302 6 1915
stats: connect 1 2.06884765625 0.0 1053.442138671875 0.802978515625 2.2964373305507992 2190
stats: 504 37 617
stats: 200 0 290
stats: size_rcv 3770 42146761
stats: newphase 0 5
stats: 502 0 6928
stats: size_sent 22542 7723158
stats: connected -22 181
stats: 400 1 346
stats: 503 0 4474
stats: 404 0 146
stats: 500 0 59
# stats: dump at 1433146675
stats: users 165 1045
stats: session 15 190684.73326822917 22279.57417624711 266539.6650390625 1852.052001953125 51160.313161849976 1664
stats: users_count 0 1844
stats: finish_users_count 15 1679
stats: request 28 53284.37147739955 18458.315650928944 60051.281982421875 0.475830078125 5970.770852987088 14774
stats: connect 0 0 0 1053.442138671875 0.802978515625 2.296333455756504 2191
stats: page 28 78783.7113647461 39371.257056445975 179446.52807617188 1.15185546875 9813.872539826365 8898
stats: 302 3 1918
stats: 504 25 642
stats: 200 0 290
stats: size_rcv 2340 42149101
stats: newphase 0 5
stats: 502 0 6928
stats: size_sent 9513 7732671
stats: connected -14 167
stats: 400 0 346
stats: 503 0 4474
stats: 404 0 146
stats: 500 0 59
# stats: dump at 1433146685
stats: users 158 1045
stats: session 7 193615.10707310267 11634.679909258162 266539.6650390625 1852.052001953125 52406.80887453353 1679
stats: users_count 0 1844
stats: finish_users_count 7 1686
stats: connect 0 0 0 1053.442138671875 0.802978515625 2.296333455756504 2191
stats: request 11 54047.33307439631 17090.991235322188 60051.281982421875 0.475830078125 6060.270975773437 14802
stats: 302 1 1919
stats: page 11 64889.28726473721 30824.28219919539 179446.52807617188 1.15185546875 10030.224263677783 8926
stats: 504 10 652
stats: 200 0 290
stats: size_rcv 905 42150006
stats: newphase 0 5
stats: 502 0 6928
stats: size_sent 6812 7739483
stats: connected -9 158
stats: 400 0 346
stats: 503 0 4474
stats: 404 0 146
stats: 500 0 59
# stats: dump at 1433146695
stats: users 149 1045
stats: session 9 210459.53217230903 19100.583874889835 266539.6650390625 1852.052001953125 52993.082947718576 1686
stats: users_count 0 1844
stats: finish_users_count 9 1695
stats: request 22 55687.200139825996 12735.57453202 60051.281982421875 0.475830078125 6095.905734639626 14813
stats: page 19 59417.998753597865 347.89950720726057 179446.52807617188 1.15185546875 10097.746887937787 8937
stats: connect 1 10.8369140625 0.0 1053.442138671875 0.802978515625 2.296333455756504 2191
stats: 302 0 1919
stats: 504 19 671
stats: 200 0 290
stats: size_rcv 7918 42157924
stats: newphase 0 5
stats: 502 0 6928
stats: size_sent 5187 7744670
stats: connected -9 149
stats: 400 1 347
stats: 503 0 4474
stats: 404 0 146
stats: 500 2 61
# stats: dump at 1433146705
stats: users 126 1045
stats: session 23 241773.43017578125 30480.407043318555 306184.7060546875 1852.052001953125 53829.187987849145 1695
stats: users_count 0 1844
stats: finish_users_count 23 1718
stats: request 66 55600.54801062382 15086.540772687504 82781.86499023438 0.475830078125 6169.44860467091 14835
stats: page 59 58399.57016767081 7764.473263925455 179446.52807617188 1.15185546875 10202.378954200352 8956
stats: connect 2 3.2685546875 1.41845703125 1053.442138671875 0.802978515625 2.300229706033303 2192
stats: 302 4 1923
stats: 504 60 731
stats: 200 0 290
stats: size_rcv 80007 42237931
stats: newphase 0 5
stats: 502 0 6928
stats: size_sent 29599 7774269
stats: connected -22 127
stats: 400 1 348
stats: 503 0 4474
stats: 404 0 146
stats: 500 0 61
# stats: dump at 1433146715
stats: users 114 1045
stats: session 12 254237.07120768228 26699.014077511227 316305.6708984375 1852.052001953125 56345.32161434649 1718
stats: users_count 0 1844
stats: finish_users_count 12 1730
stats: 302 2 1925
stats: request 42 55258.190673828125 15326.216809617326 82781.86499023438 0.475830078125 6388.390458290995 14901
stats: page 33 55895.16776160038 14197.957174615365 179446.52807617188 1.15185546875 10517.812596085518 9015
stats: connect 1 1.43701171875 0.0 1053.442138671875 0.802978515625 2.301112408842297 2194
stats: 504 39 770
stats: 200 0 290
stats: size_rcv 3302 42241233
stats: newphase 0 5
stats: 502 0 6928
stats: size_sent 29145 7803414
stats: connected -13 114
stats: 400 1 349
stats: 503 0 4474
stats: 404 0 146
stats: 500 0 61
# stats: dump at 1433146725
stats: users 104 1045
stats: session 10 256410.61938476563 19902.284621643303 316305.6708984375 1852.052001953125 57717.98114909795 1730
stats: users_count 0 1844
stats: finish_users_count 10 1740
stats: page 26 43569.95646784857 26415.88580038961 179446.52807617188 1.15185546875 10683.313559885471 9048
stats: request 27 44177.974301938666 26106.82750211007 82781.86499023438 0.475830078125 6525.74785700963 14943
stats: connect 0 0 0 1053.442138671875 0.802978515625 2.300718741101936 2195
stats: 302 0 1925
stats: 504 20 790
stats: 200 0 290
stats: size_rcv 4776 42246009
stats: newphase 0 5
stats: 502 0 6928
stats: size_sent 18881 7822295
stats: connected -10 104
stats: 400 0 349
stats: 503 7 4481
stats: 404 0 146
stats: 500 0 61
# stats: dump at 1433146735
stats: users 76 1045
stats: session 28 274416.9448765346 27493.838411762066 349713.68994140625 1852.052001953125 58859.892863096036 1740
stats: users_count 0 1844
stats: finish_users_count 28 1768
stats: request 45 30851.16059027779 15149.504462961024 82781.86499023438 0.475830078125 6593.657684265014 14970
stats: page 43 39213.726994004355 23848.232160599204 179446.52807617188 1.15185546875 10777.544628389664 9074
stats: connect 0 0 0 1053.442138671875 0.802978515625 2.300718741101936 2195
stats: 302 0 1925
stats: 504 9 799
stats: 200 0 290
stats: size_rcv 112873 42358882
stats: newphase 0 5
stats: 502 0 6928
stats: size_sent 13252 7835547
stats: connected -28 76
stats: 400 0 349
stats: 503 1 4482
stats: 404 0 146
stats: 500 35 96
# stats: dump at 1433146745
stats: users 76 1045
stats: session 0 0 0 349713.68994140625 1852.052001953125 62273.692329372214 1768
stats: users_count 0 1844
stats: finish_users_count 0 1768
stats: request 6 59612.51835123698 260.03661827746123 82781.86499023438 0.475830078125 6666.357493174142 15015
stats: page 6 59612.51835123698 260.03661827746123 179446.52807617188 1.15185546875 10911.662851678184 9117
stats: connect 0 0 0 1053.442138671875 0.802978515625 2.300718741101936 2195
stats: 302 0 1925
stats: 504 6 805
stats: 200 0 290
stats: size_rcv 450 42359332
stats: newphase 0 5
stats: 502 0 6928
stats: size_sent 11923 7847470
stats: connected 0 76
stats: 400 0 349
stats: 503 0 4482
stats: 404 0 146
stats: 500 0 96
# stats: dump at 1433146755
stats: users 72 1045
stats: session 4 278183.75701904297 13351.889019164259 349713.68994140625 1852.052001953125 62273.692329372214 1768
stats: users_count 0 1844
stats: finish_users_count 4 1772
stats: page 6 59714.11503092448 260.1194649925198 179446.52807617188 1.15185546875 10943.692352171152 9123
stats: request 6 59714.11503092448 260.1194649925198 82781.86499023438 0.475830078125 6687.506349119045 15021
stats: connect 0 0 0 1053.442138671875 0.802978515625 2.300718741101936 2195
stats: 302 0 1925
stats: 504 6 811
stats: 200 0 290
stats: size_rcv 450 42359782
stats: newphase 0 5
stats: 502 0 6928
stats: size_sent 2364 7849834
stats: connected -4 72
stats: 400 0 349
stats: 503 0 4482
stats: 404 0 146
stats: 500 0 96
# stats: dump at 1433146765
stats: users 53 1045
stats: session 19 285376.3119860197 17316.496769023757 349713.68994140625 1852.052001953125 62761.07396524055 1772
stats: users_count 0 1844
stats: finish_users_count 19 1791
stats: request 23 59527.05466627038 321.4059839463191 82781.86499023438 0.475830078125 6708.678882032523 15027
stats: page 23 70881.80149244226 25242.61586945336 179446.52807617188 1.15185546875 10975.746524158503 9129
stats: 302 0 1925
stats: connect 0 0 0 1053.442138671875 0.802978515625 2.300718741101936 2195
stats: 504 23 834
stats: 200 0 290
stats: size_rcv 1725 42361507
stats: newphase 0 5
stats: 502 0 6928
stats: size_sent 2377 7852211
stats: connected -19 53
stats: 400 0 349
stats: 503 0 4482
stats: 404 0 146
stats: 500 0 96
# stats: dump at 1433146775
stats: users 41 1045
stats: session 12 289380.6031697591 12927.264850422314 349713.68994140625 1852.052001953125 65122.70965613658 1791
stats: users_count 0 1844
stats: finish_users_count 12 1803
stats: page 19 44663.70199424342 40161.63065195542 179446.52807617188 1.15185546875 11126.297143069181 9152
stats: request 19 32162.063527960527 22711.433164235437 82781.86499023438 0.475830078125 6789.3979945267065 15050
stats: connect 0 0 0 1053.442138671875 0.802978515625 2.300718741101936 2195
stats: 302 5 1930
stats: 504 6 840
stats: 200 8 298
stats: size_rcv 155328 42516835
stats: newphase 0 5
stats: 502 0 6928
stats: size_sent 5159 7857370
stats: connected -10 43
stats: 400 0 349
stats: 503 0 4482
stats: 404 0 146
stats: 500 0 96
# stats: dump at 1433146785
stats: users 28 1045
stats: session 13 283197.9676983173 12385.978045713468 349713.68994140625 1852.052001953125 66615.27467120229 1803
stats: users_count 0 1844
stats: finish_users_count 13 1816
stats: request 15 47591.469140625 23777.27762248756 82781.86499023438 0.475830078125 6821.389543079049 15069
stats: page 15 55588.30148111979 40731.9250839114 179951.3798828125 1.15185546875 11195.77819117433 9171
stats: connect 0 0 0 1053.442138671875 0.802978515625 2.300718741101936 2195
stats: 302 3 1933
stats: 504 12 852
stats: 200 0 298
stats: size_rcv 1362 42518197
stats: newphase 0 5
stats: 502 0 6928
stats: size_sent 4908 7862278
stats: connected -14 29
stats: 400 0 349
stats: 503 0 4482
stats: 404 0 146
stats: 500 0 96
# stats: dump at 1433146795
stats: users 6 1045
stats: session 22 298262.2893066406 26878.12387848228 364268.3369140625 1852.052001953125 68165.70143846689 1816
stats: users_count 0 1844
stats: finish_users_count 22 1838
stats: request 23 50129.6908648947 9004.700682042376 82781.86499023438 0.475830078125 6861.932581660539 15084
stats: page 23 50129.6908648947 9004.700682042376 179951.3798828125 1.15185546875 11268.267615227147 9186
stats: connect 0 0 0 1053.442138671875 0.802978515625 2.300718741101936 2195
stats: 302 0 1933
stats: 504 6 858
stats: 200 0 298
stats: size_rcv 29489 42547686
stats: newphase 0 5
stats: 502 0 6928
stats: size_sent 0 7862278
stats: connected -23 6
stats: 400 0 349
stats: 503 9 4491
stats: 404 0 146
stats: 500 8 104
# stats: dump at 1433146805
stats: users 6 1045
stats: session 0 0 0 364268.3369140625 1852.052001953125 70919.8499330805 1838
stats: users_count 0 1844
stats: finish_users_count 0 1838
stats: request 0 0 0 82781.86499023438 0.475830078125 6927.806576531419 15107
stats: page 0 0 0 179951.3798828125 1.15185546875 11365.326224711604 9209
stats: connect 0 0 0 1053.442138671875 0.802978515625 2.300718741101936 2195
stats: 302 0 1933
stats: 504 0 858
stats: 200 0 298
stats: size_rcv 0 42547686
stats: newphase 0 5
stats: 502 0 6928
stats: size_sent 0 7862278
stats: connected 0 6
stats: 400 0 349
stats: 503 0 4491
stats: 404 0 146
stats: 500 0 104
# stats: dump at 1433146815
stats: users 5 1045
stats: session 1 305503.4040527344 0.0 364268.3369140625 1852.052001953125 70919.8499330805 1838
stats: users_count 0 1844
stats: finish_users_count 1 1839
stats: request 2 33195.59191894531 711.3499755859375 82781.86499023438 0.475830078125 6927.806576531419 15107
stats: 302 0 1933
stats: page 2 33195.59191894531 711.3499755859375 179951.3798828125 1.15185546875 11365.326224711604 9209
stats: connect 0 0 0 1053.442138671875 0.802978515625 2.300718741101936 2195
stats: 504 0 858
stats: 200 0 298
stats: size_rcv 656 42548342
stats: newphase 0 5
stats: 502 2 6930
stats: size_sent 0 7862278
stats: connected -1 5
stats: 400 0 349
stats: 503 0 4491
stats: 404 0 146
stats: 500 0 104
# stats: dump at 1433146825
stats: users 0 1045
stats: session 5 345350.35517578124 17851.952600579632 364397.2119140625 1852.052001953125 71047.41032140005 1839
stats: users_count 0 1844
stats: finish_users_count 5 1844
stats: request 9 21286.269476996527 25001.43886493354 82781.86499023438 0.475830078125 6931.28368095162 15109
stats: page 9 21286.269476996527 25001.43886493354 179951.3798828125 1.15185546875 11370.066267203023 9211
stats: 302 7 1940
stats: connect 0 0 0 1053.442138671875 0.802978515625 2.300718741101936 2195
stats: 504 2 860
stats: 200 0 298
stats: size_rcv 2466 42550808
stats: newphase 0 5
stats: 502 0 6930
stats: size_sent 4136 7866414
stats: connected -5 0
stats: 400 0 349
stats: 503 0 4491
stats: 404 0 146
stats: 500 0 104
# stats: dump at 1433146835
stats: users 0 1045
stats: session 0 0 0 364397.2119140625 1852.052001953125 71791.18186384685 1844
stats: users_count 0 1844
stats: finish_users_count 0 1844
stats: request 0 0 0 82781.86499023438 0.475830078125 6939.829445746197 15118
stats: page 0 0 0 179951.3798828125 1.15185546875 11379.745858188722 9220
stats: 302 0 1940
stats: connect 0 0 0 1053.442138671875 0.802978515625 2.300718741101936 2195
stats: 504 0 860
stats: 200 0 298
stats: size_rcv 0 42550808
stats: newphase 0 5
stats: 502 0 6930
stats: size_sent 0 7866414
stats: connected 0 0
stats: 400 0 349
stats: 503 0 4491
stats: 404 0 146
stats: 500 0 104
# stats: dump at 1433146845
stats: users 0 1045
stats: session 0 0 0 364397.2119140625 1852.052001953125 71791.18186384685 1844
stats: users_count 0 1844
stats: finish_users_count 0 1844
stats: request 0 0 0 82781.86499023438 0.475830078125 6939.829445746197 15118
stats: page 0 0 0 179951.3798828125 1.15185546875 11379.745858188722 9220
stats: connect 0 0 0 1053.442138671875 0.802978515625 2.300718741101936 2195
stats: 302 0 1940
stats: 504 0 860
stats: 200 0 298
stats: size_rcv 0 42550808
stats: newphase 0 5
stats: 502 0 6930
stats: size_sent 0 7866414
stats: connected 0 0
stats: 400 0 349
stats: 503 0 4491
stats: 404 0 146
stats: 500 0 104
# stats: dump at 1433146855
stats: users 0 1045
stats: session 0 0 0 364397.2119140625 1852.052001953125 71791.18186384685 1844
stats: users_count 0 1844
stats: finish_users_count 0 1844
stats: request 0 0 0 82781.86499023438 0.475830078125 6939.829445746197 15118
stats: page 0 0 0 179951.3798828125 1.15185546875 11379.745858188722 9220
stats: connect 0 0 0 1053.442138671875 0.802978515625 2.300718741101936 2195
stats: 302 0 1940
stats: 504 0 860
stats: 200 0 298
stats: size_rcv 0 42550808
stats: newphase 0 5
stats: 502 0 6930
stats: size_sent 0 7866414
stats: connected 0 0
stats: 400 0 349
stats: 503 0 4491
stats: 404 0 146
stats: 500 0 104
# stats: dump at 1433146865
stats: users 0 1045
stats: session 0 0 0 364397.2119140625 1852.052001953125 71791.18186384685 1844
stats: users_count 0 1844
stats: finish_users_count 0 1844
stats: request 0 0 0 82781.86499023438 0.475830078125 6939.829445746197 15118
stats: page 0 0 0 179951.3798828125 1.15185546875 11379.745858188722 9220
stats: connect 0 0 0 1053.442138671875 0.802978515625 2.300718741101936 2195
stats: 302 0 1940
stats: 504 0 860
stats: 200 0 298
stats: size_rcv 0 42550808
stats: newphase 0 5
stats: 502 0 6930
stats: size_sent 0 7866414
stats: connected 0 0
stats: 400 0 349
stats: 503 0 4491
stats: 404 0 146
stats: 500 0 104
# stats: dump at 1433146875
stats: users 0 1045
stats: session 0 0 0 364397.2119140625 1852.052001953125 71791.18186384685 1844
stats: users_count 0 1844
stats: finish_users_count 0 1844
stats: request 0 0 0 82781.86499023438 0.475830078125 6939.829445746197 15118
stats: page 0 0 0 179951.3798828125 1.15185546875 11379.745858188722 9220
stats: connect 0 0 0 1053.442138671875 0.802978515625 2.300718741101936 2195
stats: 302 0 1940
stats: 504 0 860
stats: 200 0 298
stats: size_rcv 0 42550808
stats: newphase 0 5
stats: 502 0 6930
stats: size_sent 0 7866414
stats: connected 0 0
stats: 400 0 349
stats: 503 0 4491
stats: 404 0 146
stats: 500 0 104
# stats: dump at 1433146876
stats: users 0 1045
stats: session 0 0 0 364397.2119140625 1852.052001953125 71791.18186384685 1844
stats: users_count 0 1844
stats: finish_users_count 0 1844
stats: request 0 0 0 82781.86499023438 0.475830078125 6939.829445746197 15118
stats: connect 0 0 0 1053.442138671875 0.802978515625 2.300718741101936 2195
stats: page 0 0 0 179951.3798828125 1.15185546875 11379.745858188722 9220
stats: 302 0 1940
stats: 504 0 860
stats: 200 0 298
stats: size_rcv 0 42550808
stats: newphase 0 5
stats: 502 0 6930
stats: size_sent 0 7866414
stats: connected 0 0
stats: 400 0 349
stats: 503 0 4491
stats: 404 0 146
stats: 500 0 104
EndMonitor:{1433,146876,943605}
