# stats: dump at 1433511357
stats: users 0 0
stats: users_count 0 0
stats: finish_users_count 0 0
# stats: dump at 1433511367
stats: users 16 16
stats: session 1 8876.44091796875 0 8876.44091796875 8876.44091796875 0 0
stats: users_count 17 17
stats: finish_users_count 1 1
stats: request 72 130.20483059353302 209.37389711542446 1420.447998046875 14.4169921875 0 0
stats: page 35 268.1607421874999 301.5482805758369 1523.029052734375 59.01708984375 0 0
stats: connect 16 117.41062927246094 307.7621287706431 1035.137939453125 1.662109375 0 0
stats: 302 31 31
stats: 200 41 41
stats: size_rcv 386247 386247
stats: newphase 1 1
stats: size_sent 59119 59119
stats: connected 16 16
# stats: dump at 1433511377
stats: users 21 21
stats: session 10 11124.314575195313 3025.5805150953165 17218.346923828125 5663.864990234375 8876.44091796875 1
stats: users_count 15 32
stats: finish_users_count 10 11
stats: request 118 60.979299771583705 62.8244533116514 1420.447998046875 1.331787109375 130.20483059353302 72
stats: page 69 104.78075110394022 84.45560476052717 1523.029052734375 10.8740234375 268.1607421874999 35
stats: connect 17 2.044376148897059 0.2577885163303077 1035.137939453125 1.662109375 117.41062927246094 16
stats: 302 43 74
stats: 200 70 111
stats: size_rcv 625363 1011610
stats: newphase 0 1
stats: size_sent 98903 158022
stats: connected 4 20
stats: 400 2 2
stats: 500 3 3
# stats: dump at 1433511387
stats: users 27 28
stats: session 9 11391.19921875 5388.879570956368 20150.83203125 3383.799072265625 10919.962424538353 11
stats: users_count 15 47
stats: finish_users_count 9 20
stats: request 114 60.39548639665569 62.471048844881906 1420.447998046875 0.903076171875 87.21213250411186 190
stats: page 67 102.93203416511194 74.10509113920317 1523.029052734375 10.8740234375 159.76440194936896 104
stats: connect 16 1.9598236083984375 0.25556929311189563 1035.137939453125 1.662109375 57.97952917850379 33
stats: 302 37 111
stats: 200 75 186
stats: size_rcv 677573 1689183
stats: newphase 0 1
stats: size_sent 94544 252566
stats: connected 7 27
stats: 400 1 3
stats: 500 0 3
# stats: dump at 1433511397
stats: users 46 46
stats: session 16 15452.10659790039 6504.980854433708 25604.58203125 3383.799072265625 11132.018981933594 20
stats: users_count 35 82
stats: finish_users_count 16 36
stats: request 211 59.910850488744074 58.2030412641663 1420.447998046875 0.903076171875 77.1558902138158 304
stats: page 123 102.95715828252033 77.40984748883757 1523.029052734375 10.8740234375 137.4967490748355 171
stats: connect 33 1.891727331912879 0.38036778458979253 1035.137939453125 1.404052734375 39.687380420918366 49
stats: 302 83 194
stats: 200 127 313
stats: size_rcv 1164710 2853893
stats: newphase 1 2
stats: size_sent 175042 427608
stats: connected 16 43
stats: 400 0 3
stats: 500 1 4
# stats: dump at 1433511407
stats: users 63 64
stats: session 28 13357.750383649554 9073.70592407254 35461.556884765625 3081.241943359375 13052.057922363281 36
stats: users_count 45 127
stats: finish_users_count 28 64
stats: request 319 56.75983756612461 55.12175424881363 1420.447998046875 0.903076171875 70.09044675364078 515
stats: page 189 96.14332088086971 73.34790131579828 1523.029052734375 10.8740234375 123.04651211070363 294
stats: connect 47 3.208293508976064 3.6404809409716123 1035.137939453125 1.404052734375 24.47693466558689 82
stats: 302 114 308
stats: 200 199 512
stats: size_rcv 1831846 4685739
stats: newphase 0 2
stats: size_sent 265899 693507
stats: connected 17 60
stats: 400 3 6
stats: 500 3 7
# stats: dump at 1433511417
stats: users 58 64
stats: session 37 14748.153742609797 8312.97469957601 47370.89599609375 3081.241943359375 13185.798374176025 64
stats: users_count 32 159
stats: finish_users_count 37 101
stats: request 313 50.494712366463645 50.43077831886611 1420.447998046875 0.903076171875 64.9915686591352 834
stats: page 189 84.15906988880614 74.09203830773977 1523.029052734375 9.156982421875 112.51917641207297 483
stats: connect 43 1.7889943677325582 0.2561081747817559 1035.137939453125 1.404052734375 16.727894864341085 129
stats: 302 109 417
stats: 200 191 703
stats: size_rcv 1814587 6500326
stats: newphase 0 2
stats: size_sent 259489 952996
stats: connected -1 59
stats: 400 7 13
stats: 500 6 13
# stats: dump at 1433511427
stats: users 92 93
stats: session 38 15564.835590563322 7961.960154129681 47370.89599609375 3081.241943359375 13758.146380433942 101
stats: users_count 72 231
stats: finish_users_count 38 139
stats: request 419 59.61922977420197 58.73640145417762 1420.447998046875 0.903076171875 61.03558259147504 1147
stats: page 238 103.96338813845851 76.64940230626183 1523.029052734375 8.429931640625 104.54289645240416 672
stats: connect 72 2.4529045952690973 1.9396310037953661 1035.137939453125 1.404052734375 12.993169740188954 172
stats: 302 171 588
stats: 200 236 939
stats: size_rcv 2322124 8822450
stats: newphase 1 3
stats: size_sent 348798 1301794
stats: connected 30 89
stats: 400 4 17
stats: 500 8 21
# stats: dump at 1433511437
stats: users 104 113
stats: session 59 12956.753798662608 8295.54046523245 47370.89599609375 1743.427978515625 14252.06141629665 139
stats: users_count 71 302
stats: finish_users_count 59 198
stats: request 601 56.64904561733049 54.67204369386729 1420.447998046875 0.903076171875 60.65662229106801 1566
stats: page 351 98.56535526286503 79.98105998999924 1523.029052734375 8.429931640625 104.39133273952606 910
stats: connect 88 2.794286554509942 2.9422214060919356 1035.137939453125 1.404052734375 9.882927566278177 244
stats: 302 203 791
stats: 200 373 1312
stats: size_rcv 3839964 12662414
stats: newphase 0 3
stats: size_sent 504754 1806548
stats: connected 16 105
stats: 400 14 31
stats: 500 11 32
# stats: dump at 1433511447
stats: users 111 116
stats: session 66 13083.62637606534 6035.706272535099 47370.89599609375 1743.427978515625 13866.085914072364 198
stats: users_count 73 375
stats: finish_users_count 66 264
stats: request 630 52.26708635602674 50.138282033266016 1420.447998046875 0.903076171875 59.54515317204805 2167
stats: page 377 87.73126204513423 71.82660068037568 1523.029052734375 8.06298828125 102.76966890581629 1261
stats: connect 81 1.7650071132330247 0.34997455137404226 1035.137939453125 1.39306640625 8.00401067159262 332
stats: 302 215 1006
stats: 200 395 1707
stats: size_rcv 4024269 16686683
stats: newphase 0 3
stats: size_sent 519669 2326217
stats: connected 7 112
stats: 400 9 40
stats: 500 11 43
# stats: dump at 1433511457
stats: users 184 186
stats: session 78 15069.742206280045 7552.427531576847 47370.89599609375 1743.427978515625 13670.471029570608 264
stats: users_count 151 526
stats: finish_users_count 78 342
stats: request 934 60.94082752693389 57.847691246066894 1420.447998046875 0.903076171875 57.90583172260457 2797
stats: page 526 108.1747141790934 80.3711188989517 1523.029052734375 8.06298828125 99.30844827915136 1638
stats: connect 159 1.93660942413522 1.1508290266857304 1035.137939453125 1.36279296875 6.78038043375454 413
stats: 302 373 1379
stats: 200 539 2246
stats: size_rcv 5440571 22127254
stats: newphase 1 4
stats: size_sent 778506 3104723
stats: connected 71 183
stats: 400 10 50
stats: 500 12 55
# stats: dump at 1433511467
stats: users 242 242
stats: session 120 12310.958420817058 7144.723788781745 47370.89599609375 1743.427978515625 13989.603052328901 342
stats: users_count 178 704
stats: finish_users_count 120 462
stats: request 1317 67.98785525519656 59.74511815368235 1420.447998046875 0.893798828125 58.665597490828524 3731
stats: page 770 116.81420581371754 91.68499488805871 1523.029052734375 8.06298828125 101.46355727331472 2164
stats: connect 197 2.2916241176237313 1.9321018435730724 1035.137939453125 1.218994140625 5.43394758317854 572
stats: 302 462 1841
stats: 200 808 3054
stats: size_rcv 8312546 30439800
stats: newphase 0 4
stats: size_sent 1096869 4201592
stats: connected 54 237
stats: 400 24 74
stats: 500 23 78
# stats: dump at 1433511477
stats: users 260 266
stats: session 147 13338.804999734268 7047.885024721806 47370.89599609375 1743.427978515625 13553.591459728423 462
stats: users_count 165 869
stats: finish_users_count 147 609
stats: request 1423 68.778517443616 62.11953981550897 1420.447998046875 0.881103515625 61.09773169757827 5048
stats: page 844 116.26820207207123 96.70311804078865 1523.029052734375 8.06298828125 105.49218691752405 2934
stats: connect 197 2.5657568607233503 2.4428406440845576 1035.137939453125 1.218994140625 4.628957046488947 769
stats: 302 497 2338
stats: 200 881 3935
stats: size_rcv 8992383 39432183
stats: newphase 0 4
stats: size_sent 1182075 5383667
stats: connected 27 264
stats: 400 23 97
stats: 500 22 100
# stats: dump at 1433511487
stats: users 366 366
stats: session 162 15198.930618851273 8864.348567670639 60690.850830078125 1627.927978515625 13501.746452143627 609
stats: users_count 268 1137
stats: finish_users_count 162 771
stats: request 1518 236.53541502619603 184.88610614421407 1420.447998046875 0.881103515625 62.78676864961222 6471
stats: page 869 382.276705444476 382.1248105970553 1724.510986328125 8.06298828125 107.89953387105444 3778
stats: connect 280 3.151215471540179 3.4880500429975214 1035.137939453125 1.218994140625 4.208200900944617 966
stats: 302 625 2963
stats: 200 852 4787
stats: size_rcv 8670023 48102206
stats: newphase 1 5
stats: size_sent 1330887 6714554
stats: connected 97 361
stats: 400 20 117
stats: 500 21 121
# stats: dump at 1433511497
stats: users 521 521
stats: session 168 16771.159994942802 7279.724584114057 60690.850830078125 1627.927978515625 13858.353242035506 771
stats: users_count 323 1460
stats: finish_users_count 168 939
stats: request 1981 856.1121897035512 334.38608226716343 1420.447998046875 0.881103515625 95.8009688248099 7989
stats: page 1097 1460.415700935079 886.0287948854649 3516.739013671875 1.545166015625 159.20871443858258 4647
stats: connect 350 4.07069056919643 4.531029984919155 1035.137939453125 1.218994140625 3.970676085348115 1246
stats: 302 741 3704
stats: 200 1043 5830
stats: size_rcv 10752603 58854809
stats: newphase 0 5
stats: size_sent 1694767 8409321
stats: connected 155 516
stats: 400 27 144
stats: 503 143 143
stats: 500 26 147
stats: 404 1 1
# stats: dump at 1433511507
stats: users 668 669
stats: session 195 17865.823646584537 6299.307388217643 60690.850830078125 1627.927978515625 14379.494386325629 939
stats: users_count 342 1802
stats: finish_users_count 195 1134
stats: request 2587 803.7436477195172 464.584758913056 1475.743896484375 0.881103515625 246.87183427724585 9970
stats: page 1492 1412.2554776189152 1064.8572901528971 3729.113037109375 1.531982421875 407.7156894014406 5744
stats: connect 386 3.2428712202477343 3.58009872981261 1035.137939453125 1.050048828125 3.9926090861920436 1596
stats: 302 836 4540
stats: 200 1091 6921
stats: size_rcv 11522125 70376934
stats: newphase 0 5
stats: size_sent 2037757 10447078
stats: connected 147 663
stats: 400 43 187
stats: 503 578 721
stats: 500 20 167
stats: 404 18 19
# stats: dump at 1433511517
stats: users 346 672
stats: session 349 18282.01557673151 6782.128862927783 60690.850830078125 1627.927978515625 14978.995449597664 1134
stats: users_count 27 1829
stats: finish_users_count 349 1483
stats: request 1814 465.4716848018035 410.63674448636164 1475.743896484375 0.881103515625 361.5988695066124 12557
stats: page 1299 723.5296981376907 832.164812735504 3729.113037109375 1.531982421875 614.8430199736453 7236
stats: connect 66 3.750099875710227 3.9523194449788424 1035.137939453125 1.050048828125 3.846595556295725 1982
stats: 302 643 5183
stats: 200 1064 7985
stats: size_rcv 10983241 81360175
stats: newphase 0 5
stats: size_sent 1343410 11790488
stats: connected -312 351
stats: 400 32 219
stats: 503 47 768
stats: 500 21 188
stats: 404 7 26
# stats: dump at 1433511527
stats: users 115 672
stats: session 231 23218.516533921793 7032.3501593552255 60690.850830078125 1627.927978515625 15756.30767102026 1483
stats: users_count 0 1829
stats: finish_users_count 231 1714
stats: request 492 26.412942529693847 12.670176951052149 1475.743896484375 0.881103515625 374.7103639708443 14371
stats: page 434 30.03563496813796 20.818836179488343 3729.113037109375 1.531982421875 631.3847885659235 8535
stats: connect 3 4.030680338541667 3.140612703956164 1035.137939453125 1.050048828125 3.8434858322143564 2048
stats: 302 280 5463
stats: 200 209 8194
stats: size_rcv 1895955 83256130
stats: newphase 0 5
stats: size_sent 400577 12191065
stats: connected -234 117
stats: 400 3 222
stats: 503 0 768
stats: 500 0 188
stats: 404 0 26
# stats: dump at 1433511537
stats: users 29 672
stats: session 86 30442.81497263354 6604.570270177743 60690.850830078125 1627.927978515625 16762.007932006407 1714
stats: users_count 0 1829
stats: finish_users_count 86 1800
stats: request 151 25.336619800289736 10.386963409469073 1475.743896484375 0.881103515625 363.180906166293 14863
stats: page 138 27.73308353147645 18.080397136001316 3729.113037109375 1.531982421875 602.286167464191 8969
stats: connect 0 0 0 1035.137939453125 1.050048828125 3.843759641828682 2051
stats: 302 95 5558
stats: 200 56 8250
stats: size_rcv 538796 83794926
stats: newphase 0 5
stats: size_sent 121266 12312331
stats: connected -88 29
stats: 400 0 222
stats: 503 0 768
stats: 500 0 188
stats: 404 0 26
# stats: dump at 1433511547
stats: users 5 672
stats: session 24 38957.51006062826 7379.639805348617 60690.850830078125 1627.927978515625 17415.64649061415 1800
stats: users_count 0 1829
stats: finish_users_count 24 1824
stats: request 32 25.34027099609375 8.475301130774966 1475.743896484375 0.881103515625 359.7831116251137 15014
stats: page 32 25.34027099609375 8.475301130774966 3729.113037109375 1.531982421875 593.5798618110983 9107
stats: connect 0 0 0 1035.137939453125 1.050048828125 3.843759641828682 2051
stats: 302 25 5583
stats: 200 7 8257
stats: size_rcv 68691 83863617
stats: newphase 0 5
stats: size_sent 25896 12338227
stats: connected -24 5
stats: 400 0 222
stats: 503 0 768
stats: 500 0 188
stats: 404 0 26
# stats: dump at 1433511557
stats: users 2 672
stats: session 3 43502.916015625 1347.8581908597628 60690.850830078125 1627.927978515625 17699.092063903805 1824
stats: users_count 0 1829
stats: finish_users_count 3 1827
stats: request 4 25.00048828125 2.655414612620292 1475.743896484375 0.881103515625 359.0718148751384 15046
stats: page 4 25.00048828125 2.655414612620292 3729.113037109375 1.531982421875 591.5901838478551 9139
stats: connect 0 0 0 1035.137939453125 1.050048828125 3.843759641828682 2051
stats: 302 3 5586
stats: 200 1 8258
stats: size_rcv 9303 83872920
stats: newphase 0 5
stats: size_sent 3232 12341459
stats: connected -3 2
stats: 400 0 222
stats: 503 0 768
stats: 500 0 188
stats: 404 0 26
# stats: dump at 1433511567
stats: users 0 672
stats: session 2 57427.583984375 3959.4228515625 61387.0068359375 1627.927978515625 17741.462874990375 1827
stats: users_count 0 1829
stats: finish_users_count 2 1829
stats: request 2 21.9195556640625 0.1214599609375 1475.743896484375 0.881103515625 358.9830251537845 15050
stats: page 2 21.9195556640625 0.1214599609375 3729.113037109375 1.531982421875 591.3423047291559 9143
stats: connect 0 0 0 1035.137939453125 1.050048828125 3.843759641828682 2051
stats: 302 2 5588
stats: 200 0 8258
stats: size_rcv 2752 83875672
stats: newphase 0 5
stats: size_sent 1618 12343077
stats: connected -2 0
stats: 400 0 222
stats: 503 0 768
stats: 500 0 188
stats: 404 0 26
# stats: dump at 1433511568
stats: users 0 672
stats: session 0 0 0 61387.0068359375 1627.927978515625 17784.859398893474 1829
stats: users_count 0 1829
stats: finish_users_count 0 1829
stats: request 0 0 0 1475.743896484375 0.881103515625 358.9382386178438 15052
stats: page 0 0 0 3729.113037109375 1.531982421875 591.2177726899946 9145
stats: connect 0 0 0 1035.137939453125 1.050048828125 3.843759641828682 2051
stats: 302 0 5588
stats: 200 0 8258
stats: size_rcv 0 83875672
stats: newphase 0 5
stats: size_sent 0 12343077
stats: connected 0 0
stats: 400 0 222
stats: 503 0 768
stats: 500 0 188
stats: 404 0 26
EndMonitor:{1433,511568,254267}
