# stats: dump at 1433104901
stats: users 0 0
stats: users_count 0 0
stats: finish_users_count 0 0
# stats: dump at 1433104911
stats: users 24 24
stats: users_count 24 24
stats: finish_users_count 0 0
stats: request 53 896.204787920106 1331.3157444477752 4411.280029296875 21.432861328125 0 0
stats: page 18 2639.418741861979 1563.19383812817 4948.989013671875 481.932861328125 0 0
stats: connect 23 59.214705757472814 215.97574089323552 1052.282958984375 1.85400390625 0 0
stats: 302 35 35
stats: 200 18 18
stats: size_rcv 101221 101221
stats: newphase 1 1
stats: size_sent 51878 51878
stats: connected 23 23
# stats: dump at 1433104921
stats: users 46 46
stats: users_count 22 46
stats: finish_users_count 0 0
stats: request 8 7791.890777587891 1349.0306410698142 10535.072021484375 21.432861328125 896.204787920106 53
stats: page 6 8217.982218424479 1303.6994876973245 10535.072021484375 481.932861328125 2639.418741861979 18
stats: connect 21 2.5485723586309526 0.6158995591552109 1052.282958984375 1.844970703125 59.214705757472814 23
stats: 302 2 37
stats: 200 6 24
stats: size_rcv 33216798 33318019
stats: newphase 0 1
stats: size_sent 13092 64970
stats: connected 21 44
# stats: dump at 1433104931
stats: users 61 61
stats: users_count 15 61
stats: finish_users_count 0 0
stats: request 39 12981.890931740785 2225.129190201336 19725.6728515625 21.432861328125 1800.5570488601434 61
stats: page 9 16699.859754774305 2738.152544691296 21109.75 481.932861328125 4034.059611002604 24
stats: connect 17 2.5807818244485294 0.37062640338621927 1052.282958984375 1.844970703125 32.16950572620738 44
stats: 302 28 65
stats: 200 13 37
stats: size_rcv 48622836 81940855
stats: newphase 0 1
stats: size_sent 38667 103637
stats: connected 17 61
# stats: dump at 1433104941
stats: users 99 99
stats: users_count 38 99
stats: finish_users_count 0 0
stats: request 123 3434.679423510544 4400.558097415556 24174.27392578125 21.432861328125 6161.277263183594 100
stats: page 59 13235.028506521447 5983.914132509507 24174.27392578125 481.932861328125 7488.368741122159 33
stats: connect 38 2.2595664576480257 0.5085907377565507 1052.282958984375 1.795166015625 23.923467917520487 61
stats: 302 54 119
stats: 200 68 105
stats: size_rcv 36309249 118250104
stats: newphase 1 2
stats: size_sent 110118 213755
stats: connected 38 99
# stats: dump at 1433104951
stats: users 140 141
stats: session 2 25377.27392578125 19390.39208984375 44767.666015625 5986.8818359375 0 0
stats: users_count 43 142
stats: finish_users_count 2 2
stats: request 153 697.5867736417486 3047.0775838111176 24174.27392578125 1.3271484375 4657.369037713705 223
stats: page 82 1301.8421869045346 4066.5779183454483 24174.27392578125 1.495849609375 11173.726634149964 92
stats: connect 44 2.3490878018465904 0.5279909435500678 1052.282958984375 1.777099609375 15.608030993529038 99
stats: 302 0 119
stats: 200 7 112
stats: size_rcv 40437005 158687109
stats: newphase 0 2
stats: size_sent 54965 268720
stats: connected 41 140
stats: 400 1 1
stats: 503 144 144
# stats: dump at 1433104961
stats: users 158 159
stats: session 21 15253.20542689732 15007.278142441326 48905.674072265625 3645.510986328125 25377.27392578125 2
stats: users_count 39 181
stats: finish_users_count 21 23
stats: request 288 703.5330666436095 4161.794598306098 27460.906005859375 1.26806640625 3046.074658982298 376
stats: page 169 1062.6067443486497 5128.255909844808 31741.419921875 1.4619140625 6521.459250965337 174
stats: connect 45 2.1714952256944446 0.3171452668215725 1052.282958984375 1.760986328125 11.528356165319055 143
stats: 302 1 120
stats: 200 7 119
stats: size_rcv 33606739 192293848
stats: newphase 0 2
stats: size_sent 84835 353555
stats: connected 17 157
stats: 400 5 6
stats: 503 275 419
# stats: dump at 1433104971
stats: users 209 209
stats: session 30 17567.70155436198 15377.267463993016 59821.807861328125 3074.738037109375 16133.559209408968 23
stats: users_count 81 262
stats: finish_users_count 30 53
stats: request 480 958.0198527018237 5526.271099753953 36058.743896484375 1.22900390625 2030.0325225462404 664
stats: page 270 1127.7950746889471 6061.557524807792 36765.901123046875 1.458984375 3831.820552369943 343
stats: connect 93 2.0594259282594085 0.47833004888611125 1052.282958984375 1.72998046875 9.288682004238696 188
stats: 302 5 125
stats: 200 9 128
stats: size_rcv 33530305 225824153
stats: newphase 1 3
stats: size_sent 143268 496823
stats: connected 46 203
stats: 400 13 19
stats: 503 453 872
# stats: dump at 1433104981
stats: users 226 229
stats: session 66 17320.974272756866 17047.52406635452 72228.49487304688 2327.57177734375 16945.337895231427 53
stats: users_count 83 345
stats: finish_users_count 66 119
stats: request 693 917.0137800296488 6159.81712840549 46791.7041015625 1.22900390625 1580.2369967373943 1144
stats: page 405 1061.9440405574844 6660.321452422412 46791.7041015625 1.424072265625 2640.814224516976 613
stats: connect 120 2.146394856770833 1.0836836177967768 1052.282958984375 1.720947265625 6.8960812388790025 281
stats: 302 6 131
stats: 200 10 138
stats: size_rcv 43049034 268873187
stats: newphase 0 3
stats: size_sent 199657 696480
stats: connected 22 225
stats: 400 21 40
stats: 503 657 1529
# stats: dump at 1433104991
stats: users 228 245
stats: session 74 25714.700977222343 23289.9995100195 84843.68188476563 1940.3359375 17153.67403738839 119
stats: users_count 76 421
stats: finish_users_count 74 193
stats: request 877 4897.892981499883 13358.938550414498 55840.659912109375 1.22900390625 1330.039016781778 1837
stats: page 505 9203.740951326577 18579.34418545489 57250.35009765625 1.419921875 2012.6782475979248 1018
stats: connect 112 3.024302891322544 3.749118262308653 1052.282958984375 1.50390625 5.4747287055798 401
stats: 302 167 298
stats: 200 85 223
stats: size_rcv 46530541 315403728
stats: newphase 0 3
stats: size_sent 319993 1016473
stats: connected 2 227
stats: 400 18 58
stats: 503 602 2131
stats: 404 4 4
# stats: dump at 1433105001
stats: users 306 306
stats: session 83 32825.242522825654 29099.151352258992 96063.6298828125 1413.626953125 20436.140325200373 193
stats: users_count 161 582
stats: finish_users_count 83 276
stats: request 1030 134.90652993211475 1962.140996840533 58340.98681640625 1.22900390625 2482.952770303435 2714
stats: page 582 272.02177759544105 3170.749543960607 58340.98681640625 1.380859375 4397.108100114649 1523
stats: connect 208 2.021390474759617 0.3697053338694325 1052.282958984375 1.50390625 4.939742952759502 513
stats: 302 5 303
stats: 200 8 231
stats: size_rcv 34400014 349803742
stats: newphase 1 4
stats: size_sent 370907 1387380
stats: connected 73 300
stats: 400 36 94
stats: 503 982 3113
stats: 404 0 4
# stats: dump at 1433105011
stats: users 315 317
stats: session 134 19499.608331025534 20141.62186357548 96063.6298828125 1413.626953125 24161.848594776093 276
stats: users_count 143 725
stats: finish_users_count 134 410
stats: request 1149 229.53013574983677 1891.470583289536 58340.98681640625 1.22900390625 1836.9891945602567 3744
stats: page 700 304.3779457310266 2152.3817320444655 58340.98681640625 1.380859375 3256.585420919314 2105
stats: connect 179 1.9920988455831006 0.29098983844156656 1052.282958984375 1.50390625 4.09783266784414 721
stats: 302 10 313
stats: 200 7 238
stats: size_rcv 32658536 382462278
stats: newphase 0 4
stats: size_sent 329422 1716802
stats: connected 10 310
stats: 400 22 116
stats: 503 1110 4223
stats: 404 0 4
# stats: dump at 1433105021
stats: users 338 343
stats: session 125 19858.6404140625 19163.45513206798 107321.44897460938 1413.626953125 22638.09202076981 410
stats: users_count 148 873
stats: finish_users_count 125 535
stats: request 1183 345.03850281329267 2952.498560792021 58340.98681640625 1.22900390625 1459.517202209312 4893
stats: page 716 414.79931504233565 3174.9933124284476 58340.98681640625 1.380859375 2519.8491526013813 2805
stats: connect 178 2.195064244645364 0.45482197020316306 1052.282958984375 1.50390625 3.6790256076388888 900
stats: 302 7 320
stats: 200 8 246
stats: size_rcv 41760602 424222880
stats: newphase 0 4
stats: size_sent 323523 2040325
stats: connected 26 336
stats: 400 21 137
stats: 503 1146 5369
stats: 404 0 4
# stats: dump at 1433105031
stats: users 448 452
stats: session 183 19199.732044324206 17049.36945726263 107321.44897460938 1413.626953125 21988.68743976343 535
stats: users_count 293 1166
stats: finish_users_count 183 718
stats: request 1975 327.0183210541932 3302.061668391889 58340.98681640625 1.22509765625 1242.527685852253 6076
stats: page 1157 415.27362086923375 3723.3423922653096 58340.98681640625 1.3681640625 2091.784488104853 3521
stats: connect 346 2.094704688628972 0.5100260710775922 1052.282958984375 1.50390625 3.4339930263653757 1078
stats: 302 12 332
stats: 200 8 254
stats: size_rcv 31896736 456119616
stats: newphase 1 5
stats: size_sent 545877 2586202
stats: connected 109 445
stats: 400 38 175
stats: 503 1918 7287
stats: 404 0 4
# stats: dump at 1433105041
stats: users 563 563
stats: session 231 18706.69426406925 22722.015801778773 138032.02197265625 1283.447998046875 21277.853404435606 718
stats: users_count 346 1512
stats: finish_users_count 231 949
stats: request 2503 613.2555791448702 5148.411043009052 58340.98681640625 0.22119140625 1017.94303854432 8051
stats: page 1459 875.5619247049558 6138.735638718672 58340.98681640625 1.3681640625 1677.136545951879 4678
stats: connect 429 2.230527935606062 0.960797843953394 1052.282958984375 1.50390625 3.1085760566625695 1424
stats: 302 21 353
stats: 200 13 267
stats: size_rcv 45726880 501846496
stats: newphase 0 5
stats: size_sent 687510 3273712
stats: connected 99 544
stats: 400 69 244
stats: 503 2398 9685
stats: 404 0 4
# stats: dump at 1433105051
stats: users 573 588
stats: session 297 21172.543773509835 21336.721111481267 138032.02197265625 1283.447998046875 20651.99696457825 949
stats: users_count 307 1819
stats: finish_users_count 297 1246
stats: request 2677 1197.9422672629426 5715.753198361587 58340.98681640625 0.22119140625 921.9668483911246 10554
stats: page 1619 2269.420055782888 8822.030017615585 58340.98681640625 1.3681640625 1486.5715512640413 6137
stats: connect 443 2.9456117513755644 4.145218871620907 1052.282958984375 1.346923828125 2.9052934641459793 1853
stats: 302 385 738
stats: 200 41 308
stats: size_rcv 35625496 537471992
stats: newphase 0 5
stats: size_sent 916960 4190672
stats: connected 21 565
stats: 400 78 322
stats: 503 2155 11840
stats: 404 19 23
# stats: dump at 1433105061
stats: users 326 588
stats: session 282 22570.28341869599 21277.232448947238 143494.57397460938 1283.447998046875 20776.075939098864 1246
stats: users_count 35 1854
stats: finish_users_count 282 1528
stats: request 1212 593.0519727448825 1844.5976790064005 58340.98681640625 0.22119140625 977.8043660632475 13231
stats: page 861 843.248229200693 3708.929444932687 67106.10693359375 1.3681640625 1649.9846158354717 7756
stats: connect 97 2.237324822809278 1.489113261885462 1052.282958984375 1.329833984375 2.913072645871897 2296
stats: 302 128 866
stats: 200 21 329
stats: size_rcv 34503828 571975820
stats: newphase 0 5
stats: size_sent 479171 4669843
stats: connected -235 330
stats: 400 26 348
stats: 503 1033 12873
stats: 404 3 26
# stats: dump at 1433105071
stats: users 175 588
stats: session 151 28076.948764422083 20221.577149767225 146742.72802734375 1283.447998046875 21107.205853527128 1528
stats: users_count 0 1854
stats: finish_users_count 151 1679
stats: request 389 3118.5175272885213 3469.176242879372 58340.98681640625 0.22119140625 945.5174519386294 14443
stats: page 314 4021.503097631369 4953.208203061621 67106.10693359375 1.3681640625 1569.3765122155871 8617
stats: connect 10 2.0886474609375 0.3624960085221575 1052.282958984375 1.329833984375 2.885681279872284 2393
stats: 302 163 1029
stats: 200 38 367
stats: size_rcv 39070036 611045856
stats: newphase 0 5
stats: size_sent 194348 4864191
stats: connected -154 176
stats: 400 7 355
stats: 503 180 13053
stats: 404 1 27
# stats: dump at 1433105081
stats: users 134 588
stats: session 41 34807.035525438274 18402.73674668016 146742.72802734375 1283.447998046875 21734.026091493262 1679
stats: users_count 0 1854
stats: finish_users_count 41 1720
stats: request 102 4831.263042375155 4613.18563397707 58340.98681640625 0.22119140625 1002.508891347415 14832
stats: page 89 5374.82757362623 5315.246371057498 67106.10693359375 1.3681640625 1655.5894500523978 8931
stats: connect 2 2.53759765625 0.2763671875 1052.282958984375 1.329833984375 2.8823644516619855 2403
stats: 302 45 1074
stats: 200 15 382
stats: size_rcv 34621710 645667566
stats: newphase 0 5
stats: size_sent 56364 4920555
stats: connected -40 136
stats: 400 2 357
stats: 503 40 13093
stats: 404 0 27
# stats: dump at 1433105091
stats: users 53 588
stats: session 81 48129.2946747203 21319.056250450525 154801.64306640625 1283.447998046875 22045.650153581486 1720
stats: users_count 0 1854
stats: finish_users_count 81 1801
stats: request 186 8747.947360131053 5526.076698006976 58340.98681640625 0.22119140625 1028.6594821740407 14934
stats: page 164 10421.33350949171 6592.702436957402 67106.10693359375 1.3681640625 1692.2870324246894 9020
stats: connect 2 2.9644775390625 0.3555908203125 1052.282958984375 1.329833984375 2.8820777433082125 2405
stats: 302 137 1211
stats: 200 44 426
stats: size_rcv 54589249 700256815
stats: newphase 0 5
stats: size_sent 51085 4971640
stats: connected -83 53
stats: 400 2 359
stats: 503 4 13097
stats: 404 0 27
# stats: dump at 1433105101
stats: users 17 588
stats: session 36 49745.14476182726 11314.848656636816 154801.64306640625 1283.447998046875 23218.762427991394 1801
stats: users_count 0 1854
stats: finish_users_count 36 1837
stats: request 69 872.5254578521289 3747.4201552574063 58340.98681640625 0.22119140625 1123.6189759108133 15120
stats: page 62 1279.5250834803428 5093.589224647887 67106.10693359375 1.3681640625 1848.162862372315 9184
stats: connect 0 0 0 1052.282958984375 1.329833984375 2.8821462101098363 2407
stats: 302 41 1252
stats: 200 27 453
stats: size_rcv 18603841 718860656
stats: newphase 0 5
stats: size_sent 41913 5013553
stats: connected -36 17
stats: 400 0 359
stats: 503 0 13097
stats: 404 0 27
# stats: dump at 1433105111
stats: users 3 588
stats: session 14 58035.21449497768 7317.723167324799 154801.64306640625 1283.447998046875 23738.6044334449 1837
stats: users_count 0 1854
stats: finish_users_count 14 1851
stats: request 22 51.07530628551135 168.39123488057922 58340.98681640625 0.22119140625 1122.478318017203 15189
stats: page 21 53.51469494047619 175.56259808125296 67106.10693359375 1.3681640625 1844.3498035045557 9246
stats: connect 0 0 0 1052.282958984375 1.329833984375 2.8821462101098363 2407
stats: 302 14 1266
stats: 200 8 461
stats: size_rcv 736923 719597579
stats: newphase 0 5
stats: size_sent 13930 5027483
stats: connected -14 3
stats: 400 0 359
stats: 503 0 13097
stats: 404 0 27
# stats: dump at 1433105121
stats: users 1 588
stats: session 2 70383.66760253906 4337.3734130859375 154801.64306640625 1283.447998046875 23998.006130290636 1851
stats: users_count 0 1854
stats: finish_users_count 2 1853
stats: request 2 18.3829345703125 1.5260009765625 58340.98681640625 0.22119140625 1120.9287245481282 15211
stats: page 2 18.3829345703125 1.5260009765625 67106.10693359375 1.3681640625 1840.2915821513836 9267
stats: connect 0 0 0 1052.282958984375 1.329833984375 2.8821462101098363 2407
stats: 302 2 1268
stats: 200 0 461
stats: size_rcv 284 719597863
stats: newphase 0 5
stats: size_sent 1264 5028747
stats: connected -2 1
stats: 400 0 359
stats: 503 0 13097
stats: 404 0 27
# stats: dump at 1433105131
stats: users 1 588
stats: session 0 0 0 154801.64306640625 1283.447998046875 24048.071604086912 1853
stats: users_count 0 1854
stats: finish_users_count 0 1853
stats: request 0 0 0 58340.98681640625 0.22119140625 1120.78377670221 15213
stats: page 0 0 0 67106.10693359375 1.3681640625 1839.8984634443857 9269
stats: connect 0 0 0 1052.282958984375 1.329833984375 2.8821462101098363 2407
stats: 302 0 1268
stats: 200 0 461
stats: size_rcv 0 719597863
stats: newphase 0 5
stats: size_sent 0 5028747
stats: connected 0 1
stats: 400 0 359
stats: 503 0 13097
stats: 404 0 27
# stats: dump at 1433105141
stats: users 0 588
stats: session 1 79877.26708984375 0.0 154801.64306640625 1283.447998046875 24048.071604086912 1853
stats: users_count 0 1854
stats: finish_users_count 1 1854
stats: request 1 18.125 0.0 58340.98681640625 0.22119140625 1120.78377670221 15213
stats: page 1 18.125 0.0 67106.10693359375 1.3681640625 1839.8984634443857 9269
stats: connect 0 0 0 1052.282958984375 1.329833984375 2.8821462101098363 2407
stats: 302 1 1269
stats: 200 0 461
stats: size_rcv 142 719598005
stats: newphase 0 5
stats: size_sent 632 5029379
stats: connected -1 0
stats: 400 0 359
stats: 503 0 13097
stats: 404 0 27
# stats: dump at 1433105151
stats: users 0 588
stats: session 0 0 0 154801.64306640625 1283.447998046875 24078.184438761 1854
stats: users_count 0 1854
stats: finish_users_count 0 1854
stats: request 0 0 0 58340.98681640625 0.22119140625 1120.7113001163875 15214
stats: page 0 0 0 67106.10693359375 1.3681640625 1839.7019398776713 9270
stats: connect 0 0 0 1052.282958984375 1.329833984375 2.8821462101098363 2407
stats: 302 0 1269
stats: 200 0 461
stats: size_rcv 0 719598005
stats: newphase 0 5
stats: size_sent 0 5029379
stats: connected 0 0
stats: 400 0 359
stats: 503 0 13097
stats: 404 0 27
# stats: dump at 1433105161
stats: users 0 588
stats: session 0 0 0 154801.64306640625 1283.447998046875 24078.184438761 1854
stats: users_count 0 1854
stats: finish_users_count 0 1854
stats: request 0 0 0 58340.98681640625 0.22119140625 1120.7113001163875 15214
stats: page 0 0 0 67106.10693359375 1.3681640625 1839.7019398776713 9270
stats: connect 0 0 0 1052.282958984375 1.329833984375 2.8821462101098363 2407
stats: 302 0 1269
stats: 200 0 461
stats: size_rcv 0 719598005
stats: newphase 0 5
stats: size_sent 0 5029379
stats: connected 0 0
stats: 400 0 359
stats: 503 0 13097
stats: 404 0 27
# stats: dump at 1433105171
stats: users 0 588
stats: session 0 0 0 154801.64306640625 1283.447998046875 24078.184438761 1854
stats: users_count 0 1854
stats: finish_users_count 0 1854
stats: request 0 0 0 58340.98681640625 0.22119140625 1120.7113001163875 15214
stats: page 0 0 0 67106.10693359375 1.3681640625 1839.7019398776713 9270
stats: connect 0 0 0 1052.282958984375 1.329833984375 2.8821462101098363 2407
stats: 302 0 1269
stats: 200 0 461
stats: size_rcv 0 719598005
stats: newphase 0 5
stats: size_sent 0 5029379
stats: connected 0 0
stats: 400 0 359
stats: 503 0 13097
stats: 404 0 27
# stats: dump at 1433105172
stats: users 0 588
stats: session 0 0 0 154801.64306640625 1283.447998046875 24078.184438761 1854
stats: users_count 0 1854
stats: finish_users_count 0 1854
stats: request 0 0 0 58340.98681640625 0.22119140625 1120.7113001163875 15214
stats: page 0 0 0 67106.10693359375 1.3681640625 1839.7019398776713 9270
stats: connect 0 0 0 1052.282958984375 1.329833984375 2.8821462101098363 2407
stats: 302 0 1269
stats: 200 0 461
stats: size_rcv 0 719598005
stats: newphase 0 5
stats: size_sent 0 5029379
stats: connected 0 0
stats: 400 0 359
stats: 503 0 13097
stats: 404 0 27
EndMonitor:{1433,105172,888199}
