# stats: dump at 1433178029
stats: users 0 0
stats: users_count 0 0
stats: finish_users_count 0 0
# stats: dump at 1433178039
stats: users 18 18
stats: users_count 18 18
stats: finish_users_count 0 0
stats: request 27 91.68089916087963 215.77517425989302 1165.215087890625 7.946044921875 0 0
stats: page 9 275.69984266493054 324.6302761907393 1185.47412109375 129.737060546875 0 0
stats: connect 15 71.759619140625 263.629284781886 1058.169921875 0.951171875 0 0
stats: 302 18 18
stats: 200 9 9
stats: size_rcv 49224 49224
stats: newphase 1 1
stats: size_sent 28122 28122
stats: connected 15 15
# stats: dump at 1433178049
stats: users 41 41
stats: users_count 23 41
stats: finish_users_count 0 0
stats: request 79 2715.4734133949764 2939.945673947827 11656.19482421875 7.946044921875 91.68089916087963 27
stats: page 28 7260.980433872765 2336.9011013674985 11656.19482421875 129.737060546875 275.69984266493054 9
stats: connect 25 1.278603515625 0.3593387929174888 1058.169921875 0.93994140625 71.759619140625 15
stats: 302 49 67
stats: 200 31 40
stats: size_rcv 37371975 37421199
stats: newphase 0 1
stats: size_sent 70116 98238
stats: connected 25 40
# stats: dump at 1433178059
stats: users 59 59
stats: users_count 18 59
stats: finish_users_count 0 0
stats: request 14 10431.117693219867 3225.70391025897 17749.64794921875 7.946044921875 2047.148905052329 106
stats: page 10 12064.540209960938 2928.9672786252095 17749.64794921875 129.737060546875 5561.858127903292 37
stats: connect 19 1.149940892269737 0.13647485678312668 1058.169921875 0.93896484375 27.708984375 40
stats: 302 3 70
stats: 200 10 50
stats: size_rcv 33550284 70971483
stats: newphase 0 1
stats: size_sent 19479 117717
stats: connected 19 59
# stats: dump at 1433178069
stats: users 96 96
stats: users_count 37 96
stats: finish_users_count 0 0
stats: request 9 18179.411187065973 2177.002642551956 21620.68408203125 7.946044921875 3025.278597005208 120
stats: page 7 18569.632428850447 2081.428469280958 21620.68408203125 129.737060546875 6945.407507064493 47
stats: connect 33 1.7029548413825757 1.404372745003943 1058.169921875 0.933837890625 19.156072067002118 59
stats: 302 2 72
stats: 200 7 57
stats: size_rcv 34381277 105352760
stats: newphase 1 2
stats: size_sent 20478 138195
stats: connected 33 92
# stats: dump at 1433178079
stats: users 138 138
stats: session 2 20567.551513671875 18131.467529296875 38699.01904296875 2436.083984375 0 0
stats: users_count 44 140
stats: finish_users_count 2 2
stats: request 156 836.7715422801483 4615.124256486508 28642.677001953125 0.343994140625 4082.5436614280525 129
stats: page 80 1360.960699462891 5930.37972430645 28642.677001953125 0.611083984375 8452.251478407117 54
stats: connect 55 1.1483087713068179 0.23706156336524084 1058.169921875 0.900146484375 12.895714801290762 92
stats: 302 0 72
stats: 200 5 62
stats: size_rcv 23754977 129107737
stats: newphase 0 2
stats: size_sent 55832 194027
stats: connected 46 138
stats: 400 6 6
stats: 503 145 145
# stats: dump at 1433178089
stats: users 156 158
stats: session 22 16410.551624644886 16272.760062443369 51143.8388671875 2436.083984375 20567.551513671875 2
stats: users_count 40 180
stats: finish_users_count 22 24
stats: request 316 3142.998563742336 9551.431459473832 39721.135986328125 0.325927734375 2305.91050147341 285
stats: page 167 1698.7258841691614 7595.918094174286 39721.135986328125 0.55419921875 4218.645043216535 134
stats: connect 54 1.2738986545138888 0.36340949497664216 1058.169921875 0.829833984375 8.500426830888605 147
stats: 302 21 93
stats: 200 10 72
stats: size_rcv 36661007 165768744
stats: newphase 0 2
stats: size_sent 110580 304607
stats: connected 17 155
stats: 400 10 16
stats: 503 275 420
# stats: dump at 1433178099
stats: users 204 204
stats: session 29 20689.203116581357 18879.809412298087 63730.927001953125 2436.083984375 16756.9682820638 24
stats: users_count 77 257
stats: finish_users_count 29 53
stats: request 645 4285.968757948762 9249.49857889552 43463.760986328125 0.325927734375 2746.0433262271213 601
stats: page 330 10681.754029060136 16141.097988840747 49196.4609375 0.52001953125 2820.550360289919 301
stats: connect 98 2.1100451411033156 2.586515406938903 1058.169921875 0.80810546875 6.558971499922263 201
stats: 302 187 280
stats: 200 105 177
stats: size_rcv 37179761 202948505
stats: newphase 1 3
stats: size_sent 333096 637703
stats: connected 48 203
stats: 400 12 28
stats: 503 339 759
stats: 404 2 2
# stats: dump at 1433178109
stats: users 202 210
stats: session 66 29223.150627367424 21891.364206330505 74111.87915039063 1889.23291015625 18908.568474535674 53
stats: users_count 64 321
stats: finish_users_count 66 119
stats: request 534 321.67411295572913 1894.8289395960971 43463.760986328125 0.325927734375 3543.19573670903 1246
stats: page 332 382.60257583066635 2183.5851254310232 49196.4609375 0.52001953125 6931.797920819509 631
stats: connect 78 2.358066656650641 2.8609210216650824 1058.169921875 0.80810546875 5.100794967600335 299
stats: 302 8 288
stats: 200 8 185
stats: size_rcv 25488875 228437380
stats: newphase 0 3
stats: size_sent 204027 841730
stats: connected -1 202
stats: 400 9 37
stats: 503 510 1269
stats: 404 0 2
# stats: dump at 1433178119
stats: users 221 227
stats: session 63 24403.95500449529 19535.50883428508 84225.78295898438 1889.23291015625 24629.261097114628 119
stats: users_count 82 403
stats: finish_users_count 63 182
stats: request 617 242.53950250709067 2010.115446433851 43463.760986328125 0.325927734375 2576.7392495830395 1780
stats: page 373 334.75835183478523 2446.0953715354262 49196.4609375 0.52001953125 4673.923720885661 963
stats: connect 100 1.74663330078125 2.174626481193303 1058.169921875 0.80810546875 4.533333937748674 377
stats: 302 2 290
stats: 200 5 190
stats: size_rcv 21342384 249779764
stats: newphase 0 3
stats: size_sent 197260 1038990
stats: connected 17 219
stats: 400 14 51
stats: 503 594 1863
stats: 404 1 3
# stats: dump at 1433178129
stats: users 282 282
stats: session 81 19955.067952473964 20387.7007728825 84225.78295898438 1889.23291015625 24551.270526592547 182
stats: users_count 142 545
stats: finish_users_count 81 263
stats: request 980 359.9229469766424 3107.2775249428573 43463.760986328125 0.277099609375 1975.9043543198522 2397
stats: page 563 433.3676397889375 3390.522011661317 49196.4609375 0.52001953125 3462.4651260832834 1336
stats: connect 176 2.263012972745028 2.74407786979978 1058.169921875 0.80810546875 3.949119967734539 477
stats: 302 6 296
stats: 200 7 197
stats: size_rcv 35126646 284906410
stats: newphase 1 4
stats: size_sent 282453 1321443
stats: connected 58 277
stats: 400 23 74
stats: 503 943 2806
stats: 404 0 3
# stats: dump at 1433178139
stats: users 314 317
stats: session 110 15257.230437677557 14739.188040728695 84225.78295898438 1889.23291015625 23135.710037985682 263
stats: users_count 142 687
stats: finish_users_count 110 373
stats: request 1124 439.7310854005644 4060.818263047789 43463.760986328125 0.277099609375 1506.949133947822 3377
stats: page 675 463.6946607349538 4221.913661225733 49196.4609375 0.501953125 2564.4230593198727 1899
stats: connect 167 2.1130780431324863 2.785234023316392 1058.169921875 0.802001953125 3.4946715280436447 653
stats: 302 5 301
stats: 200 8 205
stats: size_rcv 35254526 320160936
stats: newphase 0 4
stats: size_sent 305768 1627211
stats: connected 33 310
stats: 400 19 93
stats: 503 1092 3898
stats: 404 0 3
# stats: dump at 1433178149
stats: users 333 349
stats: session 145 17174.490473464433 18188.59809301231 103112.50708007813 933.349853515625 20812.2978234176 373
stats: users_count 164 851
stats: finish_users_count 145 518
stats: request 1299 335.3875949498413 3998.4473662140676 51135.034912109375 0.277099609375 1240.4410054059163 4501
stats: page 780 437.65799278846174 4570.040974621029 51135.034912109375 0.501953125 2013.5327450056457 2574
stats: connect 219 2.074776148687216 2.6885027266249226 1058.169921875 0.47900390625 3.213298220750762 820
stats: 302 4 305
stats: 200 5 210
stats: size_rcv 23781787 343942723
stats: newphase 0 4
stats: size_sent 351727 1978938
stats: connected 23 333
stats: 400 33 126
stats: 503 1257 5155
stats: 404 0 3
# stats: dump at 1433178159
stats: users 469 471
stats: session 159 16390.010387492635 15422.502743260908 106067.97607421875 933.349853515625 19793.992677195187 518
stats: users_count 295 1146
stats: finish_users_count 159 677
stats: request 1938 300.9763417908281 4162.470660385645 60452.289794921875 0.277099609375 1037.740250202047 5800
stats: page 1115 416.41230490646 4868.16737861847 60452.289794921875 0.501953125 1647.0502444900214 3354
stats: connect 346 2.0959507936687163 2.853675495746076 1058.169921875 0.47900390625 2.9733209986314972 1039
stats: 302 5 310
stats: 200 5 215
stats: size_rcv 29784045 373726768
stats: newphase 1 5
stats: size_sent 528552 2507490
stats: connected 126 459
stats: 400 45 171
stats: 503 1883 7038
stats: 404 0 3
# stats: dump at 1433178169
stats: users 548 550
stats: session 222 15550.161518818622 17358.414637596194 116030.5439453125 933.349853515625 18994.534502804192 677
stats: users_count 301 1447
stats: finish_users_count 222 899
stats: request 2345 262.99370752265463 4213.626677425832 71489.24389648438 0.212158203125 853.2160250145384 7738
stats: page 1392 346.90844919489746 4839.694242879695 72415.93286132813 0.501953125 1340.0103468315585 4469
stats: connect 381 2.163612025303477 2.644431999896623 1058.169921875 0.47900390625 2.7541368174639 1385
stats: 302 2 312
stats: 200 7 222
stats: size_rcv 35730545 409457313
stats: newphase 0 5
stats: size_sent 618702 3126192
stats: connected 77 536
stats: 400 56 227
stats: 503 2279 9317
stats: 404 0 3
# stats: dump at 1433178179
stats: users 593 596
stats: session 279 18576.11352101536 21513.620990731433 141083.78100585938 933.349853515625 18143.977436680947 899
stats: users_count 324 1771
stats: finish_users_count 279 1178
stats: request 2624 1330.3552187477665 9755.808470543045 81364.76586914063 0.2099609375 715.9482143908681 10083
stats: page 1560 1751.5827020107172 11405.861627125907 83444.45483398438 0.498046875 1104.14652811287 5861
stats: connect 445 1.8935744382022466 2.4740802979329914 1058.169921875 0.47900390625 2.626735942145032 1766
stats: 302 33 345
stats: 200 15 237
stats: size_rcv 25093245 434550558
stats: newphase 0 5
stats: size_sent 718950 3845142
stats: connected 47 583
stats: 400 73 300
stats: 503 2502 11819
stats: 404 0 3
# stats: dump at 1433178189
stats: users 357 599
stats: session 285 23721.743644634054 23580.375083900024 141121.1650390625 933.349853515625 18246.325456654886 1178
stats: users_count 49 1820
stats: finish_users_count 285 1463
stats: request 1344 2176.5967557997947 9271.663242327484 89241.57397460938 0.2099609375 842.823478373909 12707
stats: page 943 4562.780836799102 16189.452037301764 89241.57397460938 0.498046875 1240.2468422592979 7421
stats: connect 108 1.6000072337962963 1.685396519875912 1058.169921875 0.47900390625 2.479175169076493 2211
stats: 302 293 638
stats: 200 39 276
stats: size_rcv 30344551 464895109
stats: newphase 0 5
stats: size_sent 521512 4366654
stats: connected -220 363
stats: 400 25 325
stats: 503 976 12795
stats: 404 11 14
# stats: dump at 1433178199
stats: users 210 599
stats: session 147 32571.865295825362 25764.523735046878 141121.1650390625 933.349853515625 19312.965363404077 1463
stats: users_count 0 1820
stats: finish_users_count 147 1610
stats: request 401 3025.9931847627013 4449.03191961773 89241.57397460938 0.2099609375 970.4009664431134 14051
stats: page 335 3495.1181779092794 5430.511083545457 89241.57397460938 0.498046875 1614.846263212315 8364
stats: connect 3 1.5350748697916667 0.3452468034745296 1058.169921875 0.47900390625 2.4382307374204943 2319
stats: 302 105 743
stats: 200 27 303
stats: size_rcv 38157146 503052255
stats: newphase 0 5
stats: size_sent 180619 4547273
stats: connected -149 214
stats: 400 2 327
stats: 503 266 13061
stats: 404 1 15
# stats: dump at 1433178209
stats: users 140 599
stats: session 70 42687.16071777344 31310.09970027137 149577.58911132813 933.349853515625 20523.56057462515 1610
stats: users_count 0 1820
stats: finish_users_count 70 1680
stats: request 171 4895.799353527047 5719.630042991376 89241.57397460938 0.2099609375 1027.4375343607826 14452
stats: page 146 5737.032880391158 7237.753043629176 89241.57397460938 0.498046875 1687.2558610308556 8699
stats: connect 3 1.093017578125 0.18668069917296012 1058.169921875 0.47900390625 2.4370638693744624 2322
stats: 302 56 799
stats: 200 19 322
stats: size_rcv 29844779 532897034
stats: newphase 0 5
stats: size_sent 91963 4639236
stats: connected -74 140
stats: 400 2 329
stats: 503 94 13155
stats: 404 0 15
# stats: dump at 1433178219
stats: users 116 599
stats: session 24 58485.67409261068 32527.4457391644 153527.24096679688 933.349853515625 21447.043913922997 1680
stats: users_count 0 1820
stats: finish_users_count 24 1704
stats: request 61 11258.054395331712 6047.930531921436 89241.57397460938 0.2099609375 1072.6737971712475 14623
stats: page 55 13659.60897993608 8452.351731097526 89241.57397460938 0.498046875 1754.103508834881 8845
stats: connect 1 3.02197265625 0.0 1058.169921875 0.47900390625 2.435329616095431 2325
stats: 302 37 836
stats: 200 12 334
stats: size_rcv 25645169 558542203
stats: newphase 0 5
stats: size_sent 25934 4665170
stats: connected -24 116
stats: 400 1 330
stats: 503 11 13166
stats: 404 0 15
# stats: dump at 1433178229
stats: users 46 599
stats: session 70 72636.17350725444 35758.97104536526 165318.43188476563 933.349853515625 21968.714761510146 1704
stats: users_count 0 1820
stats: finish_users_count 70 1774
stats: request 128 10494.209936141968 5735.505044358292 89241.57397460938 0.2099609375 1114.9857160276754 14684
stats: page 109 12801.03860109662 6669.499026472985 89241.57397460938 0.498046875 1827.6768572517985 8900
stats: connect 5 1.5658203125 0.22985497421979795 1058.169921875 0.47900390625 2.4355818272046976 2326
stats: 302 100 936
stats: 200 24 358
stats: size_rcv 31465700 590007903
stats: newphase 0 5
stats: size_sent 44088 4709258
stats: connected -64 52
stats: 400 5 335
stats: 503 0 13166
stats: 404 0 15
# stats: dump at 1433178239
stats: users 13 599
stats: session 33 60206.11004823627 17963.932978627712 165318.43188476563 933.349853515625 23967.994418895774 1774
stats: users_count 0 1820
stats: finish_users_count 33 1807
stats: request 78 2434.8382850060098 5967.965021821636 89241.57397460938 0.2099609375 1196.0376131499158 14812
stats: page 70 3532.1123744419638 7413.5975941917095 89241.57397460938 0.498046875 1960.4436937574137 9009
stats: connect 0 0 0 1058.169921875 0.47900390625 2.433716186890016 2331
stats: 302 43 979
stats: 200 34 392
stats: size_rcv 34606707 624614610
stats: newphase 0 5
stats: size_sent 30579 4739837
stats: connected -39 13
stats: 400 0 335
stats: 503 0 13166
stats: 404 0 15
# stats: dump at 1433178249
stats: users 4 599
stats: session 9 84115.53979492188 37450.18820579047 168941.27099609375 933.349853515625 24629.786237251188 1807
stats: users_count 0 1820
stats: finish_users_count 9 1816
stats: request 14 71.36980329241071 170.1905326050834 89241.57397460938 0.2099609375 1202.526965225455 14890
stats: page 13 76.87047400841347 181.2287290525748 89241.57397460938 0.498046875 1972.5614168158913 9079
stats: connect 0 0 0 1058.169921875 0.47900390625 2.433716186890016 2331
stats: 302 9 988
stats: 200 5 397
stats: size_rcv 738000 625352610
stats: newphase 0 5
stats: size_sent 8878 4748715
stats: connected -9 4
stats: 400 0 335
stats: 503 0 13166
stats: 404 0 15
# stats: dump at 1433178259
stats: users 2 599
stats: session 2 72798.83947753906 2311.4434814453125 168941.27099609375 933.349853515625 24924.59448726167 1816
stats: users_count 0 1820
stats: finish_users_count 2 1818
stats: request 7 223.24142020089286 321.3827561298029 89241.57397460938 0.2099609375 1201.464418240279 14904
stats: page 5 312.5919921875 364.823890449344 89241.57397460938 0.498046875 1969.850904029211 9092
stats: connect 0 0 0 1058.169921875 0.47900390625 2.433716186890016 2331
stats: 302 2 990
stats: 200 5 402
stats: size_rcv 1449097 626801707
stats: newphase 0 5
stats: size_sent 4500 4753215
stats: connected -2 2
stats: 400 0 335
stats: 503 0 13166
stats: 404 0 15
# stats: dump at 1433178269
stats: users 1 599
stats: session 1 87709.60815429688 0.0 168941.27099609375 933.349853515625 24977.261423444594 1818
stats: users_count 0 1820
stats: finish_users_count 1 1819
stats: request 2 14.689453125 2.814453125 89241.57397460938 0.2099609375 1201.0051894168414 14911
stats: page 2 14.689453125 2.814453125 89241.57397460938 0.498046875 1968.940021918712 9097
stats: connect 0 0 0 1058.169921875 0.47900390625 2.433716186890016 2331
stats: 302 1 991
stats: 200 1 403
stats: size_rcv 4933 626806640
stats: newphase 0 5
stats: size_sent 1260 4754475
stats: connected -1 1
stats: 400 0 335
stats: 503 0 13166
stats: 404 0 15
# stats: dump at 1433178279
stats: users 0 599
stats: session 1 89931.5 0.0 168941.27099609375 933.349853515625 25011.74869487442 1819
stats: users_count 0 1820
stats: finish_users_count 1 1820
stats: request 1 15.3759765625 0.0 89241.57397460938 0.2099609375 1200.8460912157698 14913
stats: page 1 15.3759765625 0.0 89241.57397460938 0.498046875 1968.51046909559 9099
stats: connect 0 0 0 1058.169921875 0.47900390625 2.433716186890016 2331
stats: 302 1 992
stats: 200 0 403
stats: size_rcv 141 626806781
stats: newphase 0 5
stats: size_sent 631 4755106
stats: connected -1 0
stats: 400 0 335
stats: 503 0 13166
stats: 404 0 15
# stats: dump at 1433178289
stats: users 0 599
stats: session 0 0 0 168941.27099609375 933.349853515625 25047.418887899214 1820
stats: users_count 0 1820
stats: finish_users_count 0 1820
stats: request 0 0 0 89241.57397460938 0.2099609375 1200.766604148943 14914
stats: page 0 0 0 89241.57397460938 0.498046875 1968.2958389315754 9100
stats: connect 0 0 0 1058.169921875 0.47900390625 2.433716186890016 2331
stats: 302 0 992
stats: 200 0 403
stats: size_rcv 0 626806781
stats: newphase 0 5
stats: size_sent 0 4755106
stats: connected 0 0
stats: 400 0 335
stats: 503 0 13166
stats: 404 0 15
# stats: dump at 1433178299
stats: users 0 599
stats: session 0 0 0 168941.27099609375 933.349853515625 25047.418887899214 1820
stats: users_count 0 1820
stats: finish_users_count 0 1820
stats: request 0 0 0 89241.57397460938 0.2099609375 1200.766604148943 14914
stats: page 0 0 0 89241.57397460938 0.498046875 1968.2958389315754 9100
stats: connect 0 0 0 1058.169921875 0.47900390625 2.433716186890016 2331
stats: 302 0 992
stats: 200 0 403
stats: size_rcv 0 626806781
stats: newphase 0 5
stats: size_sent 0 4755106
stats: connected 0 0
stats: 400 0 335
stats: 503 0 13166
stats: 404 0 15
# stats: dump at 1433178300
stats: users 0 599
stats: session 0 0 0 168941.27099609375 933.349853515625 25047.418887899214 1820
stats: users_count 0 1820
stats: finish_users_count 0 1820
stats: request 0 0 0 89241.57397460938 0.2099609375 1200.766604148943 14914
stats: page 0 0 0 89241.57397460938 0.498046875 1968.2958389315754 9100
stats: connect 0 0 0 1058.169921875 0.47900390625 2.433716186890016 2331
stats: 302 0 992
stats: 200 0 403
stats: size_rcv 0 626806781
stats: newphase 0 5
stats: size_sent 0 4755106
stats: connected 0 0
stats: 400 0 335
stats: 503 0 13166
stats: 404 0 15
EndMonitor:{1433,178300,653581}
