# stats: dump at 1433480854
stats: users 0 0
stats: users_count 0 0
stats: finish_users_count 0 0
# stats: dump at 1433480864
stats: users 20 20
stats: users_count 20 20
stats: finish_users_count 0 0
stats: connect 20 76.62935791015624 245.5735713374822 1063.434814453125 1.443115234375 0 0
stats: request 99 63.51764964094065 162.52026358282373 1453.64013671875 7.23095703125 0 0
stats: 302 41 41
stats: page 48 130.42396036783853 235.33406546637417 1481.47314453125 9.541015625 0 0
stats: 200 58 58
stats: size_rcv 292598 292598
stats: newphase 1 1
stats: size_sent 70408 70408
stats: connected 20 20
# stats: dump at 1433480874
stats: users 26 29
stats: session 14 10194.235124860492 4510.846303868794 17510.6708984375 4891.6650390625 0 0
stats: users_count 20 40
stats: finish_users_count 14 14
stats: connect 20 1.74306640625 0.1872095624248142 1063.434814453125 1.443115234375 76.62935791015624 20
stats: request 151 28.298522545012418 40.38684348109492 1453.64013671875 5.3759765625 63.51764964094065 99
stats: 302 40 81
stats: page 90 47.984307183159714 60.232995490695515 1481.47314453125 5.3759765625 130.42396036783853 48
stats: 200 86 144
stats: size_rcv 565081 857679
stats: newphase 0 1
stats: size_sent 103465 173873
stats: connected 7 27
stats: 404 25 25
# stats: dump at 1433480884
stats: users 30 30
stats: session 17 13117.486830767462 5703.263383158407 24378.664794921875 3246.7919921875 10194.235124860492 14
stats: users_count 21 61
stats: finish_users_count 17 31
stats: request 158 27.83918086184731 41.29743210570551 1453.64013671875 5.36376953125 42.245296875 250
stats: page 93 47.41015099966399 60.60174173532695 1481.47314453125 5.36376953125 76.65896916043931 138
stats: connect 21 1.9832007998511905 0.8648435371338855 1063.434814453125 1.443115234375 39.186212158203126 40
stats: 302 45 126
stats: 200 84 228
stats: size_rcv 623684 1481363
stats: newphase 0 1
stats: size_sent 108203 282076
stats: connected 3 30
stats: 404 29 54
# stats: dump at 1433480894
stats: users 40 40
stats: session 23 12412.96091627038 7414.3902470382245 29683.68896484375 2049.953125 11797.308641003025 31
stats: users_count 33 94
stats: finish_users_count 23 54
stats: request 234 29.013652051615917 39.415151344826 1453.64013671875 5.24609375 36.66645783069087 408
stats: page 136 50.03181547277114 59.67294053622728 1481.47314453125 5.24609375 64.88347093986742 231
stats: connect 31 1.861910912298387 1.0826372802871365 1063.434814453125 1.416015625 26.378618084016395 61
stats: 302 69 195
stats: 200 127 355
stats: size_rcv 1236494 2717857
stats: newphase 1 2
stats: size_sent 159916 441992
stats: connected 9 39
stats: 404 38 92
# stats: dump at 1433480904
stats: users 58 60
stats: session 29 12385.966982085127 6479.023707731149 29683.68896484375 2049.953125 12059.530906394675 54
stats: users_count 47 141
stats: finish_users_count 29 83
stats: request 340 32.66131735409007 41.56446510393607 1453.64013671875 5.24609375 33.877117406542055 642
stats: page 198 56.19298699889519 61.229186926245305 1481.47314453125 5.24609375 59.37986019456744 367
stats: connect 48 1.7526753743489583 0.5987842693024061 1063.434814453125 1.370849609375 18.1175537109375 92
stats: 302 102 297
stats: 200 186 541
stats: size_rcv 2349875 5067732
stats: newphase 0 2
stats: size_sent 234891 676883
stats: connected 19 58
stats: 404 52 144
# stats: dump at 1433480914
stats: users 60 66
stats: session 38 11637.78679456209 4696.049589523094 29683.68896484375 2049.953125 12173.586884647966 83
stats: users_count 40 181
stats: finish_users_count 38 121
stats: request 329 27.283643913848795 34.52124636603274 1453.64013671875 5.24609375 33.45616830487844 982
stats: page 206 43.67034497307342 50.48209967875373 1481.47314453125 5.24609375 58.263044455199115 565
stats: connect 40 1.79598388671875 0.5015523700047654 1063.434814453125 1.370849609375 12.50673828125 140
stats: 302 82 379
stats: 200 175 716
stats: size_rcv 1832068 6899800
stats: newphase 0 2
stats: size_sent 224989 901872
stats: connected 3 61
stats: 404 72 216
# stats: dump at 1433480924
stats: users 92 93
stats: session 39 15398.76477363782 8722.80472869674 35677.212158203125 2049.953125 12005.319087761492 121
stats: users_count 71 252
stats: finish_users_count 39 160
stats: request 479 32.06342559368479 39.857864060005255 1453.64013671875 5.24609375 31.907151886382056 1311
stats: page 275 55.705998757102265 57.06611949730952 1481.47314453125 5.24609375 54.36408713572065 771
stats: connect 69 1.5846495697463767 0.21244860417033012 1063.434814453125 1.36279296875 10.126570638020834 180
stats: 302 148 527
stats: 200 269 985
stats: size_rcv 2910447 9810247
stats: newphase 1 3
stats: size_sent 330392 1232264
stats: connected 31 92
stats: 404 63 279
# stats: dump at 1433480934
stats: users 118 118
stats: session 59 13970.157437599311 7274.254357300096 35677.212158203125 2049.953125 12832.471473693848 160
stats: users_count 85 337
stats: finish_users_count 59 219
stats: request 617 38.496140837089705 48.37958278460246 1453.64013671875 5.24609375 31.948970381241278 1790
stats: page 363 65.73534483686292 72.79536976385602 1481.47314453125 5.24609375 54.71688416811066 1046
stats: connect 85 1.9161075367647051 1.0213790411748551 1063.434814453125 1.22802734375 7.759532269703815 249
stats: 302 181 708
stats: 200 336 1321
stats: size_rcv 4404060 14214307
stats: newphase 0 3
stats: size_sent 423481 1655745
stats: connected 25 117
stats: 404 99 378
# stats: dump at 1433480944
stats: users 134 136
stats: session 68 13684.161484662225 6926.856476263397 35677.212158203125 2049.953125 13138.971345248288 219
stats: users_count 84 421
stats: finish_users_count 68 287
stats: request 661 44.202500797796894 56.78287315546334 1453.64013671875 5.24609375 33.627243821730886 2407
stats: page 392 74.30780216139193 92.11300003097865 1481.47314453125 5.24609375 57.55556495076294 1409
stats: connect 86 1.933071402616279 1.1149272690299121 1063.434814453125 1.22802734375 6.272433161021707 334
stats: 302 201 909
stats: 200 378 1699
stats: size_rcv 9270216 23484523
stats: newphase 0 3
stats: size_sent 454711 2110456
stats: connected 17 134
stats: 404 82 460
# stats: dump at 1433480954
stats: users 209 209
stats: session 86 14421.153237986011 8285.192402374998 36599.716064453125 2049.953125 13268.145315562391 287
stats: users_count 161 582
stats: finish_users_count 86 373
stats: request 1029 59.6844310408315 53.98262670185606 1453.64013671875 5.24609375 35.905680869051494 3068
stats: page 593 103.69529809035099 88.25305673134164 1481.47314453125 5.24609375 61.20180425479768 1801
stats: 302 345 1254
stats: connect 157 1.9970920830015924 1.1307264231618237 1063.434814453125 1.22802734375 5.383897181919643 420
stats: 200 576 2275
stats: size_rcv 10620640 34105163
stats: newphase 1 4
stats: size_sent 714177 2824633
stats: connected 73 207
stats: 404 108 568
# stats: dump at 1433480964
stats: users 264 273
stats: session 107 13506.843040395006 7172.165570386755 36599.716064453125 1136.8359375 13533.986284271323 373
stats: users_count 162 744
stats: finish_users_count 107 480
stats: request 1196 156.47532587466034 120.5628385054163 1453.64013671875 5.24609375 41.87793713626204 4097
stats: page 695 253.80018372021132 228.1668206680253 1481.47314453125 5.24609375 71.72755272784826 2394
stats: connect 166 2.0051357774849397 1.143360591593402 1063.434814453125 1.2119140625 4.462357492959272 577
stats: 302 377 1631
stats: 200 700 2975
stats: size_rcv 27187378 61292541
stats: newphase 0 4
stats: size_sent 852229 3676862
stats: connected 61 268
stats: 404 119 687
# stats: dump at 1433480974
stats: users 279 295
stats: session 142 16409.08027240592 7739.270558990175 40270.57080078125 1136.8359375 13527.935602823893 480
stats: users_count 157 901
stats: finish_users_count 142 622
stats: request 1242 434.43070573545714 158.9014245609841 1453.64013671875 5.24609375 67.77222712891732 5293
stats: 302 425 2056
stats: page 739 718.8521756596754 454.8654069976115 3064.40283203125 5.24609375 112.69242114471209 3089
stats: connect 158 2.0633235883109173 1.1077893254067328 1063.434814453125 1.2119140625 3.9133685228802153 743
stats: 200 729 3704
stats: size_rcv 38750511 100043052
stats: newphase 0 4
stats: size_sent 857645 4534507
stats: connected 17 285
stats: 404 88 775
# stats: dump at 1433480984
stats: users 437 437
stats: session 146 18558.781181439965 7436.36523444378 47903.18408203125 1136.8359375 14185.688887519469 622
stats: users_count 304 1205
stats: finish_users_count 146 768
stats: page 976 901.5443142750227 958.0376799712112 4769.30615234375 1.02001953125 229.7122901589644 3828
stats: connect 346 2.0411913215769477 1.3042335206190425 1063.434814453125 1.181884765625 3.5889433290267756 901
stats: 302 481 2537
stats: request 1749 518.9722857816056 474.29872821979984 1748.842041015625 0.830078125 137.45697547311357 6535
stats: 200 524 4228
stats: size_rcv 22607281 122650333
stats: newphase 1 5
stats: size_sent 1085480 5619987
stats: connected 148 433
stats: 400 16 16
stats: 503 683 683
stats: 404 46 821
# stats: dump at 1433480994
stats: users 578 578
stats: session 196 16391.177459093993 8336.019161089647 60012.488037109375 1136.8359375 15017.031953811646 768
stats: users_count 337 1542
stats: finish_users_count 196 964
stats: request 2485 432.0431552203846 453.09042881010816 2492.77197265625 0.18017578125 218.0062605684241 8284
stats: page 1437 750.9203004034015 832.7273192968347 4769.30615234375 1.02001953125 366.2043916446582 4804
stats: connect 422 2.1683991780213234 1.396571798014776 1063.434814453125 0.996826171875 3.159494897128107 1247
stats: 302 731 3268
stats: 200 529 4757
stats: size_rcv 25704796 148355129
stats: newphase 0 5
stats: size_sent 1436325 7056312
stats: connected 134 567
stats: 400 39 55
stats: 503 1137 1820
stats: 404 47 868
# stats: dump at 1433481004
stats: users 599 623
stats: session 298 17142.703046350667 7810.2768163606925 60012.488037109375 1136.8359375 15296.422533723824 964
stats: users_count 319 1861
stats: finish_users_count 298 1262
stats: request 2782 383.07276259421616 359.630953488461 2492.77197265625 0.18017578125 267.39633236804536 10769
stats: page 1695 632.1328101954259 673.5388214968475 4769.30615234375 1.02001953125 454.7858306586486 6241
stats: connect 419 2.170120567012231 1.3515478235678904 1063.434814453125 0.996826171875 2.9089002934953556 1669
stats: 302 872 4140
stats: 200 580 5337
stats: size_rcv 23859599 172214728
stats: newphase 0 5
stats: size_sent 1649704 8706016
stats: connected 31 598
stats: 400 39 94
stats: 503 1244 3064
stats: 404 46 914
# stats: dump at 1433481014
stats: users 237 623
stats: session 362 17931.791648232498 7684.92810891558 60012.488037109375 1136.8359375 15732.390515310828 1262
stats: users_count 0 1861
stats: finish_users_count 362 1624
stats: request 1249 239.21737995865448 230.7119302078214 2492.77197265625 0.1181640625 291.14453020504686 13551
stats: page 967 348.42978571168896 448.2217168221519 4769.30615234375 1.02001953125 492.66424929711104 7936
stats: connect 7 2.2315499441964284 1.3216569226372876 1063.434814453125 0.996826171875 2.7606489978074107 2088
stats: 302 683 4823
stats: 200 544 5881
stats: size_rcv 25406157 197620885
stats: newphase 0 5
stats: size_sent 760140 9466156
stats: connected -357 241
stats: 400 1 95
stats: 503 11 3075
stats: 404 9 923
# stats: dump at 1433481024
stats: users 76 623
stats: session 161 23629.126436032122 7075.989947551577 60012.488037109375 1136.8359375 16222.65111267391 1624
stats: users_count 0 1861
stats: finish_users_count 161 1785
stats: request 325 68.99874999999997 164.11756836473523 2492.77197265625 0.1181640625 286.7622997551993 14800
stats: page 284 78.97625044701805 177.78228089159964 4769.30615234375 1.02001953125 476.998212423349 8903
stats: connect 0 0 0 1063.434814453125 0.996826171875 2.7588811250745815 2095
stats: 302 221 5044
stats: 200 104 5985
stats: size_rcv 5442187 203063072
stats: newphase 0 5
stats: size_sent 210062 9676218
stats: connected -164 77
stats: 400 0 95
stats: 503 0 3075
stats: 404 0 923
# stats: dump at 1433481034
stats: users 17 623
stats: session 59 31318.077404992055 7509.786925562661 60888.310791015625 1136.8359375 16890.686141839553 1785
stats: users_count 0 1861
stats: finish_users_count 59 1844
stats: request 99 17.635991260258823 16.870001270928128 2492.77197265625 0.1181640625 282.0830829836 15125
stats: page 94 18.579556079621014 23.849493515966405 4769.30615234375 1.02001953125 464.6940612095384 9187
stats: connect 0 0 0 1063.434814453125 0.996826171875 2.7588811250745815 2095
stats: 302 73 5117
stats: 200 26 6011
stats: size_rcv 496400 203559472
stats: newphase 0 5
stats: size_sent 63814 9740032
stats: connected -59 18
stats: 400 0 95
stats: 503 0 3075
stats: 404 0 923
# stats: dump at 1433481044
stats: users 7 623
stats: session 10 39458.044116210935 4398.627580336388 60888.310791015625 1136.8359375 17352.300070541285 1844
stats: users_count 0 1861
stats: finish_users_count 10 1854
stats: request 15 10.794270833333334 6.11455391352008 2492.77197265625 0.1181640625 280.36341258944526 15224
stats: page 15 10.794270833333334 6.11455391352008 4769.30615234375 1.02001953125 460.17571582841435 9281
stats: connect 0 0 0 1063.434814453125 0.996826171875 2.7588811250745815 2095
stats: 302 13 5130
stats: 200 2 6013
stats: size_rcv 12140 203571612
stats: newphase 0 5
stats: size_sent 9151 9749183
stats: connected -11 7
stats: 400 0 95
stats: 503 0 3075
stats: 404 0 923
# stats: dump at 1433481054
stats: users 2 623
stats: session 5 52497.35952148437 4604.293939229042 60888.310791015625 1136.8359375 17471.53277844673 1854
stats: users_count 0 1861
stats: finish_users_count 5 1859
stats: request 6 13.210734049479166 7.852786424450608 2492.77197265625 0.1181640625 280.0980712201729 15239
stats: 302 6 5136
stats: page 6 13.210734049479166 7.852786424450608 4769.30615234375 1.02001953125 459.4505951663096 9296
stats: connect 0 0 0 1063.434814453125 0.996826171875 2.7588811250745815 2095
stats: 200 0 6013
stats: size_rcv 855 203572467
stats: newphase 0 5
stats: size_sent 3895 9753078
stats: connected -5 2
stats: 400 0 95
stats: 503 0 3075
stats: 404 0 923
# stats: dump at 1433481064
stats: users 1 623
stats: session 1 59188.51708984375 0.0 60888.310791015625 1136.8359375 17565.738875119772 1859
stats: users_count 0 1861
stats: finish_users_count 1 1860
stats: request 2 5.91845703125 0.299560546875 2492.77197265625 0.1181640625 279.99303192709164 15245
stats: page 2 5.91845703125 0.299560546875 4769.30615234375 1.02001953125 459.1627603816718 9302
stats: connect 0 0 0 1063.434814453125 0.996826171875 2.7588811250745815 2095
stats: 302 2 5138
stats: 200 0 6013
stats: size_rcv 286 203572753
stats: newphase 0 5
stats: size_sent 1360 9754438
stats: connected -1 1
stats: 400 0 95
stats: 503 0 3075
stats: 404 0 923
# stats: dump at 1433481074
stats: users 0 623
stats: session 1 66432.18505859375 0.0 66432.18505859375 1136.8359375 17588.116712869625 1860
stats: users_count 0 1861
stats: finish_users_count 1 1861
stats: request 1 29.10986328125 0.0 2492.77197265625 0.1181640625 279.9570806481652 15247
stats: page 1 29.10986328125 0.0 4769.30615234375 1.02001953125 459.0653303938492 9304
stats: connect 0 0 0 1063.434814453125 0.996826171875 2.7588811250745815 2095
stats: 302 1 5139
stats: 200 0 6013
stats: size_rcv 142 203572895
stats: newphase 0 5
stats: size_sent 633 9755071
stats: connected -1 0
stats: 400 0 95
stats: 503 0 3075
stats: 404 0 923
# stats: dump at 1433481084
stats: users 0 623
stats: session 0 0 0 66432.18505859375 1136.8359375 17614.362853839924 1861
stats: users_count 0 1861
stats: finish_users_count 0 1861
stats: request 0 0 0 2492.77197265625 0.1181640625 279.94062949277645 15248
stats: page 0 0 0 4769.30615234375 1.02001953125 459.0191234656265 9305
stats: connect 0 0 0 1063.434814453125 0.996826171875 2.7588811250745815 2095
stats: 302 0 5139
stats: 200 0 6013
stats: size_rcv 0 203572895
stats: newphase 0 5
stats: size_sent 0 9755071
stats: connected 0 0
stats: 400 0 95
stats: 503 0 3075
stats: 404 0 923
# stats: dump at 1433481094
stats: users 0 623
stats: session 0 0 0 66432.18505859375 1136.8359375 17614.362853839924 1861
stats: users_count 0 1861
stats: finish_users_count 0 1861
stats: request 0 0 0 2492.77197265625 0.1181640625 279.94062949277645 15248
stats: connect 0 0 0 1063.434814453125 0.996826171875 2.7588811250745815 2095
stats: page 0 0 0 4769.30615234375 1.02001953125 459.0191234656265 9305
stats: 302 0 5139
stats: 200 0 6013
stats: size_rcv 0 203572895
stats: newphase 0 5
stats: size_sent 0 9755071
stats: connected 0 0
stats: 400 0 95
stats: 503 0 3075
stats: 404 0 923
# stats: dump at 1433481104
stats: users 0 623
stats: session 0 0 0 66432.18505859375 1136.8359375 17614.362853839924 1861
stats: users_count 0 1861
stats: finish_users_count 0 1861
stats: request 0 0 0 2492.77197265625 0.1181640625 279.94062949277645 15248
stats: page 0 0 0 4769.30615234375 1.02001953125 459.0191234656265 9305
stats: connect 0 0 0 1063.434814453125 0.996826171875 2.7588811250745815 2095
stats: 302 0 5139
stats: 200 0 6013
stats: size_rcv 0 203572895
stats: newphase 0 5
stats: size_sent 0 9755071
stats: connected 0 0
stats: 400 0 95
stats: 503 0 3075
stats: 404 0 923
# stats: dump at 1433481114
stats: users 0 623
stats: session 0 0 0 66432.18505859375 1136.8359375 17614.362853839924 1861
stats: users_count 0 1861
stats: finish_users_count 0 1861
stats: request 0 0 0 2492.77197265625 0.1181640625 279.94062949277645 15248
stats: page 0 0 0 4769.30615234375 1.02001953125 459.0191234656265 9305
stats: connect 0 0 0 1063.434814453125 0.996826171875 2.7588811250745815 2095
stats: 302 0 5139
stats: 200 0 6013
stats: size_rcv 0 203572895
stats: newphase 0 5
stats: size_sent 0 9755071
stats: connected 0 0
stats: 400 0 95
stats: 503 0 3075
stats: 404 0 923
# stats: dump at 1433481123
stats: users 0 623
stats: session 0 0 0 66432.18505859375 1136.8359375 17614.362853839924 1861
stats: users_count 0 1861
stats: finish_users_count 0 1861
stats: request 0 0 0 2492.77197265625 0.1181640625 279.94062949277645 15248
stats: connect 0 0 0 1063.434814453125 0.996826171875 2.7588811250745815 2095
stats: page 0 0 0 4769.30615234375 1.02001953125 459.0191234656265 9305
stats: 302 0 5139
stats: 200 0 6013
stats: size_rcv 0 203572895
stats: newphase 0 5
stats: size_sent 0 9755071
stats: connected 0 0
stats: 400 0 95
stats: 503 0 3075
stats: 404 0 923
EndMonitor:{1433,481123,489468}
