# stats: dump at 1433136472
stats: users 0 0
stats: users_count 0 0
stats: finish_users_count 0 0
# stats: dump at 1433136482
stats: users 18 18
stats: users_count 18 18
stats: finish_users_count 0 0
stats: request 31 816.4785628780241 729.946988307488 3707.322021484375 58.16796875 0 0
stats: page 10 2160.90908203125 575.8885106161554 2881.791015625 1066.60205078125 0 0
stats: connect 17 282.94166475183823 347.1323494099085 1036.97998046875 1.245849609375 0 0
stats: 302 21 21
stats: 200 10 10
stats: size_rcv 54866 54866
stats: newphase 1 1
stats: size_sent 32238 32238
stats: connected 17 17
# stats: dump at 1433136492
stats: users 37 37
stats: users_count 19 37
stats: finish_users_count 0 0
stats: request 15 11796.287581380207 2143.2384084891014 14842.5400390625 58.16796875 816.4785628780241 31
stats: page 6 13903.703491210938 1434.2102770782078 14842.5400390625 1066.60205078125 2160.90908203125 10
stats: connect 19 1.348105982730263 0.1308381155662169 1036.97998046875 1.1640625 282.94166475183823 17
stats: 302 9 30
stats: 200 6 16
stats: size_rcv 33239427 33294293
stats: newphase 0 1
stats: size_sent 16517 48755
stats: connected 19 36
# stats: dump at 1433136502
stats: users 54 54
stats: users_count 17 54
stats: finish_users_count 0 0
stats: request 74 2911.4752560177362 2878.524579706805 21059.402099609375 58.16796875 4396.8510689113455 46
stats: page 24 11238.170227050781 4029.261989560061 21059.402099609375 1066.60205078125 6564.456985473633 16
stats: connect 18 1.2489420572916667 0.07760271758021638 1036.97998046875 1.076904296875 134.32284206814236 36
stats: 302 47 77
stats: 200 27 43
stats: size_rcv 7787079 41081372
stats: newphase 0 1
stats: size_sent 67641 116396
stats: connected 18 54
# stats: dump at 1433136512
stats: users 84 84
stats: users_count 30 84
stats: finish_users_count 0 0
stats: request 14 13218.548304966518 6460.778058903167 25460.927978515625 58.16796875 3480.869317626953 120
stats: page 10 15683.483203125 5753.810016734788 25460.927978515625 1066.60205078125 9368.684930419922 40
stats: connect 30 1.3367838541666666 0.23852687106827614 1036.97998046875 1.076904296875 89.96487539785879 54
stats: 302 4 81
stats: 200 10 53
stats: size_rcv 33313677 74395049
stats: newphase 1 2
stats: size_sent 22188 138584
stats: connected 30 84
# stats: dump at 1433136522
stats: users 121 121
stats: users_count 37 121
stats: finish_users_count 0 0
stats: request 37 6147.971310177364 9470.35744209137 25460.927978515625 0.375 4498.238764065415 134
stats: page 19 8038.7430998149675 10565.92724062314 25460.927978515625 1.18017578125 10631.644584960937 50
stats: connect 34 1.2161362591911764 0.10340395255475324 1036.97998046875 1.076904296875 58.311985560825896 84
stats: 302 3 84
stats: 200 8 61
stats: size_rcv 28562227 102957276
stats: newphase 0 2
stats: size_sent 27455 166039
stats: connected 33 117
stats: 400 1 1
stats: 503 25 25
# stats: dump at 1433136532
stats: users 151 152
stats: session 9 29532.89390733507 20350.94035996919 51947.10205078125 3565.212158203125 0 0
stats: users_count 39 160
stats: finish_users_count 9 9
stats: request 248 2056.492702361077 7594.5341263279215 34377.041015625 0.361083984375 4855.198437785544 171
stats: page 133 1977.2175329681627 7841.294370714521 37722.33203125 0.718017578125 9917.65721948596 69
stats: connect 48 1.1637166341145833 0.15707756733240663 1036.97998046875 0.908935546875 41.8606391518803 118
stats: 302 8 92
stats: 200 9 70
stats: size_rcv 34191167 137148443
stats: newphase 0 2
stats: size_sent 80832 246871
stats: connected 30 147
stats: 400 8 9
stats: 503 223 248
# stats: dump at 1433136542
stats: users 198 199
stats: session 25 13169.582685546875 12406.254067190379 52096.504150390625 1460.628173828125 29532.89390733507 9
stats: users_count 72 232
stats: finish_users_count 25 34
stats: request 470 864.4884189037565 5602.139336753262 42312.4619140625 0.35595703125 3198.6852578684366 419
stats: page 257 971.2808681146637 6280.668752231397 45070.490966796875 0.70703125 4689.545940739094 202
stats: connect 95 1.2537083675986846 1.0975773086039413 1036.97998046875 0.843017578125 30.092854327466114 166
stats: 302 4 96
stats: 200 7 77
stats: size_rcv 23179037 160327480
stats: newphase 1 3
stats: size_sent 140906 387777
stats: connected 46 193
stats: 400 16 25
stats: 503 443 691
# stats: dump at 1433136552
stats: users 215 217
stats: session 64 17985.697814941414 17244.24606717435 70898.73315429688 1079.993896484375 17501.047420726103 34
stats: users_count 81 313
stats: finish_users_count 64 98
stats: connect 117 1.524547609508547 1.2408123012760792 1036.97998046875 0.822998046875 19.595847177322796 261
stats: 302 72 168
stats: request 705 4322.188327654032 11546.09956060465 48404.93408203125 0.343017578125 1964.63293580612 889
stats: page 377 2036.0412973257212 8935.63666900094 55611.037109375 0.60205078125 2607.6415318840204 459
stats: 200 16 93
stats: size_rcv 28185941 188513421
stats: newphase 0 3
stats: size_sent 248489 636266
stats: connected 19 212
stats: 400 20 45
stats: 503 596 1287
stats: 404 1 1
# stats: dump at 1433136562
stats: users 238 241
stats: session 61 30427.485683753843 24760.087748146292 88015.25805664063 1079.993896484375 17817.553800621816 98
stats: users_count 84 397
stats: finish_users_count 61 159
stats: connect 105 1.3033133370535712 0.7774146084971477 1036.97998046875 0.822998046875 14.002349692046957 378
stats: request 769 1135.6577421468628 4072.7332694877127 49559.23681640625 0.330078125 3007.3409353373486 1594
stats: page 462 7907.262810513041 16632.791277822664 57903.534912109375 0.60205078125 2349.874440462395 836
stats: 302 117 285
stats: 200 87 180
stats: size_rcv 20208994 208722415
stats: newphase 0 3
stats: size_sent 341801 978067
stats: connected 26 238
stats: 400 13 58
stats: 503 551 1838
stats: 404 1 2
# stats: dump at 1433136572
stats: users 316 322
stats: session 91 21433.86738066622 19728.869403183417 93572.75903320313 1079.993896484375 22655.326409873724 159
stats: users_count 169 566
stats: finish_users_count 91 250
stats: page 671 188.1108140106883 1850.997280258445 57903.534912109375 0.60205078125 4327.92792810754 1298
stats: connect 207 1.4697171271135274 1.2409427945421525 1036.97998046875 0.80615234375 11.241689614874483 483
stats: request 1161 153.01493884077564 1604.2410185441147 49559.23681640625 0.330078125 2398.2320163515324 2363
stats: 302 6 291
stats: 200 5 185
stats: size_rcv 28561128 237283543
stats: newphase 1 4
stats: size_sent 347456 1325523
stats: connected 73 311
stats: 400 31 89
stats: 503 1118 2956
stats: 404 1 3
# stats: dump at 1433136582
stats: users 327 331
stats: session 143 19215.42806558676 21351.940869298018 101491.21899414063 1079.993896484375 22210.71532324219 250
stats: users_count 154 720
stats: finish_users_count 143 393
stats: request 1258 305.24945155691057 2689.927041738865 49559.23681640625 0.330078125 1658.533654549606 3524
stats: page 754 317.69443501844285 2731.0184870791973 57903.534912109375 0.60205078125 2917.1522635270485 1969
stats: connect 217 1.3410610779089855 0.985297247142656 1036.97998046875 0.474853515625 8.310097868546196 690
stats: 302 9 300
stats: 200 6 191
stats: size_rcv 34177994 271461537
stats: newphase 0 4
stats: size_sent 352503 1678026
stats: connected 11 322
stats: 400 41 130
stats: 503 1201 4157
stats: 404 1 4
# stats: dump at 1433136592
stats: users 331 340
stats: session 146 19225.487229438673 19121.149220855692 101491.21899414063 1079.993896484375 21120.82708445154 393
stats: users_count 150 870
stats: finish_users_count 146 539
stats: page 722 339.4731401353662 3408.2342885183616 57903.534912109375 0.593994140625 2197.361149793854 2723
stats: connect 195 1.3656588040865394 0.9553258214389146 1036.97998046875 0.474853515625 6.6427538954830485 907
stats: request 1191 234.0567935459961 2831.9337403049603 49559.23681640625 0.330078125 1302.5253886849446 4782
stats: 302 3 303
stats: 200 5 196
stats: size_rcv 28522081 299983618
stats: newphase 0 4
stats: size_sent 320255 1998281
stats: connected 8 330
stats: 400 28 158
stats: 503 1155 5312
stats: 404 0 4
# stats: dump at 1433136602
stats: users 469 472
stats: session 146 17999.759202094927 16859.074962135186 101491.21899414063 1079.993896484375 20607.4326153757 539
stats: users_count 284 1154
stats: finish_users_count 146 685
stats: request 1865 169.77099347561986 2748.279461956652 49559.23681640625 0.330078125 1089.4756487200211 5973
stats: page 1080 249.63329309534143 3310.5461011832235 57903.534912109375 0.593994140625 1807.986652559187 3445
stats: connect 326 1.471866163008053 1.1717956409077954 1036.97998046875 0.427978515625 5.708966651542649 1102
stats: 302 3 306
stats: 200 6 202
stats: size_rcv 24344612 324328230
stats: newphase 1 5
stats: size_sent 503791 2502072
stats: connected 130 460
stats: 400 39 197
stats: 503 1819 7131
stats: 404 0 4
# stats: dump at 1433136612
stats: users 554 556
stats: session 232 15386.568588783 16762.794411486928 117425.81591796875 1079.993896484375 20051.636530209285 685
stats: users_count 317 1471
stats: finish_users_count 232 917
stats: request 2472 253.68368826560612 3616.322955224683 55099.72314453125 0.330078125 870.6380393769734 7838
stats: connect 418 1.4122074985047848 1.0898849081569884 1036.97998046875 0.427978515625 4.741673402759542 1428
stats: 302 8 314
stats: page 1450 318.99991362473173 4004.418874960068 57903.534912109375 0.5791015625 1436.0481711843906 4525
stats: 200 2 204
stats: size_rcv 22521673 346849903
stats: newphase 0 5
stats: size_sent 658633 3160705
stats: connected 89 549
stats: 400 59 256
stats: 503 2401 9532
stats: 404 0 4
# stats: dump at 1433136622
stats: users 571 585
stats: session 307 16147.266687449104 14949.099322187687 121361.7900390625 435.987060546875 18871.379428343527 917
stats: users_count 324 1795
stats: finish_users_count 307 1224
stats: page 1601 512.6329381538883 5638.951660433506 67288.26000976563 0.5791015625 1164.9653304376952 5975
stats: request 2631 360.7336104714527 4747.784806099276 67288.26000976563 0.14892578125 722.7126120299996 10310
stats: connect 417 1.7841369482538973 1.483913507247173 1036.97998046875 0.427978515625 3.9877640051547267 1846
stats: 302 7 321
stats: 200 8 212
stats: size_rcv 34841901 381691804
stats: newphase 0 5
stats: size_sent 682210 3842915
stats: connected 16 565
stats: 400 65 321
stats: 503 2550 12082
stats: 404 0 4
# stats: dump at 1433136632
stats: users 335 585
stats: session 284 20512.86545874368 25201.269900463256 153021.14306640625 435.987060546875 18188.12566081527 1224
stats: users_count 48 1843
stats: finish_users_count 284 1508
stats: request 1340 3664.7607440094475 14009.480846217217 74502.06713867188 0.14892578125 649.1196321134138 12941
stats: page 938 3986.893451096917 15665.002891075308 78295.82788085938 0.5791015625 1027.111032649103 7576
stats: connect 110 1.4064497514204546 1.1680357894061146 1036.97998046875 0.427978515625 3.581704578408087 2263
stats: 302 84 405
stats: 200 19 231
stats: size_rcv 30056491 411748295
stats: newphase 0 5
stats: size_sent 349262 4192177
stats: connected -227 338
stats: 400 29 350
stats: 503 1205 13287
stats: 404 3 7
# stats: dump at 1433136642
stats: users 178 585
stats: session 157 31652.106235382664 25675.897125055406 153021.14306640625 435.987060546875 18625.941378727515 1508
stats: users_count 0 1843
stats: finish_users_count 157 1665
stats: request 439 3047.8634681093404 8941.352316729377 84703.7548828125 0.14892578125 932.0801453786393 14281
stats: page 359 8677.796957967004 20162.451244495474 84703.7548828125 0.5791015625 1353.1946488699216 8514
stats: connect 7 1.1232212611607142 0.1886636733596195 1036.97998046875 0.427978515625 3.480871021320586 2373
stats: 302 203 608
stats: 200 35 266
stats: size_rcv 31084208 442832503
stats: newphase 0 5
stats: size_sent 188211 4380388
stats: connected -160 178
stats: 400 5 355
stats: 503 196 13483
stats: 404 0 7
# stats: dump at 1433136652
stats: users 130 585
stats: session 48 37984.652430216454 25176.1305404024 153021.14306640625 435.987060546875 19854.23440124695 1665
stats: users_count 0 1843
stats: finish_users_count 48 1713
stats: request 99 2217.3700481376263 4766.870025987415 84703.7548828125 0.14892578125 995.1799333323605 14720
stats: page 88 2284.1238014914775 4876.952825114461 84703.7548828125 0.5791015625 1649.5467540165296 8873
stats: connect 1 1.158935546875 0.0 1036.97998046875 0.427978515625 3.4739367573201156 2380
stats: 302 13 621
stats: 200 6 272
stats: size_rcv 28820858 471653361
stats: newphase 0 5
stats: size_sent 50789 4431177
stats: connected -48 130
stats: 400 1 356
stats: 503 79 13562
stats: 404 0 7
# stats: dump at 1433136662
stats: users 114 585
stats: session 16 68702.29666137695 37469.37415575682 153021.14306640625 435.987060546875 20362.267130605116 1713
stats: users_count 0 1843
stats: finish_users_count 16 1729
stats: request 47 7024.970059009309 8834.89381954906 84703.7548828125 0.14892578125 1003.3449121680256 14819
stats: page 39 7046.58264473157 9189.758023536919 84703.7548828125 0.5791015625 1655.778511652708 8961
stats: connect 1 1.024169921875 0.0 1036.97998046875 0.427978515625 3.4729644762573497 2381
stats: 302 13 634
stats: 200 7 279
stats: size_rcv 21275437 492928798
stats: newphase 0 5
stats: size_sent 28704 4459881
stats: connected -16 114
stats: 400 1 357
stats: 503 27 13589
stats: 404 0 7
# stats: dump at 1433136672
stats: users 79 585
stats: session 35 57876.243289620536 24826.843444615948 175769.52709960938 435.987060546875 20809.60112279271 1729
stats: users_count 0 1843
stats: finish_users_count 35 1764
stats: request 78 24501.793294270832 2074.1913165048527 84703.7548828125 0.14892578125 1022.382742243469 14866
stats: page 72 24605.88123236762 2301.530760743553 84703.7548828125 0.5791015625 1679.1386628960497 9000
stats: connect 0 0 0 1036.97998046875 0.427978515625 3.471936434882714 2382
stats: 302 64 698
stats: 200 13 292
stats: size_rcv 31517553 524446351
stats: newphase 0 5
stats: size_sent 28244 4488125
stats: connected -35 79
stats: 400 0 357
stats: 503 0 13589
stats: 404 0 7
# stats: dump at 1433136682
stats: users 25 585
stats: session 54 85852.97621889468 39611.23440221057 177151.91088867188 435.987060546875 21545.05037213453 1764
stats: users_count 0 1843
stats: finish_users_count 54 1818
stats: request 113 8944.846798517006 8401.695810131027 84703.7548828125 0.14892578125 1144.9331988185584 14944
stats: page 96 12623.092956542969 11214.48423110811 84703.7548828125 0.5791015625 1861.096937256935 9072
stats: connect 2 1.636474609375 0.4775390625 1036.97998046875 0.427978515625 3.471936434882714 2382
stats: 302 73 771
stats: 200 38 330
stats: size_rcv 30303505 554749856
stats: newphase 0 5
stats: size_sent 31385 4519510
stats: connected -54 25
stats: 400 2 359
stats: 503 0 13589
stats: 404 0 7
# stats: dump at 1433136692
stats: users 10 585
stats: session 15 107391.27514648438 34877.50549578236 177151.91088867188 435.987060546875 23455.186783424437 1818
stats: users_count 0 1843
stats: finish_users_count 15 1833
stats: request 39 2042.404296875 7074.960221083883 84703.7548828125 0.14892578125 1203.4701076826032 15057
stats: page 33 3263.671564275568 10709.73800665664 84703.7548828125 0.5791015625 1973.787995050506 9168
stats: connect 0 0 0 1036.97998046875 0.427978515625 3.4703966179150063 2384
stats: 302 16 787
stats: 200 23 353
stats: size_rcv 19288400 574038256
stats: newphase 0 5
stats: size_sent 22395 4541905
stats: connected -15 10
stats: 400 0 359
stats: 503 0 13589
stats: 404 0 7
# stats: dump at 1433136702
stats: users 1 585
stats: session 9 123539.73741319444 33673.89992247531 190422.1728515625 435.987060546875 24142.061483613143 1833
stats: users_count 0 1843
stats: finish_users_count 9 1842
stats: request 12 16.72137451171875 2.7530101285334427 84703.7548828125 0.14892578125 1205.6374654845708 15096
stats: page 12 16.72137451171875 2.7530101285334427 84703.7548828125 0.5791015625 1978.4142484777885 9201
stats: connect 0 0 0 1036.97998046875 0.427978515625 3.4703966179150063 2384
stats: 302 8 795
stats: 200 4 357
stats: size_rcv 20598 574058854
stats: newphase 0 5
stats: size_sent 7541 4549446
stats: connected -9 1
stats: 400 0 359
stats: 503 0 13589
stats: 404 0 7
# stats: dump at 1433136712
stats: users 0 585
stats: session 1 90305.919921875 0.0 190422.1728515625 435.987060546875 24627.717880663215 1842
stats: users_count 0 1843
stats: finish_users_count 1 1843
stats: request 2 6.12255859375 0.284423828125 84703.7548828125 0.14892578125 1204.6931318142192 15108
stats: page 2 6.12255859375 0.284423828125 84703.7548828125 0.5791015625 1975.8591291369016 9213
stats: connect 0 0 0 1036.97998046875 0.427978515625 3.4703966179150063 2384
stats: 302 2 797
stats: 200 0 357
stats: size_rcv 280 574059134
stats: newphase 0 5
stats: size_sent 1354 4550800
stats: connected -1 0
stats: 400 0 359
stats: 503 0 13589
stats: 404 0 7
# stats: dump at 1433136722
stats: users 0 585
stats: session 0 0 0 190422.1728515625 435.987060546875 24663.354452579228 1843
stats: users_count 0 1843
stats: finish_users_count 0 1843
stats: request 0 0 0 84703.7548828125 0.14892578125 1204.5344858084984 15110
stats: page 0 0 0 84703.7548828125 0.5791015625 1975.4316225562086 9215
stats: connect 0 0 0 1036.97998046875 0.427978515625 3.4703966179150063 2384
stats: 302 0 797
stats: 200 0 357
stats: size_rcv 0 574059134
stats: newphase 0 5
stats: size_sent 0 4550800
stats: connected 0 0
stats: 400 0 359
stats: 503 0 13589
stats: 404 0 7
# stats: dump at 1433136732
stats: users 0 585
stats: session 0 0 0 190422.1728515625 435.987060546875 24663.354452579228 1843
stats: users_count 0 1843
stats: finish_users_count 0 1843
stats: request 0 0 0 84703.7548828125 0.14892578125 1204.5344858084984 15110
stats: page 0 0 0 84703.7548828125 0.5791015625 1975.4316225562086 9215
stats: connect 0 0 0 1036.97998046875 0.427978515625 3.4703966179150063 2384
stats: 302 0 797
stats: 200 0 357
stats: size_rcv 0 574059134
stats: newphase 0 5
stats: size_sent 0 4550800
stats: connected 0 0
stats: 400 0 359
stats: 503 0 13589
stats: 404 0 7
# stats: dump at 1433136742
stats: users 0 585
stats: session 0 0 0 190422.1728515625 435.987060546875 24663.354452579228 1843
stats: users_count 0 1843
stats: finish_users_count 0 1843
stats: request 0 0 0 84703.7548828125 0.14892578125 1204.5344858084984 15110
stats: page 0 0 0 84703.7548828125 0.5791015625 1975.4316225562086 9215
stats: connect 0 0 0 1036.97998046875 0.427978515625 3.4703966179150063 2384
stats: 302 0 797
stats: 200 0 357
stats: size_rcv 0 574059134
stats: newphase 0 5
stats: size_sent 0 4550800
stats: connected 0 0
stats: 400 0 359
stats: 503 0 13589
stats: 404 0 7
# stats: dump at 1433136743
stats: users 0 585
stats: session 0 0 0 190422.1728515625 435.987060546875 24663.354452579228 1843
stats: users_count 0 1843
stats: finish_users_count 0 1843
stats: request 0 0 0 84703.7548828125 0.14892578125 1204.5344858084984 15110
stats: page 0 0 0 84703.7548828125 0.5791015625 1975.4316225562086 9215
stats: connect 0 0 0 1036.97998046875 0.427978515625 3.4703966179150063 2384
stats: 302 0 797
stats: 200 0 357
stats: size_rcv 0 574059134
stats: newphase 0 5
stats: size_sent 0 4550800
stats: connected 0 0
stats: 400 0 359
stats: 503 0 13589
stats: 404 0 7
EndMonitor:{1433,136743,620297}
