# stats: dump at 1433142498
stats: users 0 0
stats: users_count 0 0
stats: finish_users_count 0 0
# stats: dump at 1433142508
stats: users 14 14
stats: users_count 14 14
stats: finish_users_count 0 0
stats: request 29 144.16439082704744 239.81676689545228 1320.3408203125 19.2529296875 0 0
stats: page 10 418.6429931640625 338.2830090319079 1421.385009765625 212.62890625 0 0
stats: connect 13 82.79056490384616 281.3446893217967 1057.39697265625 1.33203125 0 0
stats: 302 19 19
stats: 200 10 10
stats: size_rcv 57887 57887
stats: newphase 1 1
stats: size_sent 31840 31840
stats: connected 13 13
# stats: dump at 1433142518
stats: users 35 35
stats: users_count 21 35
stats: finish_users_count 0 0
stats: request 0 0 0 1320.3408203125 19.2529296875 144.16439082704744 29
stats: page 0 0 0 1421.385009765625 212.62890625 418.6429931640625 10
stats: connect 22 1.8089488636363635 0.2484529346196483 1057.39697265625 1.318115234375 82.79056490384616 13
stats: 302 0 19
stats: 200 1 11
stats: size_rcv 2621440 2679327
stats: newphase 0 1
stats: size_sent 11328 43168
stats: connected 22 35
# stats: dump at 1433142528
stats: users 52 53
stats: session 5 9542.104443359374 5485.769691535289 17518.0458984375 3870.822021484375 0 0
stats: users_count 22 57
stats: finish_users_count 5 5
stats: request 199 1755.0136375235547 4141.59999928298 22139.35693359375 0.52099609375 144.16439082704744 29
stats: page 90 3763.7328125 5649.705149615004 22139.35693359375 14.14208984375 418.6429931640625 10
stats: connect 31 1.6840426537298387 0.33408987798209955 1057.39697265625 1.2109375 31.887834821428573 35
stats: 302 73 92
stats: 200 40 51
stats: size_rcv 19679429 22358756
stats: newphase 0 1
stats: size_sent 149997 193165
stats: connected 16 51
stats: 400 11 11
stats: 500 75 75
# stats: dump at 1433142538
stats: users 83 83
stats: session 12 12398.206136067709 7057.616055199344 24924.575927734375 3870.822021484375 9542.104443359374 5
stats: users_count 43 100
stats: finish_users_count 12 17
stats: request 259 655.7804383973818 3543.5921004983697 33145.43603515625 0.52099609375 1550.1249175489988 228
stats: page 140 1282.7946393694197 4884.442528839334 33145.43603515625 8.860107421875 3429.2238305664064 100
stats: connect 46 1.5595437754755435 0.3023285668933404 1057.39697265625 1.132080078125 17.70120516690341 66
stats: 302 25 117
stats: 200 23 74
stats: size_rcv 25878954 48237710
stats: newphase 1 2
stats: size_sent 143226 336391
stats: connected 27 78
stats: 400 7 18
stats: 500 200 275
stats: 404 4 4
# stats: dump at 1433142548
stats: users 99 100
stats: session 29 14657.3502070986 9222.198949838315 41557.470947265625 3870.822021484375 11558.176226447611 17
stats: users_count 45 145
stats: finish_users_count 29 46
stats: request 357 118.8564042804622 1035.944812242034 33145.43603515625 0.52099609375 1074.48791528972 487
stats: page 209 203.4367407109749 1351.9839314468434 33145.43603515625 6.15185546875 2177.1401357014975 240
stats: connect 52 1.7558781550480769 0.8680473128936294 1057.39697265625 1.06494140625 11.07159423828125 112
stats: 302 63 180
stats: 200 16 90
stats: size_rcv 6699824 54937534
stats: newphase 0 2
stats: size_sent 208322 544713
stats: connected 18 96
stats: 400 6 24
stats: 500 264 539
stats: 404 7 11
# stats: dump at 1433142558
stats: users 93 108
stats: session 42 16426.74040876116 11545.219438936856 47960.8291015625 3870.822021484375 13512.003301205843 46
stats: users_count 36 181
stats: finish_users_count 42 88
stats: request 345 442.4032898833785 3906.546842146251 42659.010986328125 0.51220703125 670.2693733106856 844
stats: page 212 720.4347637824293 4963.437075354622 42659.010986328125 5.7080078125 1258.4229652047954 449
stats: connect 50 1.5844091796875 0.2748207323369515 1057.39697265625 1.06494140625 8.117830602134147 164
stats: 302 15 195
stats: 200 4 94
stats: size_rcv 22531701 77469235
stats: newphase 0 2
stats: size_sent 157191 701904
stats: connected -2 94
stats: 400 9 33
stats: 500 317 856
stats: 404 0 11
# stats: dump at 1433142568
stats: users 121 121
stats: session 39 17017.283459785664 11903.751183091686 57780.391845703125 1948.805908203125 14903.12782981179 88
stats: users_count 67 248
stats: finish_users_count 39 127
stats: request 412 993.408043722504 5932.068732329378 45185.787109375 0.51220703125 604.1517965382541 1189
stats: page 237 1722.2189137905457 7741.793159460827 45185.787109375 5.7080078125 1085.8760685307536 661
stats: connect 72 1.8128628200954862 1.074460290277535 1057.39697265625 1.06494140625 6.591330269786799 214
stats: 302 71 266
stats: 200 33 127
stats: size_rcv 61140978 138610213
stats: newphase 1 3
stats: size_sent 221794 923698
stats: connected 20 114
stats: 400 12 45
stats: 500 295 1151
stats: 404 2 13
# stats: dump at 1433142578
stats: users 146 146
stats: session 59 18488.749813791055 16602.05462154673 66697.46606445313 1948.805908203125 15552.356724055735 127
stats: users_count 84 332
stats: finish_users_count 59 186
stats: request 629 431.05754188816564 4100.317469243439 57188.612060546875 0.51220703125 704.322673390166 1601
stats: page 368 742.5378072987427 5372.728704305738 57188.612060546875 5.7080078125 1253.8195588721464 898
stats: connect 103 1.6100529050364079 0.5379936008309683 1057.39697265625 1.02490234375 5.388359443291084 286
stats: 302 41 307
stats: 200 30 157
stats: size_rcv 28374460 166984673
stats: newphase 0 3
stats: size_sent 318890 1242588
stats: connected 30 144
stats: 400 15 60
stats: 500 540 1691
stats: 404 3 16
# stats: dump at 1433142588
stats: users 144 158
stats: session 73 19442.573623448206 19227.367368061135 78157.56396484375 1556.087890625 16483.79324176748 186
stats: users_count 71 403
stats: finish_users_count 73 259
stats: request 608 994.1706751773227 7163.691925290707 59609.9990234375 0.51220703125 627.244750648122 2230
stats: page 379 1512.556822281084 8988.949881421628 60600.10986328125 5.7080078125 1105.200534718108 1266
stats: connect 83 1.7031279414533131 0.8275041574787908 1057.39697265625 1.02490234375 4.38793380462725 389
stats: 302 57 364
stats: 504 6 6
stats: 200 16 173
stats: size_rcv 16416864 183401537
stats: newphase 0 3
stats: size_sent 313560 1556148
stats: connected -2 142
stats: 400 11 71
stats: 500 513 2204
stats: 404 4 20
# stats: dump at 1433142598
stats: users 211 211
stats: session 67 17898.28483558768 16112.249104829074 84976.22192382813 1556.087890625 17317.735202627297 259
stats: users_count 134 537
stats: finish_users_count 67 326
stats: request 818 517.228333862602 4679.761634654123 59661.15087890625 0.51220703125 705.8532644302762 2838
stats: page 471 836.3416138991176 6071.077130578938 60600.10986328125 5.7080078125 1199.053442308605 1645
stats: connect 142 1.4763372716769365 0.42333726387366905 1057.39697265625 1.0 3.915817519365731 472
stats: 302 46 410
stats: 504 3 9
stats: 200 24 197
stats: size_rcv 31654383 215055920
stats: newphase 1 4
stats: size_sent 417327 1973475
stats: connected 63 205
stats: 400 12 83
stats: 500 733 2937
stats: 404 2 22
# stats: dump at 1433142608
stats: users 319 319
stats: session 45 20366.31655815972 17447.35243469085 100849.06494140625 1556.087890625 17437.050617990317 326
stats: users_count 153 690
stats: finish_users_count 45 371
stats: request 429 2341.402861624049 4688.652729571885 59661.15087890625 0.51220703125 663.6499840133293 3656
stats: page 219 2891.559937080836 5662.39782538263 60600.10986328125 5.7080078125 1118.3174918450566 2116
stats: connect 162 2.4811634958526234 3.532399771872459 1057.39697265625 1.0 3.351638048401873 614
stats: 302 128 538
stats: 504 1 10
stats: 200 29 226
stats: size_rcv 26376716 241432636
stats: newphase 0 4
stats: size_sent 353294 2326769
stats: connected 112 317
stats: 400 5 88
stats: 500 260 3197
stats: 404 5 27
# stats: dump at 1433142618
stats: users 391 391
stats: session 58 25738.369633115566 11045.914229995047 100849.06494140625 1556.087890625 17792.352416663158 371
stats: users_count 130 820
stats: finish_users_count 58 429
stats: request 589 3953.0275514146056 5285.934342038773 59661.15087890625 0.51220703125 839.8448394588614 4085
stats: page 311 5918.594418835409 7591.9447413251855 60600.10986328125 5.7080078125 1284.6301665802325 2335
stats: connect 135 1.525716145833333 0.3901552068178968 1057.39697265625 1.0 3.169915268101643 776
stats: 302 212 750
stats: 504 0 10
stats: 200 24 250
stats: size_rcv 32341800 273774436
stats: newphase 0 4
stats: size_sent 412551 2739320
stats: connected 71 388
stats: 400 6 94
stats: 500 312 3509
stats: 404 34 61
# stats: dump at 1433142628
stats: users 692 692
stats: session 25 29753.813818359376 10876.55992366834 100849.06494140625 1556.087890625 18866.6391265798 429
stats: users_count 326 1146
stats: finish_users_count 25 454
stats: request 609 4701.784954202588 6243.801946602756 59661.15087890625 0.4931640625 1232.1564820223903 4674
stats: page 275 7091.024529474432 9139.413800224413 60600.10986328125 2.0419921875 1829.2873405981309 2646
stats: connect 326 1.624286300565568 1.2382835921546371 1057.39697265625 1.0 2.9262633674361966 911
stats: 302 146 896
stats: 504 1 11
stats: 200 25 275
stats: size_rcv 40204180 313978616
stats: newphase 1 5
stats: size_sent 500497 3239817
stats: connected 289 677
stats: 400 12 106
stats: 503 137 137
stats: 500 274 3783
stats: 404 14 75
# stats: dump at 1433142638
stats: users 922 923
stats: session 66 33651.165183327415 21426.511752019225 121820.42602539063 1556.087890625 19466.15315145753 454
stats: users_count 296 1442
stats: finish_users_count 66 520
stats: request 1279 3251.242557624055 4639.046279773659 59661.15087890625 0.4931640625 1632.1193325917145 5283
stats: page 589 3908.65517934596 6112.480886958466 60600.10986328125 1.50390625 2324.658010553962 2921
stats: connect 338 1.5246639816013317 0.5173752214950154 1057.39697265625 0.9541015625 2.583139257654608 1237
stats: 302 91 987
stats: 504 1 12
stats: 200 17 292
stats: size_rcv 15814491 329793107
stats: newphase 0 5
stats: size_sent 764280 4004097
stats: connected 244 921
stats: 400 34 140
stats: 503 600 737
stats: 500 508 4291
stats: 404 29 104
# stats: dump at 1433142648
stats: users 1130 1130
stats: session 108 25741.850990577976 19793.47626529493 135837.4130859375 1556.087890625 21266.558524733322 520
stats: users_count 316 1758
stats: finish_users_count 108 628
stats: request 1926 3518.231042974836 5310.343553024424 59960.93798828125 0.4931640625 1947.7027834933242 6562
stats: page 1004 5826.718395704292 9733.677113440506 60600.10986328125 1.474853515625 2590.462663664642 3510
stats: connect 354 2.3326457395391964 2.2590445771434084 1057.39697265625 0.9541015625 2.3559871031746034 1575
stats: 302 165 1152
stats: 504 3 15
stats: 200 23 315
stats: size_rcv 36800643 366593750
stats: newphase 0 5
stats: size_sent 997304 5001401
stats: connected 196 1117
stats: 400 46 186
stats: 503 1047 1784
stats: 500 564 4855
stats: 404 78 182
# stats: dump at 1433142658
stats: users 1041 1159
stats: session 136 29860.89710190717 19259.794616724936 135837.4130859375 1556.087890625 22036.19480866839 628
stats: users_count 47 1805
stats: finish_users_count 136 764
stats: request 1727 4450.189838915256 5099.43745506094 59960.93798828125 0.156005859375 2304.0691156989546 8488
stats: page 1031 7830.200370070775 9849.26831649091 60600.10986328125 1.474853515625 3310.267881867524 4514
stats: connect 91 2.8234541337568686 2.6696898274053 1057.39697265625 0.677978515625 2.351703618090656 1929
stats: 302 245 1397
stats: 504 1 16
stats: 200 32 347
stats: size_rcv 15312991 381906741
stats: newphase 0 5
stats: size_sent 912713 5914114
stats: connected -79 1038
stats: 400 32 218
stats: 503 649 2433
stats: 500 733 5588
stats: 404 33 215
# stats: dump at 1433142668
stats: users 923 1159
stats: session 118 36483.385421494306 16901.73649368563 135837.4130859375 1556.087890625 23429.07375092032 764
stats: users_count 0 1805
stats: finish_users_count 118 882
stats: request 819 5812.617268880206 8608.639868476166 59960.93798828125 0.156005859375 2666.9032311169235 10215
stats: page 589 8391.238095968403 11205.80233815522 67647.9599609375 1.474853515625 4150.673724128579 5545
stats: connect 18 2.8798014322916665 2.687158179662121 1057.39697265625 0.677978515625 2.3729557452815597 2020
stats: 302 249 1646
stats: 504 1 17
stats: 200 24 371
stats: size_rcv 26132203 408038944
stats: newphase 0 5
stats: size_sent 468673 6382787
stats: connected -114 924
stats: 400 15 233
stats: 503 239 2672
stats: 500 266 5854
stats: 404 25 240
# stats: dump at 1433142678
stats: users 782 1159
stats: session 141 45598.09427464264 19363.567104296217 163318.59399414063 1556.087890625 25175.56896308328 882
stats: users_count 0 1805
stats: finish_users_count 141 1023
stats: request 740 11937.761333073793 13654.307898882496 59960.93798828125 0.110107421875 2900.3942404451936 11034
stats: page 523 13861.709950667724 14807.184131787331 75292.2841796875 1.3818359375 4557.861923511308 6134
stats: connect 10 2.1171142578125 0.8923268307922262 1057.39697265625 0.677978515625 2.3774323018891073 2038
stats: 302 280 1926
stats: 504 3 20
stats: 200 23 394
stats: size_rcv 33955830 441994774
stats: newphase 0 5
stats: size_sent 468105 6850892
stats: connected -142 782
stats: 400 10 243
stats: 503 84 2756
stats: 500 316 6170
stats: 404 24 264
# stats: dump at 1433142688
stats: users 709 1159
stats: session 73 61611.17869755993 24607.21070598272 175180.56591796875 1556.087890625 27990.403830072402 1023
stats: users_count 0 1805
stats: finish_users_count 73 1096
stats: request 560 13783.377376011435 15822.153257103919 59970.038818359375 0.110107421875 3468.3959092531745 11774
stats: page 388 19972.84065734235 18978.855722458284 84653.31787109375 1.3818359375 5288.808674029981 6657
stats: connect 14 2.8525913783482144 2.9672029224061403 1057.39697265625 0.677978515625 2.3761612176895146 2048
stats: 302 154 2080
stats: 504 33 53
stats: 200 10 404
stats: size_rcv 25983099 467977873
stats: newphase 0 5
stats: size_sent 347086 7197978
stats: connected -70 712
stats: 400 14 257
stats: 503 90 2846
stats: 500 249 6419
stats: 404 11 275
# stats: dump at 1433142698
stats: users 502 1159
stats: session 207 63766.13222632661 14130.842893577224 184704.80786132813 1556.087890625 30229.743761939728 1096
stats: users_count 0 1805
stats: finish_users_count 207 1303
stats: request 917 8784.006327688361 10384.417377788322 59970.038818359375 0.110107421875 3936.7265093330047 12334
stats: page 728 13754.107065389435 18838.491149853973 89477.47680664063 1.3818359375 6097.524700932068 7045
stats: connect 6 2.5021158854166665 1.169412455658639 1057.39697265625 0.677978515625 2.379395952048982 2062
stats: 302 301 2381
stats: 504 0 53
stats: 200 50 454
stats: size_rcv 32735035 500712908
stats: newphase 0 5
stats: size_sent 480316 7678294
stats: connected -208 504
stats: 400 6 263
stats: 503 0 2846
stats: 500 535 6954
stats: 404 23 298
# stats: dump at 1433142708
stats: users 254 1159
stats: session 248 70704.84627311456 12107.190193415361 184704.80786132813 1556.087890625 35557.47393241408 1303
stats: users_count 0 1805
stats: finish_users_count 248 1551
stats: request 721 3009.613653725293 7017.770842965921 59970.038818359375 0.110107421875 4272.169539551996 13251
stats: page 613 5566.021320685287 11805.887940250801 89477.47680664063 1.3818359375 6814.621312449495 7773
stats: connect 7 3.0094168526785716 2.358587914558848 1057.39697265625 0.677978515625 2.3797520060142654 2068
stats: 302 217 2598
stats: 504 5 58
stats: 200 11 465
stats: size_rcv 10018271 510731179
stats: newphase 0 5
stats: size_sent 401940 8080234
stats: connected -248 256
stats: 400 7 270
stats: 503 0 2846
stats: 500 448 7402
stats: 404 33 331
# stats: dump at 1433142718
stats: users 151 1159
stats: session 103 80181.46601941751 12542.295092874632 184704.80786132813 1556.087890625 41177.42773028237 1551
stats: users_count 0 1805
stats: finish_users_count 103 1654
stats: request 190 2212.53960731908 10213.73660304447 60143.35205078125 0.110107421875 4207.017607567954 13972
stats: page 177 2489.0518364340573 10980.84880628628 89477.47680664063 1.3818359375 6723.351124642262 8386
stats: connect 0 0 0 1057.39697265625 0.677978515625 2.3818761765813257 2075
stats: 302 65 2663
stats: 504 2 60
stats: 200 22 487
stats: size_rcv 39066902 549798081
stats: newphase 0 5
stats: size_sent 139657 8219891
stats: connected -105 151
stats: 400 0 270
stats: 503 0 2846
stats: 500 62 7464
stats: 404 39 370
# stats: dump at 1433142728
stats: users 117 1159
stats: session 34 88803.57527429918 9531.765073574936 184704.80786132813 1556.087890625 43606.33700705438 1654
stats: users_count 0 1805
stats: finish_users_count 34 1688
stats: request 62 3297.094155588458 12556.22029774961 60143.35205078125 0.110107421875 4180.259323423957 14162
stats: page 54 3785.571361400464 13387.569118846224 89477.47680664063 1.3818359375 6635.826778733953 8563
stats: connect 0 0 0 1057.39697265625 0.677978515625 2.3818761765813257 2075
stats: 302 22 2685
stats: 504 1 61
stats: 200 16 503
stats: size_rcv 16452322 566250403
stats: newphase 0 5
stats: size_sent 46021 8265912
stats: connected -34 117
stats: 400 0 270
stats: 503 0 2846
stats: 500 1 7465
stats: 404 22 392
# stats: dump at 1433142738
stats: users 105 1159
stats: session 12 106665.16687011719 11290.043399128035 184704.80786132813 1556.087890625 44516.70792002021 1688
stats: users_count 0 1805
stats: finish_users_count 12 1700
stats: request 24 8568.888600667318 19775.429825034385 60143.35205078125 0.110107421875 4176.409756466293 14224
stats: page 21 9800.413771856398 20888.95708704079 89477.47680664063 1.3818359375 6617.965134015836 8617
stats: connect 0 0 0 1057.39697265625 0.677978515625 2.3818761765813257 2075
stats: 302 3 2688
stats: 504 3 64
stats: 200 7 510
stats: size_rcv 7335622 573586025
stats: newphase 0 5
stats: size_sent 17371 8283283
stats: connected -11 106
stats: 400 0 270
stats: 503 0 2846
stats: 500 0 7465
stats: 404 11 403
# stats: dump at 1433142748
stats: users 100 1159
stats: session 5 137025.47690429687 45192.05575507901 226343.11108398438 1556.087890625 44955.40292437384 1700
stats: users_count 0 1805
stats: finish_users_count 5 1705
stats: request 55 21683.795960582385 28680.464058229685 60143.35205078125 0.110107421875 4183.808654014078 14248
stats: page 37 36301.29779217694 42280.05608287036 135462.77880859375 1.3818359375 6625.7020431840065 8638
stats: connect 2 6.0570068359375 4.4490966796875 1057.39697265625 0.677978515625 2.3818761765813257 2075
stats: 302 3 2691
stats: 504 20 84
stats: 200 0 510
stats: size_rcv 18218 573604243
stats: newphase 0 5
stats: size_sent 27003 8310286
stats: connected -5 101
stats: 400 2 272
stats: 503 29 2875
stats: 500 0 7465
stats: 404 1 404
# stats: dump at 1433142758
stats: users 69 1159
stats: session 31 141502.02612304688 15288.382703546444 226343.11108398438 1556.087890625 45225.40314132376 1705
stats: users_count 0 1805
stats: finish_users_count 31 1736
stats: request 260 15798.913244628893 26281.81049836079 60143.35205078125 0.110107421875 4251.102179977949 14303
stats: page 195 31298.587322215546 47329.80073238715 139068.27612304688 1.3818359375 6752.272307473659 8675
stats: connect 6 1.6571858723958333 0.2138970720458321 1057.39697265625 0.677978515625 2.385415060220571 2077
stats: 302 0 2691
stats: 504 69 153
stats: 200 0 510
stats: size_rcv 93247 573697490
stats: newphase 0 5
stats: size_sent 155342 8465628
stats: connected -32 69
stats: 400 6 278
stats: 503 184 3059
stats: 500 0 7465
stats: 404 1 405
# stats: dump at 1433142768
stats: users 40 1159
stats: session 29 153000.47630994074 21805.253417590884 239234.23486328125 1556.087890625 46944.62855171168 1736
stats: users_count 0 1805
stats: finish_users_count 29 1765
stats: request 110 4867.357790305397 16296.834622338509 60143.35205078125 0.110107421875 4457.270612087354 14563
stats: page 79 5981.334846593156 19549.654556452002 139068.27612304688 1.3818359375 7291.9038100525395 8870
stats: connect 3 1.6673990885416667 0.17040075101890884 1057.39697265625 0.677978515625 2.3833174245379265 2083
stats: 302 0 2691
stats: 504 9 162
stats: 200 0 510
stats: size_rcv 47833 573745323
stats: newphase 0 5
stats: size_sent 96096 8561724
stats: connected -27 42
stats: 400 3 281
stats: 503 97 3156
stats: 500 0 7465
stats: 404 1 406
# stats: dump at 1433142778
stats: users 36 1159
stats: session 4 159221.02178955078 5161.1497531574905 239234.23486328125 1556.087890625 48687.189223093344 1765
stats: users_count 0 1805
stats: finish_users_count 4 1769
stats: request 10 3.151171875 0.6811565247547534 60143.35205078125 0.110107421875 4460.344938374002 14673
stats: page 10 3.151171875 0.6811565247547534 139068.27612304688 1.3818359375 7280.334366750127 8949
stats: connect 0 0 0 1057.39697265625 0.677978515625 2.382287820027865 2086
stats: 302 0 2691
stats: 504 0 162
stats: 200 0 510
stats: size_rcv 4680 573750003
stats: newphase 0 5
stats: size_sent 16249 8577973
stats: connected -6 36
stats: 400 0 281
stats: 503 10 3166
stats: 500 0 7465
stats: 404 0 406
# stats: dump at 1433142788
stats: users 36 1159
stats: session 0 0 0 239234.23486328125 1556.087890625 48937.12440131032 1769
stats: users_count 0 1805
stats: finish_users_count 0 1769
stats: request 0 0 0 60143.35205078125 0.110107421875 4457.3093231955645 14683
stats: page 0 0 0 139068.27612304688 1.3818359375 7272.211603947498 8959
stats: connect 0 0 0 1057.39697265625 0.677978515625 2.382287820027865 2086
stats: 302 0 2691
stats: 504 0 162
stats: 200 0 510
stats: size_rcv 0 573750003
stats: newphase 0 5
stats: size_sent 5170 8583143
stats: connected 0 36
stats: 400 0 281
stats: 503 0 3166
stats: 500 0 7465
stats: 404 0 406
# stats: dump at 1433142798
stats: users 36 1159
stats: session 0 0 0 239234.23486328125 1556.087890625 48937.12440131032 1769
stats: users_count 0 1805
stats: finish_users_count 0 1769
stats: request 2 59656.16540527344 218.6214599609375 60143.35205078125 0.110107421875 4457.3093231955645 14683
stats: page 0 0 0 139068.27612304688 1.3818359375 7272.211603947498 8959
stats: connect 0 0 0 1057.39697265625 0.677978515625 2.382287820027865 2086
stats: 302 0 2691
stats: 504 2 164
stats: 200 0 510
stats: size_rcv 150 573750153
stats: newphase 0 5
stats: size_sent 3779 8586922
stats: connected 0 36
stats: 400 0 281
stats: 503 0 3166
stats: 500 0 7465
stats: 404 0 406
# stats: dump at 1433142808
stats: users 36 1159
stats: session 0 0 0 239234.23486328125 1556.087890625 48937.12440131032 1769
stats: users_count 0 1805
stats: finish_users_count 0 1769
stats: request 3 59957.751708984375 59.51695817719589 60143.35205078125 0.110107421875 4464.827042784544 14685
stats: page 3 119748.69677734375 48802.43138484983 179414.08520507813 1.3818359375 7272.211603947498 8959
stats: connect 0 0 0 1057.39697265625 0.677978515625 2.382287820027865 2086
stats: 302 0 2691
stats: 504 3 167
stats: 200 0 510
stats: size_rcv 225 573750378
stats: newphase 0 5
stats: size_sent 2149 8589071
stats: connected 0 36
stats: 400 0 281
stats: 503 0 3166
stats: 500 0 7465
stats: 404 0 406
# stats: dump at 1433142818
stats: users 36 1159
stats: session 0 0 0 239234.23486328125 1556.087890625 48937.12440131032 1769
stats: users_count 0 1805
stats: finish_users_count 0 1769
stats: request 0 0 0 60143.35205078125 0.110107421875 4476.161381972902 14688
stats: page 0 0 0 179414.08520507813 1.3818359375 7309.86273712315 8962
stats: connect 0 0 0 1057.39697265625 0.677978515625 2.382287820027865 2086
stats: 302 0 2691
stats: 504 0 167
stats: 200 0 510
stats: size_rcv 0 573750378
stats: newphase 0 5
stats: size_sent 0 8589071
stats: connected 0 36
stats: 400 0 281
stats: 503 0 3166
stats: 500 0 7465
stats: 404 0 406
# stats: dump at 1433142828
stats: users 27 1159
stats: session 9 216148.58159722222 16118.559734497128 254490.328125 1556.087890625 48937.12440131032 1769
stats: users_count 0 1805
stats: finish_users_count 9 1778
stats: request 18 49668.58006456163 22212.74972290525 60143.35205078125 0.110107421875 4476.161381972902 14688
stats: page 18 56284.91271972656 31310.272259194593 179414.08520507813 1.3818359375 7309.86273712315 8962
stats: connect 0 0 0 1057.39697265625 0.677978515625 2.382287820027865 2086
stats: 302 0 2691
stats: 504 15 182
stats: 200 0 510
stats: size_rcv 2529 573752907
stats: newphase 0 5
stats: size_sent 2477 8591548
stats: connected -9 27
stats: 400 0 281
stats: 503 3 3169
stats: 500 0 7465
stats: 404 0 406
# stats: dump at 1433142838
stats: users 13 1159
stats: session 14 224487.56091308594 9244.654734815134 254490.328125 1556.087890625 49783.5266030894 1778
stats: users_count 0 1805
stats: finish_users_count 14 1792
stats: request 19 34410.02330900494 29343.350282082058 60143.35205078125 0.110107421875 4531.476459919767 14706
stats: page 19 34410.02330900494 29343.350282082058 179414.08520507813 1.3818359375 7408.030988758657 8980
stats: connect 0 0 0 1057.39697265625 0.677978515625 2.382287820027865 2086
stats: 302 0 2691
stats: 504 11 193
stats: 200 0 510
stats: size_rcv 4569 573757476
stats: newphase 0 5
stats: size_sent 5495 8597043
stats: connected -14 13
stats: 400 0 281
stats: 503 8 3177
stats: 500 0 7465
stats: 404 0 406
# stats: dump at 1433142848
stats: users 11 1159
stats: session 2 222374.81005859375 2422.678955078125 254490.328125 1556.087890625 51148.40187113625 1792
stats: users_count 0 1805
stats: finish_users_count 2 1794
stats: request 3 59355.50431315104 236.64761063368093 60143.35205078125 0.110107421875 4570.0294235960055 14725
stats: page 3 59355.50431315104 236.64761063368093 179414.08520507813 1.3818359375 7465.041529272567 8999
stats: connect 0 0 0 1057.39697265625 0.677978515625 2.382287820027865 2086
stats: 302 0 2691
stats: 504 3 196
stats: 200 0 510
stats: size_rcv 225 573757701
stats: newphase 0 5
stats: size_sent 2533 8599576
stats: connected -2 11
stats: 400 0 281
stats: 503 0 3177
stats: 500 0 7465
stats: 404 0 406
# stats: dump at 1433142858
stats: users 10 1159
stats: session 1 252216.52612304688 0.0 254490.328125 1556.087890625 51339.28972864735 1794
stats: users_count 0 1805
stats: finish_users_count 1 1795
stats: request 4 59723.93426513672 276.03543353580676 60143.35205078125 0.110107421875 4581.188876656072 14728
stats: page 4 89552.10223388672 30104.461764394826 179414.08520507813 1.3818359375 7482.3345073165165 9002
stats: connect 0 0 0 1057.39697265625 0.677978515625 2.382287820027865 2086
stats: 302 0 2691
stats: 504 4 200
stats: 200 0 510
stats: size_rcv 300 573758001
stats: newphase 0 5
stats: size_sent 3097 8602673
stats: connected -1 10
stats: 400 0 281
stats: 503 0 3177
stats: 500 0 7465
stats: 404 0 406
# stats: dump at 1433142868
stats: users 10 1159
stats: session 0 0 0 254490.328125 1556.087890625 51451.199052543954 1795
stats: users_count 0 1805
stats: finish_users_count 0 1795
stats: request 3 59639.639322916664 73.56629235341445 60143.35205078125 0.110107421875 4596.161112710507 14732
stats: page 2 59683.095458984375 49.524658203125 179414.08520507813 1.3818359375 7518.785658871733 9006
stats: connect 0 0 0 1057.39697265625 0.677978515625 2.382287820027865 2086
stats: 302 0 2691
stats: 504 3 203
stats: 200 0 510
stats: size_rcv 225 573758226
stats: newphase 0 5
stats: size_sent 2129 8604802
stats: connected 0 10
stats: 400 0 281
stats: 503 0 3177
stats: 500 0 7465
stats: 404 0 406
# stats: dump at 1433142878
stats: users 10 1159
stats: session 0 0 0 254490.328125 1556.087890625 51451.199052543954 1795
stats: users_count 0 1805
stats: finish_users_count 0 1795
stats: request 0 0 0 60143.35205078125 0.110107421875 4607.36779303834 14735
stats: page 0 0 0 179414.08520507813 1.3818359375 7530.367432806039 9008
stats: connect 0 0 0 1057.39697265625 0.677978515625 2.382287820027865 2086
stats: 302 0 2691
stats: 504 0 203
stats: 200 0 510
stats: size_rcv 0 573758226
stats: newphase 0 5
stats: size_sent 355 8605157
stats: connected 0 10
stats: 400 0 281
stats: 503 0 3177
stats: 500 0 7465
stats: 404 0 406
# stats: dump at 1433142888
stats: users 10 1159
stats: session 0 0 0 254490.328125 1556.087890625 51451.199052543954 1795
stats: users_count 0 1805
stats: finish_users_count 0 1795
stats: request 0 0 0 60143.35205078125 0.110107421875 4607.36779303834 14735
stats: page 0 0 0 179414.08520507813 1.3818359375 7530.367432806039 9008
stats: connect 0 0 0 1057.39697265625 0.677978515625 2.382287820027865 2086
stats: 302 0 2691
stats: 504 0 203
stats: 200 0 510
stats: size_rcv 0 573758226
stats: newphase 0 5
stats: size_sent 0 8605157
stats: connected 0 10
stats: 400 0 281
stats: 503 0 3177
stats: 500 0 7465
stats: 404 0 406
# stats: dump at 1433142898
stats: users 10 1159
stats: session 0 0 0 254490.328125 1556.087890625 51451.199052543954 1795
stats: users_count 0 1805
stats: finish_users_count 0 1795
stats: request 0 0 0 60143.35205078125 0.110107421875 4607.36779303834 14735
stats: page 0 0 0 179414.08520507813 1.3818359375 7530.367432806039 9008
stats: connect 0 0 0 1057.39697265625 0.677978515625 2.382287820027865 2086
stats: 302 0 2691
stats: 504 0 203
stats: 200 0 510
stats: size_rcv 0 573758226
stats: newphase 0 5
stats: size_sent 0 8605157
stats: connected 0 10
stats: 400 0 281
stats: 503 0 3177
stats: 500 0 7465
stats: 404 0 406
# stats: dump at 1433142908
stats: users 6 1159
stats: session 4 284916.11151123047 3396.010993553942 289995.56787109375 1556.087890625 51451.199052543954 1795
stats: users_count 0 1805
stats: finish_users_count 4 1799
stats: request 4 59577.459045410156 337.39426830455005 60143.35205078125 0.110107421875 4607.36779303834 14735
stats: page 4 59577.459045410156 337.39426830455005 179414.08520507813 1.3818359375 7530.367432806039 9008
stats: connect 0 0 0 1057.39697265625 0.677978515625 2.382287820027865 2086
stats: 302 0 2691
stats: 504 4 207
stats: 200 0 510
stats: size_rcv 300 573758526
stats: newphase 0 5
stats: size_sent 0 8605157
stats: connected -4 6
stats: 400 0 281
stats: 503 0 3177
stats: 500 0 7465
stats: 404 0 406
# stats: dump at 1433142918
stats: users 5 1159
stats: session 1 296550.3078613281 0.0 296550.3078613281 1556.087890625 51970.29835762163 1799
stats: users_count 0 1805
stats: finish_users_count 1 1800
stats: request 3 59453.05859375 180.37649275331006 60143.35205078125 0.110107421875 4622.286061917469 14739
stats: page 3 59453.05859375 180.37649275331006 179414.08520507813 1.3818359375 7553.468671870665 9012
stats: connect 0 0 0 1057.39697265625 0.677978515625 2.382287820027865 2086
stats: 302 0 2691
stats: 504 3 210
stats: 200 0 510
stats: size_rcv 225 573758751
stats: newphase 0 5
stats: size_sent 0 8605157
stats: connected -1 5
stats: 400 0 281
stats: 503 0 3177
stats: 500 0 7465
stats: 404 0 406
# stats: dump at 1433142928
stats: users 5 1159
stats: session 0 0 0 296550.3078613281 1556.087890625 52106.17614067924 1800
stats: users_count 0 1805
stats: finish_users_count 0 1800
stats: request 3 39918.29638671875 28225.88001833064 60143.35205078125 0.110107421875 4633.44413528577 14742
stats: page 1 119552.32202148438 0.0 179414.08520507813 1.3818359375 7570.739750047664 9015
stats: connect 1 9.991943359375 0.0 1057.39697265625 0.677978515625 2.382287820027865 2086
stats: 302 0 2691
stats: 504 2 212
stats: 200 0 510
stats: size_rcv 216 573758967
stats: newphase 0 5
stats: size_sent 3885 8609042
stats: connected 0 5
stats: 400 1 282
stats: 503 0 3177
stats: 500 0 7465
stats: 404 0 406
# stats: dump at 1433142938
stats: users 5 1159
stats: session 0 0 0 296550.3078613281 1556.087890625 52106.17614067924 1800
stats: users_count 0 1805
stats: finish_users_count 0 1800
stats: request 1 59354.505126953125 0.0 60143.35205078125 0.110107421875 4640.623148968666 14745
stats: page 0 0 0 179414.08520507813 1.3818359375 7583.16006751344 9016
stats: connect 0 0 0 1057.39697265625 0.677978515625 2.385934037344275 2087
stats: 302 0 2691
stats: 504 1 213
stats: 200 0 510
stats: size_rcv 75 573759042
stats: newphase 0 5
stats: size_sent 395 8609437
stats: connected 0 5
stats: 400 0 282
stats: 503 0 3177
stats: 500 0 7465
stats: 404 0 406
# stats: dump at 1433142948
stats: users 5 1159
stats: session 0 0 0 296550.3078613281 1556.087890625 52106.17614067924 1800
stats: users_count 0 1805
stats: finish_users_count 0 1800
stats: request 0 0 0 60143.35205078125 0.110107421875 4644.3335709121075 14746
stats: page 0 0 0 179414.08520507813 1.3818359375 7583.16006751344 9016
stats: connect 0 0 0 1057.39697265625 0.677978515625 2.385934037344275 2087
stats: 302 0 2691
stats: 504 0 213
stats: 200 0 510
stats: size_rcv 0 573759042
stats: newphase 0 5
stats: size_sent 0 8609437
stats: connected 0 5
stats: 400 0 282
stats: 503 0 3177
stats: 500 0 7465
stats: 404 0 406
# stats: dump at 1433142958
stats: users 5 1159
stats: session 0 0 0 296550.3078613281 1556.087890625 52106.17614067924 1800
stats: users_count 0 1805
stats: finish_users_count 0 1800
stats: request 0 0 0 60143.35205078125 0.110107421875 4644.3335709121075 14746
stats: page 0 0 0 179414.08520507813 1.3818359375 7583.16006751344 9016
stats: connect 0 0 0 1057.39697265625 0.677978515625 2.385934037344275 2087
stats: 302 0 2691
stats: 504 0 213
stats: 200 0 510
stats: size_rcv 0 573759042
stats: newphase 0 5
stats: size_sent 0 8609437
stats: connected 0 5
stats: 400 0 282
stats: 503 0 3177
stats: 500 0 7465
stats: 404 0 406
# stats: dump at 1433142968
stats: users 5 1159
stats: session 0 0 0 296550.3078613281 1556.087890625 52106.17614067924 1800
stats: users_count 0 1805
stats: finish_users_count 0 1800
stats: request 0 0 0 60143.35205078125 0.110107421875 4644.3335709121075 14746
stats: page 0 0 0 179414.08520507813 1.3818359375 7583.16006751344 9016
stats: connect 0 0 0 1057.39697265625 0.677978515625 2.385934037344275 2087
stats: 302 0 2691
stats: 504 0 213
stats: 200 0 510
stats: size_rcv 0 573759042
stats: newphase 0 5
stats: size_sent 0 8609437
stats: connected 0 5
stats: 400 0 282
stats: 503 0 3177
stats: 500 0 7465
stats: 404 0 406
# stats: dump at 1433142978
stats: users 4 1159
stats: session 1 380244.0881347656 0.0 380244.0881347656 1556.087890625 52106.17614067924 1800
stats: users_count 0 1805
stats: finish_users_count 1 1801
stats: request 1 59520.947021484375 0.0 60143.35205078125 0.110107421875 4644.3335709121075 14746
stats: page 1 59520.947021484375 0.0 179414.08520507813 1.3818359375 7583.16006751344 9016
stats: connect 0 0 0 1057.39697265625 0.677978515625 2.385934037344275 2087
stats: 302 0 2691
stats: 504 1 214
stats: 200 0 510
stats: size_rcv 75 573759117
stats: newphase 0 5
stats: size_sent 0 8609437
stats: connected -1 4
stats: 400 0 282
stats: 503 0 3177
stats: 500 0 7465
stats: 404 0 406
# stats: dump at 1433142988
stats: users 3 1159
stats: session 1 391094.4260253906 0.0 391094.4260253906 1556.087890625 52288.37375977646 1801
stats: users_count 0 1805
stats: finish_users_count 1 1802
stats: request 3 59620.37361653646 285.94051635522345 60143.35205078125 0.110107421875 4648.054776136938 14747
stats: page 2 59480.471923828125 252.8349609375 179414.08520507813 1.3818359375 7588.920052758418 9017
stats: connect 0 0 0 1057.39697265625 0.677978515625 2.385934037344275 2087
stats: 302 0 2691
stats: 504 3 217
stats: 200 0 510
stats: size_rcv 225 573759342
stats: newphase 0 5
stats: size_sent 993 8610430
stats: connected -1 3
stats: 400 0 282
stats: 503 0 3177
stats: 500 0 7465
stats: 404 0 406
# stats: dump at 1433142998
stats: users 3 1159
stats: session 0 0 0 391094.4260253906 1556.087890625 52476.39043694939 1802
stats: users_count 0 1805
stats: finish_users_count 0 1802
stats: request 1 60000.051025390625 0.0 60143.35205078125 0.110107421875 4659.235586748545 14750
stats: page 1 119354.73901367188 0.0 179414.08520507813 1.3818359375 7600.427215829949 9019
stats: connect 0 0 0 1057.39697265625 0.677978515625 2.385934037344275 2087
stats: 302 0 2691
stats: 504 1 218
stats: 200 0 510
stats: size_rcv 75 573759417
stats: newphase 0 5
stats: size_sent 1196 8611626
stats: connected 0 3
stats: 400 0 282
stats: 503 0 3177
stats: 500 0 7465
stats: 404 0 406
# stats: dump at 1433143008
stats: users 3 1159
stats: session 0 0 0 391094.4260253906 1556.087890625 52476.39043694939 1802
stats: users_count 0 1805
stats: finish_users_count 0 1802
stats: request 0 0 0 60143.35205078125 0.110107421875 4662.987252089108 14751
stats: page 0 0 0 179414.08520507813 1.3818359375 7612.816829111306 9020
stats: connect 0 0 0 1057.39697265625 0.677978515625 2.385934037344275 2087
stats: 302 0 2691
stats: 504 0 218
stats: 200 0 510
stats: size_rcv 0 573759417
stats: newphase 0 5
stats: size_sent 0 8611626
stats: connected 0 3
stats: 400 0 282
stats: 503 0 3177
stats: 500 0 7465
stats: 404 0 406
# stats: dump at 1433143018
stats: users 3 1159
stats: session 0 0 0 391094.4260253906 1556.087890625 52476.39043694939 1802
stats: users_count 0 1805
stats: finish_users_count 0 1802
stats: request 0 0 0 60143.35205078125 0.110107421875 4662.987252089108 14751
stats: page 0 0 0 179414.08520507813 1.3818359375 7612.816829111306 9020
stats: connect 0 0 0 1057.39697265625 0.677978515625 2.385934037344275 2087
stats: 302 0 2691
stats: 504 0 218
stats: 200 0 510
stats: size_rcv 0 573759417
stats: newphase 0 5
stats: size_sent 0 8611626
stats: connected 0 3
stats: 400 0 282
stats: 503 0 3177
stats: 500 0 7465
stats: 404 0 406
# stats: dump at 1433143028
stats: users 3 1159
stats: session 0 0 0 391094.4260253906 1556.087890625 52476.39043694939 1802
stats: users_count 0 1805
stats: finish_users_count 0 1802
stats: request 0 0 0 60143.35205078125 0.110107421875 4662.987252089108 14751
stats: page 0 0 0 179414.08520507813 1.3818359375 7612.816829111306 9020
stats: connect 0 0 0 1057.39697265625 0.677978515625 2.385934037344275 2087
stats: 302 0 2691
stats: 504 0 218
stats: 200 0 510
stats: size_rcv 0 573759417
stats: newphase 0 5
stats: size_sent 0 8611626
stats: connected 0 3
stats: 400 0 282
stats: 503 0 3177
stats: 500 0 7465
stats: 404 0 406
# stats: dump at 1433143038
stats: users 3 1159
stats: session 0 0 0 391094.4260253906 1556.087890625 52476.39043694939 1802
stats: users_count 0 1805
stats: finish_users_count 0 1802
stats: request 0 0 0 60143.35205078125 0.110107421875 4662.987252089108 14751
stats: page 0 0 0 179414.08520507813 1.3818359375 7612.816829111306 9020
stats: connect 0 0 0 1057.39697265625 0.677978515625 2.385934037344275 2087
stats: 302 0 2691
stats: 504 0 218
stats: 200 0 510
stats: size_rcv 0 573759417
stats: newphase 0 5
stats: size_sent 0 8611626
stats: connected 0 3
stats: 400 0 282
stats: 503 0 3177
stats: 500 0 7465
stats: 404 0 406
# stats: dump at 1433143048
stats: users 3 1159
stats: session 0 0 0 391094.4260253906 1556.087890625 52476.39043694939 1802
stats: users_count 0 1805
stats: finish_users_count 0 1802
stats: request 1 59088.3359375 0.0 60143.35205078125 0.110107421875 4662.987252089108 14751
stats: page 1 178755.57202148438 0.0 179414.08520507813 1.3818359375 7612.816829111306 9020
stats: connect 0 0 0 1057.39697265625 0.677978515625 2.385934037344275 2087
stats: 302 0 2691
stats: 504 1 219
stats: 200 0 510
stats: size_rcv 75 573759492
stats: newphase 0 5
stats: size_sent 947 8612573
stats: connected 0 3
stats: 400 0 282
stats: 503 0 3177
stats: 500 0 7465
stats: 404 0 406
# stats: dump at 1433143058
stats: users 2 1159
stats: session 1 443380.330078125 0.0 443380.330078125 1556.087890625 52476.39043694939 1802
stats: users_count 0 1805
stats: finish_users_count 1 1803
stats: request 2 59149.04052734375 135.197509765625 60143.35205078125 0.110107421875 4666.676605985895 14752
stats: page 2 59149.04052734375 135.197509765625 179414.08520507813 1.3818359375 7631.788423745202 9021
stats: connect 0 0 0 1057.39697265625 0.677978515625 2.385934037344275 2087
stats: 302 0 2691
stats: 504 2 221
stats: 200 0 510
stats: size_rcv 150 573759642
stats: newphase 0 5
stats: size_sent 355 8612928
stats: connected -1 2
stats: 400 0 282
stats: 503 0 3177
stats: 500 0 7465
stats: 404 0 406
# stats: dump at 1433143068
stats: users 2 1159
stats: session 0 0 0 443380.330078125 1556.087890625 52693.19794645642 1803
stats: users_count 0 1805
stats: finish_users_count 0 1803
stats: request 0 0 0 60143.35205078125 0.110107421875 4674.062042331477 14754
stats: page 0 0 0 179414.08520507813 1.3818359375 7643.207519855941 9023
stats: connect 0 0 0 1057.39697265625 0.677978515625 2.385934037344275 2087
stats: 302 0 2691
stats: 504 0 221
stats: 200 0 510
stats: size_rcv 0 573759642
stats: newphase 0 5
stats: size_sent 0 8612928
stats: connected 0 2
stats: 400 0 282
stats: 503 0 3177
stats: 500 0 7465
stats: 404 0 406
# stats: dump at 1433143078
stats: users 2 1159
stats: session 0 0 0 443380.330078125 1556.087890625 52693.19794645642 1803
stats: users_count 0 1805
stats: finish_users_count 0 1803
stats: request 0 0 0 60143.35205078125 0.110107421875 4674.062042331477 14754
stats: page 0 0 0 179414.08520507813 1.3818359375 7643.207519855941 9023
stats: connect 0 0 0 1057.39697265625 0.677978515625 2.385934037344275 2087
stats: 302 0 2691
stats: 504 0 221
stats: 200 0 510
stats: size_rcv 0 573759642
stats: newphase 0 5
stats: size_sent 0 8612928
stats: connected 0 2
stats: 400 0 282
stats: 503 0 3177
stats: 500 0 7465
stats: 404 0 406
# stats: dump at 1433143088
stats: users 0 1159
stats: session 2 469462.0225830078 8350.504516601563 477812.5270996094 1556.087890625 52693.19794645642 1803
stats: users_count 0 1805
stats: finish_users_count 2 1805
stats: request 2 34841.396484375 7143.986572265625 60143.35205078125 0.110107421875 4674.062042331477 14754
stats: page 2 34841.396484375 7143.986572265625 179414.08520507813 1.3818359375 7643.207519855941 9023
stats: connect 0 0 0 1057.39697265625 0.677978515625 2.385934037344275 2087
stats: 302 1 2692
stats: 504 0 221
stats: 200 1 511
stats: size_rcv 5246 573764888
stats: newphase 0 5
stats: size_sent 0 8612928
stats: connected -2 0
stats: 400 0 282
stats: 503 0 3177
stats: 500 0 7465
stats: 404 0 406
# stats: dump at 1433143098
stats: users 0 1159
stats: session 0 0 0 477812.5270996094 1556.087890625 53154.99165796506 1805
stats: users_count 0 1805
stats: finish_users_count 0 1805
stats: request 0 0 0 60143.35205078125 0.110107421875 4678.150865107574 14756
stats: page 0 0 0 179414.08520507813 1.3818359375 7649.234819349464 9025
stats: connect 0 0 0 1057.39697265625 0.677978515625 2.385934037344275 2087
stats: 302 0 2692
stats: 504 0 221
stats: 200 0 511
stats: size_rcv 0 573764888
stats: newphase 0 5
stats: size_sent 0 8612928
stats: connected 0 0
stats: 400 0 282
stats: 503 0 3177
stats: 500 0 7465
stats: 404 0 406
# stats: dump at 1433143108
stats: users 0 1159
stats: session 0 0 0 477812.5270996094 1556.087890625 53154.99165796506 1805
stats: users_count 0 1805
stats: finish_users_count 0 1805
stats: request 0 0 0 60143.35205078125 0.110107421875 4678.150865107574 14756
stats: page 0 0 0 179414.08520507813 1.3818359375 7649.234819349464 9025
stats: connect 0 0 0 1057.39697265625 0.677978515625 2.385934037344275 2087
stats: 302 0 2692
stats: 504 0 221
stats: 200 0 511
stats: size_rcv 0 573764888
stats: newphase 0 5
stats: size_sent 0 8612928
stats: connected 0 0
stats: 400 0 282
stats: 503 0 3177
stats: 500 0 7465
stats: 404 0 406
# stats: dump at 1433143118
stats: users 0 1159
stats: session 0 0 0 477812.5270996094 1556.087890625 53154.99165796506 1805
stats: users_count 0 1805
stats: finish_users_count 0 1805
stats: request 0 0 0 60143.35205078125 0.110107421875 4678.150865107574 14756
stats: page 0 0 0 179414.08520507813 1.3818359375 7649.234819349464 9025
stats: connect 0 0 0 1057.39697265625 0.677978515625 2.385934037344275 2087
stats: 302 0 2692
stats: 504 0 221
stats: 200 0 511
stats: size_rcv 0 573764888
stats: newphase 0 5
stats: size_sent 0 8612928
stats: connected 0 0
stats: 400 0 282
stats: 503 0 3177
stats: 500 0 7465
stats: 404 0 406
# stats: dump at 1433143128
stats: users 0 1159
stats: session 0 0 0 477812.5270996094 1556.087890625 53154.99165796506 1805
stats: users_count 0 1805
stats: finish_users_count 0 1805
stats: request 0 0 0 60143.35205078125 0.110107421875 4678.150865107574 14756
stats: page 0 0 0 179414.08520507813 1.3818359375 7649.234819349464 9025
stats: connect 0 0 0 1057.39697265625 0.677978515625 2.385934037344275 2087
stats: 302 0 2692
stats: 504 0 221
stats: 200 0 511
stats: size_rcv 0 573764888
stats: newphase 0 5
stats: size_sent 0 8612928
stats: connected 0 0
stats: 400 0 282
stats: 503 0 3177
stats: 500 0 7465
stats: 404 0 406
# stats: dump at 1433143129
stats: users 0 1159
stats: session 0 0 0 477812.5270996094 1556.087890625 53154.99165796506 1805
stats: users_count 0 1805
stats: finish_users_count 0 1805
stats: request 0 0 0 60143.35205078125 0.110107421875 4678.150865107574 14756
stats: page 0 0 0 179414.08520507813 1.3818359375 7649.234819349464 9025
stats: connect 0 0 0 1057.39697265625 0.677978515625 2.385934037344275 2087
stats: 302 0 2692
stats: 504 0 221
stats: 200 0 511
stats: size_rcv 0 573764888
stats: newphase 0 5
stats: size_sent 0 8612928
stats: connected 0 0
stats: 400 0 282
stats: 503 0 3177
stats: 500 0 7465
stats: 404 0 406
EndMonitor:{1433,143129,563336}
