# stats: dump at 1433480323
stats: users 0 0
stats: users_count 0 0
stats: finish_users_count 0 0
# stats: dump at 1433480333
stats: users 12 12
stats: users_count 12 12
stats: finish_users_count 0 0
stats: request 3 406.2569986979167 553.5301018004644 1189.06298828125 12.7451171875 0 0
stats: page 1 1219.20703125 0.0 1219.20703125 1219.20703125 0 0
stats: connect 12 88.78271484375 288.5564335557601 1045.81591796875 1.463134765625 0 0
stats: 302 2 2
stats: 200 1 1
stats: size_rcv 5821 5821
stats: newphase 1 1
stats: size_sent 7450 7450
stats: connected 12 12
# stats: dump at 1433480343
stats: users 41 41
stats: session 1 5269.239990234375 0 5269.239990234375 5269.239990234375 0 0
stats: users_count 30 42
stats: finish_users_count 1 1
stats: request 181 719.0232014524341 921.5389894920932 5373.806884765625 12.7451171875 406.2569986979167 3
stats: page 90 1430.459090169271 1177.5675712932525 5373.806884765625 55.64306640625 1219.20703125 1
stats: connect 28 1.7673863002232142 0.189641545407662 1045.81591796875 1.449951171875 88.78271484375 12
stats: 302 73 75
stats: 200 108 109
stats: size_rcv 27074152 27079973
stats: newphase 0 1
stats: size_sent 128654 136104
stats: connected 27 39
# stats: dump at 1433480353
stats: users 50 51
stats: session 10 14669.4587890625 3189.0645324566076 20241.5810546875 5269.239990234375 5269.239990234375 1
stats: users_count 19 61
stats: finish_users_count 10 11
stats: request 136 648.8624842026653 451.71300118977194 5373.806884765625 12.7451171875 713.92375249448 184
stats: page 74 984.2247512404983 480.7929125398446 5373.806884765625 55.64306640625 1428.1376389723557 91
stats: connect 21 1.7759486607142858 0.11939298283788909 1045.81591796875 1.427978515625 27.87198486328125 40
stats: 302 54 129
stats: 200 82 191
stats: size_rcv 22261856 49341829
stats: newphase 0 1
stats: size_sent 105640 241744
stats: connected 11 50
# stats: dump at 1433480363
stats: users 70 70
stats: session 9 19487.851236979168 5070.658815327881 28002.592041015625 5269.239990234375 13814.893443714489 11
stats: users_count 29 90
stats: finish_users_count 9 20
stats: request 78 2214.091853215144 802.3631071128051 5373.806884765625 12.7451171875 686.2727134704588 320
stats: page 49 3184.735520966199 1298.608506780749 6943.31201171875 55.64306640625 1229.049434777462 165
stats: connect 28 1.7209211077008928 0.21665481900649786 1045.81591796875 1.427978515625 18.888103547643443 61
stats: 302 26 155
stats: 200 52 243
stats: size_rcv 13732787 63074616
stats: newphase 1 2
stats: size_sent 67607 309351
stats: connected 19 69
# stats: dump at 1433480373
stats: users 108 108
stats: session 4 27185.48095703125 6084.939112489723 33983.69287109375 5269.239990234375 16367.724450683594 20
stats: users_count 42 132
stats: finish_users_count 4 24
stats: request 91 5881.23594715831 612.8011472318223 6835.926025390625 12.7451171875 985.69455492796 398
stats: page 32 8447.02027130127 3396.813398982482 14959.669189453125 55.64306640625 1676.8467161945093 214
stats: connect 41 1.7149092511432926 0.12751284229951773 1045.81591796875 1.427978515625 13.487192218223315 89
stats: 302 53 208
stats: 200 38 281
stats: size_rcv 6526207 69600823
stats: newphase 0 2
stats: size_sent 86641 395992
stats: connected 37 106
# stats: dump at 1433480383
stats: users 136 136
stats: session 13 35529.53883713942 6866.102311131803 48040.794921875 5269.239990234375 18170.683868408203 24
stats: users_count 41 173
stats: finish_users_count 13 37
stats: request 185 3532.0035855679903 3938.2146936267623 10575.485107421875 0.873046875 1896.725775158966 489
stats: page 83 4860.332643072288 6585.394804412602 22013.64208984375 1.200927734375 2557.5196989726246 246
stats: connect 46 1.6676821501358696 0.1589290270659799 1045.81591796875 1.410888671875 9.774395282451923 130
stats: 302 58 266
stats: 200 27 308
stats: size_rcv 4096400 73697223
stats: newphase 0 2
stats: size_sent 106975 502967
stats: connected 28 134
stats: 400 2 2
stats: 503 98 98
# stats: dump at 1433480393
stats: users 182 183
stats: session 20 30728.103845214842 14988.757890216946 58774.386962890625 5269.239990234375 24269.74101958404 37
stats: users_count 66 239
stats: finish_users_count 20 57
stats: request 399 2908.848981584822 5190.04503866577 14474.85693359375 0.859130859375 2345.5779931495736 674
stats: page 214 4355.115066670923 8643.981376915995 28305.8740234375 1.06494140625 3138.472508578315 329
stats: connect 79 1.5897788518591771 0.19654518889085948 1045.81591796875 1.325927734375 7.655595259232954 176
stats: 302 58 324
stats: 200 38 346
stats: size_rcv 3739022 77436245
stats: newphase 1 3
stats: size_sent 177603 680570
stats: connected 45 179
stats: 400 8 10
stats: 503 295 393
# stats: dump at 1433480403
stats: users 213 215
stats: session 49 21331.313476562496 16649.69805251819 58774.386962890625 2110.3251953125 26535.83323910362 57
stats: users_count 80 319
stats: finish_users_count 49 106
stats: request 660 762.7088826497402 2787.681131739386 14474.85693359375 0.8388671875 2555.0329087000523 1073
stats: page 378 1459.0639409463872 5829.969910691835 29644.130126953125 1.044921875 3617.959630920521 543
stats: connect 116 1.66790771484375 0.3031599842252794 1045.81591796875 1.26318359375 5.7763815487132355 255
stats: 302 24 348
stats: 200 22 368
stats: size_rcv 2387229 79823474
stats: newphase 0 3
stats: size_sent 257878 938448
stats: connected 33 212
stats: 400 22 32
stats: 503 592 985
# stats: dump at 1433480413
stats: users 235 242
stats: session 68 19236.750836540676 14999.49630177478 58774.386962890625 2110.3251953125 24129.970330004424 106
stats: users_count 90 409
stats: finish_users_count 68 174
stats: page 413 3.3240703739785107 3.1786817564228524 29644.130126953125 1.044921875 2731.898207673808 921
stats: request 697 1.7597715796493902 0.9035073673226437 14474.85693359375 0.8388671875 1872.4398001061654 1733
stats: connect 117 1.9265491452991452 0.48015966860505493 1045.81591796875 1.26318359375 4.4917913472877355 371
stats: 302 0 348
stats: 200 0 368
stats: size_rcv 323586 80147060
stats: newphase 0 3
stats: size_sent 208432 1146880
stats: connected 24 236
stats: 400 18 50
stats: 503 679 1664
# stats: dump at 1433480423
stats: users 253 253
stats: session 93 16817.0020922589 14376.111153442409 77948.45092773438 1017.555908203125 22217.6776543979 174
stats: users_count 111 520
stats: finish_users_count 93 267
stats: connect 131 1.998935845062023 0.8929329626154369 1045.81591796875 1.26318359375 3.8767640160732584 488
stats: 302 0 348
stats: request 782 1.8444330942295397 0.997088126489157 14474.85693359375 0.8388671875 1335.870261059671 2430
stats: page 476 3.3175710469734767 3.106618593253212 29644.130126953125 1.044921875 1887.1447453763346 1334
stats: 200 0 368
stats: size_rcv 363511 80510571
stats: newphase 1 4
stats: size_sent 213631 1360511
stats: connected 13 249
stats: 400 17 67
stats: 503 765 2429
# stats: dump at 1433480433
stats: users 301 311
stats: session 110 11936.94663529829 9512.39483918228 77948.45092773438 1017.555908203125 20336.54346983263 267
stats: users_count 158 678
stats: finish_users_count 110 377
stats: page 691 3.7656345395034383 3.69611304998959 29644.130126953125 1.044921875 1391.7294221825357 1810
stats: request 1195 1.949727257126046 1.2497018806297984 14474.85693359375 0.194091796875 1011.0856416733151 3212
stats: connect 210 2.051963588169641 1.2218649023944839 1045.81591796875 1.26318359375 3.479356115584612 619
stats: 302 0 348
stats: 200 0 368
stats: size_rcv 554007 81064578
stats: newphase 0 4
stats: size_sent 316111 1676622
stats: connected 51 300
stats: 400 33 100
stats: 503 1161 3590
# stats: dump at 1433480443
stats: users 347 352
stats: session 126 13336.455678788443 7179.170348598478 77948.45092773438 1017.555908203125 17885.73272235577 377
stats: users_count 172 850
stats: finish_users_count 126 503
stats: request 1289 1.907448164153413 1.2002522894710492 14474.85693359375 0.194091796875 737.4488325679496 4407
stats: page 766 3.5552739474543094 3.497666002986202 29644.130126953125 1.044921875 1008.2496231975956 2501
stats: connect 223 2.0825271948570627 1.174472619955628 1045.81591796875 1.26318359375 3.117772966299758 829
stats: 302 0 348
stats: 200 0 368
stats: size_rcv 598032 81662610
stats: newphase 0 4
stats: size_sent 337226 2013848
stats: connected 40 340
stats: 400 36 136
stats: 503 1253 4843
# stats: dump at 1433480453
stats: users 440 440
stats: session 163 13418.353295449093 7174.118549848048 77948.45092773438 1017.555908203125 16746.15238937469 503
stats: users_count 256 1106
stats: finish_users_count 163 666
stats: page 1033 3.6655044186380685 3.43865642385666 29644.130126953125 1.0341796875 772.6830876831762 3267
stats: connect 309 1.9351154808859223 1.1375549954040782 1045.81591796875 1.035888671875 2.89832448052816 1052
stats: request 1782 1.9290689282144362 1.1975389335355708 14474.85693359375 0.194091796875 570.9964371156158 5696
stats: 302 0 348
stats: 200 0 368
stats: size_rcv 827884 82490494
stats: newphase 1 5
stats: size_sent 472946 2486794
stats: connected 87 427
stats: 400 40 176
stats: 503 1742 6585
# stats: dump at 1433480463
stats: users 551 551
stats: session 226 12719.960203997853 7847.922513361312 77948.45092773438 1017.555908203125 15931.691049570078 666
stats: users_count 337 1443
stats: finish_users_count 226 892
stats: request 2527 1.970583228476207 1.2938499292749615 14474.85693359375 0.194091796875 435.3882464082142 7478
stats: page 1482 3.727000536384531 3.69754248405334 29644.130126953125 1.0341796875 587.9400264012534 4300
stats: connect 440 1.9922013716264197 1.2204354614650126 1045.81591796875 0.943115234375 2.679638528368387 1361
stats: 302 0 348
stats: 200 0 368
stats: size_rcv 1172192 83662686
stats: newphase 0 5
stats: size_sent 663785 3150579
stats: connected 117 544
stats: 400 68 244
stats: 503 2459 9044
# stats: dump at 1433480473
stats: users 569 571
stats: session 273 13449.124272049565 7426.217726376592 77948.45092773438 1017.555908203125 15117.95655282196 892
stats: users_count 291 1734
stats: finish_users_count 273 1165
stats: page 1463 3.453321413886278 3.5478951300876655 29644.130126953125 1.0341796875 438.19881153931357 5782
stats: request 2410 1.8907449429460577 1.224417642907932 14474.85693359375 0.194091796875 325.91833787696 10005
stats: 302 0 348
stats: connect 388 2.1032702259181697 1.322225449734813 1045.81591796875 0.943115234375 2.5116916383259293 1801
stats: 200 0 368
stats: size_rcv 1117552 84780238
stats: newphase 0 5
stats: size_sent 617438 3768017
stats: connected 16 560
stats: 400 68 312
stats: 503 2341 11385
# stats: dump at 1433480483
stats: users 350 571
stats: session 309 15196.44263011352 7793.9099071625105 77948.45092773438 1017.555908203125 14726.891134237527 1165
stats: users_count 90 1824
stats: finish_users_count 309 1474
stats: request 1522 1.8867221185631566 2.4620451756950956 14474.85693359375 0.194091796875 263.01809631667214 12415
stats: page 1032 3.1680257634599087 4.483583952297345 29644.130126953125 1.0341796875 350.4096256106041 7245
stats: connect 172 1.9165564248728197 0.9879033833572028 1045.81591796875 0.927978515625 2.439298989621402 2189
stats: 302 0 348
stats: 200 0 368
stats: size_rcv 705912 85486150
stats: newphase 0 5
stats: size_sent 354074 4122091
stats: connected -205 355
stats: 400 40 352
stats: 503 1482 12867
# stats: dump at 1433480493
stats: users 199 571
stats: session 151 32293.36983747672 35259.654716460594 157018.80590820313 1017.555908203125 14825.324928149115 1474
stats: users_count 0 1824
stats: finish_users_count 151 1625
stats: request 528 20230.960380323002 37946.63506950248 148273.1337890625 0.194091796875 234.50105882441974 13937
stats: page 407 27642.738494798064 45363.84221759637 148400.25415039063 1.0341796875 307.1145511823991 8277
stats: connect 4 1.58294677734375 0.19572240730667995 1045.81591796875 0.927978515625 2.4012169391611073 2361
stats: 302 187 535
stats: 200 111 479
stats: size_rcv 59094809 144580959
stats: newphase 0 5
stats: size_sent 221366 4343457
stats: connected -150 205
stats: 400 2 354
stats: 503 230 13097
# stats: dump at 1433480503
stats: users 81 571
stats: session 118 59244.474150059585 44039.30645069275 157018.80590820313 1017.555908203125 16448.509408954327 1625
stats: users_count 0 1824
stats: finish_users_count 118 1743
stats: 302 213 748
stats: request 389 1240.7179491685406 1129.8804132100627 148273.1337890625 0.194091796875 964.4098401414782 14465
stats: page 313 2055.3014536117207 6110.919090501327 148400.25415039063 1.0341796875 1588.275185112797 8684
stats: connect 0 0 0 1045.81591796875 0.927978515625 2.3998329727140586 2365
stats: 200 174 653
stats: size_rcv 52446233 197027192
stats: newphase 0 5
stats: size_sent 176446 4519903
stats: connected -124 81
stats: 400 0 354
stats: 503 0 13097
# stats: dump at 1433480513
stats: users 15 571
stats: session 66 90127.6786147609 45495.04713442714 157018.80590820313 1017.555908203125 19345.769213573043 1743
stats: users_count 0 1824
stats: finish_users_count 66 1809
stats: request 106 35.02253233711673 91.55691038234147 148273.1337890625 0.194091796875 971.6458610389824 14854
stats: page 100 37.13067382812501 97.63871009858491 148400.25415039063 1.0341796875 1604.5227367455816 8997
stats: connect 0 0 0 1045.81591796875 0.927978515625 2.3998329727140586 2365
stats: 302 79 827
stats: 200 27 680
stats: size_rcv 3321505 200348697
stats: newphase 0 5
stats: size_sent 63641 4583544
stats: connected -66 15
stats: 400 0 354
stats: 503 0 13097
# stats: dump at 1433480523
stats: users 4 571
stats: session 11 99352.86450195313 40505.39920261377 157018.80590820313 1017.555908203125 21928.19376884026 1809
stats: users_count 0 1824
stats: finish_users_count 11 1820
stats: request 19 85.9976742393092 157.42648285189685 148273.1337890625 0.194091796875 965.009358843635 14960
stats: page 16 102.14356994628906 176.53024108153372 148400.25415039063 1.0341796875 1587.2929679985502 9097
stats: connect 0 0 0 1045.81591796875 0.927978515625 2.3998329727140586 2365
stats: 302 12 839
stats: 200 7 687
stats: size_rcv 1940871 202289568
stats: newphase 0 5
stats: size_sent 11803 4595347
stats: connected -11 4
stats: 400 0 354
stats: 503 0 13097
# stats: dump at 1433480533
stats: users 1 571
stats: session 3 150905.61865234375 12241.525388113898 162790.6689453125 1017.555908203125 22396.145075468965 1820
stats: users_count 0 1824
stats: finish_users_count 3 1823
stats: request 6 20.880818684895832 2.4930470315417956 148273.1337890625 0.194091796875 963.894383077063 14979
stats: page 6 20.880818684895832 2.4930470315417956 148400.25415039063 1.0341796875 1584.6854413477397 9113
stats: connect 0 0 0 1045.81591796875 0.927978515625 2.3998329727140586 2365
stats: 302 3 842
stats: 200 3 690
stats: size_rcv 16355 202305923
stats: newphase 0 5
stats: size_sent 3786 4599133
stats: connected -3 1
stats: 400 0 354
stats: 503 0 13097
# stats: dump at 1433480536
stats: users 0 571
stats: session 1 141002.5400390625 0.0 162790.6689453125 1017.555908203125 22607.62528431736 1823
stats: users_count 0 1824
stats: finish_users_count 1 1824
stats: request 1 15.463134765625 0.0 148273.1337890625 0.194091796875 963.5168000682974 14985
stats: page 1 15.463134765625 0.0 148400.25415039063 1.0341796875 1583.6565096955874 9119
stats: connect 0 0 0 1045.81591796875 0.927978515625 2.3998329727140586 2365
stats: 302 1 843
stats: 200 0 690
stats: size_rcv 142 202306065
stats: newphase 0 5
stats: size_sent 633 4599766
stats: connected -1 0
stats: 400 0 354
stats: 503 0 13097
EndMonitor:{1433,480536,678470}
