# stats: dump at 1433509689
stats: users 0 0
stats: users_count 0 0
stats: finish_users_count 0 0
# stats: dump at 1433509699
stats: users 17 17
stats: users_count 17 17
stats: finish_users_count 0 0
stats: request 80 100.56062011718751 146.1332237061836 1209.719970703125 8.887939453125 0 0
stats: page 40 201.27857055664072 203.6593979921065 1264.614013671875 55.593994140625 0 0
stats: connect 17 63.121510225183826 245.3161106365836 1044.385009765625 1.492919921875 0 0
stats: 302 33 33
stats: 200 47 47
stats: size_rcv 427384 427384
stats: newphase 1 1
stats: size_sent 56030 56030
stats: connected 17 17
# stats: dump at 1433509709
stats: users 30 31
stats: session 11 10108.440962357954 4129.698833753645 19131.35791015625 5064.55078125 0 0
stats: users_count 24 41
stats: finish_users_count 11 11
stats: request 145 47.408917025862095 42.09209259043131 1209.719970703125 8.06201171875 100.56062011718751 80
stats: page 82 83.95451243330793 59.92357798541216 1264.614013671875 9.47802734375 201.27857055664072 40
stats: connect 23 2.726254670516304 3.14143200161288 1044.385009765625 1.39794921875 63.121510225183826 17
stats: 302 57 90
stats: 200 87 134
stats: size_rcv 739783 1167167
stats: newphase 0 1
stats: size_sent 101725 157755
stats: connected 13 30
stats: 500 1 1
# stats: dump at 1433509719
stats: users 34 36
stats: session 14 11541.545584542411 5375.842646078422 21492.241943359375 3573.200927734375 10108.440962357954 11
stats: users_count 18 59
stats: finish_users_count 14 25
stats: request 157 44.21700058469348 43.09405710673693 1209.719970703125 7.387939453125 66.30730034722224 225
stats: page 95 73.1940403988487 55.920498994564454 1264.614013671875 9.47802734375 122.42141673603999 122
stats: connect 19 4.167274876644737 4.431966066349203 1044.385009765625 1.39794921875 28.39423828125 40
stats: 302 52 142
stats: 200 105 239
stats: size_rcv 880982 2048149
stats: newphase 0 1
stats: size_sent 107584 265339
stats: connected 4 34
stats: 500 0 1
# stats: dump at 1433509729
stats: users 47 51
stats: session 19 13410.924367804277 7445.031357514106 27204.97900390625 3455.2548828125 10910.97955078125 25
stats: users_count 32 91
stats: finish_users_count 19 44
stats: request 220 46.098546253551135 42.08393007418928 1209.719970703125 6.7080078125 57.22830280084261 382
stats: page 129 78.5477020500242 58.94051598069154 1264.614013671875 6.7080078125 100.87026119671663 217
stats: connect 31 3.997432585685484 4.168954722356596 1044.385009765625 1.39794921875 20.59233481197034 59
stats: 302 80 222
stats: 200 137 376
stats: size_rcv 1182577 3230726
stats: newphase 1 2
stats: size_sent 155535 420874
stats: connected 14 48
stats: 500 3 4
# stats: dump at 1433509739
stats: users 50 51
stats: session 35 15706.798388671878 9512.427701141723 34898.68212890625 3162.018798828125 11990.501176313921 44
stats: users_count 38 129
stats: finish_users_count 35 79
stats: request 275 44.06708984374999 39.26156129660257 1209.719970703125 6.7080078125 53.160949909805865 602
stats: page 172 70.70928245367006 53.23960136519373 1264.614013671875 6.7080078125 92.54768856688042 346
stats: connect 36 2.873691134982639 2.8888481848942886 1044.385009765625 1.39794921875 14.876312934027778 90
stats: 302 104 326
stats: 200 170 546
stats: size_rcv 1449332 4680058
stats: newphase 0 2
stats: size_sent 189110 609984
stats: connected 0 48
stats: 500 1 5
# stats: dump at 1433509749
stats: users 61 64
stats: session 34 14438.185582778033 7250.024456198439 35126.9111328125 3162.018798828125 13636.96196659909 79
stats: users_count 45 174
stats: finish_users_count 34 113
stats: request 338 48.12189551359095 42.1167977624297 1209.719970703125 5.808837890625 50.30939743755345 877
stats: page 199 81.87590785961055 63.52160716794596 1264.614013671875 5.808837890625 85.29632591925072 518
stats: connect 46 3.3333527938179346 3.799907856054316 1044.385009765625 1.39794921875 11.446992420014881 126
stats: 302 130 456
stats: 200 203 749
stats: size_rcv 1831387 6511445
stats: newphase 0 2
stats: size_sent 239975 849959
stats: connected 11 59
stats: 500 5 10
# stats: dump at 1433509759
stats: users 91 91
stats: session 42 12625.715663364956 7584.887049246831 35126.9111328125 1625.405029296875 13878.038098900719 113
stats: users_count 72 246
stats: finish_users_count 42 155
stats: request 487 51.533832275891925 43.76630395065298 1209.719970703125 5.772216796875 49.700857807677465 1215
stats: page 284 88.17831291950922 62.75273464039287 1264.614013671875 5.772216796875 84.34700486783036 717
stats: connect 70 3.1075962611607144 3.4013532571421794 1044.385009765625 1.384033203125 9.27706554324128 172
stats: 302 180 636
stats: 200 304 1053
stats: size_rcv 2886903 9398348
stats: newphase 1 3
stats: size_sent 340127 1190086
stats: connected 28 87
stats: 500 3 13
# stats: dump at 1433509769
stats: users 102 103
stats: session 55 13718.544873046874 6823.843483985088 36690.220947265625 1625.405029296875 13538.699116368447 155
stats: users_count 66 312
stats: finish_users_count 55 210
stats: request 518 52.14612947559725 50.063193837514504 1209.719970703125 5.772216796875 50.225334050932716 1702
stats: page 310 85.10864415322578 70.8293122680074 1264.614013671875 5.772216796875 85.43400935002497 1001
stats: connect 70 3.7668491908482133 4.0292304448831775 1044.385009765625 1.366943359375 7.492508312887398 242
stats: 302 191 827
stats: 200 323 1376
stats: size_rcv 3080381 12478729
stats: newphase 0 3
stats: size_sent 362787 1552873
stats: connected 15 102
stats: 500 5 18
# stats: dump at 1433509779
stats: users 121 126
stats: session 66 13919.857936049953 7745.180730641418 36690.220947265625 1625.405029296875 13585.801576450893 210
stats: users_count 85 397
stats: finish_users_count 66 276
stats: request 667 54.278695491121645 45.92620702540447 1209.719970703125 5.772216796875 50.673519650021106 2220
stats: page 394 93.82653312876744 70.05341830501646 1264.614013671875 5.772216796875 85.35707326229975 1311
stats: connect 84 4.169494628906251 5.037096943867503 1044.385009765625 1.340087890625 6.656623253455529 312
stats: 302 234 1061
stats: 200 425 1801
stats: size_rcv 4253985 16732714
stats: newphase 0 3
stats: size_sent 466400 2019273
stats: connected 19 121
stats: 500 7 25
# stats: dump at 1433509789
stats: users 201 202
stats: session 81 14772.981819058641 7631.796976307398 38910.719970703125 1625.405029296875 13665.68461896371 276
stats: users_count 161 558
stats: finish_users_count 81 357
stats: request 970 122.08188048687178 80.80976581510191 1209.719970703125 5.772216796875 51.50644389179944 2887
stats: page 555 208.26105275197065 163.90360251254856 1264.614013671875 5.772216796875 87.31423876809933 1705
stats: connect 159 3.685021742334906 4.372405995861202 1044.385009765625 1.340087890625 6.1290505149147725 396
stats: 302 387 1448
stats: 200 569 2370
stats: size_rcv 5530714 22263428
stats: newphase 1 4
stats: size_sent 697038 2716311
stats: connected 80 201
stats: 500 14 39
# stats: dump at 1433509799
stats: users 243 243
stats: session 108 13512.864321108218 5770.892940481792 38910.719970703125 1625.405029296875 13916.920118144913 357
stats: users_count 150 708
stats: finish_users_count 108 465
stats: request 1196 231.61084392636914 107.11258876259267 1209.719970703125 5.772216796875 69.25551661599445 3857
stats: page 698 398.8942458363179 281.94731813476443 1523.429931640625 5.772216796875 117.01577937033322 2260
stats: connect 150 3.461181640625 4.154338896646034 1044.385009765625 1.340087890625 5.428869298986487 555
stats: 302 415 1863
stats: 200 765 3135
stats: size_rcv 7616023 29879451
stats: newphase 0 4
stats: size_sent 836828 3553139
stats: connected 41 242
stats: 500 16 55
# stats: dump at 1433509809
stats: users 262 268
stats: session 135 15225.828884548611 6908.475861947124 40116.97509765625 1625.405029296875 13823.07490076865 465
stats: users_count 154 862
stats: finish_users_count 135 600
stats: request 1224 179.10649358213357 85.59999318065789 1209.719970703125 5.772216796875 107.6835735056062 5053
stats: page 742 293.3502539457335 206.8057718818919 1523.429931640625 5.772216796875 183.53071161957502 2958
stats: connect 153 4.284439785028592 4.818031238570057 1044.385009765625 1.340087890625 5.010212350398936 705
stats: 302 435 2298
stats: 200 775 3910
stats: size_rcv 7586783 37466234
stats: newphase 0 4
stats: size_sent 866179 4419318
stats: connected 23 265
stats: 500 14 69
# stats: dump at 1433509819
stats: users 388 388
stats: session 149 17206.39211606019 7952.021885082128 52089.1689453125 1625.405029296875 14138.694547119141 600
stats: users_count 275 1137
stats: finish_users_count 149 749
stats: request 1549 481.29661241879825 380.4091724594892 1209.719970703125 0.871826171875 121.61087224284843 6277
stats: page 867 818.870709657944 818.0962730657205 3697.625 1.073974609375 205.55398199957762 3700
stats: connect 293 3.1786701085217577 3.6998509934721855 1044.385009765625 1.071044921875 4.8807913684622655 858
stats: 302 538 2836
stats: 200 623 4533
stats: size_rcv 6057202 43523436
stats: newphase 1 5
stats: size_sent 1044588 5463906
stats: connected 113 378
stats: 400 5 5
stats: 503 361 361
stats: 500 16 85
stats: 404 6 6
# stats: dump at 1433509829
stats: users 525 528
stats: session 162 16485.126490463448 7589.186990283575 52089.1689453125 1625.405029296875 14748.957481394464 749
stats: users_count 299 1436
stats: finish_users_count 162 911
stats: request 2253 463.1172426564926 366.160693855165 1209.719970703125 0.869140625 192.80346252301024 7826
stats: page 1301 809.8373359134804 745.2315268209243 3697.625 1.06494140625 321.98612626929594 4567
stats: connect 370 3.1217806429476362 3.615013563843353 1044.385009765625 1.071044921875 4.44749725103171 1151
stats: 302 710 3546
stats: 200 651 5184
stats: size_rcv 6824564 50348000
stats: newphase 0 5
stats: size_sent 1388820 6852726
stats: connected 145 523
stats: 400 22 27
stats: 503 833 1194
stats: 500 10 95
stats: 404 26 32
# stats: dump at 1433509839
stats: users 601 601
stats: session 267 17018.12898763021 7479.140680865875 55198.72216796875 1625.405029296875 15057.694451174018 911
stats: users_count 343 1779
stats: finish_users_count 267 1178
stats: request 2547 418.66836759929 351.8913476601945 1209.719970703125 0.869140625 253.22780488244427 10079
stats: page 1519 702.429322333773 670.1435677935048 3697.625 1.06494140625 430.14809350635863 5868
stats: connect 422 3.416741104487558 4.206817834052226 1044.385009765625 0.9560546875 4.125002086672008 1521
stats: 302 835 4381
stats: 200 632 5816
stats: size_rcv 6775279 57123279
stats: newphase 0 5
stats: size_sent 1559121 8411847
stats: connected 71 594
stats: 400 27 54
stats: 503 1007 2201
stats: 500 11 106
stats: 404 35 67
# stats: dump at 1433509849
stats: users 313 617
stats: session 347 17307.22123221364 7656.545802742426 55198.72216796875 1625.405029296875 15502.03742335891 1178
stats: users_count 59 1838
stats: finish_users_count 347 1525
stats: request 1812 284.6552815216269 296.35720003688346 1209.719970703125 0.869140625 286.601566425277 12626
stats: page 1263 432.4781067909364 532.9925415826448 3697.625 1.0419921875 486.13769504809983 7387
stats: connect 103 4.068648551274271 4.980099449880645 1044.385009765625 0.9560546875 3.9711749459196466 1943
stats: 302 778 5159
stats: 200 682 6498
stats: size_rcv 6931410 64054689
stats: newphase 0 5
stats: size_sent 1133583 9545430
stats: connected -275 319
stats: 400 11 65
stats: 503 322 2523
stats: 500 10 116
stats: 404 9 76
# stats: dump at 1433509859
stats: users 100 617
stats: session 213 21303.361328125 7672.732141667692 55250.318115234375 1625.405029296875 15912.790722816348 1525
stats: users_count 0 1838
stats: finish_users_count 213 1738
stats: request 444 19.830158955342043 14.936998390352713 1209.719970703125 0.869140625 286.35730349097764 14438
stats: page 394 22.364541610485414 24.300420570021895 3697.625 1.0419921875 478.3027748204932 8650
stats: connect 0 0 0 1044.385009765625 0.9560546875 3.9760819749282126 2046
stats: 302 292 5451
stats: 200 151 6649
stats: size_rcv 1297150 65351839
stats: newphase 0 5
stats: size_sent 291988 9837418
stats: connected -217 102
stats: 400 0 65
stats: 503 0 2523
stats: 500 1 117
stats: 404 0 76
# stats: dump at 1433509869
stats: users 23 617
stats: session 77 30359.798371550325 6264.490381774577 55250.318115234375 1625.405029296875 16573.43027340941 1738
stats: users_count 0 1838
stats: finish_users_count 77 1815
stats: request 122 14.56591796875 9.98373153004858 1209.719970703125 0.869140625 278.40554618861086 14882
stats: page 115 15.461691151494565 13.68620256820697 3697.625 1.0419921875 458.43991945950876 9044
stats: connect 0 0 0 1044.385009765625 0.9560546875 3.9760819749282126 2046
stats: 302 94 5545
stats: 200 28 6677
stats: size_rcv 219378 65571217
stats: newphase 0 5
stats: size_sent 79243 9916661
stats: connected -79 23
stats: 400 0 65
stats: 503 0 2523
stats: 500 0 117
stats: 404 0 76
# stats: dump at 1433509879
stats: users 7 617
stats: session 16 39396.722564697266 6748.011683768315 57082.823974609375 1625.405029296875 17158.306495754783 1815
stats: users_count 0 1838
stats: finish_users_count 16 1831
stats: request 23 15.933285920516305 9.630039719342433 1209.719970703125 0.869140625 276.2602226320377 15004
stats: page 22 16.662253639914773 13.567253762658773 3697.625 1.0419921875 452.8779043644742 9159
stats: connect 0 0 0 1044.385009765625 0.9560546875 3.9760819749282126 2046
stats: 302 18 5563
stats: 200 5 6682
stats: size_rcv 43591 65614808
stats: newphase 0 5
stats: size_sent 15120 9931781
stats: connected -16 7
stats: 400 0 65
stats: 503 0 2523
stats: 500 0 117
stats: 404 0 76
# stats: dump at 1433509889
stats: users 0 617
stats: session 7 42442.03030831473 2871.5200723701623 57082.823974609375 1625.405029296875 17352.6345444184 1831
stats: users_count 0 1838
stats: finish_users_count 7 1838
stats: request 9 16.583631727430557 7.225463149490141 1209.719970703125 0.869140625 275.86177187377825 15027
stats: page 9 16.583631727430557 7.225463149490141 3697.625 1.0419921875 451.8326212454305 9181
stats: connect 0 0 0 1044.385009765625 0.9560546875 3.9760819749282126 2046
stats: 302 7 5570
stats: 200 2 6684
stats: size_rcv 11429 65626237
stats: newphase 0 5
stats: size_sent 5850 9937631
stats: connected -7 0
stats: 400 0 65
stats: 503 0 2523
stats: 500 0 117
stats: 404 0 76
# stats: dump at 1433509899
stats: users 0 617
stats: session 0 0 0 57082.823974609375 1625.405029296875 17448.187194226495 1838
stats: users_count 0 1838
stats: finish_users_count 0 1838
stats: request 0 0 0 1209.719970703125 0.869140625 275.7065774562924 15036
stats: page 0 0 0 3697.625 1.0419921875 451.406370874847 9190
stats: connect 0 0 0 1044.385009765625 0.9560546875 3.9760819749282126 2046
stats: 302 0 5570
stats: 200 0 6684
stats: size_rcv 0 65626237
stats: newphase 0 5
stats: size_sent 0 9937631
stats: connected 0 0
stats: 400 0 65
stats: 503 0 2523
stats: 500 0 117
stats: 404 0 76
# stats: dump at 1433509900
stats: users 0 617
stats: session 0 0 0 57082.823974609375 1625.405029296875 17448.187194226495 1838
stats: users_count 0 1838
stats: finish_users_count 0 1838
stats: request 0 0 0 1209.719970703125 0.869140625 275.7065774562924 15036
stats: page 0 0 0 3697.625 1.0419921875 451.406370874847 9190
stats: connect 0 0 0 1044.385009765625 0.9560546875 3.9760819749282126 2046
stats: 302 0 5570
stats: 200 0 6684
stats: size_rcv 0 65626237
stats: newphase 0 5
stats: size_sent 0 9937631
stats: connected 0 0
stats: 400 0 65
stats: 503 0 2523
stats: 500 0 117
stats: 404 0 76
EndMonitor:{1433,509900,834313}
