# stats: dump at 1433115185
stats: users 0 0
stats: users_count 0 0
stats: finish_users_count 0 0
# stats: dump at 1433115195
stats: users 13 13
stats: users_count 13 13
stats: finish_users_count 0 0
stats: request 7 465.45724051339283 427.62646587504696 1436.0478515625 67.73193359375 0 0
stats: page 1 1678.57177734375 0.0 1678.57177734375 1678.57177734375 0 0
stats: connect 12 89.47027587890625 290.4871717500189 1052.906982421875 1.483154296875 0 0
stats: 302 6 6
stats: 200 1 1
stats: size_rcv 5996 5996
stats: newphase 1 1
stats: size_sent 10702 10702
stats: connected 12 12
# stats: dump at 1433115205
stats: users 33 33
stats: users_count 20 33
stats: finish_users_count 0 0
stats: request 1 15424.656005859375 0.0 15424.656005859375 67.73193359375 465.45724051339283 7
stats: page 1 16114.828857421875 0.0 16114.828857421875 1678.57177734375 1678.57177734375 1
stats: connect 21 4.788899739583333 7.4301135493499935 1052.906982421875 1.44384765625 89.47027587890625 12
stats: 302 0 6
stats: 200 1 2
stats: size_rcv 5159 11155
stats: newphase 0 1
stats: size_sent 8775 19477
stats: connected 21 33
# stats: dump at 1433115215
stats: users 56 56
stats: users_count 23 56
stats: finish_users_count 0 0
stats: request 1 16034.54296875 0.0 16034.54296875 67.73193359375 2335.3570861816406 8
stats: page 1 16925.72900390625 0.0 16925.72900390625 1678.57177734375 8896.700317382813 2
stats: connect 20 44.75106201171875 37.28571975476217 1052.906982421875 1.44384765625 35.58212742660985 33
stats: 302 0 6
stats: 200 1 3
stats: size_rcv 5159 16314
stats: newphase 0 1
stats: size_sent 9920 29397
stats: connected 20 53
# stats: dump at 1433115225
stats: users 91 91
stats: users_count 35 91
stats: finish_users_count 0 0
stats: request 2 29107.919921875 2774.77294921875 31882.69287109375 67.73193359375 3857.4888509114585 9
stats: page 0 0 0 16925.72900390625 1678.57177734375 11573.043212890625 3
stats: connect 33 46.54955314867424 28.8182322981798 1052.906982421875 1.44384765625 39.04210274174528 53
stats: 302 2 8
stats: 200 0 3
stats: size_rcv 298 16612
stats: newphase 1 2
stats: size_sent 15666 45063
stats: connected 33 86
# stats: dump at 1433115235
stats: users 141 141
stats: users_count 50 141
stats: finish_users_count 0 0
stats: request 0 0 0 31882.69287109375 67.73193359375 8448.476318359375 11
stats: page 0 0 0 16925.72900390625 1678.57177734375 11573.043212890625 3
stats: connect 52 57.4342510516827 31.98463532782203 1052.906982421875 1.44384765625 41.92286859556686 86
stats: 302 0 8
stats: 200 0 3
stats: size_rcv 0 16612
stats: newphase 0 2
stats: size_sent 21704 66767
stats: connected 52 138
# stats: dump at 1433115245
stats: users 180 181
stats: session 1 3809.85693359375 0 3809.85693359375 3809.85693359375 0 0
stats: users_count 40 181
stats: finish_users_count 1 1
stats: request 192 4424.119750976564 8337.221676330251 31882.69287109375 0.919921875 8448.476318359375 11
stats: page 75 77.36147786458334 74.40351265120938 16925.72900390625 1.10400390625 11573.043212890625 3
stats: connect 46 55.32202679177989 35.72617868850453 1052.906982421875 1.44384765625 47.76773734714674 138
stats: 302 0 8
stats: 200 0 3
stats: size_rcv 62961 79573
stats: newphase 0 2
stats: 502 189 189
stats: size_sent 67338 134105
stats: connected 42 180
stats: 400 3 3
# stats: dump at 1433115255
stats: users 166 181
stats: session 62 23876.8666047127 15159.329910521714 62409.992919921875 2391.23388671875 3809.85693359375 1
stats: users_count 48 229
stats: finish_users_count 62 63
stats: request 1228 2748.0662420316266 9410.33856466645 56031.256103515625 0.876220703125 4642.188333445583 203
stats: page 702 6093.098796268474 13070.231692620564 56031.256103515625 0.990966796875 519.5030830578926 78
stats: connect 81 46.035734953703695 41.236790551075565 1052.906982421875 1.44384765625 49.656309708305024 184
stats: 302 0 8
stats: 200 0 3
stats: size_rcv 402594 482167
stats: newphase 1 3
stats: 502 1190 1379
stats: size_sent 269105 403210
stats: connected -13 167
stats: 400 38 41
# stats: dump at 1433115265
stats: users 125 181
stats: session 110 32310.292702414765 18618.953303154576 71762.85400390625 2391.23388671875 23558.342641679068 63
stats: users_count 69 298
stats: finish_users_count 110 173
stats: request 650 44.309539888822144 56.19378556479363 56031.256103515625 0.876220703125 3016.764204685039 1431
stats: page 422 68.3642554983709 77.82717219531908 56031.256103515625 0.947998046875 5535.739224947416 780
stats: connect 79 45.76836308346519 35.04030376003038 1052.906982421875 1.44384765625 48.54964346255896 265
stats: 302 0 8
stats: 200 0 3
stats: size_rcv 213150 695317
stats: newphase 0 3
stats: 502 640 2019
stats: size_sent 165838 569048
stats: connected -43 124
stats: 400 10 51
# stats: dump at 1433115275
stats: users 110 181
stats: session 84 24782.595958891372 21604.19032429997 85763.97021484375 2391.23388671875 29123.166379719107 173
stats: users_count 69 367
stats: finish_users_count 84 257
stats: request 624 37.28065842848556 39.18864901472843 56031.256103515625 0.876220703125 2088.3184900682486 2081
stats: page 387 60.242248062015506 41.18057343785908 56031.256103515625 0.947998046875 3616.244851313891 1202
stats: connect 85 51.820582490808825 34.07752702914135 1052.906982421875 1.44384765625 47.910919189453125 344
stats: 302 0 8
stats: 200 0 3
stats: size_rcv 204607 899924
stats: newphase 0 3
stats: 502 611 2630
stats: size_sent 157985 727033
stats: connected -14 110
stats: 400 13 64
# stats: dump at 1433115285
stats: users 187 187
stats: session 68 19858.625570858225 16113.832690205478 85763.97021484375 2391.23388671875 27704.45853789214 257
stats: users_count 145 512
stats: finish_users_count 68 325
stats: page 502 68.30513541536982 52.52275776695171 56031.256103515625 0.947998046875 2750.1825432846426 1589
stats: connect 143 51.38473489401224 34.15653987378151 1052.906982421875 1.380126953125 48.68556110230915 429
stats: 302 0 8
stats: request 871 39.25893565899467 47.09649696481567 56031.256103515625 0.871826171875 1615.1770457269504 2705
stats: 200 0 3
stats: size_rcv 285633 1185557
stats: newphase 1 4
stats: 502 860 3490
stats: size_sent 234165 961198
stats: connected 64 174
stats: 400 11 75
# stats: dump at 1433115295
stats: users 248 250
stats: session 109 14649.795020427178 12555.590306966118 96760.86279296875 2213.068115234375 26062.86887094351 325
stats: users_count 170 682
stats: finish_users_count 109 434
stats: connect 207 53.28728275022645 35.879724041039694 1052.906982421875 1.380126953125 49.36035455023492 572
stats: request 1271 34.57533226943599 39.99470783144094 56031.256103515625 0.871826171875 1231.333456837356 3576
stats: page 742 59.42951311383926 40.86612134752552 56031.256103515625 0.94287109375 2106.3267523949366 2091
stats: 302 0 8
stats: 200 0 3
stats: size_rcv 416758 1602315
stats: newphase 0 4
stats: 502 1245 4735
stats: size_sent 334753 1295951
stats: connected 70 244
stats: 400 26 101
# stats: dump at 1433115305
stats: users 261 265
stats: session 161 13842.132066430513 7285.753664992386 96760.86279296875 1539.049072265625 23196.451705721665 434
stats: users_count 174 856
stats: finish_users_count 161 595
stats: request 1413 7.509292375763015 19.286732663893556 56031.256103515625 0.8330078125 917.5146872219595 4847
stats: page 858 12.484299879807692 24.75868421112402 56031.256103515625 0.9248046875 1570.217415456506 2833
stats: connect 201 8.954037187111316 21.301754732025326 1052.906982421875 1.342041015625 50.40383868039955 779
stats: 302 0 8
stats: 200 0 3
stats: size_rcv 463304 2065619
stats: newphase 0 4
stats: 502 1381 6116
stats: size_sent 360395 1656346
stats: connected 12 256
stats: 400 32 133
# stats: dump at 1433115315
stats: users 365 366
stats: session 155 15061.655783770158 8140.371053993419 96760.86279296875 1452.85986328125 20665.282862148764 595
stats: users_count 259 1115
stats: finish_users_count 155 750
stats: request 1762 3.3181773087223303 7.4736780465736725 56031.256103515625 0.8330078125 712.1093161488484 6260
stats: page 1017 5.896396753241763 10.470846294391396 56031.256103515625 0.91796875 1208.110936679804 3691
stats: connect 297 4.361313328598484 8.433549172149702 1052.906982421875 1.0419921875 41.90239980269452 980
stats: 302 0 8
stats: 200 0 3
stats: size_rcv 577746 2643365
stats: newphase 1 5
stats: 502 1724 7840
stats: size_sent 469465 2125811
stats: connected 101 357
stats: 400 38 171
# stats: dump at 1433115325
stats: users 455 456
stats: session 237 14069.223146591508 8856.945169587685 96760.86279296875 1452.85986328125 19507.199932617186 750
stats: users_count 327 1442
stats: finish_users_count 237 987
stats: request 2440 7.727482930167779 25.10088483470212 56031.256103515625 0.8291015625 556.4261963986238 8022
stats: connect 375 11.989089843749987 30.860976467503573 1052.906982421875 0.971923828125 33.171230904647125 1277
stats: page 1443 13.216423981072413 32.795815294195506 56031.256103515625 0.89892578125 948.4142104467296 4708
stats: 302 0 8
stats: 200 0 3
stats: size_rcv 800050 3443415
stats: newphase 0 5
stats: 502 2386 10226
stats: size_sent 635145 2760956
stats: connected 89 446
stats: 400 54 225
# stats: dump at 1433115335
stats: users 477 486
stats: session 275 13796.382098721591 7794.912089219269 96760.86279296875 1452.85986328125 18201.424351778194 987
stats: users_count 297 1739
stats: finish_users_count 275 1262
stats: request 2466 5.794041048097883 13.32433743393577 56031.256103515625 0.821044921875 428.45593632760176 10462
stats: page 1493 9.686736181607946 17.44125424817386 56031.256103515625 0.89892578125 729.0205499248725 6151
stats: connect 362 7.5923188773308095 15.326211882048728 1052.906982421875 0.971923828125 28.362936172300618 1652
stats: 302 0 8
stats: 200 0 3
stats: size_rcv 808548 4251963
stats: newphase 0 5
stats: 502 2406 12632
stats: size_sent 631411 3392367
stats: connected 25 471
stats: 400 60 285
# stats: dump at 1433115345
stats: users 262 489
stats: session 280 15710.059944370814 8369.90615173183 96760.86279296875 1452.85986328125 17241.530041484562 1262
stats: users_count 65 1804
stats: finish_users_count 280 1542
stats: page 942 3.628391533140924 3.7732996730671022 56031.256103515625 0.89794921875 588.52272366654 7644
stats: connect 97 3.2786097575708757 3.130163116658285 1052.906982421875 0.971923828125 24.62958787995748 2014
stats: request 1343 2.495009751082001 2.97442771515799 56031.256103515625 0.821044921875 347.83370289944145 12928
stats: 302 0 8
stats: 200 0 3
stats: size_rcv 440389 4692352
stats: newphase 0 5
stats: 502 1320 13952
stats: size_sent 301478 3693845
stats: connected -205 266
stats: 400 23 308
# stats: dump at 1433115355
stats: users 80 489
stats: session 182 21426.55424616887 8628.113509300047 96760.86279296875 1452.85986328125 16963.44208610723 1542
stats: users_count 0 1804
stats: finish_users_count 182 1724
stats: request 357 2.4282137659751384 2.739760035494637 56031.256103515625 0.821044921875 315.334938629366 14271
stats: page 326 2.6697383950824394 2.904111699465458 56031.256103515625 0.89794921875 524.3519269195492 8586
stats: 302 0 8
stats: connect 3 5.539306640625 5.314350613660692 1052.906982421875 0.971923828125 23.64851498660291 2111
stats: 200 0 3
stats: size_rcv 117086 4809438
stats: newphase 0 5
stats: 502 355 14307
stats: size_sent 69196 3763041
stats: connected -185 81
stats: 400 2 310
# stats: dump at 1433115365
stats: users 18 489
stats: session 62 28750.11263152092 6836.135818905595 96760.86279296875 1452.85986328125 17434.605898828355 1724
stats: users_count 0 1804
stats: finish_users_count 62 1786
stats: request 91 1.4350263993818682 0.701707421427893 56031.256103515625 0.821044921875 307.69837171822087 14628
stats: 302 0 8
stats: page 85 1.5439855238970581 0.7947712989851409 56031.256103515625 0.89794921875 505.2688486588922 8912
stats: connect 0 0 0 1052.906982421875 0.971923828125 23.62281601544022 2114
stats: 200 0 3
stats: size_rcv 29848 4839286
stats: newphase 0 5
stats: 502 91 14398
stats: size_sent 17460 3780501
stats: connected -63 18
stats: 400 0 310
# stats: dump at 1433115375
stats: users 3 489
stats: session 15 37935.551595052086 6391.680112040975 96760.86279296875 1452.85986328125 17827.417442740414 1786
stats: users_count 0 1804
stats: finish_users_count 15 1801
stats: connect 0 0 0 1052.906982421875 0.971923828125 23.62281601544022 2114
stats: request 19 1.694567228618421 0.7552810690519058 56031.256103515625 0.821044921875 305.8049031113852 14719
stats: page 19 1.694567228618421 0.7552810690519058 56031.256103515625 0.89794921875 500.50986084445685 8997
stats: 302 0 8
stats: 200 0 3
stats: size_rcv 6232 4845518
stats: newphase 0 5
stats: 502 19 14417
stats: size_sent 3592 3784093
stats: connected -15 3
stats: 400 0 310
# stats: dump at 1433115385
stats: users 0 489
stats: session 3 51337.03035481771 13107.783151249585 96760.86279296875 1452.85986328125 17994.892185819077 1801
stats: users_count 0 1804
stats: finish_users_count 3 1804
stats: request 4 3.03070068359375 2.6343743498214245 56031.256103515625 0.821044921875 305.4128488040319 14738
stats: connect 0 0 0 1052.906982421875 0.971923828125 23.62281601544022 2114
stats: page 4 3.03070068359375 2.6343743498214245 56031.256103515625 0.89794921875 499.45867511035067 9016
stats: 302 0 8
stats: 200 0 3
stats: size_rcv 1312 4846830
stats: newphase 0 5
stats: 502 4 14421
stats: size_sent 756 3784849
stats: connected -3 0
stats: 400 0 310
# stats: dump at 1433115395
stats: users 0 489
stats: session 0 0 0 96760.86279296875 1452.85986328125 18050.33920051253 1804
stats: users_count 0 1804
stats: finish_users_count 0 1804
stats: connect 0 0 0 1052.906982421875 0.971923828125 23.62281601544022 2114
stats: request 0 0 0 56031.256103515625 0.821044921875 305.3308023657955 14742
stats: page 0 0 0 56031.256103515625 0.89794921875 499.23852966714594 9020
stats: 302 0 8
stats: 200 0 3
stats: size_rcv 0 4846830
stats: newphase 0 5
stats: 502 0 14421
stats: size_sent 0 3784849
stats: connected 0 0
stats: 400 0 310
# stats: dump at 1433115397
stats: users 0 489
stats: session 0 0 0 96760.86279296875 1452.85986328125 18050.33920051253 1804
stats: users_count 0 1804
stats: finish_users_count 0 1804
stats: page 0 0 0 56031.256103515625 0.89794921875 499.23852966714594 9020
stats: request 0 0 0 56031.256103515625 0.821044921875 305.3308023657955 14742
stats: connect 0 0 0 1052.906982421875 0.971923828125 23.62281601544022 2114
stats: 302 0 8
stats: 200 0 3
stats: size_rcv 0 4846830
stats: newphase 0 5
stats: 502 0 14421
stats: size_sent 0 3784849
stats: connected 0 0
stats: 400 0 310
EndMonitor:{1433,115397,254976}
