# stats: dump at 1433134816
stats: users 0 0
stats: users_count 0 0
stats: finish_users_count 0 0
# stats: dump at 1433134826
stats: users 19 19
stats: users_count 19 19
stats: finish_users_count 0 0
stats: request 7 265.13330078125 441.58776767598295 1328.026123046875 14.117919921875 0 0
stats: page 2 804.717529296875 600.94140625 1405.658935546875 203.776123046875 0 0
stats: connect 17 62.33260569852941 243.70042361775236 1037.134033203125 0.9970703125 0 0
stats: 302 5 5
stats: 200 2 2
stats: size_rcv 11025 11025
stats: newphase 1 1
stats: size_sent 12920 12920
stats: connected 17 17
# stats: dump at 1433134836
stats: users 35 35
stats: users_count 16 35
stats: finish_users_count 0 0
stats: request 12 12071.534159342447 1169.0273590261304 14043.865966796875 14.117919921875 265.13330078125 7
stats: page 0 0 0 1405.658935546875 203.776123046875 804.717529296875 2
stats: connect 18 1.4480794270833333 0.18668456604833852 1037.134033203125 0.9970703125 62.33260569852941 17
stats: 302 14 19
stats: 200 0 2
stats: size_rcv 1768 12793
stats: newphase 0 1
stats: size_sent 18131 31051
stats: connected 18 35
# stats: dump at 1433134846
stats: users 60 60
stats: users_count 25 60
stats: finish_users_count 0 0
stats: request 93 4976.236942414314 2430.7570423487305 14043.865966796875 14.117919921875 7721.807527240954 19
stats: page 27 17706.364239728013 2744.4535865664534 22211.743896484375 203.776123046875 804.717529296875 2
stats: connect 25 1.31404296875 0.1466172528834128 1037.134033203125 0.9970703125 31.020563616071428 35
stats: 302 64 83
stats: 200 27 29
stats: size_rcv 153906 166699
stats: newphase 0 1
stats: size_sent 84367 115418
stats: connected 25 60
# stats: dump at 1433134856
stats: users 93 93
stats: users_count 33 93
stats: finish_users_count 0 0
stats: request 20 4543.411206054688 492.91821299069466 14043.865966796875 14.117919921875 5442.003380911691 112
stats: page 7 11761.45640345982 3574.9348141111377 22211.743896484375 203.776123046875 16540.733432112072 29
stats: connect 33 1.3683638139204546 0.17790817268768905 1037.134033203125 0.9970703125 18.6428466796875 60
stats: 302 13 96
stats: 200 7 36
stats: size_rcv 37848 204547
stats: newphase 1 2
stats: size_sent 32786 148204
stats: connected 33 93
# stats: dump at 1433134866
stats: users 123 123
stats: users_count 30 123
stats: finish_users_count 0 0
stats: request 64 714.5871467590332 5630.452533429774 45404.839111328125 0.510986328125 5305.853051387902 132
stats: page 32 1429.4778289794922 7898.229699372877 45404.839111328125 0.76904296875 15611.429565429691 36
stats: connect 29 1.3079539331896552 0.22832559059814403 1037.134033203125 0.887939453125 12.513191469254032 93
stats: 302 0 96
stats: 200 1 37
stats: size_rcv 5528632 5733179
stats: newphase 0 2
stats: size_sent 24612 172816
stats: connected 28 121
stats: 400 1 1
stats: 503 62 62
# stats: dump at 1433134876
stats: users 152 153
stats: session 10 8625.700854492188 2656.5000499124267 13584.247802734375 4289.742919921875 0 0
stats: users_count 39 162
stats: finish_users_count 10 10
stats: request 228 1.1233980948464903 0.6209751122628241 45404.839111328125 0.40185546875 3806.6641845703125 196
stats: page 122 2.4699446881403677 2.255487595779809 45404.839111328125 0.7138671875 8937.569924747244 68
stats: connect 44 1.3276311700994319 0.4071285028734062 1037.134033203125 0.870849609375 9.849651399205943 122
stats: 302 0 96
stats: 200 0 37
stats: size_rcv 106269 5839448
stats: newphase 0 2
stats: size_sent 64172 236988
stats: connected 30 151
stats: 400 3 4
stats: 503 225 287
# stats: dump at 1433134886
stats: users 199 201
stats: session 38 9723.239071494654 4612.458348723447 18626.15380859375 2393.194091796875 8625.700854492188 10
stats: users_count 85 247
stats: finish_users_count 38 48
stats: request 558 1.3397645574316759 1.283576834716487 45404.839111328125 0.39794921875 1760.288478635392 424
stats: page 314 2.7441398474820864 2.7394666792153584 45404.839111328125 0.656005859375 3200.2952007092936 190
stats: connect 102 1.4715624042585786 1.1831271080349224 1037.134033203125 0.85205078125 7.590802663780121 166
stats: 302 0 96
stats: 200 0 37
stats: size_rcv 259404 6098852
stats: newphase 1 3
stats: size_sent 150415 387403
stats: connected 49 200
stats: 400 12 16
stats: 503 546 833
# stats: dump at 1433134896
stats: users 220 224
stats: session 62 12380.593694871473 9712.794268555095 72690.69604492188 2185.379150390625 9494.585276285807 48
stats: users_count 83 330
stats: finish_users_count 62 110
stats: request 625 1.4330601562499996 1.526139729972952 45404.839111328125 0.39794921875 760.8043824485266 982
stats: page 376 2.6628184217087765 2.9132209461168417 45404.839111328125 0.64599609375 1208.1701350136411 504
stats: connect 103 1.434228989684466 1.1568428349225146 1037.134033203125 0.85205078125 5.261838087395056 268
stats: 302 0 96
stats: 200 0 37
stats: size_rcv 290035 6388887
stats: newphase 0 3
stats: size_sent 162595 549998
stats: connected 15 215
stats: 400 17 33
stats: 503 608 1441
# stats: dump at 1433134906
stats: users 227 241
stats: session 66 14475.115378639915 6931.959838495621 72690.69604492188 2185.379150390625 11121.244566761363 110
stats: users_count 73 403
stats: finish_users_count 66 176
stats: request 645 130.44246116460752 3230.903558975251 82121.2958984375 0.284912109375 465.467060461798 1607
stats: page 390 216.1412785456731 4152.775880459073 82121.2958984375 0.64599609375 693.0897361061791 880
stats: connect 106 1.2302614607900948 0.6276487291320723 1037.134033203125 0.85205078125 4.1991865050117925 371
stats: 302 0 96
stats: 200 1 38
stats: size_rcv 5784101 12172988
stats: newphase 0 3
stats: size_sent 164462 714460
stats: connected 12 227
stats: 400 18 51
stats: 503 625 2066
# stats: dump at 1433134916
stats: users 284 288
stats: session 88 16086.619997891516 11954.520444560776 96353.40600585938 2185.379150390625 12378.94612121582 176
stats: users_count 145 548
stats: finish_users_count 88 264
stats: request 956 80.14380291416053 2369.5095938057393 82121.2958984375 0.284912109375 369.5119687447963 2252
stats: page 556 138.07270736145458 3105.7863613028267 82121.2958984375 0.64599609375 546.6252491387796 1270
stats: connect 164 1.0601717320884154 0.3337934956946665 1037.134033203125 0.85205078125 3.5394253840736374 477
stats: 302 0 96
stats: 200 1 39
stats: size_rcv 5940865 18113853
stats: newphase 1 4
stats: size_sent 256016 970476
stats: connected 53 280
stats: 400 20 71
stats: 503 935 3001
# stats: dump at 1433134926
stats: users 344 349
stats: session 110 15855.467757901277 14465.552564650256 105255.82202148438 2185.379150390625 13614.837413441051 264
stats: users_count 170 718
stats: finish_users_count 110 374
stats: request 1237 512.1636551384399 6290.588069255503 82121.2958984375 0.119140625 283.2788120945196 3208
stats: page 722 677.4351870888152 7311.301194087771 82704.78002929688 0.64599609375 422.2248037783236 1826
stats: connect 212 1.2972527270047158 0.8911625835660728 1037.134033203125 0.85205078125 2.9051077570446573 641
stats: 302 2 98
stats: 200 6 45
stats: size_rcv 17087582 35201435
stats: newphase 0 4
stats: size_sent 332723 1303199
stats: connected 63 343
stats: 400 25 96
stats: 503 1203 4204
# stats: dump at 1433134936
stats: users 350 361
stats: session 159 14930.996526754127 14549.128782389293 114240.666015625 2185.379150390625 14273.846338282294 374
stats: users_count 165 883
stats: finish_users_count 159 533
stats: request 1390 1.1160828954024269 2.742119183633128 82121.2958984375 0.119140625 346.9752239832327 4445
stats: page 825 2.4131220407197005 4.507619407344023 82704.78002929688 0.64599609375 494.5410897870264 2548
stats: connect 252 1.032161652095734 0.47467472773108754 1037.134033203125 0.447021484375 2.505500176307884 853
stats: 302 0 98
stats: 200 0 45
stats: size_rcv 642835 35844270
stats: newphase 0 4
stats: size_sent 365734 1668933
stats: connected 9 352
stats: 400 53 149
stats: 503 1337 5541
# stats: dump at 1433134946
stats: users 510 510
stats: session 164 13700.339852681975 11388.970575577747 119643.93310546875 1744.712890625 14469.881760359258 533
stats: users_count 324 1207
stats: finish_users_count 164 697
stats: request 2144 0.9337610273218865 0.4457449875067112 82121.2958984375 0.119140625 264.58547143617454 5835
stats: page 1224 2.0092494191687074 2.3444956864600237 82704.78002929688 0.6279296875 374.17181217341744 3373
stats: connect 395 1.005492236946203 0.30764749455338514 1037.134033203125 0.447021484375 2.1694989925056563 1105
stats: 302 0 98
stats: 200 0 45
stats: size_rcv 994837 36839107
stats: newphase 1 5
stats: size_sent 574041 2242974
stats: connected 147 499
stats: 400 59 208
stats: 503 2085 7626
# stats: dump at 1433134956
stats: users 525 538
stats: session 289 13928.906980732323 8325.229295717081 119643.93310546875 1744.712890625 14288.813076199896 697
stats: users_count 304 1511
stats: finish_users_count 289 986
stats: request 2491 1.62783265850813 4.182480527833141 82121.2958984375 0.119140625 193.7408459045816 7979
stats: page 1518 3.0039176689620377 7.176780336036434 82704.78002929688 0.6259765625 275.0795831520556 4597
stats: connect 395 1.0230765427215196 0.30886200974773 1037.134033203125 0.447021484375 1.8629772135416667 1500
stats: 302 0 98
stats: 200 1 46
stats: size_rcv 2713161 39552268
stats: newphase 0 5
stats: size_sent 638932 2881906
stats: connected 20 519
stats: 400 59 267
stats: 503 2432 10058
# stats: dump at 1433134966
stats: users 577 580
stats: session 276 14940.626277315443 15999.76667948487 142005.19287109375 1744.712890625 14183.32335856285 986
stats: users_count 328 1839
stats: finish_users_count 276 1262
stats: request 2528 227.2861572458773 5043.355563515856 114112.52807617188 0.119140625 148.0337288085005 10470
stats: page 1510 393.52939938172585 6745.817459840558 122958.65893554688 0.60693359375 207.5389682373645 6115
stats: connect 417 1.03922935870054 0.5233904665043616 1037.134033203125 0.447021484375 1.6879055697559366 1895
stats: 302 2 100
stats: 200 2 48
stats: size_rcv 5085950 44638218
stats: newphase 0 5
stats: size_sent 669339 3551245
stats: connected 52 571
stats: 400 58 325
stats: 503 2464 12522
# stats: dump at 1433134976
stats: users 335 580
stats: session 246 15472.368010234057 10912.559526729248 146546.7529296875 1744.712890625 14348.945866942973 1262
stats: users_count 4 1843
stats: finish_users_count 246 1508
stats: request 969 0.810371517027864 0.25161195240933554 114112.52807617188 0.119140625 163.4476493416355 12998
stats: page 723 1.3761234520876566 2.3109957238278764 122958.65893554688 0.60693359375 244.37117165087082 7625
stats: connect 48 1.0470021565755212 0.164534819794457 1037.134033203125 0.447021484375 1.5709081735577963 2312
stats: 302 0 100
stats: 200 0 48
stats: size_rcv 451027 45089245
stats: newphase 0 5
stats: size_sent 201948 3753193
stats: connected -236 335
stats: 400 17 342
stats: 503 952 13474
# stats: dump at 1433134986
stats: users 173 580
stats: session 162 22468.155999831204 7398.92702461388 146546.7529296875 1744.712890625 14532.209691379052 1508
stats: users_count 0 1843
stats: finish_users_count 162 1670
stats: request 308 0.9777451552353896 0.3198558694578619 114112.52807617188 0.119140625 152.16422969446396 13967
stats: page 274 1.2293335851961682 1.61177429680183 122958.65893554688 0.60693359375 223.3259608401712 8348
stats: connect 6 1.1048177083333333 0.13788799875344201 1037.134033203125 0.447021484375 1.5602524579581567 2360
stats: 302 0 100
stats: 200 0 48
stats: size_rcv 143709 45232954
stats: newphase 0 5
stats: size_sent 60090 3813283
stats: connected -162 173
stats: 400 3 345
stats: 503 305 13779
# stats: dump at 1433134996
stats: users 128 580
stats: session 45 31852.17632921007 8825.846498756393 146546.7529296875 1744.712890625 15302.044003935489 1670
stats: users_count 0 1843
stats: finish_users_count 45 1715
stats: request 81 1808.136158130787 16122.447944893062 146011.67407226563 0.119140625 148.90220256745295 14275
stats: page 75 1952.7955110677083 16746.506908340205 146011.67407226563 0.60693359375 216.26791446254848 8622
stats: connect 0 0 0 1037.134033203125 0.447021484375 1.559097509311602 2366
stats: 302 0 100
stats: 200 1 49
stats: size_rcv 5574645 50807599
stats: newphase 0 5
stats: size_sent 16419 3829702
stats: connected -45 128
stats: 400 0 345
stats: 503 80 13859
# stats: dump at 1433135006
stats: users 117 580
stats: session 11 42170.869384765625 6610.246155467379 146546.7529296875 1744.712890625 15736.304035794004 1715
stats: users_count 0 1843
stats: finish_users_count 11 1726
stats: request 30 31189.252124023442 62373.48556849057 156493.97094726563 0.119140625 158.2639990567696 14356
stats: page 28 33853.76552036831 64832.31349549102 163362.580078125 0.60693359375 231.24314382271717 8697
stats: connect 0 0 0 1037.134033203125 0.447021484375 1.559097509311602 2366
stats: 302 0 100
stats: 200 6 55
stats: size_rcv 22122144 72929743
stats: newphase 0 5
stats: size_sent 10311 3840013
stats: connected -11 117
stats: 400 0 345
stats: 503 24 13883
# stats: dump at 1433135016
stats: users 108 580
stats: session 9 79562.71527777778 57033.44575588677 188860.4189453125 1744.712890625 15904.774614495447 1726
stats: users_count 0 1843
stats: finish_users_count 9 1735
stats: request 13 1.5566030649038463 0.9474025151065205 156493.97094726563 0.119140625 222.97480426662642 14386
stats: page 12 1.69390869140625 0.9528745161857464 163362.580078125 0.60693359375 339.1435021657861 8725
stats: connect 0 0 0 1037.134033203125 0.447021484375 1.559097509311602 2366
stats: 302 0 100
stats: 200 0 55
stats: size_rcv 6084 72935827
stats: newphase 0 5
stats: size_sent 5152 3845165
stats: connected -9 108
stats: 400 0 345
stats: 503 13 13896
# stats: dump at 1433135026
stats: users 106 580
stats: session 2 181909.44006347656 8517.066040039063 190426.50610351563 1744.712890625 16234.988715918813 1735
stats: users_count 0 1843
stats: finish_users_count 2 1737
stats: request 2 1.364501953125 0.1015625 156493.97094726563 0.119140625 222.7748989526725 14399
stats: page 2 1.364501953125 0.1015625 163362.580078125 0.60693359375 338.68002555806123 8737
stats: connect 0 0 0 1037.134033203125 0.447021484375 1.559097509311602 2366
stats: 302 0 100
stats: 200 0 55
stats: size_rcv 936 72936763
stats: newphase 0 5
stats: size_sent 1320 3846485
stats: connected -2 106
stats: 400 0 345
stats: 503 2 13898
# stats: dump at 1433135036
stats: users 106 580
stats: session 0 0 0 190426.50610351563 1744.712890625 16425.748015110014 1737
stats: users_count 0 1843
stats: finish_users_count 0 1737
stats: request 0 0 0 156493.97094726563 0.119140625 222.74414964401345 14401
stats: page 0 0 0 163362.580078125 0.60693359375 338.60282781836446 8739
stats: connect 0 0 0 1037.134033203125 0.447021484375 1.559097509311602 2366
stats: 302 0 100
stats: 200 1 56
stats: size_rcv 3670016 76606779
stats: newphase 0 5
stats: size_sent 0 3846485
stats: connected 0 106
stats: 400 0 345
stats: 503 0 13898
# stats: dump at 1433135046
stats: users 106 580
stats: session 0 0 0 190426.50610351563 1744.712890625 16425.748015110014 1737
stats: users_count 0 1843
stats: finish_users_count 0 1737
stats: request 1 191803.38305664063 0.0 191803.38305664063 0.119140625 222.74414964401345 14401
stats: page 1 191803.38305664063 0.0 191803.38305664063 0.60693359375 338.60282781836446 8739
stats: connect 0 0 0 1037.134033203125 0.447021484375 1.559097509311602 2366
stats: 302 0 100
stats: 200 0 56
stats: size_rcv 1870255 78477034
stats: newphase 0 5
stats: size_sent 0 3846485
stats: connected 0 106
stats: 400 0 345
stats: 503 0 13898
# stats: dump at 1433135056
stats: users 106 580
stats: session 0 0 0 190426.50610351563 1744.712890625 16425.748015110014 1737
stats: users_count 0 1843
stats: finish_users_count 0 1737
stats: request 0 0 0 191803.38305664063 0.119140625 236.04651312873756 14402
stats: page 0 0 0 191803.38305664063 0.60693359375 360.5095532450032 8740
stats: connect 0 0 0 1037.134033203125 0.447021484375 1.559097509311602 2366
stats: 302 0 100
stats: 200 0 56
stats: size_rcv 0 78477034
stats: newphase 0 5
stats: size_sent 632 3847117
stats: connected 0 106
stats: 400 0 345
stats: 503 0 13898
# stats: dump at 1433135066
stats: users 106 580
stats: session 0 0 0 190426.50610351563 1744.712890625 16425.748015110014 1737
stats: users_count 0 1843
stats: finish_users_count 0 1737
stats: request 0 0 0 191803.38305664063 0.119140625 236.04651312873756 14402
stats: page 0 0 0 191803.38305664063 0.60693359375 360.5095532450032 8740
stats: connect 0 0 0 1037.134033203125 0.447021484375 1.559097509311602 2366
stats: 302 0 100
stats: 200 1 57
stats: size_rcv 3670016 82147050
stats: newphase 0 5
stats: size_sent 0 3847117
stats: connected 0 106
stats: 400 0 345
stats: 503 0 13898
# stats: dump at 1433135076
stats: users 106 580
stats: session 0 0 0 190426.50610351563 1744.712890625 16425.748015110014 1737
stats: users_count 0 1843
stats: finish_users_count 0 1737
stats: request 2 221541.5430908203 94.3380126953125 221635.88110351563 0.119140625 236.04651312873756 14402
stats: page 1 221635.88110351563 0.0 221635.88110351563 0.60693359375 360.5095532450032 8740
stats: connect 0 0 0 1037.134033203125 0.447021484375 1.559097509311602 2366
stats: 302 1 101
stats: 200 3 60
stats: size_rcv 4489772 86636822
stats: newphase 0 5
stats: size_sent 1317 3848434
stats: connected 0 106
stats: 400 0 345
stats: 503 0 13898
# stats: dump at 1433135086
stats: users 106 580
stats: session 0 0 0 190426.50610351563 1744.712890625 16425.748015110014 1737
stats: users_count 0 1843
stats: finish_users_count 0 1737
stats: request 19 234363.1185495477 818.9416509645031 236043.48803710938 0.119140625 266.77485200372945 14404
stats: page 8 237639.48614501953 3777.73266295851 242121.87280273438 0.60693359375 385.824205064048 8741
stats: connect 0 0 0 1037.134033203125 0.447021484375 1.559097509311602 2366
stats: 302 11 112
stats: 200 5 65
stats: size_rcv 19531120 106167942
stats: newphase 0 5
stats: size_sent 14389 3862823
stats: connected 0 106
stats: 400 0 345
stats: 503 0 13898
# stats: dump at 1433135096
stats: users 106 580
stats: session 0 0 0 190426.50610351563 1744.712890625 16425.748015110014 1737
stats: users_count 0 1843
stats: finish_users_count 0 1737
stats: request 0 0 0 236043.48803710938 0.119140625 575.1594134856219 14423
stats: page 0 0 0 242121.87280273438 0.60693359375 602.7666322579723 8749
stats: connect 0 0 0 1037.134033203125 0.447021484375 1.559097509311602 2366
stats: 302 0 112
stats: 200 0 65
stats: size_rcv 0 106167942
stats: newphase 0 5
stats: size_sent 0 3862823
stats: connected 0 106
stats: 400 0 345
stats: 503 0 13898
# stats: dump at 1433135106
stats: users 106 580
stats: session 0 0 0 190426.50610351563 1744.712890625 16425.748015110014 1737
stats: users_count 0 1843
stats: finish_users_count 0 1737
stats: request 0 0 0 236043.48803710938 0.119140625 575.1594134856219 14423
stats: page 0 0 0 242121.87280273438 0.60693359375 602.7666322579723 8749
stats: connect 0 0 0 1037.134033203125 0.447021484375 1.559097509311602 2366
stats: 302 0 112
stats: 200 0 65
stats: size_rcv 0 106167942
stats: newphase 0 5
stats: size_sent 0 3862823
stats: connected 0 106
stats: 400 0 345
stats: 503 0 13898
# stats: dump at 1433135116
stats: users 106 580
stats: session 0 0 0 190426.50610351563 1744.712890625 16425.748015110014 1737
stats: users_count 0 1843
stats: finish_users_count 0 1737
stats: request 1 270788.2600097656 0.0 270788.2600097656 0.119140625 575.1594134856219 14423
stats: page 1 270788.2600097656 0.0 270788.2600097656 0.60693359375 602.7666322579723 8749
stats: connect 0 0 0 1037.134033203125 0.447021484375 1.559097509311602 2366
stats: 302 0 112
stats: 200 1 66
stats: size_rcv 5541181 111709123
stats: newphase 0 5
stats: size_sent 0 3862823
stats: connected 0 106
stats: 400 0 345
stats: 503 0 13898
# stats: dump at 1433135126
stats: users 106 580
stats: session 0 0 0 190426.50610351563 1744.712890625 16425.748015110014 1737
stats: users_count 0 1843
stats: finish_users_count 0 1737
stats: request 0 0 0 270788.2600097656 0.119140625 593.8929895114317 14424
stats: page 0 0 0 270788.2600097656 0.60693359375 633.6449743582589 8750
stats: connect 0 0 0 1037.134033203125 0.447021484375 1.559097509311602 2366
stats: 302 0 112
stats: 200 0 66
stats: size_rcv 0 111709123
stats: newphase 0 5
stats: size_sent 632 3863455
stats: connected 0 106
stats: 400 0 345
stats: 503 0 13898
# stats: dump at 1433135136
stats: users 106 580
stats: session 0 0 0 190426.50610351563 1744.712890625 16425.748015110014 1737
stats: users_count 0 1843
stats: finish_users_count 0 1737
stats: request 0 0 0 270788.2600097656 0.119140625 593.8929895114317 14424
stats: page 0 0 0 270788.2600097656 0.60693359375 633.6449743582589 8750
stats: connect 0 0 0 1037.134033203125 0.447021484375 1.559097509311602 2366
stats: 302 0 112
stats: 200 0 66
stats: size_rcv 0 111709123
stats: newphase 0 5
stats: size_sent 0 3863455
stats: connected 0 106
stats: 400 0 345
stats: 503 0 13898
# stats: dump at 1433135146
stats: users 106 580
stats: session 0 0 0 190426.50610351563 1744.712890625 16425.748015110014 1737
stats: users_count 0 1843
stats: finish_users_count 0 1737
stats: request 2 297398.99853515625 914.41259765625 298313.4111328125 0.119140625 593.8929895114317 14424
stats: page 2 299633.7150878906 1320.303955078125 300954.01904296875 0.60693359375 633.6449743582589 8750
stats: connect 0 0 0 1037.134033203125 0.447021484375 1.559097509311602 2366
stats: 302 0 112
stats: 200 2 68
stats: size_rcv 5543953 117253076
stats: newphase 0 5
stats: size_sent 1700 3865155
stats: connected 0 106
stats: 400 0 345
stats: 503 0 13898
# stats: dump at 1433135156
stats: users 106 580
stats: session 0 0 0 190426.50610351563 1744.712890625 16425.748015110014 1737
stats: users_count 0 1843
stats: finish_users_count 0 1737
stats: request 4 307803.6350097656 922.5146858702842 309242.94091796875 0.119140625 635.0416246903649 14426
stats: page 2 308482.5155029297 760.4254150390625 309242.94091796875 0.60693359375 701.9722298686639 8752
stats: connect 0 0 0 1037.134033203125 0.447021484375 1.559097509311602 2366
stats: 302 2 114
stats: 200 3 71
stats: size_rcv 14714560 131967636
stats: newphase 0 5
stats: size_sent 2267 3867422
stats: connected 0 106
stats: 400 0 345
stats: 503 0 13898
# stats: dump at 1433135166
stats: users 106 580
stats: session 0 0 0 190426.50610351563 1744.712890625 16425.748015110014 1737
stats: users_count 0 1843
stats: finish_users_count 0 1737
stats: request 25 311206.6089355469 1042.1372227954469 313232.22802734375 0.119140625 720.1888439239269 14430
stats: page 3 310978.53466796875 636.0082395993772 311662.1318359375 0.60693359375 772.2899230998864 8754
stats: connect 0 0 0 1037.134033203125 0.447021484375 1.559097509311602 2366
stats: 302 22 136
stats: 200 2 73
stats: size_rcv 7403891 139371527
stats: newphase 0 5
stats: size_sent 21444 3888866
stats: connected 0 106
stats: 400 0 345
stats: 503 0 13898
# stats: dump at 1433135176
stats: users 106 580
stats: session 0 0 0 190426.50610351563 1744.712890625 16425.748015110014 1737
stats: users_count 0 1843
stats: finish_users_count 0 1737
stats: request 24 314903.20412190753 1068.1491875175807 316607.07177734375 0.119140625 1257.1767721349663 14455
stats: page 0 0 0 311662.1318359375 0.60693359375 878.5613327418422 8757
stats: connect 0 0 0 1037.134033203125 0.447021484375 1.559097509311602 2366
stats: 302 24 160
stats: 200 0 73
stats: size_rcv 3573 139375100
stats: newphase 0 5
stats: size_sent 22541 3911407
stats: connected 0 106
stats: 400 0 345
stats: 503 0 13898
# stats: dump at 1433135186
stats: users 103 580
stats: session 3 222964.88427734375 7749.186284793829 230549.02905273438 1744.712890625 16425.748015110014 1737
stats: users_count 0 1843
stats: finish_users_count 3 1740
stats: request 22 236490.89416503906 39759.88501830575 316726.6857910156 0.119140625 1777.0679701731278 14479
stats: page 11 232585.19289328836 55266.93156713687 337118.7419433594 0.60693359375 878.5613327418422 8757
stats: connect 0 0 0 1037.134033203125 0.447021484375 1.559097509311602 2366
stats: 302 17 177
stats: 200 3 76
stats: size_rcv 18343 139393443
stats: newphase 0 5
stats: size_sent 13011 3924418
stats: connected -3 103
stats: 400 0 345
stats: 503 0 13898
stats: 404 2 2
# stats: dump at 1433135196
stats: users 103 580
stats: session 0 0 0 230549.02905273438 1744.712890625 16781.84997418283 1740
stats: users_count 0 1843
stats: finish_users_count 0 1740
stats: request 3 221547.49210611978 92608.88567898369 348118.5690917969 0.119140625 2133.1609414362856 14501
stats: page 2 351524.8126220703 3406.2435302734375 354931.05615234375 0.60693359375 1169.2516779934404 8768
stats: connect 0 0 0 1037.134033203125 0.447021484375 1.559097509311602 2366
stats: 302 0 177
stats: 200 3 79
stats: size_rcv 6245913 145639356
stats: newphase 0 5
stats: size_sent 2099 3926517
stats: connected 0 103
stats: 400 0 345
stats: 503 0 13898
stats: 404 0 2
# stats: dump at 1433135206
stats: users 103 580
stats: session 0 0 0 230549.02905273438 1744.712890625 16781.84997418283 1740
stats: users_count 0 1843
stats: finish_users_count 0 1740
stats: request 3 135927.83292643228 13347.157981037295 348118.5690917969 0.119140625 2178.5444903534153 14504
stats: page 1 356688.0529785156 0.0 356688.0529785156 0.60693359375 1249.1503235907212 8770
stats: connect 0 0 0 1037.134033203125 0.447021484375 1.559097509311602 2366
stats: 302 0 177
stats: 200 3 82
stats: size_rcv 1399040 147038396
stats: newphase 0 5
stats: size_sent 2139 3928656
stats: connected 0 103
stats: 400 0 345
stats: 503 0 13898
stats: 404 0 2
# stats: dump at 1433135216
stats: users 103 580
stats: session 0 0 0 230549.02905273438 1744.712890625 16781.84997418283 1740
stats: users_count 0 1843
stats: finish_users_count 0 1740
stats: request 9 130532.31822374131 3277.1546341495923 348118.5690917969 0.119140625 2206.2034043472277 14507
stats: page 5 367971.6830078125 2845.42293806206 373384.9079589844 0.60693359375 1289.6746540724137 8771
stats: connect 0 0 0 1037.134033203125 0.447021484375 1.559097509311602 2366
stats: 302 2 179
stats: 200 8 90
stats: size_rcv 6135299 153173695
stats: newphase 0 5
stats: size_sent 5894 3934550
stats: connected 0 103
stats: 400 0 345
stats: 503 0 13898
stats: 404 0 2
# stats: dump at 1433135226
stats: users 103 580
stats: session 0 0 0 230549.02905273438 1744.712890625 16781.84997418283 1740
stats: users_count 0 1843
stats: finish_users_count 0 1740
stats: request 2 256077.0614013672 112870.87341308594 368947.9348144531 0.119140625 2285.7663027610156 14516
stats: page 1 368947.9348144531 0.0 373384.9079589844 0.60693359375 1498.5864637543532 8776
stats: connect 0 0 0 1037.134033203125 0.447021484375 1.559097509311602 2366
stats: 302 0 179
stats: 200 1 91
stats: size_rcv 1521583 154695278
stats: newphase 0 5
stats: size_sent 1465 3936015
stats: connected 0 103
stats: 400 0 345
stats: 503 0 13898
stats: 404 0 2
# stats: dump at 1433135236
stats: users 103 580
stats: session 0 0 0 230549.02905273438 1744.712890625 16781.84997418283 1740
stats: users_count 0 1843
stats: finish_users_count 0 1740
stats: request 5 198812.890625 93128.39936416305 385062.22412109375 0.119140625 2320.728597167767 14518
stats: page 2 389055.8845214844 3993.660400390625 393049.544921875 0.60693359375 1540.4514914803071 8777
stats: connect 0 0 0 1037.134033203125 0.447021484375 1.559097509311602 2366
stats: 302 2 181
stats: 200 3 94
stats: size_rcv 6243118 160938396
stats: newphase 0 5
stats: size_sent 4101 3940116
stats: connected 0 103
stats: 400 0 345
stats: 503 0 13898
stats: 404 0 2
# stats: dump at 1433135246
stats: users 103 580
stats: session 0 0 0 230549.02905273438 1744.712890625 16781.84997418283 1740
stats: users_count 0 1843
stats: finish_users_count 0 1740
stats: request 1 392259.1472167969 0.0 392259.1472167969 0.119140625 2388.377210411529 14523
stats: page 1 392259.1472167969 0.0 393049.544921875 0.60693359375 1628.7338546264523 8779
stats: connect 0 0 0 1037.134033203125 0.447021484375 1.559097509311602 2366
stats: 302 0 181
stats: 200 1 95
stats: size_rcv 5550728 166489124
stats: newphase 0 5
stats: size_sent 0 3940116
stats: connected 0 103
stats: 400 0 345
stats: 503 0 13898
stats: 404 0 2
# stats: dump at 1433135256
stats: users 103 580
stats: session 0 0 0 230549.02905273438 1744.712890625 16781.84997418283 1740
stats: users_count 0 1843
stats: finish_users_count 0 1740
stats: request 2 118358.59887695313 13648.35791015625 392259.1472167969 0.119140625 2415.2204195829963 14524
stats: page 0 0 0 393049.544921875 0.60693359375 1673.224790089114 8780
stats: connect 0 0 0 1037.134033203125 0.447021484375 1.559097509311602 2366
stats: 302 1 182
stats: 200 1 96
stats: size_rcv 699186 167188310
stats: newphase 0 5
stats: size_sent 2075 3942191
stats: connected 0 103
stats: 400 0 345
stats: 503 0 13898
stats: 404 0 2
# stats: dump at 1433135266
stats: users 103 580
stats: session 0 0 0 230549.02905273438 1744.712890625 16781.84997418283 1740
stats: users_count 0 1843
stats: finish_users_count 0 1740
stats: request 5 138127.7026855469 60513.99266051965 392259.1472167969 0.119140625 2431.1839853901515 14526
stats: page 2 337958.60693359375 79091.64697265625 417050.25390625 0.60693359375 1673.224790089114 8780
stats: connect 0 0 0 1037.134033203125 0.447021484375 1.559097509311602 2366
stats: 302 2 184
stats: 200 3 99
stats: size_rcv 6276103 173464413
stats: newphase 0 5
stats: size_sent 2837 3945028
stats: connected 0 103
stats: 400 0 345
stats: 503 0 13898
stats: 404 0 2
# stats: dump at 1433135276
stats: users 103 580
stats: session 0 0 0 230549.02905273438 1744.712890625 16781.84997418283 1740
stats: users_count 0 1843
stats: finish_users_count 0 1740
stats: request 12 101200.88810221355 30534.049487806493 392259.1472167969 0.119140625 2477.876063946396 14531
stats: page 4 425537.23919677734 40.05496163322609 425580.68994140625 0.60693359375 1749.8099374686415 8782
stats: connect 1 2.746826171875 0.0 1037.134033203125 0.447021484375 1.559097509311602 2366
stats: 302 5 189
stats: 200 6 105
stats: size_rcv 1418868 174883281
stats: newphase 0 5
stats: size_sent 8871 3953899
stats: connected 0 103
stats: 400 1 346
stats: 503 0 13898
stats: 404 0 2
# stats: dump at 1433135286
stats: users 101 580
stats: session 2 389316.87561035156 64477.12951660156 453794.0051269531 1744.712890625 16781.84997418283 1740
stats: users_count 0 1843
stats: finish_users_count 2 1742
stats: request 58 106457.11356327451 6320.296404493824 392259.1472167969 0.119140625 2559.3362952920056 14543
stats: page 18 312263.01212565106 123305.41567427058 426435.0520019531 0.60693359375 1942.7475333071613 8786
stats: connect 0 0 0 1037.134033203125 0.447021484375 1.559599295818811 2367
stats: 302 47 236
stats: 200 12 117
stats: size_rcv 4593627 179476908
stats: newphase 0 5
stats: size_sent 39850 3993749
stats: connected -2 101
stats: 400 0 346
stats: 503 0 13898
stats: 404 0 2
# stats: dump at 1433135296
stats: users 101 580
stats: session 0 0 0 453794.0051269531 1744.712890625 17209.559532892552 1742
stats: users_count 0 1843
stats: finish_users_count 0 1742
stats: request 7 121353.39753069196 54392.908928575634 392259.1472167969 0.119140625 2972.0526216767043 14601
stats: page 6 256050.65409342447 85647.85043151722 445706.9118652344 0.60693359375 2577.205139243348 8804
stats: connect 0 0 0 1037.134033203125 0.447021484375 1.559599295818811 2367
stats: 302 0 236
stats: 200 6 123
stats: size_rcv 8723232 188200140
stats: newphase 0 5
stats: size_sent 5338 3999087
stats: connected 0 101
stats: 400 0 346
stats: 503 0 13898
stats: 404 0 2
# stats: dump at 1433135306
stats: users 101 580
stats: session 0 0 0 453794.0051269531 1744.712890625 17209.559532892552 1742
stats: users_count 0 1843
stats: finish_users_count 0 1742
stats: request 0 0 0 392259.1472167969 0.119140625 3028.779717402547 14608
stats: page 0 0 0 445706.9118652344 0.60693359375 2749.831778712711 8810
stats: connect 0 0 0 1037.134033203125 0.447021484375 1.559599295818811 2367
stats: 302 0 236
stats: 200 0 123
stats: size_rcv 0 188200140
stats: newphase 0 5
stats: size_sent 0 3999087
stats: connected 0 101
stats: 400 0 346
stats: 503 0 13898
stats: 404 0 2
# stats: dump at 1433135316
stats: users 101 580
stats: session 0 0 0 453794.0051269531 1744.712890625 17209.559532892552 1742
stats: users_count 0 1843
stats: finish_users_count 0 1742
stats: request 1 231413.36206054688 0.0 392259.1472167969 0.119140625 3028.779717402547 14608
stats: page 1 231413.36206054688 0.0 445706.9118652344 0.60693359375 2749.831778712711 8810
stats: connect 0 0 0 1037.134033203125 0.447021484375 1.559599295818811 2367
stats: 302 0 236
stats: 200 2 125
stats: size_rcv 9229758 197429898
stats: newphase 0 5
stats: size_sent 0 3999087
stats: connected 0 101
stats: 400 0 346
stats: 503 0 13898
stats: 404 0 2
# stats: dump at 1433135326
stats: users 101 580
stats: session 0 0 0 453794.0051269531 1744.712890625 17209.559532892552 1742
stats: users_count 0 1843
stats: finish_users_count 0 1742
stats: request 1 234151.43798828125 0.0 392259.1472167969 0.119140625 3044.4128601462767 14609
stats: page 1 234151.43798828125 0.0 445706.9118652344 0.60693359375 2775.783830725177 8811
stats: connect 0 0 0 1037.134033203125 0.447021484375 1.559599295818811 2367
stats: 302 0 236
stats: 200 0 125
stats: size_rcv 1898192 199328090
stats: newphase 0 5
stats: size_sent 632 3999719
stats: connected 0 101
stats: 400 0 346
stats: 503 0 13898
stats: 404 0 2
# stats: dump at 1433135336
stats: users 101 580
stats: session 0 0 0 453794.0051269531 1744.712890625 17209.559532892552 1742
stats: users_count 0 1843
stats: finish_users_count 0 1742
stats: request 0 0 0 392259.1472167969 0.119140625 3060.231273912747 14610
stats: page 0 0 0 445706.9118652344 0.60693359375 2802.0407138569917 8812
stats: connect 0 0 0 1037.134033203125 0.447021484375 1.559599295818811 2367
stats: 302 0 236
stats: 200 0 125
stats: size_rcv 0 199328090
stats: newphase 0 5
stats: size_sent 632 4000351
stats: connected 0 101
stats: 400 0 346
stats: 503 0 13898
stats: 404 0 2
# stats: dump at 1433135346
stats: users 101 580
stats: session 0 0 0 453794.0051269531 1744.712890625 17209.559532892552 1742
stats: users_count 0 1843
stats: finish_users_count 0 1742
stats: request 0 0 0 392259.1472167969 0.119140625 3060.231273912747 14610
stats: page 0 0 0 445706.9118652344 0.60693359375 2802.0407138569917 8812
stats: connect 0 0 0 1037.134033203125 0.447021484375 1.559599295818811 2367
stats: 302 0 236
stats: 200 0 125
stats: size_rcv 0 199328090
stats: newphase 0 5
stats: size_sent 0 4000351
stats: connected 0 101
stats: 400 0 346
stats: 503 0 13898
stats: 404 0 2
# stats: dump at 1433135356
stats: users 101 580
stats: session 0 0 0 453794.0051269531 1744.712890625 17209.559532892552 1742
stats: users_count 0 1843
stats: finish_users_count 0 1742
stats: request 7 142169.92208426338 15805.411823325085 392259.1472167969 0.119140625 3060.231273912747 14610
stats: page 7 289775.6765136719 146034.83000064312 508393.30810546875 0.60693359375 2802.0407138569917 8812
stats: connect 0 0 0 1037.134033203125 0.447021484375 1.559599295818811 2367
stats: 302 0 236
stats: 200 7 132
stats: size_rcv 11173196 210501286
stats: newphase 0 5
stats: size_sent 2977 4003328
stats: connected 0 101
stats: 400 0 346
stats: 503 0 13898
stats: 404 0 2
# stats: dump at 1433135366
stats: users 101 580
stats: session 0 0 0 453794.0051269531 1744.712890625 17209.559532892552 1742
stats: users_count 0 1843
stats: finish_users_count 0 1742
stats: request 3 130375.22867838542 421.41316593009697 392259.1472167969 0.119140625 3126.8501311113823 14617
stats: page 2 400977.68591308594 117491.24206542969 518468.9279785156 0.60693359375 3029.8233933669935 8819
stats: connect 0 0 0 1037.134033203125 0.447021484375 1.559599295818811 2367
stats: 302 0 236
stats: 200 4 136
stats: size_rcv 2279769 212781055
stats: newphase 0 5
stats: size_sent 2889 4006217
stats: connected 0 101
stats: 400 0 346
stats: 503 0 13898
stats: 404 0 2
# stats: dump at 1433135376
stats: users 101 580
stats: session 0 0 0 453794.0051269531 1744.712890625 17209.559532892552 1742
stats: users_count 0 1843
stats: finish_users_count 0 1742
stats: request 8 131916.50164794922 22541.07450064754 392259.1472167969 0.119140625 3152.961289500016 14620
stats: page 7 299602.68129185267 146511.61108273736 526440.1499023438 0.60693359375 3120.0507740539265 8821
stats: connect 0 0 0 1037.134033203125 0.447021484375 1.559599295818811 2367
stats: 302 0 236
stats: 200 7 143
stats: size_rcv 10313649 223094704
stats: newphase 0 5
stats: size_sent 5575 4011792
stats: connected 0 101
stats: 400 0 346
stats: 503 0 13898
stats: 404 0 2
# stats: dump at 1433135386
stats: users 101 580
stats: session 0 0 0 453794.0051269531 1744.712890625 17209.559532892552 1742
stats: users_count 0 1843
stats: finish_users_count 0 1742
stats: request 1 135148.88500976563 0.0 392259.1472167969 0.119140625 3223.381601426978 14628
stats: page 0 0 0 526440.1499023438 0.60693359375 3355.1412151079126 8828
stats: connect 0 0 0 1037.134033203125 0.447021484375 1.559599295818811 2367
stats: 302 0 236
stats: 200 1 144
stats: size_rcv 697913 223792617
stats: newphase 0 5
stats: size_sent 1932 4013724
stats: connected 0 101
stats: 400 0 346
stats: 503 0 13898
stats: 404 0 2
# stats: dump at 1433135396
stats: users 101 580
stats: session 0 0 0 453794.0051269531 1744.712890625 17209.559532892552 1742
stats: users_count 0 1843
stats: finish_users_count 0 1742
stats: request 8 132296.1442565918 20328.363929483923 392259.1472167969 0.119140625 3232.3996821849473 14629
stats: page 7 405648.3056291853 161703.34026905725 545768.9140625 0.60693359375 3355.1412151079126 8828
stats: connect 0 0 0 1037.134033203125 0.447021484375 1.559599295818811 2367
stats: 302 0 236
stats: 200 8 152
stats: size_rcv 6278673 230071290
stats: newphase 0 5
stats: size_sent 3685 4017409
stats: connected 0 101
stats: 400 0 346
stats: 503 0 13898
stats: 404 0 2
# stats: dump at 1433135406
stats: users 101 580
stats: session 0 0 0 453794.0051269531 1744.712890625 17209.559532892552 1742
stats: users_count 0 1843
stats: finish_users_count 0 1742
stats: request 1 192948.5888671875 0.0 392259.1472167969 0.119140625 3302.9407737061097 14637
stats: page 1 192948.5888671875 0.0 545768.9140625 0.60693359375 3673.8794325271024 8835
stats: connect 0 0 0 1037.134033203125 0.447021484375 1.559599295818811 2367
stats: 302 0 236
stats: 200 1 153
stats: size_rcv 5569350 235640640
stats: newphase 0 5
stats: size_sent 1427 4018836
stats: connected 0 101
stats: 400 0 346
stats: 503 0 13898
stats: 404 0 2
# stats: dump at 1433135416
stats: users 101 580
stats: session 0 0 0 453794.0051269531 1744.712890625 17209.559532892552 1742
stats: users_count 0 1843
stats: finish_users_count 0 1742
stats: request 0 0 0 392259.1472167969 0.119140625 3315.8964813228254 14638
stats: page 0 0 0 545768.9140625 0.60693359375 3695.3002914490876 8836
stats: connect 0 0 0 1037.134033203125 0.447021484375 1.559599295818811 2367
stats: 302 0 236
stats: 200 0 153
stats: size_rcv 0 235640640
stats: newphase 0 5
stats: size_sent 1260 4020096
stats: connected 0 101
stats: 400 0 346
stats: 503 0 13898
stats: 404 0 2
# stats: dump at 1433135426
stats: users 101 580
stats: session 0 0 0 453794.0051269531 1744.712890625 17209.559532892552 1742
stats: users_count 0 1843
stats: finish_users_count 0 1742
stats: request 0 0 0 392259.1472167969 0.119140625 3315.8964813228254 14638
stats: page 0 0 0 545768.9140625 0.60693359375 3695.3002914490876 8836
stats: connect 0 0 0 1037.134033203125 0.447021484375 1.559599295818811 2367
stats: 302 0 236
stats: 200 0 153
stats: size_rcv 0 235640640
stats: newphase 0 5
stats: size_sent 0 4020096
stats: connected 0 101
stats: 400 0 346
stats: 503 0 13898
stats: 404 0 2
# stats: dump at 1433135436
stats: users 101 580
stats: session 0 0 0 453794.0051269531 1744.712890625 17209.559532892552 1742
stats: users_count 0 1843
stats: finish_users_count 0 1742
stats: request 1 214640.798828125 0.0 392259.1472167969 0.119140625 3315.8964813228254 14638
stats: page 1 214640.798828125 0.0 545768.9140625 0.60693359375 3695.3002914490876 8836
stats: connect 0 0 0 1037.134033203125 0.447021484375 1.559599295818811 2367
stats: 302 0 236
stats: 200 1 154
stats: size_rcv 5566559 241207199
stats: newphase 0 5
stats: size_sent 632 4020728
stats: connected 0 101
stats: 400 0 346
stats: 503 0 13898
stats: 404 0 2
# stats: dump at 1433135446
stats: users 101 580
stats: session 0 0 0 453794.0051269531 1744.712890625 17209.559532892552 1742
stats: users_count 0 1843
stats: finish_users_count 0 1742
stats: request 60 163404.72576497396 21980.188004152013 392259.1472167969 0.119140625 3330.3322284603896 14639
stats: page 52 459602.0831157978 181028.54785175133 592993.7160644531 0.60693359375 3719.1710053267243 8837
stats: connect 1 2.661865234375 0.0 1037.134033203125 0.447021484375 1.559599295818811 2367
stats: 302 16 252
stats: 200 43 197
stats: size_rcv 11342008 252549207
stats: newphase 0 5
stats: size_sent 33722 4054450
stats: connected 0 101
stats: 400 1 347
stats: 503 0 13898
stats: 404 0 2
# stats: dump at 1433135456
stats: users 101 580
stats: session 0 0 0 453794.0051269531 1744.712890625 17209.559532892552 1742
stats: users_count 0 1843
stats: finish_users_count 0 1742
stats: request 2 163892.7928466797 91.9920654296875 392259.1472167969 0.119140625 3983.7415496516824 14699
stats: page 1 163800.80078125 0.0 592993.7160644531 0.60693359375 6386.052705151733 8889
stats: connect 0 0 0 1037.134033203125 0.447021484375 1.560064779745566 2368
stats: 302 0 252
stats: 200 2 199
stats: size_rcv 703830 253253037
stats: newphase 0 5
stats: size_sent 11157 4065607
stats: connected 0 101
stats: 400 0 347
stats: 503 0 13898
stats: 404 0 2
# stats: dump at 1433135466
stats: users 101 580
stats: session 0 0 0 453794.0051269531 1744.712890625 17209.559532892552 1742
stats: users_count 0 1843
stats: finish_users_count 0 1742
stats: request 3 179204.26066080728 11220.930209994172 392259.1472167969 0.119140625 4005.496403239469 14701
stats: page 3 179204.26066080728 11220.930209994172 592993.7160644531 0.60693359375 6403.75965094207 8890
stats: connect 0 0 0 1037.134033203125 0.447021484375 1.560064779745566 2368
stats: 302 0 252
stats: 200 3 202
stats: size_rcv 5584583 258837620
stats: newphase 0 5
stats: size_sent 1990 4067597
stats: connected 0 101
stats: 400 0 347
stats: 503 0 13898
stats: 404 0 2
# stats: dump at 1433135476
stats: users 101 580
stats: session 0 0 0 453794.0051269531 1744.712890625 17209.559532892552 1742
stats: users_count 0 1843
stats: finish_users_count 0 1742
stats: request 2 191692.64990234375 12577.280029296875 392259.1472167969 0.119140625 4041.2415265237937 14704
stats: page 1 204269.92993164063 0.0 592993.7160644531 0.60693359375 6462.052859423977 8893
stats: connect 0 0 0 1037.134033203125 0.447021484375 1.560064779745566 2368
stats: 302 0 252
stats: 200 2 204
stats: size_rcv 6254574 265092194
stats: newphase 0 5
stats: size_sent 1936 4069533
stats: connected 0 101
stats: 400 0 347
stats: 503 0 13898
stats: 404 0 2
# stats: dump at 1433135486
stats: users 101 580
stats: session 0 0 0 453794.0051269531 1744.712890625 17209.559532892552 1742
stats: users_count 0 1843
stats: finish_users_count 0 1742
stats: request 7 130316.81138392857 60383.864309707504 392259.1472167969 0.119140625 4066.761913899806 14706
stats: page 2 127089.94396972656 486.5721435546875 592993.7160644531 0.60693359375 6484.29345725085 8894
stats: connect 1 1.156005859375 0.0 1037.134033203125 0.447021484375 1.560064779745566 2368
stats: 302 1 253
stats: 200 5 209
stats: size_rcv 6973156 272065350
stats: newphase 0 5
stats: size_sent 4418 4073951
stats: connected 0 101
stats: 400 1 348
stats: 503 0 13898
stats: 404 0 2
# stats: dump at 1433135496
stats: users 101 580
stats: session 0 0 0 453794.0051269531 1744.712890625 17209.559532892552 1742
stats: users_count 0 1843
stats: finish_users_count 0 1742
stats: request 2 129911.251953125 4868.251953125 392259.1472167969 0.119140625 4126.827865526952 14713
stats: page 1 256011.166015625 0.0 592993.7160644531 0.60693359375 6511.408036952396 8896
stats: connect 0 0 0 1037.134033203125 0.447021484375 1.5598942187829783 2369
stats: 302 0 253
stats: 200 2 211
stats: size_rcv 703899 272769249
stats: newphase 0 5
stats: size_sent 1932 4075883
stats: connected 0 101
stats: 400 0 348
stats: 503 0 13898
stats: 404 0 2
# stats: dump at 1433135506
stats: users 101 580
stats: session 0 0 0 453794.0051269531 1744.712890625 17209.559532892552 1742
stats: users_count 0 1843
stats: finish_users_count 0 1742
stats: request 0 0 0 392259.1472167969 0.119140625 4143.923947631961 14715
stats: page 0 0 0 592993.7160644531 0.60693359375 6539.451170365757 8897
stats: connect 0 0 0 1037.134033203125 0.447021484375 1.5598942187829783 2369
stats: 302 0 253
stats: 200 0 211
stats: size_rcv 0 272769249
stats: newphase 0 5
stats: size_sent 0 4075883
stats: connected 0 101
stats: 400 0 348
stats: 503 0 13898
stats: 404 0 2
# stats: dump at 1433135516
stats: users 101 580
stats: session 0 0 0 453794.0051269531 1744.712890625 17209.559532892552 1742
stats: users_count 0 1843
stats: finish_users_count 0 1742
stats: request 0 0 0 392259.1472167969 0.119140625 4143.923947631961 14715
stats: page 0 0 0 592993.7160644531 0.60693359375 6539.451170365757 8897
stats: connect 0 0 0 1037.134033203125 0.447021484375 1.5598942187829783 2369
stats: 302 0 253
stats: 200 0 211
stats: size_rcv 0 272769249
stats: newphase 0 5
stats: size_sent 0 4075883
stats: connected 0 101
stats: 400 0 348
stats: 503 0 13898
stats: 404 0 2
# stats: dump at 1433135526
stats: users 101 580
stats: session 0 0 0 453794.0051269531 1744.712890625 17209.559532892552 1742
stats: users_count 0 1843
stats: finish_users_count 0 1742
stats: request 3 221153.3546549479 45170.92071195621 392259.1472167969 0.119140625 4143.923947631961 14715
stats: page 3 221153.3546549479 45170.92071195621 592993.7160644531 0.60693359375 6539.451170365757 8897
stats: connect 0 0 0 1037.134033203125 0.447021484375 1.5598942187829783 2369
stats: 302 0 253
stats: 200 3 214
stats: size_rcv 11151113 283920362
stats: newphase 0 5
stats: size_sent 1264 4077147
stats: connected 0 101
stats: 400 0 348
stats: 503 0 13898
stats: 404 0 2
# stats: dump at 1433135536
stats: users 101 580
stats: session 0 0 0 453794.0051269531 1744.712890625 17209.559532892552 1742
stats: users_count 0 1843
stats: finish_users_count 0 1742
stats: request 5 175866.86821289064 32266.59070505792 392259.1472167969 0.119140625 4188.157423112458 14718
stats: page 4 213171.66619873047 58284.11838737004 592993.7160644531 0.60693359375 6611.792935585279 8900
stats: connect 0 0 0 1037.134033203125 0.447021484375 1.5598942187829783 2369
stats: 302 0 253
stats: 200 5 219
stats: size_rcv 6270066 290190428
stats: newphase 0 5
stats: size_sent 3487 4080634
stats: connected 0 101
stats: 400 0 348
stats: 503 0 13898
stats: 404 0 2
# stats: dump at 1433135546
stats: users 101 580
stats: session 0 0 0 453794.0051269531 1744.712890625 17209.559532892552 1742
stats: users_count 0 1843
stats: finish_users_count 0 1742
stats: request 2 164790.64990234375 5065.51904296875 392259.1472167969 0.119140625 4246.460320208763 14723
stats: page 1 159725.130859375 0.0 592993.7160644531 0.60693359375 6704.587128425866 8904
stats: connect 0 0 0 1037.134033203125 0.447021484375 1.5598942187829783 2369
stats: 302 0 253
stats: 200 2 221
stats: size_rcv 704646 290895074
stats: newphase 0 5
stats: size_sent 1936 4082570
stats: connected 0 101
stats: 400 0 348
stats: 503 0 13898
stats: 404 0 2
# stats: dump at 1433135556
stats: users 101 580
stats: session 0 0 0 453794.0051269531 1744.712890625 17209.559532892552 1742
stats: users_count 0 1843
stats: finish_users_count 0 1742
stats: request 4 160377.3065185547 5965.731593395765 392259.1472167969 0.119140625 4268.2659826307845 14725
stats: page 3 244230.8523763021 63502.283751836665 592993.7160644531 0.60693359375 6721.770794201379 8905
stats: connect 0 0 0 1037.134033203125 0.447021484375 1.5598942187829783 2369
stats: 302 0 253
stats: 200 4 225
stats: size_rcv 715086 291610160
stats: newphase 0 5
stats: size_sent 1932 4084502
stats: connected 0 101
stats: 400 0 348
stats: 503 0 13898
stats: 404 0 2
# stats: dump at 1433135566
stats: users 101 580
stats: session 0 0 0 453794.0051269531 1744.712890625 17209.559532892552 1742
stats: users_count 0 1843
stats: finish_users_count 0 1742
stats: request 2 199787.24353027344 3759.4854736328125 392259.1472167969 0.119140625 4310.660996694448 14729
stats: page 2 199787.24353027344 3759.4854736328125 592993.7160644531 0.60693359375 6801.7581364495045 8908
stats: connect 0 0 0 1037.134033203125 0.447021484375 1.5598942187829783 2369
stats: 302 0 253
stats: 200 3 228
stats: size_rcv 15845093 307455253
stats: newphase 0 5
stats: size_sent 1264 4085766
stats: connected 0 101
stats: 400 0 348
stats: 503 0 13898
stats: 404 0 2
# stats: dump at 1433135576
stats: users 101 580
stats: session 0 0 0 453794.0051269531 1744.712890625 17209.559532892552 1742
stats: users_count 0 1843
stats: finish_users_count 0 1742
stats: request 2 196085.1309814453 16739.546020507813 392259.1472167969 0.119140625 4337.200482477298 14731
stats: page 1 212824.67700195313 0.0 592993.7160644531 0.60693359375 6845.076988389757 8910
stats: connect 0 0 0 1037.134033203125 0.447021484375 1.5598942187829783 2369
stats: 302 0 253
stats: 200 1 229
stats: size_rcv 1554446 309009699
stats: newphase 0 5
stats: size_sent 1299 4087065
stats: connected 0 101
stats: 400 0 348
stats: 503 0 13898
stats: 404 0 2
# stats: dump at 1433135586
stats: users 101 580
stats: session 0 0 0 453794.0051269531 1744.712890625 17209.559532892552 1742
stats: users_count 0 1843
stats: finish_users_count 0 1742
stats: request 0 0 0 392259.1472167969 0.119140625 4363.230202221948 14733
stats: page 0 0 0 592993.7160644531 0.60693359375 6868.192194316541 8911
stats: connect 0 0 0 1037.134033203125 0.447021484375 1.5598942187829783 2369
stats: 302 0 253
stats: 200 0 229
stats: size_rcv 0 309009699
stats: newphase 0 5
stats: size_sent 632 4087697
stats: connected 0 101
stats: 400 0 348
stats: 503 0 13898
stats: 404 0 2
# stats: dump at 1433135596
stats: users 101 580
stats: session 0 0 0 453794.0051269531 1744.712890625 17209.559532892552 1742
stats: users_count 0 1843
stats: finish_users_count 0 1742
stats: request 0 0 0 392259.1472167969 0.119140625 4363.230202221948 14733
stats: page 0 0 0 592993.7160644531 0.60693359375 6868.192194316541 8911
stats: connect 0 0 0 1037.134033203125 0.447021484375 1.5598942187829783 2369
stats: 302 0 253
stats: 200 0 229
stats: size_rcv 0 309009699
stats: newphase 0 5
stats: size_sent 0 4087697
stats: connected 0 101
stats: 400 0 348
stats: 503 0 13898
stats: 404 0 2
# stats: dump at 1433135606
stats: users 101 580
stats: session 0 0 0 453794.0051269531 1744.712890625 17209.559532892552 1742
stats: users_count 0 1843
stats: finish_users_count 0 1742
stats: request 0 0 0 392259.1472167969 0.119140625 4363.230202221948 14733
stats: page 0 0 0 592993.7160644531 0.60693359375 6868.192194316541 8911
stats: connect 0 0 0 1037.134033203125 0.447021484375 1.5598942187829783 2369
stats: 302 0 253
stats: 200 0 229
stats: size_rcv 0 309009699
stats: newphase 0 5
stats: size_sent 0 4087697
stats: connected 0 101
stats: 400 0 348
stats: 503 0 13898
stats: 404 0 2
# stats: dump at 1433135616
stats: users 101 580
stats: session 0 0 0 453794.0051269531 1744.712890625 17209.559532892552 1742
stats: users_count 0 1843
stats: finish_users_count 0 1742
stats: request 3 224531.7277018229 15939.305052672351 392259.1472167969 0.119140625 4363.230202221948 14733
stats: page 3 224531.7277018229 15939.305052672351 592993.7160644531 0.60693359375 6868.192194316541 8911
stats: connect 0 0 0 1037.134033203125 0.447021484375 1.5598942187829783 2369
stats: 302 0 253
stats: 200 3 232
stats: size_rcv 11129589 320139288
stats: newphase 0 5
stats: size_sent 1896 4089593
stats: connected 0 101
stats: 400 0 348
stats: 503 0 13898
stats: 404 0 2
# stats: dump at 1433135626
stats: users 101 580
stats: session 0 0 0 453794.0051269531 1744.712890625 17209.559532892552 1742
stats: users_count 0 1843
stats: finish_users_count 0 1742
stats: request 3 209001.9716796875 14749.103002461075 392259.1472167969 0.119140625 4408.052779074473 14736
stats: page 1 225628.0380859375 0.0 592993.7160644531 0.60693359375 6941.446693589877 8914
stats: connect 0 0 0 1037.134033203125 0.447021484375 1.5598942187829783 2369
stats: 302 0 253
stats: 200 3 235
stats: size_rcv 6960473 327099761
stats: newphase 0 5
stats: size_sent 1976 4091569
stats: connected 0 101
stats: 400 0 348
stats: 503 0 13898
stats: 404 0 2
# stats: dump at 1433135636
stats: users 101 580
stats: session 0 0 0 453794.0051269531 1744.712890625 17209.559532892552 1742
stats: users_count 0 1843
stats: finish_users_count 0 1742
stats: request 1 186302.18115234375 0.0 392259.1472167969 0.119140625 4449.696157641664 14739
stats: page 0 0 0 592993.7160644531 0.60693359375 6965.976877705676 8915
stats: connect 0 0 0 1037.134033203125 0.447021484375 1.5598942187829783 2369
stats: 302 0 253
stats: 200 2 237
stats: size_rcv 1223814 328323575
stats: newphase 0 5
stats: size_sent 672 4092241
stats: connected 0 101
stats: 400 0 348
stats: 503 0 13898
stats: 404 0 2
# stats: dump at 1433135646
stats: users 101 580
stats: session 0 0 0 453794.0051269531 1744.712890625 17209.559532892552 1742
stats: users_count 0 1843
stats: finish_users_count 0 1742
stats: request 3 213319.32194010416 23293.5703337296 392259.1472167969 0.119140625 4462.033503977805 14740
stats: page 3 323528.47892252606 54636.08077456468 592993.7160644531 0.60693359375 6965.976877705676 8915
stats: connect 0 0 0 1037.134033203125 0.447021484375 1.5598942187829783 2369
stats: 302 0 253
stats: 200 3 240
stats: size_rcv 9791089 338114664
stats: newphase 0 5
stats: size_sent 2218 4094459
stats: connected 0 101
stats: 400 0 348
stats: 503 0 13898
stats: 404 0 2
# stats: dump at 1433135656
stats: users 101 580
stats: session 0 0 0 453794.0051269531 1744.712890625 17209.559532892552 1742
stats: users_count 0 1843
stats: finish_users_count 0 1742
stats: request 2 252752.6395263672 1966.9696044921875 392259.1472167969 0.119140625 4504.533121783433 14743
stats: page 2 252752.6395263672 1966.9696044921875 592993.7160644531 0.60693359375 7072.467963838717 8918
stats: connect 0 0 0 1037.134033203125 0.447021484375 1.5598942187829783 2369
stats: 302 0 253
stats: 200 1 241
stats: size_rcv 6418606 344533270
stats: newphase 0 5
stats: size_sent 632 4095091
stats: connected 0 101
stats: 400 0 348
stats: 503 0 13898
stats: 404 0 2
# stats: dump at 1433135666
stats: users 101 580
stats: session 0 0 0 453794.0051269531 1744.712890625 17209.559532892552 1742
stats: users_count 0 1843
stats: finish_users_count 0 1742
stats: request 0 0 0 392259.1472167969 0.119140625 4538.205296270321 14745
stats: page 0 0 0 592993.7160644531 0.60693359375 7127.553204099374 8920
stats: connect 0 0 0 1037.134033203125 0.447021484375 1.5598942187829783 2369
stats: 302 0 253
stats: 200 0 241
stats: size_rcv 0 344533270
stats: newphase 0 5
stats: size_sent 632 4095723
stats: connected 0 101
stats: 400 0 348
stats: 503 0 13898
stats: 404 0 2
# stats: dump at 1433135676
stats: users 101 580
stats: session 0 0 0 453794.0051269531 1744.712890625 17209.559532892552 1742
stats: users_count 0 1843
stats: finish_users_count 0 1742
stats: request 0 0 0 392259.1472167969 0.119140625 4538.205296270321 14745
stats: page 0 0 0 592993.7160644531 0.60693359375 7127.553204099374 8920
stats: connect 0 0 0 1037.134033203125 0.447021484375 1.5598942187829783 2369
stats: 302 0 253
stats: 200 0 241
stats: size_rcv 0 344533270
stats: newphase 0 5
stats: size_sent 0 4095723
stats: connected 0 101
stats: 400 0 348
stats: 503 0 13898
stats: 404 0 2
# stats: dump at 1433135686
stats: users 101 580
stats: session 0 0 0 453794.0051269531 1744.712890625 17209.559532892552 1742
stats: users_count 0 1843
stats: finish_users_count 0 1742
stats: request 0 0 0 392259.1472167969 0.119140625 4538.205296270321 14745
stats: page 0 0 0 592993.7160644531 0.60693359375 7127.553204099374 8920
stats: connect 0 0 0 1037.134033203125 0.447021484375 1.5598942187829783 2369
stats: 302 0 253
stats: 200 0 241
stats: size_rcv 0 344533270
stats: newphase 0 5
stats: size_sent 0 4095723
stats: connected 0 101
stats: 400 0 348
stats: 503 0 13898
stats: 404 0 2
# stats: dump at 1433135696
stats: users 101 580
stats: session 0 0 0 453794.0051269531 1744.712890625 17209.559532892552 1742
stats: users_count 0 1843
stats: finish_users_count 0 1742
stats: request 1 247872.48999023438 0.0 392259.1472167969 0.119140625 4538.205296270321 14745
stats: page 1 247872.48999023438 0.0 592993.7160644531 0.60693359375 7127.553204099374 8920
stats: connect 0 0 0 1037.134033203125 0.447021484375 1.5598942187829783 2369
stats: 302 0 253
stats: 200 1 242
stats: size_rcv 5572477 350105747
stats: newphase 0 5
stats: size_sent 632 4096355
stats: connected 0 101
stats: 400 0 348
stats: 503 0 13898
stats: 404 0 2
# stats: dump at 1433135706
stats: users 101 580
stats: session 0 0 0 453794.0051269531 1744.712890625 17209.559532892552 1742
stats: users_count 0 1843
stats: finish_users_count 0 1742
stats: request 2 258151.59790039063 2999.5380859375 392259.1472167969 0.119140625 4554.70701095186 14746
stats: page 2 258151.59790039063 2999.5380859375 592993.7160644531 0.60693359375 7154.5395214165055 8921
stats: connect 0 0 0 1037.134033203125 0.447021484375 1.5598942187829783 2369
stats: 302 0 253
stats: 200 2 244
stats: size_rcv 11136089 361241836
stats: newphase 0 5
stats: size_sent 1264 4097619
stats: connected 0 101
stats: 400 0 348
stats: 503 0 13898
stats: 404 0 2
# stats: dump at 1433135716
stats: users 101 580
stats: session 0 0 0 453794.0051269531 1744.712890625 17209.559532892552 1742
stats: users_count 0 1843
stats: finish_users_count 0 1742
stats: request 0 0 0 392259.1472167969 0.119140625 4589.097693198868 14748
stats: page 0 0 0 592993.7160644531 0.60693359375 7210.797967763917 8923
stats: connect 0 0 0 1037.134033203125 0.447021484375 1.5598942187829783 2369
stats: 302 0 253
stats: 200 1 245
stats: size_rcv 3670016 364911852
stats: newphase 0 5
stats: size_sent 0 4097619
stats: connected 0 101
stats: 400 0 348
stats: 503 0 13898
stats: 404 0 2
# stats: dump at 1433135726
stats: users 101 580
stats: session 0 0 0 453794.0051269531 1744.712890625 17209.559532892552 1742
stats: users_count 0 1843
stats: finish_users_count 0 1742
stats: request 1 273556.8020019531 0.0 392259.1472167969 0.119140625 4589.097693198868 14748
stats: page 1 273556.8020019531 0.0 592993.7160644531 0.60693359375 7210.797967763917 8923
stats: connect 0 0 0 1037.134033203125 0.447021484375 1.5598942187829783 2369
stats: 302 0 253
stats: 200 0 245
stats: size_rcv 1892632 366804484
stats: newphase 0 5
stats: size_sent 632 4098251
stats: connected 0 101
stats: 400 0 348
stats: 503 0 13898
stats: 404 0 2
# stats: dump at 1433135736
stats: users 101 580
stats: session 0 0 0 453794.0051269531 1744.712890625 17209.559532892552 1742
stats: users_count 0 1843
stats: finish_users_count 0 1742
stats: request 1 289958.72412109375 0.0 392259.1472167969 0.119140625 4607.334028157764 14749
stats: page 1 289958.72412109375 0.0 592993.7160644531 0.60693359375 7240.64400138496 8924
stats: connect 0 0 0 1037.134033203125 0.447021484375 1.5598942187829783 2369
stats: 302 0 253
stats: 200 1 246
stats: size_rcv 5573599 372378083
stats: newphase 0 5
stats: size_sent 0 4098251
stats: connected 0 101
stats: 400 0 348
stats: 503 0 13898
stats: 404 0 2
# stats: dump at 1433135746
stats: users 101 580
stats: session 0 0 0 453794.0051269531 1744.712890625 17209.559532892552 1742
stats: users_count 0 1843
stats: finish_users_count 0 1742
stats: request 1 297759.6608886719 0.0 392259.1472167969 0.119140625 4626.679885113217 14750
stats: page 1 297759.6608886719 0.0 592993.7160644531 0.60693359375 7272.321097196692 8925
stats: connect 0 0 0 1037.134033203125 0.447021484375 1.5598942187829783 2369
stats: 302 0 253
stats: 200 1 247
stats: size_rcv 5573702 377951785
stats: newphase 0 5
stats: size_sent 1264 4099515
stats: connected 0 101
stats: 400 0 348
stats: 503 0 13898
stats: 404 0 2
# stats: dump at 1433135756
stats: users 101 580
stats: session 0 0 0 453794.0051269531 1744.712890625 17209.559532892552 1742
stats: users_count 0 1843
stats: finish_users_count 0 1742
stats: request 0 0 0 392259.1472167969 0.119140625 4646.551960294802 14751
stats: page 0 0 0 592993.7160644531 0.60693359375 7304.865051912296 8926
stats: connect 0 0 0 1037.134033203125 0.447021484375 1.5598942187829783 2369
stats: 302 0 253
stats: 200 0 247
stats: size_rcv 0 377951785
stats: newphase 0 5
stats: size_sent 0 4099515
stats: connected 0 101
stats: 400 0 348
stats: 503 0 13898
stats: 404 0 2
# stats: dump at 1433135766
stats: users 101 580
stats: session 0 0 0 453794.0051269531 1744.712890625 17209.559532892552 1742
stats: users_count 0 1843
stats: finish_users_count 0 1742
stats: request 1 322147.583984375 0.0 392259.1472167969 0.119140625 4646.551960294802 14751
stats: page 1 322147.583984375 0.0 592993.7160644531 0.60693359375 7304.865051912296 8926
stats: connect 0 0 0 1037.134033203125 0.447021484375 1.5598942187829783 2369
stats: 302 0 253
stats: 200 1 248
stats: size_rcv 5573133 383524918
stats: newphase 0 5
stats: size_sent 0 4099515
stats: connected 0 101
stats: 400 0 348
stats: 503 0 13898
stats: 404 0 2
# stats: dump at 1433135776
stats: users 101 580
stats: session 0 0 0 453794.0051269531 1744.712890625 17209.559532892552 1742
stats: users_count 0 1843
stats: finish_users_count 0 1742
stats: request 1 331372.60693359375 0.0 392259.1472167969 0.119140625 4668.0745356760435 14752
stats: page 1 331372.60693359375 0.0 592993.7160644531 0.60693359375 7340.133643704887 8927
stats: connect 0 0 0 1037.134033203125 0.447021484375 1.5598942187829783 2369
stats: 302 0 253
stats: 200 1 249
stats: size_rcv 5572971 389097889
stats: newphase 0 5
stats: size_sent 1264 4100779
stats: connected 0 101
stats: 400 0 348
stats: 503 0 13898
stats: 404 0 2
# stats: dump at 1433135786
stats: users 101 580
stats: session 0 0 0 453794.0051269531 1744.712890625 17209.559532892552 1742
stats: users_count 0 1843
stats: finish_users_count 0 1742
stats: request 1 340501.5900878906 0.0 392259.1472167969 0.119140625 4690.219491440832 14753
stats: page 1 340501.5900878906 0.0 592993.7160644531 0.60693359375 7376.427603526783 8928
stats: connect 0 0 0 1037.134033203125 0.447021484375 1.5598942187829783 2369
stats: 302 0 253
stats: 200 1 250
stats: size_rcv 5573190 394671079
stats: newphase 0 5
stats: size_sent 0 4100779
stats: connected 0 101
stats: 400 0 348
stats: 503 0 13898
stats: 404 0 2
# stats: dump at 1433135796
stats: users 101 580
stats: session 0 0 0 453794.0051269531 1744.712890625 17209.559532892552 1742
stats: users_count 0 1843
stats: finish_users_count 0 1742
stats: request 1 349359.47900390625 0.0 392259.1472167969 0.119140625 4712.98019163037 14754
stats: page 1 349359.47900390625 0.0 592993.7160644531 0.60693359375 7413.735830930116 8929
stats: connect 0 0 0 1037.134033203125 0.447021484375 1.5598942187829783 2369
stats: 302 0 253
stats: 200 1 251
stats: size_rcv 5567008 400238087
stats: newphase 0 5
stats: size_sent 632 4101411
stats: connected 0 101
stats: 400 0 348
stats: 503 0 13898
stats: 404 0 2
# stats: dump at 1433135806
stats: users 101 580
stats: session 0 0 0 453794.0051269531 1744.712890625 17209.559532892552 1742
stats: users_count 0 1843
stats: finish_users_count 0 1742
stats: request 0 0 0 392259.1472167969 0.119140625 4736.338138008701 14755
stats: page 0 0 0 592993.7160644531 0.60693359375 7452.027627478042 8930
stats: connect 0 0 0 1037.134033203125 0.447021484375 1.5598942187829783 2369
stats: 302 0 253
stats: 200 0 251
stats: size_rcv 0 400238087
stats: newphase 0 5
stats: size_sent 632 4102043
stats: connected 0 101
stats: 400 0 348
stats: 503 0 13898
stats: 404 0 2
# stats: dump at 1433135816
stats: users 101 580
stats: session 0 0 0 453794.0051269531 1744.712890625 17209.559532892552 1742
stats: users_count 0 1843
stats: finish_users_count 0 1742
stats: request 0 0 0 392259.1472167969 0.119140625 4736.338138008701 14755
stats: page 0 0 0 592993.7160644531 0.60693359375 7452.027627478042 8930
stats: connect 0 0 0 1037.134033203125 0.447021484375 1.5598942187829783 2369
stats: 302 0 253
stats: 200 0 251
stats: size_rcv 0 400238087
stats: newphase 0 5
stats: size_sent 0 4102043
stats: connected 0 101
stats: 400 0 348
stats: 503 0 13898
stats: 404 0 2
# stats: dump at 1433135826
stats: users 101 580
stats: session 0 0 0 453794.0051269531 1744.712890625 17209.559532892552 1742
stats: users_count 0 1843
stats: finish_users_count 0 1742
stats: request 3 377085.92439778644 688.6649983196437 392259.1472167969 0.119140625 4736.338138008701 14755
stats: page 3 432392.54541015625 77769.613919685 592993.7160644531 0.60693359375 7452.027627478042 8930
stats: connect 0 0 0 1037.134033203125 0.447021484375 1.5598942187829783 2369
stats: 302 0 253
stats: 200 3 254
stats: size_rcv 11134759 411372846
stats: newphase 0 5
stats: size_sent 2057 4104100
stats: connected 0 101
stats: 400 0 348
stats: 503 0 13898
stats: 404 0 2
# stats: dump at 1433135836
stats: users 101 580
stats: session 0 0 0 453794.0051269531 1744.712890625 17209.559532892552 1742
stats: users_count 0 1843
stats: finish_users_count 0 1742
stats: request 0 0 0 392259.1472167969 0.119140625 4812.029204466171 14758
stats: page 0 0 0 592993.7160644531 0.60693359375 7594.736857674843 8933
stats: connect 0 0 0 1037.134033203125 0.447021484375 1.5598942187829783 2369
stats: 302 0 253
stats: 200 0 254
stats: size_rcv 0 411372846
stats: newphase 0 5
stats: size_sent 0 4104100
stats: connected 0 101
stats: 400 0 348
stats: 503 0 13898
stats: 404 0 2
# stats: dump at 1433135846
stats: users 101 580
stats: session 0 0 0 453794.0051269531 1744.712890625 17209.559532892552 1742
stats: users_count 0 1843
stats: finish_users_count 0 1742
stats: request 2 399425.0750732422 79.3179931640625 399504.39306640625 0.119140625 4812.029204466171 14758
stats: page 2 482514.0750732422 83009.68200683594 592993.7160644531 0.60693359375 7594.736857674843 8933
stats: connect 0 0 0 1037.134033203125 0.447021484375 1.5598942187829783 2369
stats: 302 0 253
stats: 200 2 256
stats: size_rcv 5574127 416946973
stats: newphase 0 5
stats: size_sent 793 4104893
stats: connected 0 101
stats: 400 0 348
stats: 503 0 13898
stats: 404 0 2
# stats: dump at 1433135856
stats: users 101 580
stats: session 0 0 0 453794.0051269531 1744.712890625 17209.559532892552 1742
stats: users_count 0 1843
stats: finish_users_count 0 1742
stats: request 1 409131.64599609375 0.0 409131.64599609375 0.119140625 4865.499806887414 14760
stats: page 1 409131.64599609375 0.0 592993.7160644531 0.60693359375 7701.042249552978 8935
stats: connect 0 0 0 1037.134033203125 0.447021484375 1.5598942187829783 2369
stats: 302 0 253
stats: 200 1 257
stats: size_rcv 5577921 422524894
stats: newphase 0 5
stats: size_sent 0 4104893
stats: connected 0 101
stats: 400 0 348
stats: 503 0 13898
stats: 404 0 2
# stats: dump at 1433135866
stats: users 101 580
stats: session 0 0 0 453794.0051269531 1744.712890625 17209.559532892552 1742
stats: users_count 0 1843
stats: finish_users_count 0 1742
stats: request 1 419801.7268066406 0.0 419801.7268066406 0.119140625 4892.887256666508 14761
stats: page 1 419801.7268066406 0.0 592993.7160644531 0.60693359375 7745.965101359888 8936
stats: connect 0 0 0 1037.134033203125 0.447021484375 1.5598942187829783 2369
stats: 302 0 253
stats: 200 1 258
stats: size_rcv 5569949 428094843
stats: newphase 0 5
stats: size_sent 1264 4106157
stats: connected 0 101
stats: 400 0 348
stats: 503 0 13898
stats: 404 0 2
# stats: dump at 1433135876
stats: users 101 580
stats: session 0 0 0 453794.0051269531 1744.712890625 17209.559532892552 1742
stats: users_count 0 1843
stats: finish_users_count 0 1742
stats: request 2 429496.3439941406 1052.9521484375 430549.2961425781 0.119140625 4920.993803174432 14762
stats: page 2 429496.3439941406 1052.9521484375 592993.7160644531 0.60693359375 7792.071821926664 8937
stats: connect 0 0 0 1037.134033203125 0.447021484375 1.5598942187829783 2369
stats: 302 0 253
stats: 200 2 260
stats: size_rcv 5590272 433685115
stats: newphase 0 5
stats: size_sent 632 4106789
stats: connected 0 101
stats: 400 0 348
stats: 503 0 13898
stats: 404 0 2
# stats: dump at 1433135886
stats: users 101 580
stats: session 0 0 0 453794.0051269531 1744.712890625 17209.559532892552 1742
stats: users_count 0 1843
stats: finish_users_count 0 1742
stats: request 0 0 0 430549.2961425781 0.119140625 4978.508751723737 14764
stats: page 0 0 0 592993.7160644531 0.60693359375 7886.423376277758 8939
stats: connect 0 0 0 1037.134033203125 0.447021484375 1.5598942187829783 2369
stats: 302 0 253
stats: 200 0 260
stats: size_rcv 0 433685115
stats: newphase 0 5
stats: size_sent 1263 4108052
stats: connected 0 101
stats: 400 0 348
stats: 503 0 13898
stats: 404 0 2
# stats: dump at 1433135896
stats: users 101 580
stats: session 0 0 0 453794.0051269531 1744.712890625 17209.559532892552 1742
stats: users_count 0 1843
stats: finish_users_count 0 1742
stats: request 0 0 0 430549.2961425781 0.119140625 4978.508751723737 14764
stats: page 0 0 0 592993.7160644531 0.60693359375 7886.423376277758 8939
stats: connect 0 0 0 1037.134033203125 0.447021484375 1.5598942187829783 2369
stats: 302 0 253
stats: 200 1 261
stats: size_rcv 1572864 435257979
stats: newphase 0 5
stats: size_sent 0 4108052
stats: connected 0 101
stats: 400 0 348
stats: 503 0 13898
stats: 404 0 2
# stats: dump at 1433135906
stats: users 101 580
stats: session 0 0 0 453794.0051269531 1744.712890625 17209.559532892552 1742
stats: users_count 0 1843
stats: finish_users_count 0 1742
stats: request 2 456949.7420654297 3965.6270751953125 460915.369140625 0.119140625 4978.508751723737 14764
stats: page 2 456949.7420654297 3965.6270751953125 592993.7160644531 0.60693359375 7886.423376277758 8939
stats: connect 0 0 0 1037.134033203125 0.447021484375 1.5598942187829783 2369
stats: 302 0 253
stats: 200 1 262
stats: size_rcv 9578800 444836779
stats: newphase 0 5
stats: size_sent 632 4108684
stats: connected 0 101
stats: 400 0 348
stats: 503 0 13898
stats: 404 0 2
# stats: dump at 1433135916
stats: users 101 580
stats: session 0 0 0 453794.0051269531 1744.712890625 17209.559532892552 1742
stats: users_count 0 1843
stats: finish_users_count 0 1742
stats: request 0 0 0 460915.369140625 0.119140625 5039.726580968449 14766
stats: page 0 0 0 592993.7160644531 0.60693359375 7986.873732767894 8941
stats: connect 0 0 0 1037.134033203125 0.447021484375 1.5598942187829783 2369
stats: 302 0 253
stats: 200 0 262
stats: size_rcv 0 444836779
stats: newphase 0 5
stats: size_sent 0 4108684
stats: connected 0 101
stats: 400 0 348
stats: 503 0 13898
stats: 404 0 2
# stats: dump at 1433135926
stats: users 101 580
stats: session 0 0 0 453794.0051269531 1744.712890625 17209.559532892552 1742
stats: users_count 0 1843
stats: finish_users_count 0 1742
stats: request 1 478550.35498046875 0.0 478550.35498046875 0.119140625 5039.726580968449 14766
stats: page 1 478550.35498046875 0.0 592993.7160644531 0.60693359375 7986.873732767894 8941
stats: connect 0 0 0 1037.134033203125 0.447021484375 1.5598942187829783 2369
stats: 302 0 253
stats: 200 1 263
stats: size_rcv 5538919 450375698
stats: newphase 0 5
stats: size_sent 1264 4109948
stats: connected 0 101
stats: 400 0 348
stats: 503 0 13898
stats: 404 0 2
# stats: dump at 1433135936
stats: users 101 580
stats: session 0 0 0 453794.0051269531 1744.712890625 17209.559532892552 1742
stats: users_count 0 1843
stats: finish_users_count 0 1742
stats: request 1 486999.9558105469 0.0 486999.9558105469 0.119140625 5071.79203965332 14767
stats: page 1 486999.9558105469 0.0 592993.7160644531 0.60693359375 8039.497696226594 8942
stats: connect 0 0 0 1037.134033203125 0.447021484375 1.5598942187829783 2369
stats: 302 0 253
stats: 200 1 264
stats: size_rcv 5567948 455943646
stats: newphase 0 5
stats: size_sent 0 4109948
stats: connected 0 101
stats: 400 0 348
stats: 503 0 13898
stats: 404 0 2
# stats: dump at 1433135946
stats: users 101 580
stats: session 0 0 0 453794.0051269531 1744.712890625 17209.559532892552 1742
stats: users_count 0 1843
stats: finish_users_count 0 1742
stats: request 1 500557.3029785156 0.0 500557.3029785156 0.119140625 5104.42531184799 14768
stats: page 1 500557.3029785156 0.0 592993.7160644531 0.60693359375 8093.054719385972 8943
stats: connect 0 0 0 1037.134033203125 0.447021484375 1.5598942187829783 2369
stats: 302 0 253
stats: 200 1 265
stats: size_rcv 5571907 461515553
stats: newphase 0 5
stats: size_sent 632 4110580
stats: connected 0 101
stats: 400 0 348
stats: 503 0 13898
stats: 404 0 2
# stats: dump at 1433135956
stats: users 101 580
stats: session 0 0 0 453794.0051269531 1744.712890625 17209.559532892552 1742
stats: users_count 0 1843
stats: finish_users_count 0 1742
stats: request 2 507794.14807128906 10.8389892578125 507804.9870605469 0.119140625 5137.972124608954 14769
stats: page 2 590956.4849853516 83173.17590332031 674129.6608886719 0.60693359375 8148.115570041063 8944
stats: connect 0 0 0 1037.134033203125 0.447021484375 1.5598942187829783 2369
stats: 302 0 253
stats: 200 2 267
stats: size_rcv 5572865 467088418
stats: newphase 0 5
stats: size_sent 1425 4112005
stats: connected 0 101
stats: 400 0 348
stats: 503 0 13898
stats: 404 0 2
# stats: dump at 1433135966
stats: users 101 580
stats: session 0 0 0 453794.0051269531 1744.712890625 17209.559532892552 1742
stats: users_count 0 1843
stats: finish_users_count 0 1742
stats: request 0 0 0 507804.9870605469 0.119140625 5206.031995429708 14771
stats: page 0 0 0 674129.6608886719 0.60693359375 8278.41030945875 8946
stats: connect 0 0 0 1037.134033203125 0.447021484375 1.5598942187829783 2369
stats: 302 0 253
stats: 200 0 267
stats: size_rcv 0 467088418
stats: newphase 0 5
stats: size_sent 632 4112637
stats: connected 0 101
stats: 400 0 348
stats: 503 0 13898
stats: 404 0 2
# stats: dump at 1433135976
stats: users 101 580
stats: session 0 0 0 453794.0051269531 1744.712890625 17209.559532892552 1742
stats: users_count 0 1843
stats: finish_users_count 0 1742
stats: request 0 0 0 507804.9870605469 0.119140625 5206.031995429708 14771
stats: page 0 0 0 674129.6608886719 0.60693359375 8278.41030945875 8946
stats: connect 0 0 0 1037.134033203125 0.447021484375 1.5598942187829783 2369
stats: 302 0 253
stats: 200 0 267
stats: size_rcv 0 467088418
stats: newphase 0 5
stats: size_sent 0 4112637
stats: connected 0 101
stats: 400 0 348
stats: 503 0 13898
stats: 404 0 2
# stats: dump at 1433135986
stats: users 101 580
stats: session 0 0 0 453794.0051269531 1744.712890625 17209.559532892552 1742
stats: users_count 0 1843
stats: finish_users_count 0 1742
stats: request 1 538158.4660644531 0.0 538158.4660644531 0.119140625 5206.031995429708 14771
stats: page 1 538158.4660644531 0.0 674129.6608886719 0.60693359375 8278.41030945875 8946
stats: connect 0 0 0 1037.134033203125 0.447021484375 1.5598942187829783 2369
stats: 302 0 253
stats: 200 2 269
stats: size_rcv 6624796 473713214
stats: newphase 0 5
stats: size_sent 0 4112637
stats: connected 0 101
stats: 400 0 348
stats: 503 0 13898
stats: 404 0 2
# stats: dump at 1433135996
stats: users 101 580
stats: session 0 0 0 453794.0051269531 1744.712890625 17209.559532892552 1742
stats: users_count 0 1843
stats: finish_users_count 0 1742
stats: request 1 542463.337890625 0.0 542463.337890625 0.119140625 5242.110551757153 14772
stats: page 1 542463.337890625 0.0 674129.6608886719 0.60693359375 8337.6346366919 8947
stats: connect 0 0 0 1037.134033203125 0.447021484375 1.5598942187829783 2369
stats: 302 0 253
stats: 200 0 269
stats: size_rcv 4513709 478226923
stats: newphase 0 5
stats: size_sent 1264 4113901
stats: connected 0 101
stats: 400 0 348
stats: 503 0 13898
stats: 404 0 2
# stats: dump at 1433136006
stats: users 101 580
stats: session 0 0 0 453794.0051269531 1744.712890625 17209.559532892552 1742
stats: users_count 0 1843
stats: finish_users_count 0 1742
stats: request 1 553040.2800292969 0.0 553040.2800292969 0.119140625 5278.475625021816 14773
stats: page 1 553040.2800292969 0.0 674129.6608886719 0.60693359375 8397.32682525403 8948
stats: connect 0 0 0 1037.134033203125 0.447021484375 1.5598942187829783 2369
stats: 302 0 253
stats: 200 1 270
stats: size_rcv 5563687 483790610
stats: newphase 0 5
stats: size_sent 632 4114533
stats: connected 0 101
stats: 400 0 348
stats: 503 0 13898
stats: 404 0 2
# stats: dump at 1433136016
stats: users 101 580
stats: session 0 0 0 453794.0051269531 1744.712890625 17209.559532892552 1742
stats: users_count 0 1843
stats: finish_users_count 0 1742
stats: request 1 564610.3991699219 0.0 564610.3991699219 0.119140625 5315.551691381927 14774
stats: page 1 564610.3991699219 0.0 674129.6608886719 0.60693359375 8458.187586590942 8949
stats: connect 0 0 0 1037.134033203125 0.447021484375 1.5598942187829783 2369
stats: 302 0 253
stats: 200 1 271
stats: size_rcv 5569794 489360404
stats: newphase 0 5
stats: size_sent 632 4115165
stats: connected 0 101
stats: 400 0 348
stats: 503 0 13898
stats: 404 0 2
# stats: dump at 1433136026
stats: users 101 580
stats: session 0 0 0 453794.0051269531 1744.712890625 17209.559532892552 1742
stats: users_count 0 1843
stats: finish_users_count 0 1742
stats: request 0 0 0 564610.3991699219 0.119140625 5353.40582657506 14775
stats: page 0 0 0 674129.6608886719 0.60693359375 8520.327498499695 8950
stats: connect 0 0 0 1037.134033203125 0.447021484375 1.5598942187829783 2369
stats: 302 0 253
stats: 200 1 272
stats: size_rcv 3670016 493030420
stats: newphase 0 5
stats: size_sent 0 4115165
stats: connected 0 101
stats: 400 0 348
stats: 503 0 13898
stats: 404 0 2
# stats: dump at 1433136036
stats: users 101 580
stats: session 0 0 0 453794.0051269531 1744.712890625 17209.559532892552 1742
stats: users_count 0 1843
stats: finish_users_count 0 1742
stats: request 4 582742.2190551758 894.6810629910316 583657.9790039063 0.119140625 5353.40582657506 14775
stats: page 4 623198.686340332 70579.48439075403 745439.2211914063 0.60693359375 8520.327498499695 8950
stats: connect 0 0 0 1037.134033203125 0.447021484375 1.5598942187829783 2369
stats: 302 2 255
stats: 200 1 273
stats: size_rcv 7467653 500498073
stats: newphase 0 5
stats: size_sent 632 4115797
stats: connected 0 101
stats: 400 0 348
stats: 503 0 13898
stats: 404 0 2
# stats: dump at 1433136046
stats: users 101 580
stats: session 0 0 0 453794.0051269531 1744.712890625 17209.559532892552 1742
stats: users_count 0 1843
stats: finish_users_count 0 1742
stats: request 0 0 0 583657.9790039063 0.119140625 5509.678595565818 14779
stats: page 0 0 0 745439.2211914063 0.60693359375 8794.921359943444 8954
stats: connect 0 0 0 1037.134033203125 0.447021484375 1.5598942187829783 2369
stats: 302 0 255
stats: 200 0 273
stats: size_rcv 0 500498073
stats: newphase 0 5
stats: size_sent 1990 4117787
stats: connected 0 101
stats: 400 0 348
stats: 503 0 13898
stats: 404 0 2
# stats: dump at 1433136056
stats: users 101 580
stats: session 0 0 0 453794.0051269531 1744.712890625 17209.559532892552 1742
stats: users_count 0 1843
stats: finish_users_count 0 1742
stats: request 0 0 0 583657.9790039063 0.119140625 5509.678595565818 14779
stats: page 0 0 0 745439.2211914063 0.60693359375 8794.921359943444 8954
stats: connect 0 0 0 1037.134033203125 0.447021484375 1.5598942187829783 2369
stats: 302 0 255
stats: 200 0 273
stats: size_rcv 0 500498073
stats: newphase 0 5
stats: size_sent 0 4117787
stats: connected 0 101
stats: 400 0 348
stats: 503 0 13898
stats: 404 0 2
# stats: dump at 1433136066
stats: users 101 580
stats: session 0 0 0 453794.0051269531 1744.712890625 17209.559532892552 1742
stats: users_count 0 1843
stats: finish_users_count 0 1742
stats: request 2 619710.1225585938 408.12451171875 620118.2470703125 0.119140625 5509.678595565818 14779
stats: page 2 619710.1225585938 408.12451171875 745439.2211914063 0.60693359375 8794.921359943444 8954
stats: connect 0 0 0 1037.134033203125 0.447021484375 1.5598942187829783 2369
stats: 302 0 255
stats: 200 2 275
stats: size_rcv 5571167 506069240
stats: newphase 0 5
stats: size_sent 0 4117787
stats: connected 0 101
stats: 400 0 348
stats: 503 0 13898
stats: 404 0 2
# stats: dump at 1433136076
stats: users 100 580
stats: session 1 1178237.4951171875 0.0 1178237.4951171875 1744.712890625 17209.559532892552 1742
stats: users_count 0 1843
stats: finish_users_count 1 1743
stats: request 3 627856.87109375 799.5636620713258 628873.95703125 0.119140625 5592.785346660199 14781
stats: page 2 627348.328125 427.907958984375 745439.2211914063 0.60693359375 8931.347264632735 8956
stats: connect 0 0 0 1037.134033203125 0.447021484375 1.5598942187829783 2369
stats: 302 1 256
stats: 200 2 277
stats: size_rcv 6267385 512336625
stats: newphase 0 5
stats: size_sent 1936 4119723
stats: connected -1 100
stats: 400 0 348
stats: 503 0 13898
stats: 404 0 2
# stats: dump at 1433136086
stats: users 95 580
stats: session 5 1200302.016796875 43569.143130412784 1254432.4328613281 1744.712890625 17875.668503394154 1743
stats: users_count 0 1843
stats: finish_users_count 5 1748
stats: request 16 550390.2278747559 208062.78939055608 635855.1989746094 0.119140625 5719.05646795628 14784
stats: page 10 645629.1197753906 48565.25575038311 790835.005859375 0.60693359375 9069.4175885578 8958
stats: connect 2 1.962890625 0.662109375 1037.134033203125 0.447021484375 1.5598942187829783 2369
stats: 302 11 267
stats: 200 3 280
stats: size_rcv 5589899 517926524
stats: newphase 0 5
stats: size_sent 6461 4126184
stats: connected -5 95
stats: 400 2 350
stats: 503 0 13898
stats: 404 0 2
# stats: dump at 1433136096
stats: users 93 580
stats: session 2 1265441.9969482422 388.5499267578125 1265830.546875 1744.712890625 21257.89490011464 1748
stats: users_count 0 1843
stats: finish_users_count 2 1750
stats: request 4 620652.8667602539 3012.3887392230395 635855.1989746094 0.119140625 6307.890166774442 14800
stats: page 3 678954.6009928385 82542.44403601521 795681.9208984375 0.60693359375 9779.229923734913 8968
stats: connect 0 0 0 1037.134033203125 0.447021484375 1.5602341567047133 2371
stats: 302 2 269
stats: 200 3 283
stats: size_rcv 5425605 523352129
stats: newphase 0 5
stats: size_sent 1304 4127488
stats: connected -2 93
stats: 400 0 350
stats: 503 0 13898
stats: 404 0 2
# stats: dump at 1433136106
stats: users 91 580
stats: session 2 1276099.9184570313 1215.530517578125 1277315.4489746094 1744.712890625 22679.81958816964 1750
stats: users_count 0 1843
stats: finish_users_count 2 1752
stats: request 9 618328.5383843316 11999.135648368083 650596.1989746094 0.119140625 6473.884486307941 14804
stats: page 8 714964.0446777344 108753.7908611884 937982.794921875 0.60693359375 10003.00944811428 8971
stats: connect 0 0 0 1037.134033203125 0.447021484375 1.5602341567047133 2371
stats: 302 2 271
stats: 200 7 290
stats: size_rcv 2155486 525507615
stats: newphase 0 5
stats: size_sent 3186 4130674
stats: connected -2 91
stats: 400 0 350
stats: 503 0 13898
stats: 404 0 2
# stats: dump at 1433136116
stats: users 87 580
stats: session 4 1284075.7182006836 4138.095734426314 1288967.3469238281 1744.712890625 24110.664449892087 1752
stats: users_count 0 1843
stats: finish_users_count 4 1756
stats: request 14 544372.637172154 154420.3787008738 664394.9621582031 0.119140625 6845.631727588047 14813
stats: page 10 629810.7970214844 76742.56198124975 937982.794921875 0.60693359375 10631.10704047835 8979
stats: connect 1 1.169921875 0.0 1037.134033203125 0.447021484375 1.5602341567047133 2371
stats: 302 5 276
stats: 200 7 297
stats: size_rcv 11346376 536853991
stats: newphase 0 5
stats: size_sent 6261 4136935
stats: connected -4 87
stats: 400 1 351
stats: 503 0 13898
stats: 404 0 2
# stats: dump at 1433136126
stats: users 86 580
stats: session 1 1292736.4411621094 0.0 1292736.4411621094 1744.712890625 26980.74429898273 1756
stats: users_count 0 1843
stats: finish_users_count 1 1757
stats: request 7 555785.3962751116 22998.60827645134 664394.9621582031 0.119140625 7353.1772915068395 14827
stats: page 3 594164.5489908854 91980.86344800735 937982.794921875 0.60693359375 11319.926364074974 8989
stats: connect 0 0 0 1037.134033203125 0.447021484375 1.560069606838902 2372
stats: 302 1 277
stats: 200 6 303
stats: size_rcv 2815880 539669871
stats: newphase 0 5
stats: size_sent 5835 4142770
stats: connected -1 86
stats: 400 0 351
stats: 503 0 13898
stats: 404 0 2
# stats: dump at 1433136136
stats: users 86 580
stats: session 0 0 0 1292736.4411621094 1744.712890625 27701.1516392577 1757
stats: users_count 0 1843
stats: finish_users_count 0 1757
stats: request 6 515265.3086344401 16677.688658093488 664394.9621582031 0.119140625 7611.976370169724 14834
stats: page 4 652919.0047607422 92541.69306424208 937982.794921875 0.60693359375 11514.380753296551 8992
stats: connect 0 0 0 1037.134033203125 0.447021484375 1.560069606838902 2372
stats: 302 0 277
stats: 200 7 310
stats: size_rcv 1428560 541098431
stats: newphase 0 5
stats: size_sent 2894 4145664
stats: connected 0 86
stats: 400 0 351
stats: 503 0 13898
stats: 404 0 2
# stats: dump at 1433136146
stats: users 86 580
stats: session 0 0 0 1292736.4411621094 1744.712890625 27701.1516392577 1757
stats: users_count 0 1843
stats: finish_users_count 0 1757
stats: request 6 501618.54528808594 12831.805485547888 664394.9621582031 0.119140625 7817.227043591935 14840
stats: page 1 492070.9089355469 0.0 937982.794921875 0.60693359375 11799.576228622227 8996
stats: connect 0 0 0 1037.134033203125 0.447021484375 1.560069606838902 2372
stats: 302 0 277
stats: 200 5 315
stats: size_rcv 3510509 544608940
stats: newphase 0 5
stats: size_sent 5538 4151202
stats: connected 0 86
stats: 400 0 351
stats: 503 0 13898
stats: 404 0 2
# stats: dump at 1433136156
stats: users 86 580
stats: session 0 0 0 1292736.4411621094 1744.712890625 27701.1516392577 1757
stats: users_count 0 1843
stats: finish_users_count 0 1757
stats: request 4 580842.8193359375 126260.90782384425 708408.8251953125 0.119140625 8016.7964838092985 14846
stats: page 2 707078.1370849609 1330.6881103515625 937982.794921875 0.60693359375 11852.957503792499 8997
stats: connect 0 0 0 1037.134033203125 0.447021484375 1.560069606838902 2372
stats: 302 0 277
stats: 200 4 319
stats: size_rcv 12537374 557146314
stats: newphase 0 5
stats: size_sent 1976 4153178
stats: connected 0 86
stats: 400 0 351
stats: 503 0 13898
stats: 404 0 2
# stats: dump at 1433136166
stats: users 86 580
stats: session 0 0 0 1292736.4411621094 1744.712890625 27701.1516392577 1757
stats: users_count 0 1843
stats: finish_users_count 0 1757
stats: request 8 398557.1199645996 43021.37331454628 708408.8251953125 0.119140625 8171.09305562132 14850
stats: page 2 332315.14990234375 11305.02099609375 937982.794921875 0.60693359375 12007.469156105237 8999
stats: connect 0 0 0 1037.134033203125 0.447021484375 1.560069606838902 2372
stats: 302 0 277
stats: 200 8 327
stats: size_rcv 4217924 561364238
stats: newphase 0 5
stats: size_sent 5587 4158765
stats: connected 0 86
stats: 400 0 351
stats: 503 0 13898
stats: 404 0 2
# stats: dump at 1433136176
stats: users 85 580
stats: session 1 1342471.9470214844 0.0 1342471.9470214844 1744.712890625 27701.1516392577 1757
stats: users_count 0 1843
stats: finish_users_count 1 1758
stats: request 7 339178.3045479911 31508.691739844056 708408.8251953125 0.119140625 8381.288789587656 14858
stats: page 1 295145.9011230469 0.0 937982.794921875 0.60693359375 12078.640732762551 9001
stats: connect 0 0 0 1037.134033203125 0.447021484375 1.560069606838902 2372
stats: 302 1 278
stats: 200 6 333
stats: size_rcv 4205465 565569703
stats: newphase 0 5
stats: size_sent 4955 4163720
stats: connected -1 85
stats: 400 0 351
stats: 503 0 13898
stats: 404 0 2
# stats: dump at 1433136186
stats: users 85 580
stats: session 0 0 0 1342471.9470214844 1744.712890625 28449.030362455782 1758
stats: users_count 0 1843
stats: finish_users_count 0 1758
stats: request 6 274057.3315022786 27687.993967792656 708408.8251953125 0.119140625 8537.062695427468 14865
stats: page 1 228143.99291992188 0.0 937982.794921875 0.60693359375 12110.085662821459 9002
stats: connect 0 0 0 1037.134033203125 0.447021484375 1.560069606838902 2372
stats: 302 0 278
stats: 200 7 340
stats: size_rcv 5083362 570653065
stats: newphase 0 5
stats: size_sent 4283 4168003
stats: connected 0 85
stats: 400 0 351
stats: 503 0 13898
stats: 404 0 2
# stats: dump at 1433136196
stats: users 83 580
stats: session 2 1316142.6760253906 47683.175048828125 1363825.8510742188 1744.712890625 28449.030362455782 1758
stats: users_count 0 1843
stats: finish_users_count 2 1760
stats: request 12 222220.39813232422 152306.84400446096 708408.8251953125 0.119140625 8644.192115966847 14871
stats: page 5 382821.4140625 296582.4603960874 937982.794921875 0.60693359375 12134.08143170484 9003
stats: connect 0 0 0 1037.134033203125 0.447021484375 1.560069606838902 2372
stats: 302 4 282
stats: 200 7 347
stats: size_rcv 8207103 578860168
stats: newphase 0 5
stats: size_sent 5496 4173499
stats: connected -2 83
stats: 400 0 351
stats: 503 0 13898
stats: 404 0 2
# stats: dump at 1433136206
stats: users 78 580
stats: session 5 1328138.943408203 58502.3186832798 1384626.8649902344 1744.712890625 29912.318596163663 1760
stats: users_count 0 1843
stats: finish_users_count 5 1765
stats: request 17 120873.89912683824 26014.96265407113 708408.8251953125 0.119140625 8816.396273206401 14883
stats: page 12 262648.50669352215 270613.68146056024 937982.794921875 0.60693359375 12339.835945820514 9008
stats: connect 0 0 0 1037.134033203125 0.447021484375 1.560069606838902 2372
stats: 302 5 287
stats: 200 12 359
stats: size_rcv 3543628 582403796
stats: newphase 0 5
stats: size_sent 6704 4180203
stats: connected -5 78
stats: 400 0 351
stats: 503 0 13898
stats: 404 0 2
# stats: dump at 1433136216
stats: users 75 580
stats: session 3 1373826.8850097656 2444.9466613385 1384626.8649902344 1744.712890625 33590.01441716094 1765
stats: users_count 0 1843
stats: finish_users_count 3 1768
stats: request 57 60152.898274739564 29501.252588067662 708408.8251953125 0.119140625 8944.247115388396 14900
stats: page 44 406067.9576138582 226917.05214144694 937982.794921875 0.60693359375 12672.84082929861 9020
stats: connect 5 1.47958984375 0.6217171013276472 1037.134033203125 0.447021484375 1.560069606838902 2372
stats: 302 8 295
stats: 200 44 403
stats: size_rcv 2511506 584915302
stats: newphase 0 5
stats: size_sent 24505 4204708
stats: connected -3 75
stats: 400 5 356
stats: 503 0 13898
stats: 404 0 2
# stats: dump at 1433136226
stats: users 65 580
stats: session 10 1368587.6211181642 36479.5489835462 1391259.7248535156 1744.712890625 35864.17200300812 1768
stats: users_count 0 1843
stats: finish_users_count 10 1778
stats: request 42 16222.869256882446 11199.019866605788 708408.8251953125 0.119140625 9139.399426418886 14957
stats: page 40 74420.07282104493 91350.10926838798 937982.794921875 0.60693359375 14582.525862233364 9064
stats: connect 0 0 0 1037.134033203125 0.447021484375 1.5599003183174698 2377
stats: 302 11 306
stats: 200 31 434
stats: size_rcv 1618191 586533493
stats: newphase 0 5
stats: size_sent 25250 4229958
stats: connected -10 65
stats: 400 0 356
stats: 503 0 13898
stats: 404 0 2
# stats: dump at 1433136236
stats: users 65 580
stats: session 0 0 0 1391259.7248535156 1744.712890625 43359.80445022497 1778
stats: users_count 0 1843
stats: finish_users_count 0 1778
stats: request 0 0 0 708408.8251953125 0.119140625 9159.23446428004 14999
stats: page 0 0 0 937982.794921875 0.60693359375 14845.432483317776 9104
stats: connect 0 0 0 1037.134033203125 0.447021484375 1.5599003183174698 2377
stats: 302 0 306
stats: 200 0 434
stats: size_rcv 0 586533493
stats: newphase 0 5
stats: size_sent 3784 4233742
stats: connected 0 65
stats: 400 0 356
stats: 503 0 13898
stats: 404 0 2
# stats: dump at 1433136246
stats: users 65 580
stats: session 0 0 0 1391259.7248535156 1744.712890625 43359.80445022497 1778
stats: users_count 0 1843
stats: finish_users_count 0 1778
stats: request 0 0 0 708408.8251953125 0.119140625 9159.23446428004 14999
stats: page 0 0 0 937982.794921875 0.60693359375 14845.432483317776 9104
stats: connect 0 0 0 1037.134033203125 0.447021484375 1.5599003183174698 2377
stats: 302 0 306
stats: 200 0 434
stats: size_rcv 0 586533493
stats: newphase 0 5
stats: size_sent 1267 4235009
stats: connected 0 65
stats: 400 0 356
stats: 503 0 13898
stats: 404 0 2
# stats: dump at 1433136256
stats: users 65 580
stats: session 0 0 0 1391259.7248535156 1744.712890625 43359.80445022497 1778
stats: users_count 0 1843
stats: finish_users_count 0 1778
stats: request 0 0 0 708408.8251953125 0.119140625 9159.23446428004 14999
stats: page 0 0 0 937982.794921875 0.60693359375 14845.432483317776 9104
stats: connect 0 0 0 1037.134033203125 0.447021484375 1.5599003183174698 2377
stats: 302 0 306
stats: 200 0 434
stats: size_rcv 0 586533493
stats: newphase 0 5
stats: size_sent 628 4235637
stats: connected 0 65
stats: 400 0 356
stats: 503 0 13898
stats: 404 0 2
# stats: dump at 1433136266
stats: users 63 580
stats: session 2 1423424.7294921875 397.775390625 1423822.5048828125 1744.712890625 43359.80445022497 1778
stats: users_count 0 1843
stats: finish_users_count 2 1780
stats: request 7 87979.54342215402 59970.88922566422 708408.8251953125 0.119140625 9159.23446428004 14999
stats: page 5 50050.84799804688 144.1856605830469 937982.794921875 0.60693359375 14845.432483317776 9104
stats: connect 0 0 0 1037.134033203125 0.447021484375 1.5599003183174698 2377
stats: 302 2 308
stats: 200 5 439
stats: size_rcv 11146517 597680010
stats: newphase 0 5
stats: size_sent 1672 4237309
stats: connected -2 63
stats: 400 0 356
stats: 503 0 13898
stats: 404 0 2
# stats: dump at 1433136276
stats: users 63 580
stats: session 0 0 0 1423822.5048828125 1744.712890625 44910.43919746313 1780
stats: users_count 0 1843
stats: finish_users_count 0 1780
stats: request 0 0 0 708408.8251953125 0.119140625 9196.002567885605 15006
stats: page 0 0 0 937982.794921875 0.60693359375 14864.757006050639 9109
stats: connect 0 0 0 1037.134033203125 0.447021484375 1.5599003183174698 2377
stats: 302 0 308
stats: 200 1 440
stats: size_rcv 1048576 598728586
stats: newphase 0 5
stats: size_sent 1896 4239205
stats: connected 0 63
stats: 400 0 356
stats: 503 0 13898
stats: 404 0 2
# stats: dump at 1433136286
stats: users 39 580
stats: session 24 1426257.864868164 26847.553313352942 1442425.4189453125 1744.712890625 44910.43919746313 1780
stats: users_count 0 1843
stats: finish_users_count 24 1804
stats: request 58 55195.616375101024 19527.452662439697 708408.8251953125 0.119140625 9196.002567885605 15006
stats: page 57 83882.70396021793 144084.02093451313 937982.794921875 0.60693359375 14864.757006050639 9109
stats: connect 0 0 0 1037.134033203125 0.447021484375 1.5599003183174698 2377
stats: 302 21 329
stats: 200 38 478
stats: size_rcv 11098399 609826985
stats: newphase 0 5
stats: size_sent 16625 4255830
stats: connected -22 41
stats: 400 0 356
stats: 503 0 13898
stats: 404 0 2
# stats: dump at 1433136296
stats: users 4 580
stats: session 35 1431805.648981585 18251.892036561265 1449039.4978027344 1744.712890625 63287.56681170749 1804
stats: users_count 0 1843
stats: finish_users_count 35 1839
stats: request 46 7884.119915506111 18534.420482257596 708408.8251953125 0.119140625 9373.112074047216 15064
stats: page 43 30219.607654660245 117280.15970079496 937982.794921875 0.60693359375 15293.954363282532 9166
stats: connect 0 0 0 1037.134033203125 0.447021484375 1.5599003183174698 2377
stats: 302 31 360
stats: 200 13 491
stats: size_rcv 10675623 620502608
stats: newphase 0 5
stats: size_sent 11322 4267152
stats: connected -37 4
stats: 400 0 356
stats: 503 0 13898
stats: 404 0 2
# stats: dump at 1433136306
stats: users 3 580
stats: session 1 1388707.5229492188 0.0 1449039.4978027344 1744.712890625 89333.31606453277 1839
stats: users_count 0 1843
stats: finish_users_count 1 1840
stats: request 1 50.244873046875 0.0 708408.8251953125 0.119140625 9368.5790734322 15110
stats: page 1 50.244873046875 0.0 937982.794921875 0.60693359375 15363.647390921715 9209
stats: connect 0 0 0 1037.134033203125 0.447021484375 1.5599003183174698 2377
stats: 302 1 361
stats: 200 1 492
stats: size_rcv 4194446 624697054
stats: newphase 0 5
stats: size_sent 632 4267784
stats: connected -1 3
stats: 400 0 356
stats: 503 0 13898
stats: 404 0 2
# stats: dump at 1433136316
stats: users 0 580
stats: session 3 1457445.1843261719 4004.9601060932396 1462766.3449707031 1744.712890625 90039.49769870924 1840
stats: users_count 0 1843
stats: finish_users_count 3 1843
stats: request 7 26514.534702845984 41739.01391897843 708408.8251953125 0.119140625 9367.9624144288 15111
stats: page 5 52826.42939453125 64896.4818619189 937982.794921875 0.60693359375 15361.984697923031 9210
stats: connect 0 0 0 1037.134033203125 0.447021484375 1.5599003183174698 2377
stats: 302 1 362
stats: 200 5 497
stats: size_rcv 7062700 631759754
stats: newphase 0 5
stats: size_sent 3556 4271340
stats: connected -3 0
stats: 400 0 356
stats: 503 0 13898
stats: 404 0 2
# stats: dump at 1433136326
stats: users 0 580
stats: session 0 0 0 1462766.3449707031 1744.712890625 92265.33441052823 1843
stats: users_count 0 1843
stats: finish_users_count 0 1843
stats: request 0 0 0 708408.8251953125 0.119140625 9375.901692509162 15118
stats: page 0 0 0 937982.794921875 0.60693359375 15382.31266574539 9215
stats: connect 0 0 0 1037.134033203125 0.447021484375 1.5599003183174698 2377
stats: 302 0 362
stats: 200 0 497
stats: size_rcv 0 631759754
stats: newphase 0 5
stats: size_sent 0 4271340
stats: connected 0 0
stats: 400 0 356
stats: 503 0 13898
stats: 404 0 2
# stats: dump at 1433136336
stats: users 0 580
stats: session 0 0 0 1462766.3449707031 1744.712890625 92265.33441052823 1843
stats: users_count 0 1843
stats: finish_users_count 0 1843
stats: request 0 0 0 708408.8251953125 0.119140625 9375.901692509162 15118
stats: page 0 0 0 937982.794921875 0.60693359375 15382.31266574539 9215
stats: connect 0 0 0 1037.134033203125 0.447021484375 1.5599003183174698 2377
stats: 302 0 362
stats: 200 0 497
stats: size_rcv 0 631759754
stats: newphase 0 5
stats: size_sent 0 4271340
stats: connected 0 0
stats: 400 0 356
stats: 503 0 13898
stats: 404 0 2
# stats: dump at 1433136346
stats: users 0 580
stats: session 0 0 0 1462766.3449707031 1744.712890625 92265.33441052823 1843
stats: users_count 0 1843
stats: finish_users_count 0 1843
stats: request 0 0 0 708408.8251953125 0.119140625 9375.901692509162 15118
stats: page 0 0 0 937982.794921875 0.60693359375 15382.31266574539 9215
stats: connect 0 0 0 1037.134033203125 0.447021484375 1.5599003183174698 2377
stats: 302 0 362
stats: 200 0 497
stats: size_rcv 0 631759754
stats: newphase 0 5
stats: size_sent 0 4271340
stats: connected 0 0
stats: 400 0 356
stats: 503 0 13898
stats: 404 0 2
# stats: dump at 1433136346
stats: users 0 580
stats: session 0 0 0 1462766.3449707031 1744.712890625 92265.33441052823 1843
stats: users_count 0 1843
stats: finish_users_count 0 1843
stats: request 0 0 0 708408.8251953125 0.119140625 9375.901692509162 15118
stats: page 0 0 0 937982.794921875 0.60693359375 15382.31266574539 9215
stats: connect 0 0 0 1037.134033203125 0.447021484375 1.5599003183174698 2377
stats: 302 0 362
stats: 200 0 497
stats: size_rcv 0 631759754
stats: newphase 0 5
stats: size_sent 0 4271340
stats: connected 0 0
stats: 400 0 356
stats: 503 0 13898
stats: 404 0 2
EndMonitor:{1433,136346,716296}
