# stats: dump at 1433144952
stats: users 0 0
stats: users_count 0 0
stats: finish_users_count 0 0
# stats: dump at 1433144962
stats: users 16 16
stats: users_count 16 16
stats: finish_users_count 0 0
stats: request 35 589.3145089285714 1139.0749847488355 4454.7509765625 14.924072265625 0 0
stats: page 11 1776.864346590909 1555.0849296930276 4633.589111328125 178.599853515625 0 0
stats: connect 13 84.96576397235577 277.00916818989674 1043.947021484375 1.62890625 0 0
stats: 302 24 24
stats: 200 11 11
stats: size_rcv 82327 82327
stats: newphase 1 1
stats: size_sent 35500 35500
stats: connected 13 13
# stats: dump at 1433144972
stats: users 33 33
stats: users_count 17 33
stats: finish_users_count 0 0
stats: request 73 2464.2322145226885 3250.3599614231794 11432.405029296875 13.778076171875 589.3145089285714 35
stats: page 32 5480.140525817871 3289.446487274458 11432.405029296875 162.595947265625 1776.864346590909 11
stats: connect 20 1.99510498046875 0.33758929691663475 1043.947021484375 1.544921875 84.96576397235577 13
stats: 302 40 64
stats: 200 33 44
stats: size_rcv 66634295 66716622
stats: newphase 0 1
stats: size_sent 67666 103166
stats: connected 20 33
# stats: dump at 1433144982
stats: users 55 55
stats: users_count 22 55
stats: finish_users_count 0 0
stats: request 45 5879.541655815972 3856.6668454546725 16298.181884765625 13.778076171875 1856.6199951171875 108
stats: page 19 9243.652433696547 3088.384358595679 16298.181884765625 162.595947265625 4532.790805550509 43
stats: connect 22 2.1270308061079546 0.7731112496559404 1043.947021484375 1.44091796875 34.68051609848485 33
stats: 302 22 86
stats: 200 23 67
stats: size_rcv 68746944 135463566
stats: newphase 0 1
stats: size_sent 51359 154525
stats: connected 22 55
# stats: dump at 1433144992
stats: users 82 82
stats: session 2 29130.655395507813 2030.3905029296875 31161.0458984375 27100.264892578125 0 0
stats: users_count 29 84
stats: finish_users_count 2 2
stats: request 103 3508.3556133381376 3870.267423540304 18235.1240234375 13.778076171875 3039.8322482638887 153
stats: page 53 8140.127971145342 4084.414665644498 18235.1240234375 162.595947265625 5976.441949659778 62
stats: connect 27 2.173683449074074 0.5717955293361122 1043.947021484375 1.39990234375 21.659121981534092 55
stats: 302 37 123
stats: 200 66 133
stats: size_rcv 71118544 206582110
stats: newphase 1 2
stats: size_sent 101588 256113
stats: connected 25 80
# stats: dump at 1433145002
stats: users 120 120
stats: session 0 0 0 31161.0458984375 27100.264892578125 29130.655395507813 2
stats: users_count 38 122
stats: finish_users_count 0 2
stats: request 71 9605.573328152506 3032.803389532601 18235.1240234375 13.778076171875 3228.339695930481 256
stats: page 32 11099.781150817871 3167.9271425319207 18235.1240234375 162.595947265625 6973.618985648777 115
stats: connect 36 2.0644938151041665 0.5759769677566454 1043.947021484375 1.39990234375 15.243184903772866 82
stats: 302 35 158
stats: 200 37 170
stats: size_rcv 72191134 278773244
stats: newphase 0 2
stats: size_sent 80053 336166
stats: connected 36 116
# stats: dump at 1433145012
stats: users 145 145
stats: session 11 44869.921497691765 2865.8523312191533 49669.68798828125 27100.264892578125 29130.655395507813 2
stats: users_count 36 158
stats: finish_users_count 11 13
stats: request 243 4347.913908781827 3941.16027452885 24045.759033203125 0.947021484375 4612.998986107128 327
stats: page 110 11807.5705078125 5433.827781868642 24045.759033203125 162.595947265625 7871.831157658376 147
stats: connect 39 1.9711976662660255 0.3537184530999027 1043.947021484375 1.39990234375 11.222567283501059 118
stats: 302 121 279
stats: 200 120 290
stats: size_rcv 56784510 335557754
stats: newphase 0 2
stats: size_sent 223062 559228
stats: connected 27 143
stats: 400 1 1
# stats: dump at 1433145022
stats: users 211 211
stats: session 1 56731.84716796875 0.0 56731.84716796875 27100.264892578125 42448.49594350962 13
stats: users_count 67 225
stats: finish_users_count 1 14
stats: request 23 10532.898819633154 1660.0958073648753 24045.759033203125 0.947021484375 4499.989032089499 570
stats: page 17 12594.538832720587 3174.0879019301633 24045.759033203125 162.595947265625 9556.388856167923 257
stats: connect 67 2.441938257929104 2.652721604910262 1043.947021484375 1.39990234375 8.924456359474522 157
stats: 302 5 284
stats: 200 18 308
stats: size_rcv 67370908 402928662
stats: newphase 1 3
stats: size_sent 55677 614905
stats: connected 66 209
stats: 400 0 1
# stats: dump at 1433145032
stats: users 285 285
stats: session 9 47126.57546657986 20415.588536275558 72046.34619140625 4066.85205078125 43468.73531668527 14
stats: users_count 83 308
stats: finish_users_count 9 23
stats: request 347 2062.2892834226427 5821.468518515462 24045.759033203125 0.947021484375 4733.9804741021535 593
stats: page 192 3471.0953509012857 7725.472430723143 26064.47900390625 1.60888671875 9744.887212377394 274
stats: connect 84 1.9470447358630956 0.5280028859290831 1043.947021484375 1.39990234375 6.9854888916015625 224
stats: 302 8 292
stats: 504 1 1
stats: 200 31 339
stats: size_rcv 66901160 469829822
stats: newphase 0 3
stats: size_sent 180191 795096
stats: connected 72 281
stats: 400 3 4
stats: 503 304 304
# stats: dump at 1433145042
stats: users 319 319
stats: session 42 23794.903140113467 23237.89033123792 77480.39599609375 1618.435791015625 44900.064070991844 23
stats: users_count 76 384
stats: finish_users_count 42 65
stats: request 557 1951.3127621114784 6842.2697295232065 30732.2529296875 0.903076171875 3747.7285132874836 940
stats: page 318 1456.266173932537 6126.461350177638 30732.2529296875 1.60400390625 7159.977260867925 466
stats: connect 83 2.0578642695783134 0.6758958065962307 1043.947021484375 1.342041015625 5.6113677582183445 308
stats: 302 24 316
stats: 504 0 1
stats: 200 18 357
stats: size_rcv 69751330 539581152
stats: newphase 0 3
stats: size_sent 267909 1063005
stats: connected 36 317
stats: 400 7 11
stats: 503 508 812
# stats: dump at 1433145052
stats: users 353 353
stats: session 76 26161.562387566813 23636.822282600217 89321.73315429688 1618.435791015625 31262.883161808895 65
stats: users_count 110 494
stats: finish_users_count 76 141
stats: request 835 2358.9615199288933 7958.102644238083 40346.25390625 0.903076171875 3079.3226526294775 1497
stats: page 480 2388.7541844685884 8807.508078852281 42729.069091796875 1.60400390625 4846.482202646684 784
stats: connect 129 1.9712538608284889 0.6866411918496396 1043.947021484375 1.342041015625 4.857043488251279 391
stats: 302 43 359
stats: 504 1 2
stats: 200 28 385
stats: size_rcv 68561839 608142991
stats: newphase 1 4
stats: size_sent 409548 1472553
stats: connected 31 348
stats: 400 21 32
stats: 503 743 1555
# stats: dump at 1433145062
stats: users 404 409
stats: session 105 30887.99941173735 27445.524589562636 96302.27514648438 1618.435791015625 28513.235084912456 141
stats: users_count 156 650
stats: finish_users_count 105 246
stats: request 1164 4185.994401125564 11235.246571841551 49149.9619140625 0.903076171875 2821.388885131627 2332
stats: page 631 3469.4901353258733 11187.33389027657 55270.837158203125 1.55517578125 3913.167765363862 1264
stats: connect 187 2.1504689588903756 0.8620136591002339 1043.947021484375 1.342041015625 4.1411456768329336 520
stats: 302 126 485
stats: 504 1 3
stats: 200 38 423
stats: size_rcv 74103369 682246360
stats: newphase 0 4
stats: size_sent 578423 2050976
stats: connected 48 396
stats: 400 36 68
stats: 503 961 2516
stats: 404 1 1
# stats: dump at 1433145072
stats: users 460 464
stats: session 113 31157.65078168211 26612.23936641638 107638.56909179688 1618.435791015625 29526.85400489869 246
stats: users_count 169 819
stats: finish_users_count 113 359
stats: request 1420 1617.1581457003745 5155.58653319733 55373.8359375 0.903076171875 3275.73694594883 3496
stats: page 834 7581.795850721756 16056.936578644056 57211.848876953125 1.55517578125 3765.4313091348536 1895
stats: connect 208 1.946752694936899 0.5837141674632281 1043.947021484375 1.078857421875 3.6146159084379432 707
stats: 302 261 746
stats: 504 0 3
stats: 200 138 561
stats: size_rcv 60867533 743113893
stats: newphase 0 4
stats: size_sent 857599 2908575
stats: connected 59 455
stats: 400 37 105
stats: 503 976 3492
stats: 404 8 9
# stats: dump at 1433145082
stats: users 557 560
stats: session 163 26842.45598878451 23323.200341634172 107638.56909179688 1124.296142578125 30040.16886778595 359
stats: users_count 260 1079
stats: finish_users_count 163 522
stats: request 1833 375.2134165995377 2169.9627172750984 55373.8359375 0.203125 2796.651938554036 4916
stats: page 1047 462.3618322625656 2540.1955352679415 57211.848876953125 1.52294921875 4931.736925728286 2729
stats: connect 313 2.0592824917631805 1.3462671425384187 1043.947021484375 1.078857421875 3.235473232581968 915
stats: 302 36 782
stats: 504 1 4
stats: 200 17 578
stats: size_rcv 68681279 811795172
stats: newphase 1 5
stats: size_sent 854529 3763104
stats: connected 93 548
stats: 400 59 164
stats: 503 1718 5210
stats: 404 1 10
# stats: dump at 1433145092
stats: users 680 683
stats: session 216 19406.445376926 19957.878165104128 107638.56909179688 1124.296142578125 29041.64932894067 522
stats: users_count 339 1418
stats: finish_users_count 216 738
stats: request 2483 399.31472440328605 2872.5408665584146 55373.8359375 0.203125 2138.999425479122 6749
stats: page 1450 611.8682770406771 4137.914278514417 78381.20190429688 1.4990234375 3692.479583869544 3776
stats: connect 410 1.9941227610518286 0.9465087159295358 1043.947021484375 1.078857421875 2.9356786870801113 1228
stats: 302 24 806
stats: 504 2 6
stats: 200 21 599
stats: size_rcv 63601621 875396793
stats: newphase 0 5
stats: size_sent 1070721 4833825
stats: connected 127 675
stats: 400 66 230
stats: 503 2368 7578
stats: 404 2 12
# stats: dump at 1433145102
stats: users 687 722
stats: session 324 21080.576968346104 22310.74276175059 123029.5029296875 1124.296142578125 26221.589635668086 738
stats: users_count 331 1749
stats: finish_users_count 324 1062
stats: request 2759 454.3925423755209 3788.672718488181 55373.8359375 0.10791015625 1671.1011247023346 9232
stats: page 1685 630.5910660469219 4546.90097719419 78381.20190429688 1.4990234375 2837.7366839648644 5226
stats: connect 401 1.9172064954800498 0.5678966335220157 1043.947021484375 1.078857421875 2.7000022953392104 1638
stats: 302 18 824
stats: 504 1 7
stats: 200 21 620
stats: size_rcv 60011433 935408226
stats: newphase 0 5
stats: size_sent 1163493 5997318
stats: connected 9 684
stats: 400 70 300
stats: 503 2645 10223
stats: 404 0 12
# stats: dump at 1433145112
stats: users 482 722
stats: session 277 21478.62268198612 21262.358818316432 123029.5029296875 1124.296142578125 24653.145093095278 1062
stats: users_count 72 1821
stats: finish_users_count 277 1339
stats: request 1494 2387.18624334578 8899.878611626034 55373.8359375 0.10791015625 1391.1495794901189 11991
stats: page 1012 2509.348872128212 9641.813345908802 78381.20190429688 1.4990234375 2299.6032204730786 6911
stats: connect 110 2.1171364524147718 0.8513038287532378 1043.947021484375 1.078857421875 2.5460537344056533 2039
stats: 302 78 902
stats: 504 0 7
stats: 200 25 645
stats: size_rcv 70063435 1005471661
stats: newphase 0 5
stats: size_sent 648688 6646006
stats: connected -198 486
stats: 400 28 328
stats: 503 1363 11586
stats: 404 0 12
# stats: dump at 1433145122
stats: users 336 722
stats: session 146 32259.520909139555 23305.760474263687 130619.92407226563 1124.296142578125 23996.429105136172 1339
stats: users_count 0 1821
stats: finish_users_count 146 1485
stats: request 611 6892.504159580853 12100.409553620835 56357.805908203125 0.10791015625 1501.5002488116136 13485
stats: page 462 12556.887893478588 17922.558892330388 78381.20190429688 1.4990234375 2326.393905753275 7923
stats: connect 5 3.14287109375 1.8377905881860113 1043.947021484375 1.078857421875 2.524098917737902 2149
stats: 302 299 1201
stats: 504 0 7
stats: 200 79 724
stats: size_rcv 67787991 1073259652
stats: newphase 0 5
stats: size_sent 403056 7049062
stats: connected -147 339
stats: 400 5 333
stats: 503 222 11808
stats: 404 6 18
# stats: dump at 1433145132
stats: users 248 722
stats: session 88 41664.22247591886 22314.585066545238 130619.92407226563 1124.296142578125 24808.827356573544 1485
stats: users_count 0 1821
stats: finish_users_count 88 1573
stats: request 260 5921.759673602762 6330.740514886705 56357.805908203125 0.10791015625 1735.1767094727945 14096
stats: page 211 6993.914300855305 8206.32923913019 78381.20190429688 1.4990234375 2890.0776531986053 8385
stats: connect 5 2.515380859375 0.47047452955392216 1043.947021484375 1.078857421875 2.5255352505513007 2154
stats: 302 95 1296
stats: 504 0 7
stats: 200 30 754
stats: size_rcv 71134218 1144393870
stats: newphase 0 5
stats: size_sent 174477 7223539
stats: connected -91 248
stats: 400 5 338
stats: 503 129 11937
stats: 404 0 18
# stats: dump at 1433145142
stats: users 194 722
stats: session 54 48802.90550401476 20498.896381907005 130619.92407226563 1124.296142578125 25751.786524089366 1573
stats: users_count 0 1821
stats: finish_users_count 54 1627
stats: request 116 12510.381629680769 6554.831301802779 56357.805908203125 0.10791015625 1810.999471431125 14356
stats: page 102 13623.467529296875 7537.545479801712 78381.20190429688 1.4990234375 2990.8116611855253 8596
stats: connect 0 0 0 1043.947021484375 1.078857421875 2.525511734128938 2159
stats: 302 74 1370
stats: 504 0 7
stats: 200 27 781
stats: size_rcv 73115859 1217509729
stats: newphase 0 5
stats: size_sent 65938 7289477
stats: connected -51 197
stats: 400 0 338
stats: 503 16 11953
stats: 404 0 18
# stats: dump at 1433145152
stats: users 136 722
stats: session 58 72602.08051168505 27883.73093443479 130861.81103515625 1124.296142578125 26516.85132121043 1627
stats: users_count 0 1821
stats: finish_users_count 58 1685
stats: request 183 10231.47382759136 10484.430403839342 56357.805908203125 0.10791015625 1896.760135496697 14472
stats: page 155 12621.778057270669 11364.23843562741 78381.20190429688 1.4990234375 3115.499048923782 8698
stats: connect 2 7.654541015625 4.180419921875 1043.947021484375 1.078857421875 2.525511734128938 2159
stats: 302 109 1479
stats: 504 0 7
stats: 200 68 849
stats: size_rcv 72069504 1289579233
stats: newphase 0 5
stats: size_sent 96081 7385558
stats: connected -60 137
stats: 400 2 340
stats: 503 3 11956
stats: 404 0 18
# stats: dump at 1433145162
stats: users 71 722
stats: session 65 80046.04779522236 24760.922705930287 148683.09301757813 1124.296142578125 28103.167815600653 1685
stats: users_count 0 1821
stats: finish_users_count 65 1750
stats: request 123 14505.506637449187 12207.462481494911 56357.805908203125 0.10791015625 2000.8374200858013 14655
stats: page 113 16595.890177768943 15002.314848553677 78381.20190429688 1.4990234375 3281.9367814770144 8853
stats: connect 0 0 0 1043.947021484375 1.078857421875 2.5302586376749776 2161
stats: 302 88 1567
stats: 504 0 7
stats: 200 35 884
stats: size_rcv 46623512 1336202745
stats: newphase 0 5
stats: size_sent 52783 7438341
stats: connected -66 71
stats: 400 0 340
stats: 503 0 11956
stats: 404 0 18
# stats: dump at 1433145172
stats: users 19 722
stats: session 52 87318.85437950722 20886.13924984667 152572.39794921875 1124.296142578125 30032.474786272316 1750
stats: users_count 0 1821
stats: finish_users_count 52 1802
stats: request 124 3914.6401701896402 7033.1265890886925 56357.805908203125 0.10791015625 2104.9160717122527 14778
stats: page 108 6155.063793041091 9795.148601668154 78381.20190429688 1.4990234375 3449.7347665072384 8966
stats: connect 1 9.40185546875 0.0 1043.947021484375 1.078857421875 2.5302586376749776 2161
stats: 302 64 1631
stats: 504 0 7
stats: 200 59 943
stats: size_rcv 27118939 1363321684
stats: newphase 0 5
stats: size_sent 68899 7507240
stats: connected -52 19
stats: 400 1 341
stats: 503 0 11956
stats: 404 0 18
# stats: dump at 1433145182
stats: users 4 722
stats: session 15 91884.0348795573 14110.97826660472 152572.39794921875 1124.296142578125 31685.577859994966 1802
stats: users_count 0 1821
stats: finish_users_count 15 1817
stats: request 30 405.7308756510418 1632.27785796261 56357.805908203125 0.10791015625 2119.9748415559784 14902
stats: page 27 457.8263888888888 1830.7276602250006 78381.20190429688 1.4990234375 3481.933965853244 9074
stats: connect 0 0 0 1043.947021484375 1.078857421875 2.533436989585743 2162
stats: 302 15 1646
stats: 504 0 7
stats: 200 15 958
stats: size_rcv 7327386 1370649070
stats: newphase 0 5
stats: size_sent 22384 7529624
stats: connected -15 4
stats: 400 0 341
stats: 503 0 11956
stats: 404 0 18
# stats: dump at 1433145192
stats: users 0 722
stats: session 4 129739.32678222656 27890.033215383977 176991.44995117188 1124.296142578125 32182.53815459785 1817
stats: users_count 0 1821
stats: finish_users_count 4 1821
stats: request 4 34.658447265625 19.447455669323862 56357.805908203125 0.10791015625 2116.5307403654383 14932
stats: page 4 34.658447265625 19.447455669323862 78381.20190429688 1.4990234375 3472.96232487115 9101
stats: connect 0 0 0 1043.947021484375 1.078857421875 2.533436989585743 2162
stats: 302 4 1650
stats: 504 0 7
stats: 200 0 958
stats: size_rcv 5488 1370654558
stats: newphase 0 5
stats: size_sent 3148 7532772
stats: connected -4 0
stats: 400 0 341
stats: 503 0 11956
stats: 404 0 18
# stats: dump at 1433145202
stats: users 0 722
stats: session 0 0 0 176991.44995117188 1124.296142578125 32396.83093576782 1821
stats: users_count 0 1821
stats: finish_users_count 0 1821
stats: request 0 0 0 56357.805908203125 0.10791015625 2115.973195562787 14936
stats: page 0 0 0 78381.20190429688 1.4990234375 3471.451812459242 9105
stats: connect 0 0 0 1043.947021484375 1.078857421875 2.533436989585743 2162
stats: 302 0 1650
stats: 504 0 7
stats: 200 0 958
stats: size_rcv 0 1370654558
stats: newphase 0 5
stats: size_sent 0 7532772
stats: connected 0 0
stats: 400 0 341
stats: 503 0 11956
stats: 404 0 18
# stats: dump at 1433145212
stats: users 0 722
stats: session 0 0 0 176991.44995117188 1124.296142578125 32396.83093576782 1821
stats: users_count 0 1821
stats: finish_users_count 0 1821
stats: request 0 0 0 56357.805908203125 0.10791015625 2115.973195562787 14936
stats: page 0 0 0 78381.20190429688 1.4990234375 3471.451812459242 9105
stats: connect 0 0 0 1043.947021484375 1.078857421875 2.533436989585743 2162
stats: 302 0 1650
stats: 504 0 7
stats: 200 0 958
stats: size_rcv 0 1370654558
stats: newphase 0 5
stats: size_sent 0 7532772
stats: connected 0 0
stats: 400 0 341
stats: 503 0 11956
stats: 404 0 18
# stats: dump at 1433145222
stats: users 0 722
stats: session 0 0 0 176991.44995117188 1124.296142578125 32396.83093576782 1821
stats: users_count 0 1821
stats: finish_users_count 0 1821
stats: request 0 0 0 56357.805908203125 0.10791015625 2115.973195562787 14936
stats: page 0 0 0 78381.20190429688 1.4990234375 3471.451812459242 9105
stats: connect 0 0 0 1043.947021484375 1.078857421875 2.533436989585743 2162
stats: 302 0 1650
stats: 504 0 7
stats: 200 0 958
stats: size_rcv 0 1370654558
stats: newphase 0 5
stats: size_sent 0 7532772
stats: connected 0 0
stats: 400 0 341
stats: 503 0 11956
stats: 404 0 18
# stats: dump at 1433145225
stats: users 0 722
stats: session 0 0 0 176991.44995117188 1124.296142578125 32396.83093576782 1821
stats: users_count 0 1821
stats: finish_users_count 0 1821
stats: request 0 0 0 56357.805908203125 0.10791015625 2115.973195562787 14936
stats: page 0 0 0 78381.20190429688 1.4990234375 3471.451812459242 9105
stats: connect 0 0 0 1043.947021484375 1.078857421875 2.533436989585743 2162
stats: 302 0 1650
stats: 504 0 7
stats: 200 0 958
stats: size_rcv 0 1370654558
stats: newphase 0 5
stats: size_sent 0 7532772
stats: connected 0 0
stats: 400 0 341
stats: 503 0 11956
stats: 404 0 18
EndMonitor:{1433,145225,252250}
