# stats: dump at 1433199357
stats: users 0 0
stats: users_count 0 0
stats: finish_users_count 0 0
# stats: dump at 1433199367
stats: users 7 7
stats: users_count 7 7
stats: finish_users_count 0 0
stats: request 11 172.96724076704547 338.6414746097278 1223.65087890625 14.054931640625 0 0
stats: page 4 476.196533203125 444.6005211541624 1246.053955078125 202.52197265625 0 0
stats: connect 5 208.653173828125 413.9110232361917 1036.47509765625 1.4619140625 0 0
stats: 302 7 7
stats: 200 4 4
stats: size_rcv 24046 24046
stats: newphase 1 1
stats: size_sent 8787 8787
stats: connected 5 5
# stats: dump at 1433199377
stats: users 21 21
stats: users_count 14 21
stats: finish_users_count 0 0
stats: request 9 68.34654405381944 69.74726469250382 1223.65087890625 14.054931640625 172.96724076704547 11
stats: page 3 205.689697265625 1.7355748857390971 1246.053955078125 202.52197265625 476.196533203125 4
stats: connect 16 1.7324981689453125 0.2716335561701764 1036.47509765625 1.161865234375 208.653173828125 5
stats: 302 6 13
stats: 200 3 7
stats: size_rcv 17652 41698
stats: newphase 0 1
stats: size_sent 19481 28268
stats: connected 16 21
# stats: dump at 1433199387
stats: users 44 44
stats: users_count 23 44
stats: finish_users_count 0 0
stats: request 69 4429.750534278759 3170.691508186167 13917.8251953125 14.054931640625 125.88792724609375 20
stats: page 12 11789.3359375 3463.899843076854 17986.507080078125 202.52197265625 360.26503208705356 7
stats: connect 23 1.6735202955163044 0.2498280122002695 1036.47509765625 1.161865234375 50.99932570684524 21
stats: 302 57 70
stats: 200 12 19
stats: size_rcv 69093 110791
stats: newphase 0 1
stats: size_sent 72183 100451
stats: connected 23 44
# stats: dump at 1433199397
stats: users 70 70
stats: users_count 26 70
stats: finish_users_count 0 0
stats: request 33 1410.086544152462 404.8207994530514 13917.8251953125 14.054931640625 3462.5903978669244 89
stats: page 18 10080.057210286455 3905.6688668354686 18353.156982421875 202.52197265625 7578.625603926809 19
stats: connect 24 1.6968994140625 0.2809115156746129 1036.47509765625 1.135986328125 25.215381969105113 44
stats: 302 15 85
stats: 200 18 37
stats: size_rcv 95409 206200
stats: newphase 1 2
stats: size_sent 46369 146820
stats: connected 24 68
# stats: dump at 1433199407
stats: users 106 106
stats: users_count 36 106
stats: finish_users_count 0 0
stats: request 0 0 0 13917.8251953125 14.054931640625 2907.404929239242 122
stats: page 0 0 0 18353.156982421875 202.52197265625 8795.538277290962 37
stats: connect 37 1.5619721283783783 0.26399389702096965 1036.47509765625 1.135986328125 16.914741067325366 68
stats: 302 0 85
stats: 200 0 37
stats: size_rcv 0 206200
stats: newphase 0 2
stats: size_sent 15650 162470
stats: connected 37 105
# stats: dump at 1433199417
stats: users 144 144
stats: users_count 38 144
stats: finish_users_count 0 0
stats: request 7 30465.069719587053 8873.086678185833 44748.378173828125 14.054931640625 2907.404929239242 122
stats: page 5 34410.2818359375 8312.169702924857 44748.378173828125 202.52197265625 8795.538277290962 37
stats: connect 39 1.5204827724358974 0.28137672479211984 1036.47509765625 1.052978515625 11.504717726934524 105
stats: 302 2 87
stats: 200 5 42
stats: size_rcv 11014121 11220321
stats: newphase 0 2
stats: size_sent 22093 184563
stats: connected 39 144
# stats: dump at 1433199427
stats: users 197 197
stats: users_count 53 197
stats: finish_users_count 0 0
stats: request 0 0 0 44748.378173828125 14.054931640625 4402.782088405402 129
stats: page 0 0 0 44748.378173828125 202.52197265625 11844.912510463168 42
stats: connect 52 1.937082143930288 1.7312246509713571 1036.47509765625 1.052978515625 8.800654093424479 144
stats: 302 0 87
stats: 200 0 42
stats: size_rcv 0 11220321
stats: newphase 1 3
stats: size_sent 22816 207379
stats: connected 52 196
# stats: dump at 1433199437
stats: users 271 272
stats: session 5 18544.805615234374 25490.756594549784 69489.13012695313 4413.748779296875 0 0
stats: users_count 79 276
stats: finish_users_count 5 5
stats: request 331 722.4929420494232 6506.298655696596 59993.39892578125 0.64306640625 4402.782088405402 129
stats: page 170 1407.1718333524834 9025.46396042868 59993.39892578125 1.512939453125 11844.912510463168 42
stats: connect 84 2.3092157273065474 2.060251115784627 1036.47509765625 1.052978515625 6.9797064333545915 196
stats: 302 0 87
stats: 504 4 4
stats: 200 0 42
stats: size_rcv 165301 11385622
stats: newphase 0 3
stats: size_sent 148845 356224
stats: connected 75 271
stats: 400 5 5
stats: 503 322 322
# stats: dump at 1433199447
stats: users 294 296
stats: session 49 11903.15883091518 13854.65517894869 79272.94604492188 996.02978515625 18544.805615234374 5
stats: users_count 72 348
stats: finish_users_count 49 54
stats: request 549 1737.0989783448601 10008.856503733508 59993.39892578125 0.51904296875 1754.5740287449041 460
stats: page 331 2919.20066736688 12933.36298509283 64450.614013671875 1.43212890625 3475.0261184404494 212
stats: connect 80 2.3528076171875005 1.9674047538740365 1036.47509765625 1.052978515625 5.5785592215401785 280
stats: 302 0 87
stats: 504 17 21
stats: 200 0 42
stats: size_rcv 260879 11646501
stats: newphase 0 3
stats: size_sent 213975 570199
stats: connected 21 292
stats: 400 11 16
stats: 503 521 843
# stats: dump at 1433199457
stats: users 336 336
stats: session 62 23161.02034636467 25266.284859754775 91133.69604492188 996.02978515625 12518.126125759549 54
stats: users_count 104 452
stats: finish_users_count 62 116
stats: request 927 2828.457149501503 12658.668263223864 59993.602783203125 0.51904296875 1745.065800132789 1009
stats: page 537 4895.830996948471 16372.01739266093 64450.614013671875 1.370849609375 3136.2080257970765 543
stats: connect 127 2.099007674089567 1.9969804895904903 1036.47509765625 1.052978515625 4.861725531684028 360
stats: 302 0 87
stats: 504 44 65
stats: 200 0 42
stats: size_rcv 434201 12080702
stats: newphase 1 4
stats: size_sent 405563 975762
stats: connected 40 332
stats: 400 24 40
stats: 503 859 1702
# stats: dump at 1433199467
stats: users 359 366
stats: session 121 26831.23466352983 28214.02381488491 94423.41796875 996.02978515625 18206.569588496768 116
stats: users_count 144 596
stats: finish_users_count 121 237
stats: request 1326 1617.8543563083283 9667.422548169015 60000.721923828125 0.51806640625 2263.8177530588214 1936
stats: page 772 2779.3102281007173 12542.838409083903 64450.614013671875 1.370849609375 4011.131669786241 1080
stats: connect 175 2.282303292410713 2.2909210761439724 1036.47509765625 1.030029296875 4.1412631745700725 487
stats: 302 0 87
stats: 504 37 102
stats: 200 0 42
stats: size_rcv 630040 12710742
stats: newphase 0 4
stats: size_sent 532560 1508322
stats: connected 22 354
stats: 400 36 76
stats: 503 1253 2955
# stats: dump at 1433199477
stats: users 359 377
stats: session 154 26624.829277533987 26064.594081148294 99981.19799804688 996.02978515625 22609.87960570774 237
stats: users_count 154 750
stats: finish_users_count 154 391
stats: request 1511 1774.045785173054 10109.637659214102 60000.721923828125 0.51806640625 2001.2342263601229 3262
stats: page 906 3015.528017696693 13221.776524563636 86433.72290039063 1.370849609375 3497.6510256279125 1852
stats: connect 191 2.262031914676046 1.9996922029521051 1036.47509765625 0.903076171875 3.649846287292296 662
stats: 302 0 87
stats: 504 45 147
stats: 200 0 42
stats: size_rcv 715897 13426639
stats: newphase 0 4
stats: size_sent 595003 2103325
stats: connected 3 357
stats: 400 38 114
stats: 503 1428 4383
# stats: dump at 1433199487
stats: users 390 390
stats: session 180 30324.18890516493 28925.939615832503 115096.587890625 996.02978515625 24191.215282079203 391
stats: users_count 211 961
stats: finish_users_count 180 571
stats: request 1827 1762.7657804108073 10079.672183317227 60000.721923828125 0.51806640625 1929.3126393847067 4773
stats: page 1068 3015.965587601683 13040.65134653502 86433.72290039063 1.342041015625 3339.274141949274 2758
stats: connect 257 3.0091443488570038 3.3329423372889493 1036.47509765625 0.903076171875 3.3390930104227725 853
stats: 302 0 87
stats: 504 55 202
stats: 200 0 42
stats: size_rcv 868417 14295056
stats: newphase 1 5
stats: size_sent 718017 2821342
stats: connected 17 374
stats: 400 52 166
stats: 503 1720 6103
# stats: dump at 1433199497
stats: users 447 447
stats: session 241 24119.790114026844 25817.822870761527 128805.95385742188 893.2880859375 26124.551975871553 571
stats: users_count 298 1259
stats: finish_users_count 241 812
stats: request 2428 321.6994084919111 4344.79285745261 60000.721923828125 0.507080078125 1883.2094406960227 6600
stats: page 1432 545.8841532275662 5647.132692562644 86433.72290039063 1.342041015625 3249.0249166374006 3826
stats: connect 361 2.404191373788087 2.3282644944464694 1036.47509765625 0.903076171875 3.262699491483671 1110
stats: 302 0 87
stats: 504 14 216
stats: 200 0 42
stats: size_rcv 1174968 15470024
stats: newphase 0 5
stats: size_sent 961243 3782585
stats: connected 66 440
stats: 400 57 223
stats: 503 2357 8460
# stats: dump at 1433199507
stats: users 516 516
stats: session 266 20158.237848955883 21870.81410576986 134338.99291992188 893.2880859375 25529.54260554572 812
stats: users_count 335 1594
stats: finish_users_count 266 1078
stats: request 2580 48.850548180868444 1646.079398324316 60000.721923828125 0.333984375 1463.2552583531358 9028
stats: page 1545 81.95092457397848 2126.5577185223888 86433.72290039063 1.342041015625 2512.8329095619188 5258
stats: connect 398 2.3479132724167715 2.3151091542566147 1036.47509765625 0.903076171875 3.0520119112742177 1471
stats: 302 0 87
stats: 504 2 218
stats: 200 0 42
stats: size_rcv 1250230 16720254
stats: newphase 0 5
stats: size_sent 1021400 4803985
stats: connected 64 504
stats: 400 68 291
stats: 503 2509 10969
# stats: dump at 1433199517
stats: users 410 532
stats: session 340 16637.95478084788 16120.567835560689 135435.76611328125 893.2880859375 24204.15571755602 1078
stats: users_count 234 1828
stats: finish_users_count 340 1418
stats: request 2406 200.85893400450706 3424.1120795277075 60000.721923828125 0.333984375 1148.8889461335932 11608
stats: page 1516 319.17166773813705 4309.325143067037 86433.72290039063 1.342041015625 1960.7657822936005 6803
stats: connect 302 2.949567984271522 2.795202575354074 1036.47509765625 0.861083984375 2.902075443502541 1869
stats: 302 0 87
stats: 504 9 227
stats: 200 0 42
stats: size_rcv 1153008 17873262
stats: newphase 0 5
stats: size_sent 935339 5739324
stats: connected -89 415
stats: 400 54 345
stats: 503 2343 13312
# stats: dump at 1433199527
stats: users 169 532
stats: session 241 22147.757487316838 22430.240611272897 151163.00415039063 893.2880859375 22389.9749569913 1418
stats: users_count 0 1828
stats: finish_users_count 241 1659
stats: request 653 366.3411691382319 4640.211122650149 60000.721923828125 0.333984375 986.1259798725271 14014
stats: page 542 441.506298107415 5089.983121791567 86433.72290039063 1.342041015625 1661.6124372201443 8319
stats: connect 8 1.628387451171875 0.26661090869380827 1036.47509765625 0.861083984375 2.908681959998272 2171
stats: 302 0 87
stats: 504 4 231
stats: 200 0 42
stats: size_rcv 301620 18174882
stats: newphase 0 5
stats: size_sent 236934 5976258
stats: connected -241 174
stats: 400 6 351
stats: 503 643 13955
# stats: dump at 1433199537
stats: users 54 532
stats: session 115 24676.295616083567 6067.4594054085765 151163.00415039063 893.2880859375 22354.78845295782 1659
stats: users_count 0 1828
stats: finish_users_count 115 1774
stats: request 197 2.2573465260152266 0.5128478969694861 60000.721923828125 0.333984375 958.5320969101289 14667
stats: page 184 2.4814094875169834 1.4769832251079054 86433.72290039063 1.342041015625 1586.9823133741788 8861
stats: connect 1 1.8310546875 0.0 1036.47509765625 0.861083984375 2.903981475339892 2179
stats: 302 0 87
stats: 504 0 231
stats: 200 0 42
stats: size_rcv 91794 18266676
stats: newphase 0 5
stats: size_sent 70863 6047121
stats: connected -120 54
stats: 400 1 352
stats: 503 196 14151
# stats: dump at 1433199547
stats: users 31 532
stats: session 23 31449.36951214334 5009.92649783913 151163.00415039063 893.2880859375 22505.280743690324 1774
stats: users_count 0 1828
stats: finish_users_count 23 1797
stats: request 37 8010.393574482686 20258.118053130853 60000.721923828125 0.333984375 945.8581110499518 14864
stats: page 33 5377.539602568655 16996.161881640226 86433.72290039063 1.342041015625 1554.7492380491212 9045
stats: connect 0 0 0 1036.47509765625 0.861083984375 2.903489307088589 2180
stats: 302 0 87
stats: 504 5 236
stats: 200 0 42
stats: size_rcv 15351 18282027
stats: newphase 0 5
stats: size_sent 13421 6060542
stats: connected -23 31
stats: 400 0 352
stats: 503 32 14183
# stats: dump at 1433199557
stats: users 31 532
stats: session 0 0 0 151163.00415039063 893.2880859375 22619.757116352772 1797
stats: users_count 0 1828
stats: finish_users_count 0 1797
stats: request 0 0 0 60000.721923828125 0.333984375 963.3997399437852 14901
stats: page 0 0 0 86433.72290039063 1.342041015625 1568.6457000483663 9078
stats: connect 0 0 0 1036.47509765625 0.861083984375 2.903489307088589 2180
stats: 302 0 87
stats: 504 0 236
stats: 200 0 42
stats: size_rcv 0 18282027
stats: newphase 0 5
stats: size_sent 4206 6064748
stats: connected 0 31
stats: 400 0 352
stats: 503 0 14183
# stats: dump at 1433199567
stats: users 31 532
stats: session 0 0 0 151163.00415039063 893.2880859375 22619.757116352772 1797
stats: users_count 0 1828
stats: finish_users_count 0 1797
stats: request 0 0 0 60000.721923828125 0.333984375 963.3997399437852 14901
stats: page 0 0 0 86433.72290039063 1.342041015625 1568.6457000483663 9078
stats: connect 0 0 0 1036.47509765625 0.861083984375 2.903489307088589 2180
stats: 302 0 87
stats: 504 0 236
stats: 200 0 42
stats: size_rcv 0 18282027
stats: newphase 0 5
stats: size_sent 347 6065095
stats: connected 0 31
stats: 400 0 352
stats: 503 0 14183
# stats: dump at 1433199577
stats: users 31 532
stats: session 0 0 0 151163.00415039063 893.2880859375 22619.757116352772 1797
stats: users_count 0 1828
stats: finish_users_count 0 1797
stats: request 2 29532.994018554688 29531.288940429688 60000.721923828125 0.333984375 963.3997399437852 14901
stats: page 0 0 0 86433.72290039063 1.342041015625 1568.6457000483663 9078
stats: connect 0 0 0 1036.47509765625 0.861083984375 2.903489307088589 2180
stats: 302 0 87
stats: 504 1 237
stats: 200 0 42
stats: size_rcv 141 18282168
stats: newphase 0 5
stats: size_sent 182 6065277
stats: connected -1 30
stats: 400 1 353
stats: 503 0 14183
# stats: dump at 1433199587
stats: users 30 532
stats: session 1 78188.63012695313 0.0 151163.00415039063 893.2880859375 22619.757116352772 1797
stats: users_count 0 1828
stats: finish_users_count 1 1798
stats: request 9 46365.03529188368 24783.270648167647 60000.721923828125 0.333984375 967.2338128524091 14903
stats: page 2 59677.33605957031 255.7430419921875 86433.72290039063 1.342041015625 1568.6457000483663 9078
stats: connect 3 4.246988932291667 3.6217053246837754 1036.47509765625 0.861083984375 2.903489307088589 2180
stats: 302 0 87
stats: 504 7 244
stats: 200 0 42
stats: size_rcv 657 18282825
stats: newphase 0 5
stats: size_sent 2938 6068215
stats: connected 0 30
stats: 400 2 355
stats: 503 0 14183
# stats: dump at 1433199597
stats: users 17 532
stats: session 13 85501.88189227764 9381.313451656899 151163.00415039063 893.2880859375 22650.66305239871 1798
stats: users_count 0 1828
stats: finish_users_count 13 1811
stats: request 35 21611.852308872767 22735.60547627765 60000.721923828125 0.333984375 994.6332370283266 14912
stats: page 28 39749.42619105748 31817.43243533541 106213.91186523438 1.342041015625 1581.4449710526665 9080
stats: connect 1 1.80908203125 0.0 1036.47509765625 0.861083984375 2.9053356189876314 2183
stats: 302 32 119
stats: 504 2 246
stats: 200 0 42
stats: size_rcv 5949 18288774
stats: newphase 0 5
stats: size_sent 12521 6080736
stats: connected -13 17
stats: 400 1 356
stats: 503 0 14183
# stats: dump at 1433199607
stats: users 5 532
stats: session 12 101047.38244628906 12883.195952831275 151163.00415039063 893.2880859375 23101.831382005796 1811
stats: users_count 0 1828
stats: finish_users_count 12 1823
stats: request 26 19571.560847355773 25312.813732001516 60000.721923828125 0.333984375 1042.9106617633608 14947
stats: page 21 29917.23995535714 31380.7231877507 106213.91186523438 1.342041015625 1698.7817600469718 9108
stats: connect 0 0 0 1036.47509765625 0.861083984375 2.9048336713741985 2184
stats: 302 26 145
stats: 504 0 246
stats: 200 0 42
stats: size_rcv 6909 18295683
stats: newphase 0 5
stats: size_sent 12370 6093106
stats: connected -11 6
stats: 400 0 356
stats: 503 0 14183
# stats: dump at 1433199617
stats: users 3 532
stats: session 2 115423.1669921875 15765.912109375 151163.00415039063 893.2880859375 23614.912354453078 1823
stats: users_count 0 1828
stats: finish_users_count 2 1825
stats: request 5 24.02177734375 18.374734163242728 60000.721923828125 0.333984375 1075.0849023848398 14973
stats: page 5 24.02177734375 18.374734163242728 106213.91186523438 1.342041015625 1763.694414456164 9129
stats: connect 0 0 0 1036.47509765625 0.861083984375 2.9048336713741985 2184
stats: 302 5 150
stats: 504 0 246
stats: 200 0 42
stats: size_rcv 744 18296427
stats: newphase 0 5
stats: size_sent 4116 6097222
stats: connected -3 3
stats: 400 0 356
stats: 503 0 14183
# stats: dump at 1433199627
stats: users 2 532
stats: session 1 141291.6708984375 0.0 151163.00415039063 893.2880859375 23715.524140357444 1825
stats: users_count 0 1828
stats: finish_users_count 1 1826
stats: request 3 9.493896484375 1.3498430873196423 60000.721923828125 0.333984375 1074.7340334019846 14978
stats: page 3 9.493896484375 1.3498430873196423 106213.91186523438 1.342041015625 1762.7421084362863 9134
stats: connect 0 0 0 1036.47509765625 0.861083984375 2.9048336713741985 2184
stats: 302 3 153
stats: 504 0 246
stats: 200 0 42
stats: size_rcv 445 18296872
stats: newphase 0 5
stats: size_sent 2540 6099762
stats: connected -1 2
stats: 400 0 356
stats: 503 0 14183
# stats: dump at 1433199637
stats: users 0 532
stats: session 2 119690.17651367188 3696.310546875 151163.00415039063 893.2880859375 23779.914144058475 1826
stats: users_count 0 1828
stats: finish_users_count 2 1828
stats: request 2 8.78857421875 0.013427734375 60000.721923828125 0.333984375 1074.5207151715092 14981
stats: page 2 8.78857421875 0.013427734375 106213.91186523438 1.342041015625 1762.1664550888138 9137
stats: connect 0 0 0 1036.47509765625 0.861083984375 2.9048336713741985 2184
stats: 302 2 155
stats: 504 0 246
stats: 200 0 42
stats: size_rcv 297 18297169
stats: newphase 0 5
stats: size_sent 1664 6101426
stats: connected -1 1
stats: 400 0 356
stats: 503 0 14183
# stats: dump at 1433199647
stats: users 0 532
stats: session 0 0 0 151163.00415039063 893.2880859375 23884.84878560072 1828
stats: users_count 0 1828
stats: finish_users_count 0 1828
stats: request 1 8.35400390625 0.0 60000.721923828125 0.333984375 1074.378456326024 14983
stats: page 1 8.35400390625 0.0 106213.91186523438 1.342041015625 1761.782741798329 9139
stats: connect 0 0 0 1036.47509765625 0.861083984375 2.9048336713741985 2184
stats: 302 1 156
stats: 504 0 246
stats: 200 0 42
stats: size_rcv 148 18297317
stats: newphase 0 5
stats: size_sent 788 6102214
stats: connected -1 0
stats: 400 0 356
stats: 503 0 14183
# stats: dump at 1433199657
stats: users 0 532
stats: session 0 0 0 151163.00415039063 893.2880859375 23884.84878560072 1828
stats: users_count 0 1828
stats: finish_users_count 0 1828
stats: request 0 0 0 60000.721923828125 0.333984375 1074.3073121420664 14984
stats: page 0 0 0 106213.91186523438 1.342041015625 1761.5909005797414 9140
stats: connect 0 0 0 1036.47509765625 0.861083984375 2.9048336713741985 2184
stats: 302 0 156
stats: 504 0 246
stats: 200 0 42
stats: size_rcv 0 18297317
stats: newphase 0 5
stats: size_sent 0 6102214
stats: connected 0 0
stats: 400 0 356
stats: 503 0 14183
# stats: dump at 1433199667
stats: users 0 532
stats: session 0 0 0 151163.00415039063 893.2880859375 23884.84878560072 1828
stats: users_count 0 1828
stats: finish_users_count 0 1828
stats: request 0 0 0 60000.721923828125 0.333984375 1074.3073121420664 14984
stats: page 0 0 0 106213.91186523438 1.342041015625 1761.5909005797414 9140
stats: connect 0 0 0 1036.47509765625 0.861083984375 2.9048336713741985 2184
stats: 302 0 156
stats: 504 0 246
stats: 200 0 42
stats: size_rcv 0 18297317
stats: newphase 0 5
stats: size_sent 0 6102214
stats: connected 0 0
stats: 400 0 356
stats: 503 0 14183
# stats: dump at 1433199677
stats: users 0 532
stats: session 0 0 0 151163.00415039063 893.2880859375 23884.84878560072 1828
stats: users_count 0 1828
stats: finish_users_count 0 1828
stats: request 0 0 0 60000.721923828125 0.333984375 1074.3073121420664 14984
stats: page 0 0 0 106213.91186523438 1.342041015625 1761.5909005797414 9140
stats: connect 0 0 0 1036.47509765625 0.861083984375 2.9048336713741985 2184
stats: 302 0 156
stats: 504 0 246
stats: 200 0 42
stats: size_rcv 0 18297317
stats: newphase 0 5
stats: size_sent 0 6102214
stats: connected 0 0
stats: 400 0 356
stats: 503 0 14183
# stats: dump at 1433199687
stats: users 0 532
stats: session 0 0 0 151163.00415039063 893.2880859375 23884.84878560072 1828
stats: users_count 0 1828
stats: finish_users_count 0 1828
stats: request 0 0 0 60000.721923828125 0.333984375 1074.3073121420664 14984
stats: page 0 0 0 106213.91186523438 1.342041015625 1761.5909005797414 9140
stats: connect 0 0 0 1036.47509765625 0.861083984375 2.9048336713741985 2184
stats: 302 0 156
stats: 504 0 246
stats: 200 0 42
stats: size_rcv 0 18297317
stats: newphase 0 5
stats: size_sent 0 6102214
stats: connected 0 0
stats: 400 0 356
stats: 503 0 14183
# stats: dump at 1433199694
stats: users 0 532
stats: session 0 0 0 151163.00415039063 893.2880859375 23884.84878560072 1828
stats: users_count 0 1828
stats: finish_users_count 0 1828
stats: request 0 0 0 60000.721923828125 0.333984375 1074.3073121420664 14984
stats: page 0 0 0 106213.91186523438 1.342041015625 1761.5909005797414 9140
stats: connect 0 0 0 1036.47509765625 0.861083984375 2.9048336713741985 2184
stats: 302 0 156
stats: 504 0 246
stats: 200 0 42
stats: size_rcv 0 18297317
stats: newphase 0 5
stats: size_sent 0 6102214
stats: connected 0 0
stats: 400 0 356
stats: 503 0 14183
EndMonitor:{1433,199694,821213}
