# stats: dump at 1433120161
stats: users 0 0
stats: users_count 0 0
stats: finish_users_count 0 0
# stats: dump at 1433120171
stats: users 13 13
stats: users_count 13 13
stats: finish_users_count 0 0
stats: request 22 289.7008278586648 341.0947289603898 1680.299072265625 29.860107421875 0 0
stats: page 8 797.1373596191406 521.0694199749781 1857.278076171875 106.65185546875 0 0
stats: connect 12 110.83980305989583 297.9617986391298 1075.90185546875 1.387939453125 0 0
stats: 302 14 14
stats: 200 8 8
stats: size_rcv 43397 43397
stats: newphase 1 1
stats: size_sent 26346 26346
stats: connected 12 12
# stats: dump at 1433120181
stats: users 39 39
stats: users_count 26 39
stats: finish_users_count 0 0
stats: request 13 7973.433067908654 2156.1544012326012 10482.81298828125 29.860107421875 289.7008278586648 22
stats: page 1 9295.22998046875 0.0 9295.22998046875 106.65185546875 797.1373596191406 8
stats: connect 25 1.898076171875 0.3765784176829732 1075.90185546875 1.22412109375 110.83980305989583 12
stats: 302 12 26
stats: 200 1 9
stats: size_rcv 7277 50674
stats: newphase 0 1
stats: size_sent 24361 50707
stats: connected 25 37
# stats: dump at 1433120191
stats: users 61 61
stats: users_count 22 61
stats: finish_users_count 0 0
stats: request 87 2469.3420129534843 1402.515847609836 10482.81298828125 1.48095703125 3143.658517020089 35
stats: page 25 10249.017509765625 3234.070741367986 16285.6259765625 106.65185546875 1741.369873046875 9
stats: connect 25 1.8459375 0.39886340235792445 1075.90185546875 1.22412109375 37.230528135557435 37
stats: 302 61 87
stats: 200 25 34
stats: size_rcv 142481 193155
stats: newphase 0 1
stats: size_sent 91773 142480
stats: connected 24 61
stats: 400 1 1
# stats: dump at 1433120201
stats: users 92 92
stats: users_count 31 92
stats: finish_users_count 0 0
stats: request 0 0 0 10482.81298828125 1.48095703125 2662.7934690381658 122
stats: page 0 0 0 16285.6259765625 106.65185546875 7996.993135340073 34
stats: connect 28 1.8521554129464286 0.4021099402118238 1075.90185546875 1.22412109375 22.962548040574596 62
stats: 302 0 87
stats: 200 0 34
stats: size_rcv 0 193155
stats: newphase 1 2
stats: size_sent 12799 155279
stats: connected 28 89
stats: 400 0 1
# stats: dump at 1433120211
stats: users 133 133
stats: users_count 41 133
stats: finish_users_count 0 0
stats: request 0 0 0 10482.81298828125 1.48095703125 2662.7934690381658 122
stats: page 0 0 0 16285.6259765625 106.65185546875 7996.993135340073 34
stats: connect 41 1.780660489710366 0.3908559050698101 1075.90185546875 1.22412109375 16.39487033420139 90
stats: 302 0 87
stats: 200 0 34
stats: size_rcv 0 193155
stats: newphase 0 2
stats: size_sent 17363 172642
stats: connected 41 130
stats: 400 0 1
# stats: dump at 1433120221
stats: users 170 170
stats: users_count 37 170
stats: finish_users_count 0 0
stats: request 15 33480.61595052085 6153.313089496705 49875.0859375 1.48095703125 2662.7934690381658 122
stats: page 13 37180.57162710337 5136.542050199993 49875.0859375 106.65185546875 7996.993135340073 34
stats: connect 39 2.1475235376602564 1.5511494816034892 1075.90185546875 1.212158203125 11.820957329437023 131
stats: 302 2 89
stats: 200 13 47
stats: size_rcv 11054296 11247451
stats: newphase 0 2
stats: size_sent 28696 201338
stats: connected 39 169
stats: 400 0 1
# stats: dump at 1433120231
stats: users 227 227
stats: users_count 57 227
stats: finish_users_count 0 0
stats: request 67 3540.847874883395 14040.538054567483 59549.787841796875 1.48095703125 6037.007609346489 137
stats: page 35 6778.485400390622 18852.81683648263 59549.787841796875 2.138916015625 16069.04676072141 47
stats: connect 54 2.787281177662037 4.371224672123555 1075.90185546875 1.212158203125 9.6017578125 170
stats: 302 0 89
stats: 504 4 4
stats: 200 0 47
stats: size_rcv 32607 11280058
stats: newphase 1 3
stats: size_sent 46836 248174
stats: connected 53 222
stats: 400 1 2
stats: 503 62 62
# stats: dump at 1433120241
stats: users 302 302
stats: session 19 13276.15091745477 19486.622281149754 72722.70581054688 2457.114990234375 0 0
stats: users_count 94 321
stats: finish_users_count 19 19
stats: request 569 106.52284495482755 2471.593119265046 59549.787841796875 0.6640625 5217.190441655179 204
stats: page 304 209.65883676629323 3550.5470703444953 62013.622802734375 1.616943359375 12103.563253263146 82
stats: connect 107 1.7542621933411215 0.3818548357709302 1075.90185546875 1.1611328125 7.958982195172992 224
stats: 302 0 89
stats: 504 1 5
stats: 200 0 47
stats: size_rcv 281715 11561773
stats: newphase 0 3
stats: size_sent 235985 484159
stats: connected 76 298
stats: 400 12 14
stats: 503 556 618
# stats: dump at 1433120251
stats: users 317 318
stats: session 54 14282.641172055844 15594.37144663133 76750.82421875 2457.114990234375 13276.15091745477 19
stats: users_count 69 390
stats: finish_users_count 54 73
stats: request 702 3392.029785156246 13788.845087240074 59989.89013671875 0.6640625 1455.2630645238723 773
stats: page 418 5558.2224524100975 17312.50392944476 62013.622802734375 1.52001953125 2736.3431946749515 386
stats: connect 85 1.7527171415441176 0.4027840041213249 1075.90185546875 1.1611328125 5.953226786725832 331
stats: 302 1 90
stats: 504 39 44
stats: 200 0 47
stats: size_rcv 324926 11886699
stats: newphase 0 3
stats: size_sent 290423 774582
stats: connected 17 315
stats: 400 15 29
stats: 503 647 1265
# stats: dump at 1433120261
stats: users 380 380
stats: session 99 28871.30461105193 27774.26585314025 92783.51708984375 1399.656982421875 14020.67795510488 73
stats: users_count 162 552
stats: finish_users_count 99 172
stats: request 1217 1518.3886233277267 9376.460933593737 59989.89013671875 0.635009765625 2377.032717326534 1475
stats: page 695 2659.212173308228 12285.867567428384 62013.622802734375 1.47705078125 4203.439624691483 804
stats: connect 189 1.7076887504133598 0.3938968428048774 1075.90185546875 1.154052734375 5.094949575570914 416
stats: 302 0 90
stats: 504 31 75
stats: 200 0 47
stats: size_rcv 583293 12469992
stats: newphase 1 4
stats: size_sent 504588 1279170
stats: connected 55 370
stats: 400 35 64
stats: 503 1151 2416
# stats: dump at 1433120271
stats: users 402 404
stats: session 138 23097.010489201206 23930.651080000964 97225.15283203125 1373.93701171875 22568.42236753952 172
stats: users_count 160 712
stats: finish_users_count 138 310
stats: request 1482 1689.1305842637682 9876.291321855386 59989.89013671875 0.632080078125 1988.8566911762557 2692
stats: page 870 2877.7279383867635 12757.816476942731 62013.622802734375 1.43505859375 3487.470259306985 1499
stats: connect 196 1.8391586615114797 2.030379407956331 1075.90185546875 1.112060546875 4.036780491348141 605
stats: 302 0 90
stats: 504 42 117
stats: 200 0 47
stats: size_rcv 705626 13175618
stats: newphase 0 4
stats: size_sent 579647 1858817
stats: connected 26 396
stats: 400 37 101
stats: 503 1403 3819
# stats: dump at 1433120281
stats: users 353 404
stats: session 176 30005.374825217506 28256.97149987209 106490.97705078125 1373.93701171875 22803.729337827626 310
stats: users_count 127 839
stats: finish_users_count 176 486
stats: request 1525 1991.8621482774097 10695.655248326657 59989.89013671875 0.632080078125 1882.4374074090524 4174
stats: page 939 3180.526447267704 13623.826112990655 94801.23315429688 1.43505859375 3263.5463170526195 2369
stats: connect 166 1.7199854103915662 0.48881549458529094 1075.90185546875 1.112060546875 3.4990353244967234 801
stats: 302 0 90
stats: 504 51 168
stats: 200 0 47
stats: size_rcv 715492 13891110
stats: newphase 0 4
stats: size_sent 598210 2457027
stats: connected -49 347
stats: 400 35 136
stats: 503 1439 5258
# stats: dump at 1433120291
stats: users 413 414
stats: session 211 28304.68631748001 27595.927229407418 111247.16723632813 1373.93701171875 25411.732641902974 486
stats: users_count 271 1110
stats: finish_users_count 211 697
stats: request 2148 1110.8025162624026 8043.030994751781 60000.077880859375 0.632080078125 1911.71846194919 5699
stats: page 1261 1986.8641410664325 10676.416093315836 94801.23315429688 1.43505859375 3239.980519674132 3308
stats: connect 314 1.9790793254876575 1.4132372793452157 1075.90185546875 0.9599609375 3.193634822178775 967
stats: 302 0 90
stats: 504 41 209
stats: 200 0 47
stats: size_rcv 1038272 14929382
stats: newphase 1 5
stats: size_sent 857920 3314947
stats: connected 62 409
stats: 400 42 178
stats: 503 2065 7323
# stats: dump at 1433120301
stats: users 468 468
stats: session 245 25723.250362723214 28783.131963946875 131781.79296875 1373.93701171875 26287.504844982966 697
stats: users_count 300 1410
stats: finish_users_count 245 942
stats: request 2378 2.388400219788168 0.9798014433501562 60000.077880859375 0.632080078125 1692.4795870498374 7847
stats: page 1435 4.2675546466681045 3.472707137315969 94801.23315429688 1.43505859375 2894.1324668344932 4569
stats: connect 346 1.6625997730762283 0.460460107850344 1075.90185546875 0.9599609375 2.8959217652224822 1281
stats: 302 0 90
stats: 504 0 209
stats: 200 0 47
stats: size_rcv 1157061 16086443
stats: newphase 0 5
stats: size_sent 941997 4256944
stats: connected 51 460
stats: 400 49 227
stats: 503 2329 9652
# stats: dump at 1433120311
stats: users 507 509
stats: session 289 16972.91145129351 17037.28797765319 144656.44677734375 1373.93701171875 26140.750759894177 942
stats: users_count 328 1738
stats: finish_users_count 289 1231
stats: request 2603 139.23599929018226 2846.554602358893 60000.077880859375 0.619873046875 1299.4197491738612 10225
stats: page 1562 270.4300774685401 4496.135295547459 118538.89404296875 1.43505859375 2203.4335745977296 6004
stats: connect 401 1.712558812928616 0.8036012512220736 1075.90185546875 0.864990234375 2.633641857857637 1627
stats: 302 0 90
stats: 504 7 216
stats: 200 0 47
stats: size_rcv 1255636 17342079
stats: newphase 0 5
stats: size_sent 1028565 5285509
stats: connected 37 497
stats: 400 76 303
stats: 503 2520 12172
# stats: dump at 1433120321
stats: users 311 533
stats: session 310 17953.72526067917 17850.766064311887 144656.44677734375 1373.93701171875 23988.431052188578 1231
stats: users_count 114 1852
stats: finish_users_count 310 1541
stats: request 1699 247.60376824372756 3811.751054969115 60000.077880859375 0.19482421875 1064.000486549351 12828
stats: page 1135 370.9807296685719 4658.948461591026 118538.89404296875 1.43505859375 1804.3651814552775 7566
stats: connect 165 1.784188565340909 0.6701549666867711 1075.90185546875 0.864990234375 2.4515144904924804 2028
stats: 302 0 90
stats: 504 7 223
stats: 200 0 47
stats: size_rcv 802867 18144946
stats: newphase 0 5
stats: size_sent 652768 5938277
stats: connected -178 319
stats: 400 38 341
stats: 503 1653 13825
# stats: dump at 1433120331
stats: users 125 533
stats: session 186 21456.298723118267 11939.7568900029 144656.44677734375 1373.93701171875 22774.440918919325 1541
stats: users_count 0 1852
stats: finish_users_count 186 1727
stats: request 417 2.5326346344799195 1.0097333220446862 60000.077880859375 0.19482421875 968.5191053693928 14527
stats: page 361 3.0014783695463993 1.9560984830595127 118538.89404296875 1.43505859375 1617.3876670571726 8701
stats: connect 2 1.865478515625 0.431396484375 1075.90185546875 0.864990234375 2.4013052895576834 2193
stats: 302 0 90
stats: 504 0 223
stats: 200 0 47
stats: size_rcv 194352 18339298
stats: newphase 0 5
stats: size_sent 156189 6094466
stats: connected -194 125
stats: 400 2 343
stats: 503 415 14240
# stats: dump at 1433120341
stats: users 100 533
stats: session 25 27833.555302734374 7704.163204459886 144656.44677734375 1373.93701171875 22632.475401595068 1727
stats: users_count 0 1852
stats: finish_users_count 25 1752
stats: request 47 2.4110808676861697 0.7726532488158655 60000.077880859375 0.19482421875 941.5640492735378 14944
stats: page 42 2.710019066220238 0.9009701823203687 118538.89404296875 1.43505859375 1553.0758800216138 9062
stats: connect 0 0 0 1075.90185546875 0.864990234375 2.40081706470672 2195
stats: 302 0 90
stats: 504 0 223
stats: 200 0 47
stats: size_rcv 21996 18361294
stats: newphase 0 5
stats: size_sent 29950 6124416
stats: connected -25 100
stats: 400 0 343
stats: 503 47 14287
# stats: dump at 1433120351
stats: users 99 533
stats: session 1 40134.9990234375 0.0 144656.44677734375 1373.93701171875 22706.691724385295 1752
stats: users_count 0 1852
stats: finish_users_count 1 1753
stats: request 5 47798.38232421875 23881.610170784206 60000.077880859375 0.19482421875 938.6196033049516 14991
stats: page 3 39873.215983072914 28169.674128668037 118538.89404296875 1.43505859375 1545.923489186802 9104
stats: connect 0 0 0 1075.90185546875 0.864990234375 2.40081706470672 2195
stats: 302 0 90
stats: 504 4 227
stats: 200 0 47
stats: size_rcv 983 18362277
stats: newphase 0 5
stats: size_sent 6597 6131013
stats: connected -1 99
stats: 400 0 343
stats: 503 1 14288
# stats: dump at 1433120361
stats: users 99 533
stats: session 0 0 0 144656.44677734375 1373.93701171875 22716.63371371733 1753
stats: users_count 0 1852
stats: finish_users_count 0 1753
stats: request 0 0 0 60000.077880859375 0.19482421875 954.2436906352109 14996
stats: page 0 0 0 118538.89404296875 1.43505859375 1558.5491482931664 9107
stats: connect 0 0 0 1075.90185546875 0.864990234375 2.40081706470672 2195
stats: 302 0 90
stats: 504 0 227
stats: 200 0 47
stats: size_rcv 0 18362277
stats: newphase 0 5
stats: size_sent 2788 6133801
stats: connected 0 99
stats: 400 0 343
stats: 503 0 14288
# stats: dump at 1433120371
stats: users 99 533
stats: session 0 0 0 144656.44677734375 1373.93701171875 22716.63371371733 1753
stats: users_count 0 1852
stats: finish_users_count 0 1753
stats: request 0 0 0 60000.077880859375 0.19482421875 954.2436906352109 14996
stats: page 0 0 0 118538.89404296875 1.43505859375 1558.5491482931664 9107
stats: connect 0 0 0 1075.90185546875 0.864990234375 2.40081706470672 2195
stats: 302 0 90
stats: 504 0 227
stats: 200 0 47
stats: size_rcv 0 18362277
stats: newphase 0 5
stats: size_sent 347 6134148
stats: connected 0 99
stats: 400 0 343
stats: 503 0 14288
# stats: dump at 1433120381
stats: users 93 533
stats: session 6 74396.81530761719 10188.866284284808 144656.44677734375 1373.93701171875 22716.63371371733 1753
stats: users_count 0 1852
stats: finish_users_count 6 1759
stats: request 14 55310.365216936385 15341.516878735834 60000.077880859375 0.19482421875 954.2436906352109 14996
stats: page 10 59609.145703125 235.0778643261575 118538.89404296875 1.43505859375 1558.5491482931664 9107
stats: connect 1 10.087890625 0.0 1075.90185546875 0.864990234375 2.40081706470672 2195
stats: 302 0 90
stats: 504 13 240
stats: 200 0 47
stats: size_rcv 1041 18363318
stats: newphase 0 5
stats: size_sent 1617 6135765
stats: connected -6 93
stats: 400 1 344
stats: 503 0 14288
# stats: dump at 1433120391
stats: users 81 533
stats: session 12 83315.35347493489 8769.424483068628 144656.44677734375 1373.93701171875 22892.916311536203 1759
stats: users_count 0 1852
stats: finish_users_count 12 1771
stats: request 24 59554.15704345703 318.008531613498 60000.077880859375 0.19482421875 1004.9422716724006 15010
stats: page 22 59550.02432528409 315.55879827896774 118538.89404296875 1.43505859375 1622.2220632375909 9117
stats: connect 0 0 0 1075.90185546875 0.864990234375 2.404317553577527 2196
stats: 302 0 90
stats: 504 24 264
stats: 200 0 47
stats: size_rcv 1800 18365118
stats: newphase 0 5
stats: size_sent 3939 6139704
stats: connected -11 82
stats: 400 0 344
stats: 503 0 14288
# stats: dump at 1433120401
stats: users 56 533
stats: session 25 96500.847890625 23249.157275230842 173647.8330078125 1373.93701171875 23302.328646917787 1771
stats: users_count 0 1852
stats: finish_users_count 25 1796
stats: request 36 59454.42071533203 275.1034661641927 60000.077880859375 0.19482421875 1098.4091570337703 15034
stats: page 33 59462.74383729877 285.05526276231643 118538.89404296875 1.43505859375 1761.6696668884306 9139
stats: connect 0 0 0 1075.90185546875 0.864990234375 2.404317553577527 2196
stats: 302 0 90
stats: 504 36 300
stats: 200 0 47
stats: size_rcv 2700 18367818
stats: newphase 0 5
stats: size_sent 3630 6143334
stats: connected -25 57
stats: 400 0 344
stats: 503 0 14288
# stats: dump at 1433120411
stats: users 45 533
stats: session 11 107743.01005415483 25815.35497192061 184186.55297851563 1373.93701171875 24321.238992737763 1796
stats: users_count 0 1852
stats: finish_users_count 11 1807
stats: request 17 59608.73948759191 274.6193965028833 60000.077880859375 0.19482421875 1237.813033350873 15070
stats: page 16 63312.339263916016 14547.607616560157 119647.18896484375 1.43505859375 1969.272746655498 9172
stats: connect 0 0 0 1075.90185546875 0.864990234375 2.404317553577527 2196
stats: 302 0 90
stats: 504 17 317
stats: 200 0 47
stats: size_rcv 1275 18369093
stats: newphase 0 5
stats: size_sent 3503 6146837
stats: connected -11 46
stats: 400 0 344
stats: 503 0 14288
# stats: dump at 1433120421
stats: users 24 533
stats: session 21 105984.99836077009 9004.816044450694 184186.55297851563 1373.93701171875 24829.06383041103 1807
stats: users_count 0 1852
stats: finish_users_count 21 1828
stats: request 46 20604.44568932574 21181.69365617487 60000.077880859375 0.19482421875 1303.5852710205288 15087
stats: page 42 33917.10689871652 33051.905774134764 123108.41284179688 1.43505859375 2076.09567485273 9188
stats: connect 1 9.02685546875 0.0 1075.90185546875 0.864990234375 2.404317553577527 2196
stats: 302 39 129
stats: 504 6 323
stats: 200 0 47
stats: size_rcv 6319 18375412
stats: newphase 0 5
stats: size_sent 14921 6161758
stats: connected -22 24
stats: 400 1 345
stats: 503 0 14288
# stats: dump at 1433120431
stats: users 22 533
stats: session 2 112617.83996582031 1726.3370361328125 184186.55297851563 1373.93701171875 25761.380364950164 1828
stats: users_count 0 1852
stats: finish_users_count 2 1830
stats: request 4 10.3905029296875 2.929055639157389 60000.077880859375 0.19482421875 1362.2543768978855 15133
stats: page 4 10.3905029296875 2.929055639157389 123108.41284179688 1.43505859375 2220.9843499775707 9230
stats: connect 0 0 0 1075.90185546875 0.864990234375 2.4073319085685023 2197
stats: 302 4 133
stats: 504 0 323
stats: 200 0 47
stats: size_rcv 593 18376005
stats: newphase 0 5
stats: size_sent 3328 6165086
stats: connected -2 22
stats: 400 0 345
stats: 503 0 14288
# stats: dump at 1433120441
stats: users 19 533
stats: session 3 130422.47802734375 9092.324421036048 184186.55297851563 1373.93701171875 25856.30545741013 1830
stats: users_count 0 1852
stats: finish_users_count 3 1833
stats: request 4 29898.765747070313 29890.10164197888 60000.077880859375 0.19482421875 1361.897142604705 15137
stats: page 3 19867.203938802082 28083.719583381666 123108.41284179688 1.43505859375 2220.026761133279 9234
stats: connect 0 0 0 1075.90185546875 0.864990234375 2.4073319085685023 2197
stats: 302 2 135
stats: 504 2 325
stats: 200 0 47
stats: size_rcv 446 18376451
stats: newphase 0 5
stats: size_sent 1967 6167053
stats: connected -3 19
stats: 400 0 345
stats: 503 0 14288
# stats: dump at 1433120451
stats: users 1 533
stats: session 18 142211.89946831597 21739.920092705317 230366.59692382813 1373.93701171875 26027.444856051592 1833
stats: users_count 0 1852
stats: finish_users_count 18 1851
stats: request 22 34518.68140758167 16710.967798968017 60000.077880859375 0.19482421875 1369.4361079582395 15141
stats: page 22 42636.171875 28912.19534046786 129197.55102539063 1.43505859375 2225.7582249779257 9237
stats: connect 0 0 0 1075.90185546875 0.864990234375 2.4073319085685023 2197
stats: 302 21 156
stats: 504 1 326
stats: 200 0 47
stats: size_rcv 3203 18379654
stats: newphase 0 5
stats: size_sent 2538 6169591
stats: connected -18 1
stats: 400 0 345
stats: 503 0 14288
# stats: dump at 1433120461
stats: users 1 533
stats: session 0 0 0 230366.59692382813 1373.93701171875 27157.27747788885 1851
stats: users_count 0 1852
stats: finish_users_count 0 1851
stats: request 0 0 0 60000.077880859375 0.19482421875 1417.5323551779002 15163
stats: page 0 0 0 129197.55102539063 1.43505859375 2321.776056309656 9259
stats: connect 0 0 0 1075.90185546875 0.864990234375 2.4073319085685023 2197
stats: 302 0 156
stats: 504 0 326
stats: 200 0 47
stats: size_rcv 0 18379654
stats: newphase 0 5
stats: size_sent 0 6169591
stats: connected 0 1
stats: 400 0 345
stats: 503 0 14288
# stats: dump at 1433120471
stats: users 0 533
stats: session 1 150605.32983398438 0.0 230366.59692382813 1373.93701171875 27157.27747788885 1851
stats: users_count 0 1852
stats: finish_users_count 1 1852
stats: request 1 8.217041015625 0.0 60000.077880859375 0.19482421875 1417.5323551779002 15163
stats: page 1 8.217041015625 0.0 129197.55102539063 1.43505859375 2321.776056309656 9259
stats: connect 0 0 0 1075.90185546875 0.864990234375 2.4073319085685023 2197
stats: 302 1 157
stats: 504 0 326
stats: 200 0 47
stats: size_rcv 148 18379802
stats: newphase 0 5
stats: size_sent 788 6170379
stats: connected -1 0
stats: 400 0 345
stats: 503 0 14288
# stats: dump at 1433120481
stats: users 0 533
stats: session 0 0 0 230366.59692382813 1373.93701171875 27223.93409363188 1852
stats: users_count 0 1852
stats: finish_users_count 0 1852
stats: request 0 0 0 60000.077880859375 0.19482421875 1417.4394169482666 15164
stats: page 0 0 0 129197.55102539063 1.43505859375 2321.526211923555 9260
stats: connect 0 0 0 1075.90185546875 0.864990234375 2.4073319085685023 2197
stats: 302 0 157
stats: 504 0 326
stats: 200 0 47
stats: size_rcv 0 18379802
stats: newphase 0 5
stats: size_sent 0 6170379
stats: connected 0 0
stats: 400 0 345
stats: 503 0 14288
# stats: dump at 1433120491
stats: users 0 533
stats: session 0 0 0 230366.59692382813 1373.93701171875 27223.93409363188 1852
stats: users_count 0 1852
stats: finish_users_count 0 1852
stats: request 0 0 0 60000.077880859375 0.19482421875 1417.4394169482666 15164
stats: page 0 0 0 129197.55102539063 1.43505859375 2321.526211923555 9260
stats: connect 0 0 0 1075.90185546875 0.864990234375 2.4073319085685023 2197
stats: 302 0 157
stats: 504 0 326
stats: 200 0 47
stats: size_rcv 0 18379802
stats: newphase 0 5
stats: size_sent 0 6170379
stats: connected 0 0
stats: 400 0 345
stats: 503 0 14288
# stats: dump at 1433120494
stats: users 0 533
stats: session 0 0 0 230366.59692382813 1373.93701171875 27223.93409363188 1852
stats: users_count 0 1852
stats: finish_users_count 0 1852
stats: request 0 0 0 60000.077880859375 0.19482421875 1417.4394169482666 15164
stats: page 0 0 0 129197.55102539063 1.43505859375 2321.526211923555 9260
stats: connect 0 0 0 1075.90185546875 0.864990234375 2.4073319085685023 2197
stats: 302 0 157
stats: 504 0 326
stats: 200 0 47
stats: size_rcv 0 18379802
stats: newphase 0 5
stats: size_sent 0 6170379
stats: connected 0 0
stats: 400 0 345
stats: 503 0 14288
EndMonitor:{1433,120494,673230}
