# stats: dump at 1433508012
stats: users 0 0
stats: users_count 0 0
stats: finish_users_count 0 0
# stats: dump at 1433508022
stats: users 11 11
stats: session 1 4957.235107421875 0 4957.235107421875 4957.235107421875 0 0
stats: users_count 12 12
stats: finish_users_count 1 1
stats: request 51 123.85017903645836 185.42410565162064 1310.098876953125 1.4990234375 0 0
stats: page 26 243.5960411658654 282.986799149375 1486.51611328125 14.2890625 0 0
stats: connect 11 96.78850763494319 300.15582972112725 1045.964111328125 1.43310546875 0 0
stats: 302 20 20
stats: 200 26 26
stats: size_rcv 250841 250841
stats: newphase 1 1
stats: size_sent 42884 42884
stats: connected 9 9
stats: 400 1 1
stats: 500 2 2
stats: 404 2 2
# stats: dump at 1433508032
stats: users 21 22
stats: session 8 8707.211334228516 2635.9410349205546 14898.118896484375 4957.235107421875 4957.235107421875 1
stats: users_count 18 30
stats: finish_users_count 8 9
stats: request 135 72.24214048032407 59.64331613242912 1310.098876953125 0.1279296875 123.85017903645836 51
stats: page 73 128.45011839148117 107.57500044704551 1486.51611328125 10.14111328125 243.5960411658654 26
stats: connect 22 1.8952081853693181 0.6208554871717916 1045.964111328125 1.134033203125 96.78850763494319 11
stats: 302 42 62
stats: 200 72 98
stats: size_rcv 827642 1078483
stats: newphase 0 1
stats: size_sent 112468 155352
stats: connected 12 21
stats: 400 3 4
stats: 500 2 4
stats: 404 15 17
# stats: dump at 1433508042
stats: users 22 24
stats: session 11 11488.730757279829 5673.046937576046 21443.7490234375 3452.85009765625 8290.547309027777 9
stats: users_count 12 42
stats: finish_users_count 11 20
stats: request 104 65.38148850661061 50.93589426597229 1310.098876953125 0.1279296875 86.39273169732863 186
stats: page 65 111.08739107572116 104.7901587478192 1486.51611328125 10.14111328125 158.69046174636995 99
stats: connect 13 2.2793907752403846 1.2652406010520842 1045.964111328125 1.134033203125 33.52630800189394 33
stats: 302 26 88
stats: 200 56 154
stats: size_rcv 653312 1731795
stats: newphase 0 1
stats: size_sent 83126 238478
stats: connected 1 22
stats: 400 0 4
stats: 500 0 4
stats: 404 22 39
# stats: dump at 1433508052
stats: users 46 46
stats: session 19 12828.10201223273 6965.444762329147 25525.739990234375 2174.169921875 10049.548205566407 20
stats: users_count 43 85
stats: finish_users_count 19 39
stats: request 237 102.05488631493937 92.18928403428446 1310.098876953125 0.1279296875 78.8576651737608 290
stats: page 134 180.61604331856344 169.25262993124264 1486.51611328125 10.14111328125 139.82339105373475 164
stats: connect 39 2.2523162059294872 2.43758048280936 1045.964111328125 1.134033203125 24.695657481317934 46
stats: 302 75 163
stats: 200 125 279
stats: size_rcv 1405007 3136802
stats: newphase 1 2
stats: size_sent 195052 433530
stats: connected 19 41
stats: 400 2 6
stats: 500 2 6
stats: 404 33 72
# stats: dump at 1433508062
stats: users 48 52
stats: session 26 12975.798461914063 6559.652919752924 31459.9228515625 1431.501953125 11403.202624198719 39
stats: users_count 28 113
stats: finish_users_count 26 65
stats: request 259 80.49221295095322 81.72732118499971 1310.098876953125 0.1279296875 89.28981206267791 527
stats: page 153 136.88665492238553 139.356881362627 1486.51611328125 9.865966796875 158.16639576342283 298
stats: connect 37 1.7854333826013513 0.43413330184366716 1045.964111328125 1.096923828125 14.39812442555147 85
stats: 302 71 234
stats: 200 133 412
stats: size_rcv 1506714 4643516
stats: newphase 0 2
stats: size_sent 212467 645997
stats: connected 9 50
stats: 400 4 10
stats: 500 6 12
stats: 404 45 117
# stats: dump at 1433508072
stats: users 52 54
stats: session 32 14505.190376281738 7732.651954748261 34532.52587890625 1431.501953125 12032.240959284856 65
stats: users_count 36 149
stats: finish_users_count 32 97
stats: request 291 67.39445658156141 61.796444040973086 1310.098876953125 0.1279296875 86.39085764800018 786
stats: page 174 111.62055636000359 113.65234265896304 1486.51611328125 9.692138671875 150.9473262541574 451
stats: connect 41 2.835871998856707 3.9186409833126845 1045.964111328125 1.096923828125 10.572964027279713 122
stats: 302 76 310
stats: 200 142 554
stats: size_rcv 1653691 6297207
stats: newphase 0 2
stats: size_sent 238917 884914
stats: connected 1 51
stats: 400 5 15
stats: 500 4 16
stats: 404 64 181
# stats: dump at 1433508082
stats: users 83 83
stats: session 36 15584.746744791666 6447.363004233701 34532.52587890625 1431.501953125 12848.059323654961 97
stats: users_count 67 216
stats: finish_users_count 36 133
stats: request 415 90.3481151167169 86.34500028709708 1310.098876953125 0.1279296875 81.25812532642759 1077
stats: page 240 156.59843546549484 161.95616745926813 1486.51611328125 9.407958984375 139.99875351562497 625
stats: connect 68 2.0877685546875 1.6914334125926318 1045.964111328125 1.096923828125 8.626824314608896 163
stats: 302 130 440
stats: 200 213 767
stats: size_rcv 2375149 8672356
stats: newphase 1 3
stats: size_sent 343417 1228331
stats: connected 30 81
stats: 400 3 18
stats: 500 5 21
stats: 404 65 246
# stats: dump at 1433508092
stats: users 115 117
stats: session 52 12377.706852839543 6715.395872564065 38421.343994140625 1431.501953125 13588.816821105498 133
stats: users_count 84 300
stats: finish_users_count 52 185
stats: request 613 100.09418849727268 97.05853188700169 1310.098876953125 0.1279296875 83.78650720509386 1492
stats: page 354 174.43975105932202 178.52428798499716 1486.51611328125 9.407958984375 144.60444561732297 865
stats: connect 90 1.7101860894097223 0.38311588821337883 1045.964111328125 1.076904296875 6.701907467532467 231
stats: 302 172 612
stats: 200 330 1097
stats: size_rcv 3759209 12431565
stats: newphase 0 3
stats: size_sent 504627 1732958
stats: connected 32 113
stats: 400 8 26
stats: 500 7 28
stats: 404 96 342
# stats: dump at 1433508102
stats: users 144 147
stats: session 64 14825.056781768797 6676.724067225088 38421.343994140625 1431.501953125 13248.39672191723 185
stats: users_count 93 393
stats: finish_users_count 64 249
stats: request 704 136.88620827414775 166.48156300649194 1310.098876953125 0.1279296875 88.5354899281844 2105
stats: page 409 232.04903406269102 296.2804866553186 1840.133056640625 9.407958984375 153.26867705823162 1219
stats: connect 106 2.876923183225237 3.718555168276091 1045.964111328125 1.056884765625 5.302359417591511 321
stats: 302 200 812
stats: 200 349 1446
stats: size_rcv 4028844 16460409
stats: newphase 0 3
stats: size_sent 580729 2313687
stats: connected 30 143
stats: 400 11 37
stats: 500 11 39
stats: 404 132 474
# stats: dump at 1433508112
stats: users 206 206
stats: session 85 16219.325982306986 7285.705808266419 38421.343994140625 1431.501953125 13653.642681075866 249
stats: users_count 147 540
stats: finish_users_count 85 334
stats: request 715 386.480571186626 491.8738253751663 2626.965087890625 0.1279296875 100.65329189171527 2809
stats: page 400 616.4312799072263 755.5136430233648 3545.760986328125 9.407958984375 173.06054807470824 1628
stats: connect 149 1.877980481858221 1.3933335893665222 1045.964111328125 1.0439453125 4.700260492901054 427
stats: 302 236 1048
stats: 200 322 1768
stats: size_rcv 3610379 20070788
stats: newphase 1 4
stats: size_sent 642093 2955780
stats: connected 58 201
stats: 400 8 45
stats: 500 8 47
stats: 404 141 615
# stats: dump at 1433508122
stats: users 310 311
stats: session 54 19522.419885706036 6928.341917872559 38421.343994140625 1431.501953125 14306.586036179593 334
stats: users_count 158 698
stats: finish_users_count 54 388
stats: request 749 1647.9039063803818 1004.0050010443958 5322.10302734375 0.1279296875 158.64605712890628 3524
stats: page 386 2658.918854866621 1833.5071830809843 9247.97314453125 9.407958984375 260.51039656238436 2028
stats: connect 176 1.8668934215198858 1.1742977821657479 1045.964111328125 1.0380859375 3.9701915317111545 576
stats: 302 274 1322
stats: 200 349 2117
stats: size_rcv 3774746 23845534
stats: newphase 0 4
stats: size_sent 692614 3648394
stats: connected 108 309
stats: 400 11 56
stats: 500 17 64
stats: 404 97 712
# stats: dump at 1433508132
stats: users 426 427
stats: session 51 23056.98743393842 6632.684424622753 47161.94189453125 1431.501953125 15032.501056474512 388
stats: users_count 167 865
stats: finish_users_count 51 439
stats: request 796 2979.6998689737757 1267.763759736052 6887.10693359375 0.1171875 419.69312689004727 4273
stats: page 397 4700.371553742917 2732.3846643839265 14366.758056640625 9.407958984375 644.0173000029127 2414
stats: connect 176 2.425907481800426 2.5929790649712565 1045.964111328125 1.0380859375 3.4779302718791554 752
stats: 302 306 1628
stats: 200 371 2488
stats: size_rcv 4134255 27979789
stats: newphase 0 4
stats: size_sent 728638 4377032
stats: connected 117 426
stats: 400 8 64
stats: 500 4 68
stats: 404 106 818
# stats: dump at 1433508142
stats: users 640 640
stats: session 62 28799.5120140814 5112.730165137693 47161.94189453125 1431.501953125 15964.730681191275 439
stats: users_count 276 1141
stats: finish_users_count 62 501
stats: request 733 4172.864137574079 1771.1849832021132 10355.5 0.1171875 821.6985257258428 5069
stats: page 395 6738.12550311511 4081.442473191735 19749.524169921875 2.303955078125 1216.8997755400105 2811
stats: connect 278 2.077008803113759 1.7927420195656043 1045.964111328125 1.0380859375 3.2784087082435347 928
stats: 302 261 1889
stats: 200 340 2828
stats: size_rcv 3579018 31558807
stats: newphase 1 5
stats: size_sent 722609 5099641
stats: connected 209 635
stats: 400 7 71
stats: 503 9 9
stats: 500 11 79
stats: 404 104 922
# stats: dump at 1433508152
stats: users 890 890
stats: session 57 32618.326972827577 9149.478867469263 53072.14892578125 1431.501953125 17553.066894043943 501
stats: users_count 307 1448
stats: finish_users_count 57 558
stats: request 1261 3921.0308792392557 3301.6071392850668 12270.23193359375 0.10107421875 1245.0705342547565 5802
stats: page 584 5915.802745244275 6054.832796421177 25582.617919921875 2.1669921875 1897.150605980486 3206
stats: connect 325 1.6584630408653842 0.3978975224786787 1045.964111328125 1.02783203125 3.001469094954913 1206
stats: 302 410 2299
stats: 200 332 3160
stats: size_rcv 3724610 35283417
stats: newphase 0 5
stats: size_sent 1049075 6148716
stats: connected 247 882
stats: 400 20 91
stats: 503 410 419
stats: 500 7 86
stats: 404 81 1003
# stats: dump at 1433508162
stats: users 1105 1105
stats: session 96 34108.55111185707 12885.840461149346 53432.181884765625 1431.501953125 19091.991310693884 558
stats: users_count 311 1759
stats: finish_users_count 96 654
stats: request 1591 3976.407811517914 4390.2075456124385 13253.323974609375 0.10107421875 1722.8258783047995 7063
stats: page 802 5715.421141664885 7689.781780000772 29197.386962890625 1.475830078125 2516.383547756225 3790
stats: connect 341 2.317561085273093 2.1050492905213325 1045.964111328125 1.02783203125 2.716376366294497 1531
stats: 302 384 2683
stats: 504 3 3
stats: 200 297 3457
stats: size_rcv 3420931 38704348
stats: newphase 0 5
stats: size_sent 1180649 7329365
stats: connected 213 1095
stats: 400 33 124
stats: 503 810 1229
stats: 500 8 94
stats: 404 57 1060
# stats: dump at 1433508172
stats: users 1041 1132
stats: session 109 33770.950894137044 16155.89208976774 59146.830078125 1431.501953125 21296.256969580223 654
stats: users_count 45 1804
stats: finish_users_count 109 763
stats: request 1349 5700.906258144058 5580.047391839212 14852.43603515625 0.10107421875 2137.137047214213 8654
stats: page 764 7854.581887449894 10094.747069844327 33472.696044921875 1.467041015625 3075.1004794449764 4592
stats: connect 77 2.1582665381493498 1.5275104221067528 1045.964111328125 1.02783203125 2.643728924612714 1872
stats: 302 349 3032
stats: 504 0 3
stats: 200 285 3742
stats: size_rcv 3176348 41880696
stats: newphase 0 5
stats: size_sent 1013112 8342477
stats: connected -52 1043
stats: 400 21 145
stats: 503 629 1858
stats: 500 5 99
stats: 404 59 1119
# stats: dump at 1433508182
stats: users 962 1132
stats: session 79 43667.86793537381 16333.45455200157 86759.72509765625 1431.501953125 23078.356101659767 763
stats: users_count 0 1804
stats: finish_users_count 79 842
stats: request 827 9750.884026708472 5327.560968973473 18051.287841796875 0.10107421875 2617.745331283428 10003
stats: page 510 15647.328376321228 11709.351783354712 38169.2099609375 1.467041015625 3756.8636974650954 5356
stats: connect 11 1.8510964133522727 0.41689639996146727 1045.964111328125 1.02783203125 2.624549548646742 1949
stats: 302 266 3298
stats: 504 0 3
stats: 200 314 4056
stats: size_rcv 3119261 44999957
stats: newphase 0 5
stats: size_sent 687644 9030121
stats: connected -81 962
stats: 400 11 156
stats: 503 156 2014
stats: 500 5 104
stats: 404 75 1194
# stats: dump at 1433508192
stats: users 890 1132
stats: session 72 52130.805538601344 13957.428898789209 86759.72509765625 1431.501953125 25010.151154941726 842
stats: users_count 0 1804
stats: finish_users_count 72 914
stats: request 696 11089.542787047634 3882.8893114810353 19440.052001953125 0.10107421875 3162.4457653662084 10830
stats: page 487 19444.919650663345 11091.900539616234 38603.748046875 1.467041015625 4790.640885705229 5866
stats: connect 12 2.61273193359375 2.3219136368907027 1045.964111328125 1.02783203125 2.620208740234375 1960
stats: 302 188 3486
stats: 504 0 3
stats: 200 360 4416
stats: size_rcv 3804327 48804284
stats: newphase 0 5
stats: size_sent 543704 9573825
stats: connected -70 892
stats: 400 12 168
stats: 503 29 2043
stats: 500 10 114
stats: 404 97 1291
# stats: dump at 1433508202
stats: users 758 1132
stats: session 132 58253.561958081795 13777.257583742801 86759.72509765625 1431.501953125 27146.57031864358 914
stats: users_count 0 1804
stats: finish_users_count 132 1046
stats: request 865 10606.082651903445 5317.554944650694 19440.052001953125 0.10107421875 3641.1252315374973 11526
stats: page 676 17054.13366410293 11737.91621801915 41817.796875 1.467041015625 5913.989501876266 6353
stats: connect 13 2.4942345252403846 2.2749859203587794 1045.964111328125 1.02783203125 2.620163242425203 1972
stats: 302 163 3649
stats: 504 0 3
stats: 200 519 4935
stats: size_rcv 6073715 54877999
stats: newphase 0 5
stats: size_sent 518780 10092605
stats: connected -132 760
stats: 400 13 181
stats: 503 0 2043
stats: 500 7 121
stats: 404 163 1454
# stats: dump at 1433508212
stats: users 391 1132
stats: session 367 64238.30625212875 9830.024601132354 88972.78393554688 1431.501953125 31072.118020752416 1046
stats: users_count 0 1804
stats: finish_users_count 367 1413
stats: request 1735 2835.2161533850376 3449.7784953603523 19440.052001953125 0.09814453125 4127.340078492266 12391
stats: page 1335 5214.332264966651 7186.2948487544 41817.796875 1.467041015625 6985.370559447077 7029
stats: connect 43 1.9791401707848837 1.7178346662835482 1045.964111328125 1.02099609375 2.619338520347922 1985
stats: 302 170 3819
stats: 504 0 3
stats: 200 909 5844
stats: size_rcv 12117477 66995476
stats: newphase 0 5
stats: size_sent 1007921 11100526
stats: connected -366 394
stats: 400 43 224
stats: 503 0 2043
stats: 500 31 152
stats: 404 578 2032
# stats: dump at 1433508222
stats: users 116 1132
stats: session 275 65843.78079456676 7931.300491134486 88972.78393554688 1431.501953125 39686.40753307734 1413
stats: users_count 0 1804
stats: finish_users_count 275 1688
stats: request 537 54.28467706151061 153.24447272149737 19440.052001953125 0.09814453125 3968.6373310718327 14126
stats: page 491 65.70078850957869 209.07361880852437 41817.796875 1.467041015625 6702.690487336678 8364
stats: connect 0 0 0 1045.964111328125 1.02099609375 2.6057642949873645 2028
stats: 302 14 3833
stats: 504 0 3
stats: 200 123 5967
stats: size_rcv 1983308 68978784
stats: newphase 0 5
stats: size_sent 407806 11508332
stats: connected -278 116
stats: 400 0 224
stats: 503 0 2043
stats: 500 0 152
stats: 404 400 2432
# stats: dump at 1433508232
stats: users 32 1132
stats: session 84 74164.9874732608 7786.790791763213 99262.49096679688 1431.501953125 43947.8279400143 1688
stats: users_count 0 1804
stats: finish_users_count 84 1772
stats: request 130 16.53731219951923 10.028889205456041 19440.052001953125 0.09814453125 3825.282807768038 14663
stats: page 126 17.066028413318445 14.028389513785296 41817.796875 1.467041015625 6334.6767163458135 8855
stats: connect 0 0 0 1045.964111328125 1.02099609375 2.6057642949873645 2028
stats: 302 1 3834
stats: 504 0 3
stats: 200 9 5976
stats: size_rcv 294158 69272942
stats: newphase 0 5
stats: size_sent 102300 11610632
stats: connected -84 32
stats: 400 0 224
stats: 503 0 2043
stats: 500 0 152
stats: 404 120 2552
# stats: dump at 1433508242
stats: users 5 1132
stats: session 27 83149.14945023147 7233.278009050973 99262.49096679688 1431.501953125 45380.2440804165 1772
stats: users_count 0 1804
stats: finish_users_count 27 1799
stats: request 33 14.97137636126894 11.276545339891024 19440.052001953125 0.09814453125 3791.811779955971 14793
stats: page 33 14.97137636126894 11.276545339891024 41817.796875 1.467041015625 6246.04305119945 8981
stats: connect 0 0 0 1045.964111328125 1.02099609375 2.6057642949873645 2028
stats: 302 2 3836
stats: 504 0 3
stats: 200 0 5976
stats: size_rcv 49116 69322058
stats: newphase 0 5
stats: size_sent 25951 11636583
stats: connected -27 5
stats: 400 0 224
stats: 503 0 2043
stats: 500 0 152
stats: 404 31 2583
# stats: dump at 1433508252
stats: users 0 1132
stats: session 5 92643.87124023438 4436.74323221412 99865.16918945313 1431.501953125 45947.092576795054 1799
stats: users_count 0 1804
stats: finish_users_count 5 1804
stats: request 5 18.388671875 7.4287257136577445 19440.052001953125 0.09814453125 3783.405214913571 14826
stats: page 5 18.388671875 7.4287257136577445 41817.796875 1.467041015625 6223.23127337943 9014
stats: connect 0 0 0 1045.964111328125 1.02099609375 2.6057642949873645 2028
stats: 302 0 3836
stats: 504 0 3
stats: 200 0 5976
stats: size_rcv 8151 69330209
stats: newphase 0 5
stats: size_sent 3929 11640512
stats: connected -4 1
stats: 400 0 224
stats: 503 0 2043
stats: 500 0 152
stats: 404 5 2588
# stats: dump at 1433508262
stats: users 0 1132
stats: session 0 0 0 99865.16918945313 1431.501953125 46076.51823827909 1804
stats: users_count 0 1804
stats: finish_users_count 0 1804
stats: request 1 11.9638671875 0.0 19440.052001953125 0.09814453125 3782.1359085475 14831
stats: page 1 11.9638671875 0.0 41817.796875 1.467041015625 6219.791400554557 9019
stats: connect 0 0 0 1045.964111328125 1.02099609375 2.6057642949873645 2028
stats: 302 0 3836
stats: 504 0 3
stats: 200 0 5976
stats: size_rcv 1564 69331773
stats: newphase 0 5
stats: size_sent 786 11641298
stats: connected -1 0
stats: 400 0 224
stats: 503 0 2043
stats: 500 0 152
stats: 404 1 2589
# stats: dump at 1433508272
stats: users 0 1132
stats: session 0 0 0 99865.16918945313 1431.501953125 46076.51823827909 1804
stats: users_count 0 1804
stats: finish_users_count 0 1804
stats: request 0 0 0 19440.052001953125 0.09814453125 3781.881716797139 14832
stats: page 0 0 0 41817.796875 1.467041015625 6219.103171337997 9020
stats: connect 0 0 0 1045.964111328125 1.02099609375 2.6057642949873645 2028
stats: 302 0 3836
stats: 504 0 3
stats: 200 0 5976
stats: size_rcv 0 69331773
stats: newphase 0 5
stats: size_sent 0 11641298
stats: connected 0 0
stats: 400 0 224
stats: 503 0 2043
stats: 500 0 152
stats: 404 0 2589
# stats: dump at 1433508282
stats: users 0 1132
stats: session 0 0 0 99865.16918945313 1431.501953125 46076.51823827909 1804
stats: users_count 0 1804
stats: finish_users_count 0 1804
stats: request 0 0 0 19440.052001953125 0.09814453125 3781.881716797139 14832
stats: page 0 0 0 41817.796875 1.467041015625 6219.103171337997 9020
stats: connect 0 0 0 1045.964111328125 1.02099609375 2.6057642949873645 2028
stats: 302 0 3836
stats: 504 0 3
stats: 200 0 5976
stats: size_rcv 0 69331773
stats: newphase 0 5
stats: size_sent 0 11641298
stats: connected 0 0
stats: 400 0 224
stats: 503 0 2043
stats: 500 0 152
stats: 404 0 2589
# stats: dump at 1433508283
stats: users 0 1132
stats: session 0 0 0 99865.16918945313 1431.501953125 46076.51823827909 1804
stats: users_count 0 1804
stats: finish_users_count 0 1804
stats: request 0 0 0 19440.052001953125 0.09814453125 3781.881716797139 14832
stats: page 0 0 0 41817.796875 1.467041015625 6219.103171337997 9020
stats: connect 0 0 0 1045.964111328125 1.02099609375 2.6057642949873645 2028
stats: 302 0 3836
stats: 504 0 3
stats: 200 0 5976
stats: size_rcv 0 69331773
stats: newphase 0 5
stats: size_sent 0 11641298
stats: connected 0 0
stats: 400 0 224
stats: 503 0 2043
stats: 500 0 152
stats: 404 0 2589
EndMonitor:{1433,508283,501415}
