# stats: dump at 1433115682
stats: users 0 0
stats: users_count 0 0
stats: finish_users_count 0 0
# stats: dump at 1433115692
stats: users 10 10
stats: users_count 10 10
stats: finish_users_count 0 0
stats: request 9 337.6288248697917 382.4476488619585 1351.35205078125 33.98291015625 0 0
stats: page 3 1013.5174153645834 354.3652351081515 1499.123046875 663.465087890625 0 0
stats: connect 10 105.69189453125 312.44609488563674 1043.030029296875 1.210205078125 0 0
stats: 302 6 6
stats: 200 3 3
stats: size_rcv 16417 16417
stats: newphase 1 1
stats: size_sent 13070 13070
stats: connected 10 10
# stats: dump at 1433115702
stats: users 26 26
stats: users_count 16 26
stats: finish_users_count 0 0
stats: request 4 11733.087036132813 401.73101827250565 12299.614013671875 33.98291015625 337.6288248697917 9
stats: page 0 0 0 1499.123046875 663.465087890625 1013.5174153645834 3
stats: connect 16 1.5640869140625 0.17508227934498155 1043.030029296875 1.1171875 105.69189453125 10
stats: 302 4 10
stats: 200 0 3
stats: size_rcv 655 17072
stats: newphase 0 1
stats: size_sent 11380 24450
stats: connected 16 26
# stats: dump at 1433115712
stats: users 54 54
stats: users_count 28 54
stats: finish_users_count 0 0
stats: request 115 3288.0238981827442 5883.529671863004 23349.446044921875 0.697021484375 3843.9236591045674 13
stats: page 45 9448.57702907986 7280.732680125903 23349.446044921875 12.256103515625 1013.5174153645834 3
stats: connect 29 1.5436169854525863 0.1845328064872903 1043.030029296875 1.1171875 41.61324368990385 26
stats: 302 0 10
stats: 200 0 3
stats: size_rcv 43888 60960
stats: newphase 0 1
stats: 502 109 109
stats: size_sent 54806 79256
stats: connected 23 49
stats: 400 6 6
# stats: dump at 1433115722
stats: users 89 89
stats: users_count 35 89
stats: finish_users_count 0 0
stats: page 19 5820.929905941612 4936.137550693379 23349.446044921875 1.52197265625 8921.385803222654 48
stats: request 35 7366.077525111607 4205.2464716779405 23349.446044921875 0.697021484375 3344.4824676513667 128
stats: 302 27 37
stats: connect 39 1.6338829627403846 0.5718866259571425 1043.030029296875 1.10302734375 20.485622336647726 55
stats: 200 0 3
stats: size_rcv 8700 69660
stats: newphase 1 2
stats: 502 8 117
stats: size_sent 50539 129795
stats: connected 39 88
stats: 400 0 6
stats: 404 1 1
# stats: dump at 1433115732
stats: users 140 140
stats: users_count 51 140
stats: finish_users_count 0 0
stats: request 1 5653.219970703125 0.0 23349.446044921875 0.697021484375 4208.015148701112 163
stats: connect 51 1.6248180912990196 0.23783931056842417 1043.030029296875 1.10302734375 12.664156000664894 94
stats: page 0 0 0 23349.446044921875 1.52197265625 8042.152041307135 67
stats: 302 0 37
stats: 200 0 3
stats: size_rcv 158 69818
stats: newphase 0 2
stats: 502 0 117
stats: size_sent 26771 156566
stats: connected 51 139
stats: 400 0 6
stats: 404 0 1
# stats: dump at 1433115742
stats: users 174 174
stats: users_count 34 174
stats: finish_users_count 0 0
stats: request 0 0 0 23349.446044921875 0.697021484375 4216.827373225515 164
stats: connect 35 1.62001953125 0.22854255787703434 1043.030029296875 1.10302734375 8.781354391163793 145
stats: page 0 0 0 23349.446044921875 1.52197265625 8042.152041307135 67
stats: 302 0 37
stats: 200 0 3
stats: size_rcv 0 69818
stats: newphase 0 2
stats: 502 0 117
stats: size_sent 15958 172524
stats: connected 35 174
stats: 400 0 6
stats: 404 0 1
# stats: dump at 1433115752
stats: users 230 230
stats: users_count 56 230
stats: finish_users_count 0 0
stats: request 60 27.61259765625 33.478989484205776 23349.446044921875 0.553955078125 4216.827373225515 164
stats: 302 0 37
stats: page 28 56.94627162388393 29.136449456168435 23349.446044921875 1.52197265625 8042.152041307135 67
stats: connect 54 2.0589735243055554 3.165685947520449 1043.030029296875 1.10302734375 7.388872612847222 180
stats: 200 0 3
stats: size_rcv 29697 99515
stats: newphase 1 3
stats: 502 0 117
stats: size_sent 42024 214548
stats: connected 50 224
stats: 400 4 10
stats: 503 56 56
stats: 404 0 1
# stats: dump at 1433115762
stats: users 301 301
stats: session 13 7654.720196063702 2154.5315395017014 12018.420166015625 3761.39794921875 0 0
stats: users_count 84 314
stats: finish_users_count 13 13
stats: request 258 33.83274096111917 38.23426531881514 23349.446044921875 0.553955078125 3094.716272626604 224
stats: page 142 61.65577719245159 37.68846809663093 23349.446044921875 1.52197265625 5688.617709189966 95
stats: connect 93 1.6738832535282258 0.8372330340103671 1043.030029296875 1.088134765625 6.158895900106837 234
stats: 302 0 37
stats: 200 0 3
stats: size_rcv 125913 225428
stats: newphase 0 3
stats: 502 0 117
stats: size_sent 126049 340597
stats: connected 72 296
stats: 400 8 18
stats: 503 250 306
stats: 404 0 1
# stats: dump at 1433115772
stats: users 346 347
stats: session 28 12447.882097516742 8915.683893804502 53567.260009765625 3482.8408203125 7654.720196063702 13
stats: users_count 73 387
stats: finish_users_count 28 41
stats: request 733 2726.995993162729 9916.683905432059 59839.18408203125 0.47705078125 1456.3180336853281 482
stats: page 378 3141.408227668236 9328.889537049434 61157.52197265625 1.31005859375 2317.1890410733117 237
stats: connect 97 1.8026588675902062 1.1449365599081425 1043.030029296875 1.086181640625 4.883341844657875 327
stats: 302 21 58
stats: 504 6 6
stats: 200 1 4
stats: size_rcv 357502 582930
stats: newphase 0 3
stats: 502 8 125
stats: size_sent 304283 644880
stats: connected 48 344
stats: 400 23 41
stats: 503 675 981
stats: 404 0 1
# stats: dump at 1433115782
stats: users 377 377
stats: session 89 26514.37986086727 25540.693866121932 93442.33203125 2217.158935546875 10928.099055592607 41
stats: users_count 120 507
stats: finish_users_count 89 130
stats: request 1164 4743.41432111288 15040.901072352115 59985.857177734375 0.47705078125 2222.908111295974 1215
stats: page 648 4891.673584361134 16137.880252447661 66886.998046875 1.27099609375 2823.782297224339 615
stats: connect 148 1.8784278663429055 1.1665838396169794 1043.030029296875 0.98779296875 4.178562956036262 424
stats: 302 62 120
stats: 504 44 50
stats: 200 2 6
stats: size_rcv 1222883 1805813
stats: newphase 1 4
stats: 502 0 125
stats: size_sent 520363 1165243
stats: connected 24 368
stats: 400 33 74
stats: 503 1022 2003
stats: 404 0 1
# stats: dump at 1433115792
stats: users 451 451
stats: session 73 31745.70100465538 32225.39292988989 98251.13305664063 2217.158935546875 21598.706683819106 130
stats: users_count 147 654
stats: finish_users_count 73 203
stats: request 903 2868.2207193469685 12004.923471802651 59985.857177734375 0.47705078125 3456.1444409415726 2379
stats: connect 177 1.9916302524717515 1.3122947392121067 1043.030029296875 0.98779296875 3.5834231076540646 572
stats: 302 22 142
stats: page 509 3708.221169822105 13881.599005118063 66886.998046875 1.27099609375 3884.7431476318156 1263
stats: 504 30 80
stats: 200 0 6
stats: size_rcv 417407 2223220
stats: newphase 0 4
stats: 502 0 125
stats: size_sent 433496 1598739
stats: connected 77 445
stats: 400 27 101
stats: 503 824 2827
stats: 404 0 1
# stats: dump at 1433115802
stats: users 487 515
stats: session 115 34245.17490234376 25903.575093719097 112018.38696289063 2217.158935546875 25247.625823824266 203
stats: users_count 151 805
stats: finish_users_count 115 318
stats: page 827 6281.763150234755 15621.548582615713 94467.77001953125 1.27099609375 3834.0379068275593 1772
stats: request 1456 2991.647126417892 8537.282877439391 59985.857177734375 0.469970703125 3294.384806389492 3282
stats: connect 181 1.8325640430766574 1.2284163597158255 1043.030029296875 0.98779296875 3.2072584409420895 749
stats: 302 22 164
stats: 504 19 99
stats: 200 9 15
stats: size_rcv 720783 2944003
stats: newphase 0 4
stats: 502 123 248
stats: size_sent 555982 2154721
stats: connected 32 477
stats: 400 36 137
stats: 503 1248 4075
stats: 404 0 1
# stats: dump at 1433115812
stats: users 624 625
stats: session 129 33539.709147135414 27011.338912157407 112018.38696289063 2217.158935546875 28501.45646542723 318
stats: users_count 266 1071
stats: finish_users_count 129 447
stats: request 1640 1473.4108995391127 6572.728812068087 59985.857177734375 0.469970703125 3201.3527122487894 4738
stats: page 939 2533.756572036824 12428.350053766026 96381.39990234375 1.27099609375 4612.9023840487025 2599
stats: connect 316 1.9140547740308544 1.4473841502816231 1043.030029296875 0.985107421875 2.939710391465054 930
stats: 302 79 243
stats: 504 2 101
stats: 200 13 28
stats: size_rcv 853782 3797785
stats: newphase 1 5
stats: 502 21 269
stats: size_sent 862452 3017173
stats: connected 137 614
stats: 400 51 188
stats: 503 1463 5538
stats: 404 1 2
stats: 500 9 9
# stats: dump at 1433115822
stats: users 678 685
stats: session 270 28456.759216760704 27962.612368883725 132581.94897460938 2217.158935546875 29955.44885008127 447
stats: users_count 324 1395
stats: finish_users_count 270 717
stats: page 1638 2588.893690172132 12730.528805418631 96381.39990234375 1.093017578125 4061.0883881529553 3538
stats: connect 381 1.9733585547900263 1.4148262949900094 1043.030029296875 0.7109375 2.6795922733998796 1246
stats: request 2759 640.9397578804592 2363.105524323962 59985.857177734375 0.469970703125 2757.040298820776 6378
stats: 302 0 243
stats: 504 0 101
stats: 200 0 28
stats: size_rcv 1270053 5067838
stats: newphase 0 5
stats: 502 548 817
stats: size_sent 1162736 4179909
stats: connected 59 673
stats: 400 57 245
stats: 503 2154 7692
stats: 404 0 2
stats: 500 0 9
# stats: dump at 1433115832
stats: users 826 826
stats: session 157 26189.60918839569 24238.78364328414 132581.94897460938 1376.8798828125 29391.08873711537 717
stats: users_count 305 1700
stats: finish_users_count 157 874
stats: page 807 2385.268263654934 8939.068414729883 96381.39990234375 1.093017578125 3595.1967893715437 5176
stats: request 1354 1625.4619979069544 5312.338076110385 59985.857177734375 0.469970703125 2118.0645526837143 9137
stats: connect 337 1.7788781412277441 1.2227641196228072 1043.030029296875 0.7109375 2.5142111751882297 1627
stats: 302 120 363
stats: 504 0 101
stats: 200 0 28
stats: size_rcv 632808 5700646
stats: newphase 0 5
stats: 502 0 817
stats: size_sent 789108 4969017
stats: connected 147 820
stats: 400 25 270
stats: 503 1199 8891
stats: 404 10 12
stats: 500 0 9
# stats: dump at 1433115842
stats: users 822 901
stats: session 82 24173.623389267337 14652.352096011475 132581.94897460938 1376.8798828125 28815.99458477099 874
stats: users_count 78 1778
stats: finish_users_count 82 956
stats: request 557 2128.6158081273848 2896.4232551345985 59985.857177734375 0.469970703125 2054.487786010591 10491
stats: page 356 3577.3829565155374 5285.492256958326 96381.39990234375 1.093017578125 3431.9990089514695 5983
stats: connect 94 1.7987865691489362 1.1743426929680882 1043.030029296875 0.7109375 2.388036413251018 1964
stats: 302 22 385
stats: 504 2 103
stats: 200 0 28
stats: size_rcv 271733 5972379
stats: newphase 0 5
stats: 502 27 844
stats: size_sent 293725 5262742
stats: connected 2 822
stats: 400 10 280
stats: 503 495 9386
stats: 404 2 14
stats: 500 0 9
# stats: dump at 1433115852
stats: users 531 901
stats: session 291 40953.0407278579 29214.8964865622 146000.11108398438 1376.8798828125 28417.799565909798 956
stats: users_count 0 1778
stats: finish_users_count 291 1247
stats: page 1159 7008.107885721126 9047.555194872979 96381.39990234375 1.093017578125 3440.163811811985 6339
stats: request 1780 4584.104491090245 7996.535727170404 59985.857177734375 0.469970703125 2058.225051426871 11048
stats: connect 45 2.187706163194446 1.4994045311476538 1043.030029296875 0.7109375 2.3611221832482987 2058
stats: 302 10 395
stats: 504 6 109
stats: 200 0 28
stats: size_rcv 836164 6808543
stats: newphase 0 5
stats: 502 32 876
stats: size_sent 568884 5831626
stats: connected -289 533
stats: 400 46 326
stats: 503 1684 11070
stats: 404 1 15
stats: 500 0 9
# stats: dump at 1433115862
stats: users 358 901
stats: session 173 40385.02247928331 24553.898934185905 146000.11108398438 1376.8798828125 31343.024247647485 1247
stats: users_count 0 1778
stats: finish_users_count 173 1420
stats: connect 8 1.594757080078125 0.13759817593045237 1043.030029296875 0.7109375 2.357411426756419 2103
stats: request 468 870.9010515783593 4694.228519434913 59985.857177734375 0.469970703125 2408.713467594692 12828
stats: page 378 1027.2598566933282 5540.631169608243 96381.39990234375 1.093017578125 3991.677172929709 7498
stats: 302 13 408
stats: 504 0 109
stats: 200 0 28
stats: size_rcv 213118 7021661
stats: newphase 0 5
stats: 502 0 876
stats: size_sent 219969 6051595
stats: connected -175 358
stats: 400 7 333
stats: 503 448 11518
stats: 404 0 15
stats: 500 0 9
# stats: dump at 1433115872
stats: users 262 901
stats: session 96 48628.61340840658 22619.816614832474 155222.68188476563 1376.8798828125 32444.619806853825 1420
stats: users_count 0 1778
stats: finish_users_count 96 1516
stats: request 370 15369.467202676324 21394.786003389076 59985.857177734375 0.469970703125 2354.5846912186657 13296
stats: page 275 19884.054800248585 24832.58370824686 96381.39990234375 1.093017578125 3849.4032082855556 7876
stats: connect 5 3.910205078125 3.791512506655772 1043.030029296875 0.7109375 2.3545212160631803 2111
stats: 302 20 428
stats: 504 0 109
stats: 200 0 28
stats: size_rcv 139041 7160702
stats: newphase 0 5
stats: 502 206 1082
stats: size_sent 142969 6194564
stats: connected -94 264
stats: 400 5 338
stats: 503 137 11655
stats: 404 2 17
stats: 500 0 9
# stats: dump at 1433115882
stats: users 212 901
stats: session 50 67809.798828125 32173.095461299286 165188.8779296875 1376.8798828125 33469.463728851886 1516
stats: users_count 0 1778
stats: finish_users_count 50 1566
stats: page 145 14249.98324521821 13939.57867741813 96381.39990234375 1.093017578125 4390.3833564624465 8151
stats: request 163 13948.975455629314 13168.418401590594 59985.857177734375 0.469970703125 2706.956016349599 13666
stats: connect 0 0 0 1043.030029296875 0.7109375 2.3581972176275987 2116
stats: 302 118 546
stats: 504 0 109
stats: 200 3 31
stats: size_rcv 66918 7227620
stats: newphase 0 5
stats: 502 0 1082
stats: size_sent 79774 6274338
stats: connected -52 212
stats: 400 0 338
stats: 503 42 11697
stats: 404 0 17
stats: 500 0 9
# stats: dump at 1433115892
stats: users 179 901
stats: session 33 72984.81414240057 16556.578251516356 165188.8779296875 1376.8798828125 34565.89843827951 1566
stats: users_count 0 1778
stats: finish_users_count 33 1599
stats: request 201 11728.377902965645 18480.969234998334 59998.779052734375 0.469970703125 2839.4637297491645 13829
stats: 302 17 563
stats: page 125 16169.679251953125 19024.18094037367 96381.39990234375 1.093017578125 4562.7124287707375 8296
stats: connect 5 2.081201171875 1.4527059841023038 1043.030029296875 0.7109375 2.3581972176275987 2116
stats: 504 7 116
stats: 200 1 32
stats: size_rcv 72126 7299746
stats: newphase 0 5
stats: 502 146 1228
stats: size_sent 116060 6390398
stats: connected -33 179
stats: 400 5 343
stats: 503 23 11720
stats: 404 2 19
stats: 500 0 9
# stats: dump at 1433115902
stats: users 171 901
stats: session 8 84744.47775268555 31736.33284447965 166223.03515625 1376.8798828125 35358.78412823323 1599
stats: users_count 0 1778
stats: finish_users_count 8 1607
stats: 302 0 563
stats: request 56 23349.355996268136 28970.613192388788 59998.779052734375 0.469970703125 2966.8102549677324 14030
stats: page 40 26594.062017822267 31389.04335303719 96774.18310546875 1.093017578125 4735.004419377293 8421
stats: connect 0 0 0 1043.030029296875 0.7109375 2.3575442330784413 2121
stats: 504 21 137
stats: 200 0 32
stats: size_rcv 19266 7319012
stats: newphase 0 5
stats: 502 0 1228
stats: size_sent 58460 6448858
stats: connected -8 171
stats: 400 0 343
stats: 503 34 11754
stats: 404 1 20
stats: 500 0 9
# stats: dump at 1433115912
stats: users 131 901
stats: session 40 93029.40871582032 16534.212456172114 171167.90795898438 1376.8798828125 35604.636990084895 1607
stats: users_count 0 1778
stats: finish_users_count 40 1647
stats: request 107 17003.682169976637 17563.69475116823 59998.779052734375 0.469970703125 3047.8426673994254 14086
stats: connect 0 0 0 1043.030029296875 0.7109375 2.3575442330784413 2121
stats: page 97 15897.15366764658 17348.700079130802 100728.56494140625 1.093017578125 4838.344722407407 8461
stats: 302 57 620
stats: 504 1 138
stats: 200 7 39
stats: size_rcv 55044 7374056
stats: newphase 0 5
stats: 502 42 1270
stats: size_sent 45352 6494210
stats: connected -40 131
stats: 400 0 343
stats: 503 0 11754
stats: 404 0 20
stats: 500 0 9
# stats: dump at 1433115922
stats: users 100 901
stats: session 31 117019.38861674647 32258.30105313567 198284.06884765625 1376.8798828125 36999.28839811733 1647
stats: users_count 0 1778
stats: finish_users_count 31 1678
stats: connect 0 0 0 1043.030029296875 0.7109375 2.3575442330784413 2121
stats: request 40 13111.3501159668 17016.891235779247 59998.779052734375 0.469970703125 3153.054731570197 14193
stats: page 39 13997.10591321114 21456.662177390514 100728.56494140625 1.093017578125 4963.689951162747 8558
stats: 302 37 657
stats: 504 1 139
stats: 200 2 41
stats: size_rcv 16757 7390813
stats: newphase 0 5
stats: 502 0 1270
stats: size_sent 16358 6510568
stats: connected -30 101
stats: 400 0 343
stats: 503 0 11754
stats: 404 0 20
stats: 500 0 9
# stats: dump at 1433115932
stats: users 91 901
stats: session 9 128780.14545355903 27089.32447286255 198284.06884765625 1376.8798828125 38477.609677484135 1678
stats: users_count 0 1778
stats: finish_users_count 9 1687
stats: request 26 41177.48066594051 27438.652986857192 59998.779052734375 0.469970703125 3181.0412288213643 14233
stats: page 24 66315.07657877605 52024.94498304218 123325.9609375 1.093017578125 5004.66973742771 8597
stats: connect 0 0 0 1043.030029296875 0.7109375 2.3575442330784413 2121
stats: 302 8 665
stats: 504 18 157
stats: 200 0 41
stats: size_rcv 3833 7394646
stats: newphase 0 5
stats: 502 0 1270
stats: size_sent 19091 6529659
stats: connected -10 91
stats: 400 0 343
stats: 503 0 11754
stats: 404 0 20
stats: 500 0 9
# stats: dump at 1433115942
stats: users 88 901
stats: session 3 118432.49861653645 6955.642702444013 198284.06884765625 1376.8798828125 38959.36594422076 1687
stats: users_count 0 1778
stats: finish_users_count 3 1690
stats: connect 0 0 0 1043.030029296875 0.7109375 2.3575442330784413 2121
stats: request 15 59623.13232421875 300.3045626996673 59998.779052734375 0.469970703125 3250.3243079549006 14259
stats: page 10 76245.016015625 25946.277392580923 129360.78393554688 1.093017578125 5175.351765521013 8621
stats: 302 0 665
stats: 504 15 172
stats: 200 0 41
stats: size_rcv 1125 7395771
stats: newphase 0 5
stats: 502 0 1270
stats: size_sent 11323 6540982
stats: connected -2 89
stats: 400 0 343
stats: 503 0 11754
stats: 404 0 20
stats: 500 0 9
# stats: dump at 1433115952
stats: users 85 901
stats: session 3 124676.60294596355 13546.506535416045 198284.06884765625 1376.8798828125 39100.44251109469 1690
stats: users_count 0 1778
stats: finish_users_count 3 1693
stats: request 20 59508.3004272461 244.39051727569657 59999.25390625 0.469970703125 3309.5643331926726 14274
stats: connect 0 0 0 1043.030029296875 0.7109375 2.3575442330784413 2121
stats: page 17 81182.95286649816 30018.417583691687 144306.32299804688 1.093017578125 5257.6940946255245 8631
stats: 302 0 665
stats: 504 20 192
stats: 200 0 41
stats: size_rcv 1500 7397271
stats: newphase 0 5
stats: 502 0 1270
stats: size_sent 10014 6550996
stats: connected -4 85
stats: 400 0 343
stats: 503 0 11754
stats: 404 0 20
stats: 500 0 9
# stats: dump at 1433115962
stats: users 81 901
stats: session 4 148592.80377197266 13099.481050660957 198284.06884765625 1376.8798828125 39252.08366957349 1693
stats: users_count 0 1778
stats: finish_users_count 4 1697
stats: request 14 59533.610072544645 237.77162425394303 59999.25390625 0.469970703125 3388.196956802654 14294
stats: connect 0 0 0 1043.030029296875 0.7109375 2.3575442330784413 2121
stats: page 11 75893.85600142046 26884.73520993141 144306.32299804688 1.093017578125 5406.945875282537 8648
stats: 302 0 665
stats: 504 14 206
stats: 200 0 41
stats: size_rcv 1050 7398321
stats: newphase 0 5
stats: 502 0 1270
stats: size_sent 4809 6555805
stats: connected -4 81
stats: 400 0 343
stats: 503 0 11754
stats: 404 0 20
stats: 500 0 9
# stats: dump at 1433115972
stats: users 78 901
stats: session 3 144969.60131835938 5456.421047013122 198284.06884765625 1376.8798828125 39509.81076468816 1697
stats: users_count 0 1778
stats: finish_users_count 3 1700
stats: request 16 59558.216857910156 298.6064203224601 59999.25390625 0.469970703125 3443.1337602427143 14308
stats: page 14 97429.21841866629 34121.73519413023 144954.65893554688 1.093017578125 5496.489241882319 8659
stats: connect 0 0 0 1043.030029296875 0.7109375 2.3575442330784413 2121
stats: 302 0 665
stats: 504 16 222
stats: 200 0 41
stats: size_rcv 1200 7399521
stats: newphase 0 5
stats: 502 0 1270
stats: size_sent 10478 6566283
stats: connected -2 79
stats: 400 0 343
stats: 503 0 11754
stats: 404 0 20
stats: 500 0 9
# stats: dump at 1433115982
stats: users 75 901
stats: session 3 147393.82397460938 779.4793392337623 198284.06884765625 1376.8798828125 39695.91627742993 1700
stats: users_count 0 1778
stats: finish_users_count 3 1703
stats: request 10 59597.48642578125 292.7956575396189 59999.25390625 0.469970703125 3505.8146684780313 14324
stats: page 8 70281.62615966797 28402.728427477814 145423.77001953125 1.093017578125 5644.887513354125 8673
stats: connect 0 0 0 1043.030029296875 0.7109375 2.3575442330784413 2121
stats: 302 0 665
stats: 504 10 232
stats: 200 0 41
stats: size_rcv 750 7400271
stats: newphase 0 5
stats: 502 0 1270
stats: size_sent 6802 6573085
stats: connected -4 75
stats: 400 0 343
stats: 503 0 11754
stats: 404 0 20
stats: 500 0 9
# stats: dump at 1433115992
stats: users 74 901
stats: session 1 163409.123046875 0.0 198284.06884765625 1376.8798828125 39885.636608076755 1703
stats: users_count 0 1778
stats: finish_users_count 1 1704
stats: request 16 55883.65594482422 14431.406308761889 59999.25390625 0.469970703125 3544.9465728712944 14334
stats: page 14 73390.04694475446 33795.66612668187 156205.42602539063 1.093017578125 5704.453681902738 8681
stats: connect 1 9.473876953125 0.0 1043.030029296875 0.7109375 2.3575442330784413 2121
stats: 302 0 665
stats: 504 15 247
stats: 200 0 41
stats: size_rcv 1191 7401462
stats: newphase 0 5
stats: 502 0 1270
stats: size_sent 10666 6583751
stats: connected -1 74
stats: 400 1 344
stats: 503 0 11754
stats: 404 0 20
stats: 500 0 9
# stats: dump at 1433116002
stats: users 68 901
stats: session 6 186348.2285563151 9656.784982832063 200263.10400390625 1376.8798828125 39958.12691701971 1704
stats: users_count 0 1778
stats: finish_users_count 6 1710
stats: request 13 59716.876765324516 331.96932585486144 59999.25390625 0.469970703125 3603.3033219968165 14350
stats: page 12 92677.94114176433 42244.31044601005 172293.97802734375 1.093017578125 5813.43566070434 8695
stats: connect 0 0 0 1043.030029296875 0.7109375 2.3608978300247405 2122
stats: 302 0 665
stats: 504 13 260
stats: 200 0 41
stats: size_rcv 975 7402437
stats: newphase 0 5
stats: 502 0 1270
stats: size_sent 6783 6590534
stats: connected -5 69
stats: 400 0 344
stats: 503 0 11754
stats: 404 0 20
stats: 500 0 9
# stats: dump at 1433116012
stats: users 64 901
stats: session 4 184372.48608398438 3311.002792039036 200263.10400390625 1376.8798828125 40471.77639645584 1710
stats: users_count 0 1778
stats: finish_users_count 4 1714
stats: request 14 59503.93772670201 341.83186755699995 59999.25390625 0.469970703125 3654.091907582228 14363
stats: page 11 86150.806640625 45987.82708179214 178156.56884765625 1.093017578125 5933.152447860963 8707
stats: 302 0 665
stats: connect 0 0 0 1043.030029296875 0.7109375 2.3608978300247405 2122
stats: 504 14 274
stats: 200 0 41
stats: size_rcv 1050 7403487
stats: newphase 0 5
stats: 502 0 1270
stats: size_sent 7073 6597607
stats: connected -5 64
stats: 400 0 344
stats: 503 0 11754
stats: 404 0 20
stats: 500 0 9
# stats: dump at 1433116022
stats: users 62 901
stats: session 2 188639.97399902344 367.0169677734375 200263.10400390625 1376.8798828125 40807.60068977562 1714
stats: users_count 0 1778
stats: finish_users_count 2 1716
stats: connect 0 0 0 1043.030029296875 0.7109375 2.3608978300247405 2122
stats: request 11 59804.069713245735 243.34596576751755 60000.31494140625 0.469970703125 3708.4772342475735 14377
stats: page 10 83613.92482910157 29261.27203539378 178156.56884765625 1.093017578125 6034.367657326482 8718
stats: 302 0 665
stats: 504 11 285
stats: 200 0 41
stats: size_rcv 825 7404312
stats: newphase 0 5
stats: 502 0 1270
stats: size_sent 3170 6600777
stats: connected -2 62
stats: 400 0 344
stats: 503 0 11754
stats: 404 0 20
stats: 500 0 9
# stats: dump at 1433116032
stats: users 58 901
stats: session 4 193177.2778930664 1604.2973361794125 200263.10400390625 1376.8798828125 40979.899493166355 1716
stats: users_count 0 1778
stats: finish_users_count 4 1720
stats: connect 0 0 0 1043.030029296875 0.7109375 2.3608978300247405 2122
stats: request 16 54533.34280395508 14015.583454277637 60000.31494140625 0.469970703125 3751.36377284008 14388
stats: page 13 64180.253605769234 27779.713301555836 178156.56884765625 1.093017578125 6123.253492766188 8728
stats: 302 0 665
stats: 504 13 298
stats: 200 0 41
stats: size_rcv 2087 7406399
stats: newphase 0 5
stats: 502 0 1270
stats: size_sent 8533 6609310
stats: connected -4 58
stats: 400 0 344
stats: 503 3 11757
stats: 404 0 20
stats: 500 0 9
# stats: dump at 1433116042
stats: users 46 901
stats: session 12 214608.76068115234 23962.54039365095 286289.7888183594 1376.8798828125 41333.84688479403 1720
stats: users_count 0 1778
stats: finish_users_count 12 1732
stats: request 70 21784.807076590405 21278.34027596206 60000.31494140625 0.469970703125 3807.772524887972 14404
stats: page 52 39218.30972524789 27870.233221761915 178156.56884765625 1.093017578125 6209.598419144067 8741
stats: connect 0 0 0 1043.030029296875 0.7109375 2.3608978300247405 2122
stats: 302 0 665
stats: 504 0 298
stats: 200 0 41
stats: size_rcv 22960 7429359
stats: newphase 0 5
stats: 502 70 1340
stats: size_sent 41640 6650950
stats: connected -12 46
stats: 400 0 344
stats: 503 0 11757
stats: 404 0 20
stats: 500 0 9
# stats: dump at 1433116052
stats: users 46 901
stats: session 0 0 0 286289.7888183594 1376.8798828125 42534.36591802515 1732
stats: users_count 0 1778
stats: finish_users_count 0 1732
stats: request 0 0 0 60000.31494140625 0.469970703125 3894.714104176294 14474
stats: page 0 0 0 178156.56884765625 1.093017578125 6404.8051731435435 8793
stats: connect 0 0 0 1043.030029296875 0.7109375 2.3608978300247405 2122
stats: 302 0 665
stats: 504 0 298
stats: 200 0 41
stats: size_rcv 0 7429359
stats: newphase 0 5
stats: 502 0 1340
stats: size_sent 4077 6655027
stats: connected 0 46
stats: 400 0 344
stats: 503 0 11757
stats: 404 0 20
stats: 500 0 9
# stats: dump at 1433116062
stats: users 46 901
stats: session 0 0 0 286289.7888183594 1376.8798828125 42534.36591802515 1732
stats: users_count 0 1778
stats: finish_users_count 0 1732
stats: request 0 0 0 60000.31494140625 0.469970703125 3894.714104176294 14474
stats: page 0 0 0 178156.56884765625 1.093017578125 6404.8051731435435 8793
stats: 302 0 665
stats: connect 0 0 0 1043.030029296875 0.7109375 2.3608978300247405 2122
stats: 504 0 298
stats: 200 0 41
stats: size_rcv 0 7429359
stats: newphase 0 5
stats: 502 0 1340
stats: size_sent 845 6655872
stats: connected 0 46
stats: 400 0 344
stats: 503 0 11757
stats: 404 0 20
stats: 500 0 9
# stats: dump at 1433116072
stats: users 46 901
stats: session 0 0 0 286289.7888183594 1376.8798828125 42534.36591802515 1732
stats: users_count 0 1778
stats: finish_users_count 0 1732
stats: request 5 59713.008203125 358.4578130571073 60000.31494140625 0.469970703125 3894.714104176294 14474
stats: page 4 74395.40924072266 25755.6564003793 178156.56884765625 1.093017578125 6404.8051731435435 8793
stats: connect 0 0 0 1043.030029296875 0.7109375 2.3608978300247405 2122
stats: 302 0 665
stats: 504 5 303
stats: 200 0 41
stats: size_rcv 375 7429734
stats: newphase 0 5
stats: 502 0 1340
stats: size_sent 2873 6658745
stats: connected 0 46
stats: 400 0 344
stats: 503 0 11757
stats: 404 0 20
stats: 500 0 9
# stats: dump at 1433116082
stats: users 43 901
stats: session 3 279214.68603515625 40411.37818178128 336297.537109375 1376.8798828125 42534.36591802515 1732
stats: users_count 0 1778
stats: finish_users_count 3 1735
stats: 302 3 668
stats: request 7 46834.64972795759 1581.7807530626883 60000.31494140625 0.469970703125 3913.989708188639 14479
stats: page 7 46834.64972795759 1581.7807530626883 178156.56884765625 1.093017578125 6435.720532501316 8797
stats: connect 0 0 0 1043.030029296875 0.7109375 2.3608978300247405 2122
stats: 504 0 303
stats: 200 4 45
stats: size_rcv 20494 7450228
stats: newphase 0 5
stats: 502 0 1340
stats: size_sent 3004 6661749
stats: connected -3 43
stats: 400 0 344
stats: 503 0 11757
stats: 404 0 20
stats: 500 0 9
# stats: dump at 1433116092
stats: users 41 901
stats: session 2 299698.99548339844 41537.85046386719 341236.8459472656 1376.8798828125 42943.611428314136 1735
stats: users_count 0 1778
stats: finish_users_count 2 1737
stats: request 13 52025.75011268029 1512.5551786394901 60000.31494140625 0.469970703125 3934.7300519783935 14486
stats: 302 5 673
stats: page 13 52025.75011268029 1512.5551786394901 178156.56884765625 1.093017578125 6467.841443947043 8804
stats: connect 0 0 0 1043.030029296875 0.7109375 2.3608978300247405 2122
stats: 504 0 303
stats: 200 8 53
stats: size_rcv 41365 7491593
stats: newphase 0 5
stats: 502 0 1340
stats: size_sent 6378 6668127
stats: connected -2 41
stats: 400 0 344
stats: 503 0 11757
stats: 404 0 20
stats: 500 0 9
# stats: dump at 1433116102
stats: users 39 901
stats: session 2 267413.6083984375 808.512451171875 341236.8459472656 1376.8798828125 43239.2422677558 1737
stats: users_count 0 1778
stats: finish_users_count 2 1739
stats: request 19 56418.434506064965 13299.380101634999 60000.31494140625 0.469970703125 3977.84911265769 14499
stats: 302 0 673
stats: page 12 59613.49977620443 181.8007764108165 178156.56884765625 1.093017578125 6535.013136438088 8817
stats: connect 1 10.93115234375 0.0 1043.030029296875 0.7109375 2.3608978300247405 2122
stats: 504 18 321
stats: 200 0 53
stats: size_rcv 1416 7493009
stats: newphase 0 5
stats: 502 0 1340
stats: size_sent 11723 6679850
stats: connected -2 39
stats: 400 1 345
stats: 503 0 11757
stats: 404 0 20
stats: 500 0 9
# stats: dump at 1433116112
stats: users 38 901
stats: session 1 281012.64794921875 0.0 341236.8459472656 1376.8798828125 43497.0621252954 1739
stats: users_count 0 1778
stats: finish_users_count 1 1740
stats: request 2 59523.04284667969 203.5479736328125 60000.31494140625 0.469970703125 4046.479166554559 14518
stats: page 1 59319.494873046875 0.0 178156.56884765625 1.093017578125 6607.155150219625 8829
stats: connect 0 0 0 1043.030029296875 0.7109375 2.3649346903703483 2123
stats: 302 0 673
stats: 504 2 323
stats: 200 0 53
stats: size_rcv 150 7493159
stats: newphase 0 5
stats: 502 0 1340
stats: size_sent 6000 6685850
stats: connected -1 38
stats: 400 0 345
stats: 503 0 11757
stats: 404 0 20
stats: 500 0 9
# stats: dump at 1433116122
stats: users 38 901
stats: session 0 0 0 341236.8459472656 1376.8798828125 43633.56533553903 1740
stats: users_count 0 1778
stats: finish_users_count 0 1740
stats: request 1 59583.18798828125 0.0 60000.31494140625 0.469970703125 4054.120566510499 14520
stats: page 1 59583.18798828125 0.0 178156.56884765625 1.093017578125 6613.1248376174535 8830
stats: connect 0 0 0 1043.030029296875 0.7109375 2.3649346903703483 2123
stats: 302 0 673
stats: 504 1 324
stats: 200 0 53
stats: size_rcv 75 7493234
stats: newphase 0 5
stats: 502 0 1340
stats: size_sent 0 6685850
stats: connected 0 38
stats: 400 0 345
stats: 503 0 11757
stats: 404 0 20
stats: 500 0 9
# stats: dump at 1433116132
stats: users 37 901
stats: session 1 386348.8869628906 0.0 386348.8869628906 1376.8798828125 43633.56533553903 1740
stats: users_count 0 1778
stats: finish_users_count 1 1741
stats: request 5 59582.26875 297.7834309807989 60000.31494140625 0.469970703125 4057.944619084135 14521
stats: connect 0 0 0 1043.030029296875 0.7109375 2.3649346903703483 2123
stats: page 3 79565.67464192708 28580.609627221416 178156.56884765625 1.093017578125 6619.123032969132 8831
stats: 302 0 673
stats: 504 5 329
stats: 200 0 53
stats: size_rcv 375 7493609
stats: newphase 0 5
stats: 502 0 1340
stats: size_sent 2629 6688479
stats: connected -1 37
stats: 400 0 345
stats: 503 0 11757
stats: 404 0 20
stats: 500 0 9
# stats: dump at 1433116142
stats: users 36 901
stats: session 1 331682.81005859375 0.0 386348.8869628906 1376.8798828125 43830.41503205101 1741
stats: users_count 0 1778
stats: finish_users_count 1 1742
stats: request 3 39636.00870768229 28026.5968899573 60000.31494140625 0.469970703125 4077.0566678693876 14526
stats: page 1 59821.699951171875 0.0 178156.56884765625 1.093017578125 6643.895463898141 8834
stats: 302 0 673
stats: connect 1 1.4970703125 0.0 1043.030029296875 0.7109375 2.3649346903703483 2123
stats: 504 2 331
stats: 200 0 53
stats: size_rcv 216 7493825
stats: newphase 0 5
stats: 502 0 1340
stats: size_sent 1925 6690404
stats: connected -1 36
stats: 400 1 346
stats: 503 0 11757
stats: 404 0 20
stats: 500 0 9
# stats: dump at 1433116152
stats: users 28 901
stats: session 8 338979.15811157227 6572.624506831683 386348.8869628906 1376.8798828125 43995.65750910414 1742
stats: users_count 0 1778
stats: finish_users_count 8 1750
stats: request 8 59575.745361328125 213.0075758399117 60000.31494140625 0.469970703125 4084.3990077495887 14529
stats: page 8 59575.745361328125 213.0075758399117 178156.56884765625 1.093017578125 6649.914457048936 8835
stats: 302 0 673
stats: connect 0 0 0 1043.030029296875 0.7109375 2.3645260913223867 2124
stats: 504 8 339
stats: 200 0 53
stats: size_rcv 600 7494425
stats: newphase 0 5
stats: 502 0 1340
stats: size_sent 356 6690760
stats: connected -8 28
stats: 400 0 346
stats: 503 0 11757
stats: 404 0 20
stats: 500 0 9
# stats: dump at 1433116162
stats: users 11 901
stats: session 17 333880.5269847197 12355.11050478767 386348.8869628906 1376.8798828125 45344.153511858276 1750
stats: users_count 0 1778
stats: finish_users_count 17 1767
stats: page 28 67640.42769949776 31052.293512221197 178156.56884765625 1.093017578125 6697.794887585432 8843
stats: request 30 43310.164713541664 17714.538648729245 60000.31494140625 0.469970703125 4114.936998451152 14537
stats: 302 0 673
stats: connect 0 0 0 1043.030029296875 0.7109375 2.3645260913223867 2124
stats: 504 1 340
stats: 200 0 53
stats: size_rcv 9587 7504012
stats: newphase 0 5
stats: 502 29 1369
stats: size_sent 9335 6700095
stats: connected -17 11
stats: 400 0 346
stats: 503 0 11757
stats: 404 0 20
stats: 500 0 9
# stats: dump at 1433116172
stats: users 9 901
stats: session 2 350001.4055175781 14844.570556640625 386348.8869628906 1376.8798828125 48120.11183049927 1767
stats: users_count 0 1778
stats: finish_users_count 2 1769
stats: request 4 13995.967590332031 1865.1208732483828 60000.31494140625 0.469970703125 4195.657588239902 14567
stats: page 4 13995.967590332031 1865.1208732483828 178156.56884765625 1.093017578125 6890.151298219357 8871
stats: 302 1 674
stats: connect 0 0 0 1043.030029296875 0.7109375 2.3645260913223867 2124
stats: 504 0 340
stats: 200 3 56
stats: size_rcv 14903 7518915
stats: newphase 0 5
stats: 502 0 1369
stats: size_sent 1691 6701786
stats: connected -2 9
stats: 400 0 346
stats: 503 0 11757
stats: 404 0 20
stats: 500 0 9
# stats: dump at 1433116182
stats: users 2 901
stats: session 7 350798.25230189733 2620.3287343839474 386348.8869628906 1376.8798828125 48461.41346270626 1769
stats: users_count 0 1778
stats: finish_users_count 7 1776
stats: request 12 9097.355773925781 7727.545274178731 60000.31494140625 0.469970703125 4198.347948545192 14571
stats: connect 0 0 0 1043.030029296875 0.7109375 2.3645260913223867 2124
stats: page 12 9097.355773925781 7727.545274178731 178156.56884765625 1.093017578125 6893.353919646788 8875
stats: 302 6 680
stats: 504 0 340
stats: 200 6 62
stats: size_rcv 30191 7549106
stats: newphase 0 5
stats: 502 0 1369
stats: size_sent 5748 6707534
stats: connected -7 2
stats: 400 0 346
stats: 503 0 11757
stats: 404 0 20
stats: 500 0 9
# stats: dump at 1433116192
stats: users 1 901
stats: session 1 358664.89892578125 0.0 386348.8869628906 1376.8798828125 49653.05640858145 1776
stats: users_count 0 1778
stats: finish_users_count 1 1777
stats: request 2 9777.636596679688 9651.024536132813 60000.31494140625 0.469970703125 4202.379224270664 14583
stats: page 2 9777.636596679688 9651.024536132813 178156.56884765625 1.093017578125 6896.329954557483 8887
stats: connect 0 0 0 1043.030029296875 0.7109375 2.3645260913223867 2124
stats: 302 1 681
stats: 504 0 340
stats: 200 1 63
stats: size_rcv 6199 7555305
stats: newphase 0 5
stats: 502 0 1369
stats: size_sent 958 6708492
stats: connected -1 1
stats: 400 0 346
stats: 503 0 11757
stats: 404 0 20
stats: 500 0 9
# stats: dump at 1433116202
stats: users 0 901
stats: session 1 369234.708984375 0.0 386348.8869628906 1376.8798828125 49826.95164916513 1777
stats: users_count 0 1778
stats: finish_users_count 1 1778
stats: page 1 126.486083984375 0.0 178156.56884765625 1.093017578125 6896.978240448387 8889
stats: request 1 126.486083984375 0.0 60000.31494140625 0.469970703125 4203.143743622382 14585
stats: connect 0 0 0 1043.030029296875 0.7109375 2.3645260913223867 2124
stats: 302 1 682
stats: 504 0 340
stats: 200 0 63
stats: size_rcv 156 7555461
stats: newphase 0 5
stats: 502 0 1369
stats: size_sent 958 6709450
stats: connected -1 0
stats: 400 0 346
stats: 503 0 11757
stats: 404 0 20
stats: 500 0 9
# stats: dump at 1433116212
stats: users 0 901
stats: session 0 0 0 386348.8869628906 1376.8798828125 50006.596057115195 1778
stats: users_count 0 1778
stats: finish_users_count 0 1778
stats: request 0 0 0 60000.31494140625 0.469970703125 4202.864252489814 14586
stats: page 0 0 0 178156.56884765625 1.093017578125 6896.21665527893 8890
stats: connect 0 0 0 1043.030029296875 0.7109375 2.3645260913223867 2124
stats: 302 0 682
stats: 504 0 340
stats: 200 0 63
stats: size_rcv 0 7555461
stats: newphase 0 5
stats: 502 0 1369
stats: size_sent 0 6709450
stats: connected 0 0
stats: 400 0 346
stats: 503 0 11757
stats: 404 0 20
stats: 500 0 9
# stats: dump at 1433116222
stats: users 0 901
stats: session 0 0 0 386348.8869628906 1376.8798828125 50006.596057115195 1778
stats: users_count 0 1778
stats: finish_users_count 0 1778
stats: request 0 0 0 60000.31494140625 0.469970703125 4202.864252489814 14586
stats: page 0 0 0 178156.56884765625 1.093017578125 6896.21665527893 8890
stats: connect 0 0 0 1043.030029296875 0.7109375 2.3645260913223867 2124
stats: 302 0 682
stats: 504 0 340
stats: 200 0 63
stats: size_rcv 0 7555461
stats: newphase 0 5
stats: 502 0 1369
stats: size_sent 0 6709450
stats: connected 0 0
stats: 400 0 346
stats: 503 0 11757
stats: 404 0 20
stats: 500 0 9
# stats: dump at 1433116232
stats: users 0 901
stats: session 0 0 0 386348.8869628906 1376.8798828125 50006.596057115195 1778
stats: users_count 0 1778
stats: finish_users_count 0 1778
stats: request 0 0 0 60000.31494140625 0.469970703125 4202.864252489814 14586
stats: page 0 0 0 178156.56884765625 1.093017578125 6896.21665527893 8890
stats: connect 0 0 0 1043.030029296875 0.7109375 2.3645260913223867 2124
stats: 302 0 682
stats: 504 0 340
stats: 200 0 63
stats: size_rcv 0 7555461
stats: newphase 0 5
stats: 502 0 1369
stats: size_sent 0 6709450
stats: connected 0 0
stats: 400 0 346
stats: 503 0 11757
stats: 404 0 20
stats: 500 0 9
# stats: dump at 1433116242
stats: users 0 901
stats: session 0 0 0 386348.8869628906 1376.8798828125 50006.596057115195 1778
stats: users_count 0 1778
stats: finish_users_count 0 1778
stats: request 0 0 0 60000.31494140625 0.469970703125 4202.864252489814 14586
stats: page 0 0 0 178156.56884765625 1.093017578125 6896.21665527893 8890
stats: connect 0 0 0 1043.030029296875 0.7109375 2.3645260913223867 2124
stats: 302 0 682
stats: 504 0 340
stats: 200 0 63
stats: size_rcv 0 7555461
stats: newphase 0 5
stats: 502 0 1369
stats: size_sent 0 6709450
stats: connected 0 0
stats: 400 0 346
stats: 503 0 11757
stats: 404 0 20
stats: 500 0 9
# stats: dump at 1433116252
stats: users 0 901
stats: session 0 0 0 386348.8869628906 1376.8798828125 50006.596057115195 1778
stats: users_count 0 1778
stats: finish_users_count 0 1778
stats: request 0 0 0 60000.31494140625 0.469970703125 4202.864252489814 14586
stats: page 0 0 0 178156.56884765625 1.093017578125 6896.21665527893 8890
stats: connect 0 0 0 1043.030029296875 0.7109375 2.3645260913223867 2124
stats: 302 0 682
stats: 504 0 340
stats: 200 0 63
stats: size_rcv 0 7555461
stats: newphase 0 5
stats: 502 0 1369
stats: size_sent 0 6709450
stats: connected 0 0
stats: 400 0 346
stats: 503 0 11757
stats: 404 0 20
stats: 500 0 9
# stats: dump at 1433116254
stats: users 0 901
stats: session 0 0 0 386348.8869628906 1376.8798828125 50006.596057115195 1778
stats: users_count 0 1778
stats: finish_users_count 0 1778
stats: request 0 0 0 60000.31494140625 0.469970703125 4202.864252489814 14586
stats: page 0 0 0 178156.56884765625 1.093017578125 6896.21665527893 8890
stats: connect 0 0 0 1043.030029296875 0.7109375 2.3645260913223867 2124
stats: 302 0 682
stats: 504 0 340
stats: 200 0 63
stats: size_rcv 0 7555461
stats: newphase 0 5
stats: 502 0 1369
stats: size_sent 0 6709450
stats: connected 0 0
stats: 400 0 346
stats: 503 0 11757
stats: 404 0 20
stats: 500 0 9
EndMonitor:{1433,116254,787724}
